﻿"194","Microsoft-Windows-Kernel-General","{A68CA8B7-004F-D7B6-A698-07E2DE0F1F5D}","16","0","INFORMATION"," ","0","0","1688073801"," "," ","3420","4540","System","WIN-VBFV11TS5L1","S-1-5-18","<Event xmlns='http://schemas.microsoft.com/win/2004/08/events/event'><System><Provider Name='Microsoft-Windows-Kernel-General' Guid='{a68ca8b7-004f-d7b6-a698-07e2de0f1f5d}'/><EventID>16</EventID><Version>0</Version><Level>4</Level><Task>0</Task><Opcode>0</Opcode><Keywords>0x8000000000000000</Keywords><TimeCreated SystemTime='2023-06-29T21:23:21.5323987Z'/><EventRecordID>194</EventRecordID><Correlation/><Execution ProcessID='3420' ThreadID='4540'/><Channel>System</Channel><Computer>WIN-VBFV11TS5L1</Computer><Security UserID='S-1-5-18'/></System><EventData><Data Name='HiveNameLength'>135</Data><Data Name='HiveName'>\??\C:\ProgramData\Microsoft\Windows\AppRepository\Packages\Microsoft.ZuneVideo_10.19071.19011.0_x64__8wekyb3d8bbwe\ActivationStore.dat</Data><Data Name='KeysUpdated'>0</Data><Data Name='DirtyPages'>0</Data></EventData></Event>"
﻿"195","Service Control Manager","{555908D1-A6D7-4695-8E1E-26931D2012F4}","1073748869","0","INFORMATION"," ","0","0","1688073801"," "," ","680","772","System","WIN-VBFV11TS5L1","S-1-5-18","<Event xmlns='http://schemas.microsoft.com/win/2004/08/events/event'><System><Provider Name='Service Control Manager' Guid='{555908d1-a6d7-4695-8e1e-26931d2012f4}' EventSourceName='Service Control Manager'/><EventID Qualifiers='16384'>7045</EventID><Version>0</Version><Level>4</Level><Task>0</Task><Opcode>0</Opcode><Keywords>0x8080000000000000</Keywords><TimeCreated SystemTime='2023-06-29T21:23:21.6891921Z'/><EventRecordID>195</EventRecordID><Correlation/><Execution ProcessID='680' ThreadID='772'/><Channel>System</Channel><Computer>WIN-VBFV11TS5L1</Computer><Security UserID='S-1-5-18'/></System><EventData><Data Name='ServiceName'>Printer Extensions and Notifications</Data><Data Name='ImagePath'>%SystemRoot%\system32\svchost.exe -k print</Data><Data Name='ServiceType'>ϥΪ̼ҦA</Data><Data Name='StartType'>wҰ</Data><Data Name='AccountName'>LocalSystem</Data></EventData></Event>"
﻿"196","Service Control Manager","{555908D1-A6D7-4695-8E1E-26931D2012F4}","3221232502","0","ERROR"," ","0","0","1688073801"," "," ","680","772","System","WIN-VBFV11TS5L1"," ","<Event xmlns='http://schemas.microsoft.com/win/2004/08/events/event'><System><Provider Name='Service Control Manager' Guid='{555908d1-a6d7-4695-8e1e-26931d2012f4}' EventSourceName='Service Control Manager'/><EventID Qualifiers='49152'>7030</EventID><Version>0</Version><Level>2</Level><Task>0</Task><Opcode>0</Opcode><Keywords>0x8080000000000000</Keywords><TimeCreated SystemTime='2023-06-29T21:23:21.6891921Z'/><EventRecordID>196</EventRecordID><Correlation/><Execution ProcessID='680' ThreadID='772'/><Channel>System</Channel><Computer>WIN-VBFV11TS5L1</Computer><Security/></System><EventData><Data Name='param1'>Printer Extensions and Notifications</Data></EventData></Event>"
﻿"197","Virtual Disk Service"," ","1107296259","0","INFORMATION"," ","0","0","1688073805"," "," ","0","0","System","WIN-VBFV11TS5L1"," ","<Event xmlns='http://schemas.microsoft.com/win/2004/08/events/event'><System><Provider Name='Virtual Disk Service'/><EventID Qualifiers='16896'>3</EventID><Version>0</Version><Level>4</Level><Task>0</Task><Opcode>0</Opcode><Keywords>0x80000000000000</Keywords><TimeCreated SystemTime='2023-06-29T21:23:25.7985671Z'/><EventRecordID>197</EventRecordID><Correlation/><Execution ProcessID='0' ThreadID='0'/><Channel>System</Channel><Computer>WIN-VBFV11TS5L1</Computer><Security/></System><EventData><Data>@2010005</Data></EventData></Event>"
﻿"198","Microsoft-Windows-Ntfs","{3FF37A1C-A68D-4D6E-8C9B-F79E8B16C482}","98","0","INFORMATION"," ","0","0","1688073809"," "," ","4","1036","System","WIN-VBFV11TS5L1","S-1-5-18","<Event xmlns='http://schemas.microsoft.com/win/2004/08/events/event'><System><Provider Name='Microsoft-Windows-Ntfs' Guid='{3ff37a1c-a68d-4d6e-8c9b-f79e8b16c482}'/><EventID>98</EventID><Version>0</Version><Level>4</Level><Task>0</Task><Opcode>0</Opcode><Keywords>0x8000000000000002</Keywords><TimeCreated SystemTime='2023-06-29T21:23:29.5509609Z'/><EventRecordID>198</EventRecordID><Correlation/><Execution ProcessID='4' ThreadID='1036'/><Channel>System</Channel><Computer>WIN-VBFV11TS5L1</Computer><Security UserID='S-1-5-18'/></System><EventData><Data Name='DriveName'>\\?\Volume{47a18612-0000-0000-0000-30db1f000000}</Data><Data Name='DeviceName'>\Device\HarddiskVolume3</Data><Data Name='CorruptionActionState'>0</Data></EventData></Event>"
﻿"199","Microsoft-Windows-Ntfs","{3FF37A1C-A68D-4D6E-8C9B-F79E8B16C482}","98","0","INFORMATION"," ","0","0","1688073810"," "," ","4","324","System","WIN-VBFV11TS5L1","S-1-5-18","<Event xmlns='http://schemas.microsoft.com/win/2004/08/events/event'><System><Provider Name='Microsoft-Windows-Ntfs' Guid='{3ff37a1c-a68d-4d6e-8c9b-f79e8b16c482}'/><EventID>98</EventID><Version>0</Version><Level>4</Level><Task>0</Task><Opcode>0</Opcode><Keywords>0x8000000000000002</Keywords><TimeCreated SystemTime='2023-06-29T21:23:30.0123797Z'/><EventRecordID>199</EventRecordID><Correlation/><Execution ProcessID='4' ThreadID='324'/><Channel>System</Channel><Computer>WIN-VBFV11TS5L1</Computer><Security UserID='S-1-5-18'/></System><EventData><Data Name='DriveName'>\\?\Volume{47a18612-0000-0000-0000-30db1f000000}</Data><Data Name='DeviceName'>\Device\HarddiskVolume3</Data><Data Name='CorruptionActionState'>0</Data></EventData></Event>"
﻿"200","Microsoft-Windows-Kernel-General","{A68CA8B7-004F-D7B6-A698-07E2DE0F1F5D}","16","0","INFORMATION"," ","0","0","1688073818"," "," ","2116","2136","System","WIN-VBFV11TS5L1","S-1-5-18","<Event xmlns='http://schemas.microsoft.com/win/2004/08/events/event'><System><Provider Name='Microsoft-Windows-Kernel-General' Guid='{a68ca8b7-004f-d7b6-a698-07e2de0f1f5d}'/><EventID>16</EventID><Version>0</Version><Level>4</Level><Task>0</Task><Opcode>0</Opcode><Keywords>0x8000000000000000</Keywords><TimeCreated SystemTime='2023-06-29T21:23:38.2285483Z'/><EventRecordID>200</EventRecordID><Correlation/><Execution ProcessID='2116' ThreadID='2136'/><Channel>System</Channel><Computer>WIN-VBFV11TS5L1</Computer><Security UserID='S-1-5-18'/></System><EventData><Data Name='HiveNameLength'>85</Data><Data Name='HiveName'>\??\C:\ProgramData\Microsoft\Provisioning\Microsoft-Desktop-Provisioning-Sequence.dat</Data><Data Name='KeysUpdated'>0</Data><Data Name='DirtyPages'>0</Data></EventData></Event>"
﻿"201","Microsoft-Windows-UserModePowerService","{CE8DEE0B-D539-4000-B0F8-77BED049C590}","22","0","INFORMATION"," ","18","0","1688073821"," "," ","824","940","System","WIN-VBFV11TS5L1","S-1-5-18","<Event xmlns='http://schemas.microsoft.com/win/2004/08/events/event'><System><Provider Name='Microsoft-Windows-UserModePowerService' Guid='{ce8dee0b-d539-4000-b0f8-77bed049c590}'/><EventID>22</EventID><Version>0</Version><Level>4</Level><Task>18</Task><Opcode>0</Opcode><Keywords>0x4000000000000000</Keywords><TimeCreated SystemTime='2023-06-29T21:23:41.7771585Z'/><EventRecordID>201</EventRecordID><Correlation/><Execution ProcessID='824' ThreadID='940'/><Channel>System</Channel><Computer>WIN-VBFV11TS5L1</Computer><Security UserID='S-1-5-18'/></System><EventData><Data Name='Turn'>1</Data></EventData></Event>"
﻿"202","Microsoft-Windows-Setup","{75EBC33E-997F-49CF-B49F-ECC50184B75D}","2003","0","INFORMATION"," ","3000","0","1688073825","{87A91B10-AACF-0001-D124-A987CFAAD901}"," ","1228","1232","System","WIN-VBFV11TS5L1","S-1-5-18","<Event xmlns='http://schemas.microsoft.com/win/2004/08/events/event'><System><Provider Name='Microsoft-Windows-Setup' Guid='{75ebc33e-997f-49cf-b49f-ecc50184b75d}'/><EventID>2003</EventID><Version>0</Version><Level>4</Level><Task>3000</Task><Opcode>0</Opcode><Keywords>0x2000800000000000</Keywords><TimeCreated SystemTime='2023-06-29T21:23:45.0197448Z'/><EventRecordID>202</EventRecordID><Correlation ActivityID='{87a91b10-aacf-0001-d124-a987cfaad901}'/><Execution ProcessID='1228' ThreadID='1232'/><Channel>System</Channel><Computer>WIN-VBFV11TS5L1</Computer><Security UserID='S-1-5-18'/></System><EventData><Data Name='HostOSName'>Windows (TM) 10 Preinstallation Environment</Data><Data Name='Installwasanupgrade'>false</Data><Data Name='HostOSwasWindowsPE'>true</Data><Data Name='HostOSmajorversion'>10</Data><Data Name='HostOSminorversion'>0</Data><Data Name='HostOSbuildversion'>19041</Data><Data Name='HostOSservicepackName'></Data><Data Name='HostOSservicepackmajorversion'>0</Data><Data Name='HostOSservicepackminorversion'>0</Data></EventData></Event>"
﻿"203","Microsoft-Windows-Setup","{75EBC33E-997F-49CF-B49F-ECC50184B75D}","2004","0","INFORMATION"," ","4000","0","1688073825","{87A91B10-AACF-0001-D124-A987CFAAD901}"," ","1228","1232","System","WIN-VBFV11TS5L1","S-1-5-18","<Event xmlns='http://schemas.microsoft.com/win/2004/08/events/event'><System><Provider Name='Microsoft-Windows-Setup' Guid='{75ebc33e-997f-49cf-b49f-ecc50184b75d}'/><EventID>2004</EventID><Version>0</Version><Level>4</Level><Task>4000</Task><Opcode>0</Opcode><Keywords>0x2000400000000000</Keywords><TimeCreated SystemTime='2023-06-29T21:23:45.0198744Z'/><EventRecordID>203</EventRecordID><Correlation ActivityID='{87a91b10-aacf-0001-d124-a987cfaad901}'/><Execution ProcessID='1228' ThreadID='1232'/><Channel>System</Channel><Computer>WIN-VBFV11TS5L1</Computer><Security UserID='S-1-5-18'/></System><EventData><Data Name='OSName'>Windows 10 Pro</Data><Data Name='OSEditionID'>Professional</Data><Data Name='OSmajorversion'>10</Data><Data Name='OSminorversion'>0</Data><Data Name='OSbuildversion'>19045</Data><Data Name='OSservicepackName'></Data><Data Name='OSservicepackmajorversion'>0</Data><Data Name='OSservicepackminorversion'>0</Data></EventData></Event>"
﻿"204","User32","{B0AA8734-56F7-41CC-B2F4-DE228E98B946}","2147484722","0","INFORMATION"," ","0","0","1688073829"," "," ","468","484","System","WIN-VBFV11TS5L1","S-1-5-18","<Event xmlns='http://schemas.microsoft.com/win/2004/08/events/event'><System><Provider Name='User32' Guid='{b0aa8734-56f7-41cc-b2f4-de228e98b946}' EventSourceName='User32'/><EventID Qualifiers='32768'>1074</EventID><Version>0</Version><Level>4</Level><Task>0</Task><Opcode>0</Opcode><Keywords>0x8080000000000000</Keywords><TimeCreated SystemTime='2023-06-29T21:23:49.8610771Z'/><EventRecordID>204</EventRecordID><Correlation/><Execution ProcessID='468' ThreadID='484'/><Channel>System</Channel><Computer>WIN-VBFV11TS5L1</Computer><Security UserID='S-1-5-18'/></System><EventData><Data Name='param1'>C:\Windows\system32\winlogon.exe (MINWINPC)</Data><Data Name='param2'>WIN-VBFV11TS5L1</Data><Data Name='param3'>@~t: ɯ (p)</Data><Data Name='param4'>0x80020003</Data><Data Name='param5'>sҰ</Data><Data Name='param6'></Data><Data Name='param7'>NT AUTHORITY\SYSTEM</Data></EventData></Event>"
﻿"205","EventLog"," ","2147489654","0","INFORMATION"," ","0","0","1688073834"," "," ","0","0","System","WIN-VBFV11TS5L1"," ","<Event xmlns='http://schemas.microsoft.com/win/2004/08/events/event'><System><Provider Name='EventLog'/><EventID Qualifiers='32768'>6006</EventID><Version>0</Version><Level>4</Level><Task>0</Task><Opcode>0</Opcode><Keywords>0x80000000000000</Keywords><TimeCreated SystemTime='2023-06-29T21:23:54.4235712Z'/><EventRecordID>205</EventRecordID><Correlation/><Execution ProcessID='0' ThreadID='0'/><Channel>System</Channel><Computer>WIN-VBFV11TS5L1</Computer><Security/></System><EventData><Binary>0100000000000000</Binary></EventData></Event>"
﻿"206","Microsoft-Windows-Dhcp-Client","{15A7A4F8-0072-4EAB-ABAD-F98A4D666AED}","50104","0","INFORMATION"," ","4","129","1688073834"," "," ","1596","1600","System","WIN-VBFV11TS5L1","S-1-5-19","<Event xmlns='http://schemas.microsoft.com/win/2004/08/events/event'><System><Provider Name='Microsoft-Windows-Dhcp-Client' Guid='{15a7a4f8-0072-4eab-abad-f98a4d666aed}'/><EventID>50104</EventID><Version>0</Version><Level>4</Level><Task>4</Task><Opcode>129</Opcode><Keywords>0x2000000000000000</Keywords><TimeCreated SystemTime='2023-06-29T21:23:54.3321553Z'/><EventRecordID>206</EventRecordID><Correlation/><Execution ProcessID='1596' ThreadID='1600'/><Channel>System</Channel><Computer>WIN-VBFV11TS5L1</Computer><Security UserID='S-1-5-19'/></System><EventData></EventData></Event>"
﻿"207","Microsoft-Windows-Dhcp-Client","{15A7A4F8-0072-4EAB-ABAD-F98A4D666AED}","50105","0","INFORMATION"," ","4","129","1688073834"," "," ","1596","1616","System","WIN-VBFV11TS5L1","S-1-5-19","<Event xmlns='http://schemas.microsoft.com/win/2004/08/events/event'><System><Provider Name='Microsoft-Windows-Dhcp-Client' Guid='{15a7a4f8-0072-4eab-abad-f98a4d666aed}'/><EventID>50105</EventID><Version>0</Version><Level>4</Level><Task>4</Task><Opcode>129</Opcode><Keywords>0x2000000000000000</Keywords><TimeCreated SystemTime='2023-06-29T21:23:54.3322602Z'/><EventRecordID>207</EventRecordID><Correlation/><Execution ProcessID='1596' ThreadID='1616'/><Channel>System</Channel><Computer>WIN-VBFV11TS5L1</Computer><Security UserID='S-1-5-19'/></System><EventData></EventData></Event>"
﻿"208","Microsoft-Windows-DHCPv6-Client","{6A1F2B00-6A90-4C38-95A5-5CAB3B056778}","51047","0","INFORMATION"," ","4","63","1688073834"," "," ","1596","1808","System","WIN-VBFV11TS5L1","S-1-5-19","<Event xmlns='http://schemas.microsoft.com/win/2004/08/events/event'><System><Provider Name='Microsoft-Windows-DHCPv6-Client' Guid='{6a1f2b00-6a90-4c38-95a5-5cab3b056778}'/><EventID>51047</EventID><Version>0</Version><Level>4</Level><Task>4</Task><Opcode>63</Opcode><Keywords>0x2000000000000000</Keywords><TimeCreated SystemTime='2023-06-29T21:23:54.3328000Z'/><EventRecordID>208</EventRecordID><Correlation/><Execution ProcessID='1596' ThreadID='1808'/><Channel>System</Channel><Computer>WIN-VBFV11TS5L1</Computer><Security UserID='S-1-5-19'/></System><EventData><Data Name='DwordVal'>1</Data></EventData></Event>"
﻿"209","Microsoft-Windows-DHCPv6-Client","{6A1F2B00-6A90-4C38-95A5-5CAB3B056778}","51057","0","INFORMATION"," ","4","104","1688073834"," "," ","1596","1808","System","WIN-VBFV11TS5L1","S-1-5-19","<Event xmlns='http://schemas.microsoft.com/win/2004/08/events/event'><System><Provider Name='Microsoft-Windows-DHCPv6-Client' Guid='{6a1f2b00-6a90-4c38-95a5-5cab3b056778}'/><EventID>51057</EventID><Version>0</Version><Level>4</Level><Task>4</Task><Opcode>104</Opcode><Keywords>0x2000000000000000</Keywords><TimeCreated SystemTime='2023-06-29T21:23:54.3328018Z'/><EventRecordID>209</EventRecordID><Correlation/><Execution ProcessID='1596' ThreadID='1808'/><Channel>System</Channel><Computer>WIN-VBFV11TS5L1</Computer><Security UserID='S-1-5-19'/></System><EventData><Data Name='DwordVal'>1</Data></EventData></Event>"
﻿"210","Microsoft-Windows-Dhcp-Client","{15A7A4F8-0072-4EAB-ABAD-F98A4D666AED}","50106","0","INFORMATION"," ","4","129","1688073834"," "," ","1596","1616","System","WIN-VBFV11TS5L1","S-1-5-19","<Event xmlns='http://schemas.microsoft.com/win/2004/08/events/event'><System><Provider Name='Microsoft-Windows-Dhcp-Client' Guid='{15a7a4f8-0072-4eab-abad-f98a4d666aed}'/><EventID>50106</EventID><Version>0</Version><Level>4</Level><Task>4</Task><Opcode>129</Opcode><Keywords>0x2000000000000000</Keywords><TimeCreated SystemTime='2023-06-29T21:23:54.3332108Z'/><EventRecordID>210</EventRecordID><Correlation/><Execution ProcessID='1596' ThreadID='1616'/><Channel>System</Channel><Computer>WIN-VBFV11TS5L1</Computer><Security UserID='S-1-5-19'/></System><EventData></EventData></Event>"
﻿"211","Microsoft-Windows-Dhcp-Client","{15A7A4F8-0072-4EAB-ABAD-F98A4D666AED}","50037","0","INFORMATION"," ","4","69","1688073834"," "," ","1596","1616","System","WIN-VBFV11TS5L1","S-1-5-19","<Event xmlns='http://schemas.microsoft.com/win/2004/08/events/event'><System><Provider Name='Microsoft-Windows-Dhcp-Client' Guid='{15a7a4f8-0072-4eab-abad-f98a4d666aed}'/><EventID>50037</EventID><Version>0</Version><Level>4</Level><Task>4</Task><Opcode>69</Opcode><Keywords>0x2000000000000000</Keywords><TimeCreated SystemTime='2023-06-29T21:23:54.3332363Z'/><EventRecordID>211</EventRecordID><Correlation/><Execution ProcessID='1596' ThreadID='1616'/><Channel>System</Channel><Computer>WIN-VBFV11TS5L1</Computer><Security UserID='S-1-5-19'/></System><EventData><Data Name='DwordVal'>1</Data></EventData></Event>"
﻿"212","EventLog"," ","2147489659","0","INFORMATION"," ","0","0","1688073878"," "," ","0","0","System","DESKTOP-TC5H5CS"," ","<Event xmlns='http://schemas.microsoft.com/win/2004/08/events/event'><System><Provider Name='EventLog'/><EventID Qualifiers='32768'>6011</EventID><Version>0</Version><Level>4</Level><Task>0</Task><Opcode>0</Opcode><Keywords>0x80000000000000</Keywords><TimeCreated SystemTime='2023-06-29T21:24:38.2018985Z'/><EventRecordID>212</EventRecordID><Correlation/><Execution ProcessID='0' ThreadID='0'/><Channel>System</Channel><Computer>DESKTOP-TC5H5CS</Computer><Security/></System><EventData><Data>WIN-VBFV11TS5L1</Data><Data>DESKTOP-TC5H5CS</Data></EventData></Event>"
﻿"213","EventLog"," ","2147489657","0","INFORMATION"," ","0","0","1688073878"," "," ","0","0","System","DESKTOP-TC5H5CS"," ","<Event xmlns='http://schemas.microsoft.com/win/2004/08/events/event'><System><Provider Name='EventLog'/><EventID Qualifiers='32768'>6009</EventID><Version>0</Version><Level>4</Level><Task>0</Task><Opcode>0</Opcode><Keywords>0x80000000000000</Keywords><TimeCreated SystemTime='2023-06-29T21:24:38.2018985Z'/><EventRecordID>213</EventRecordID><Correlation/><Execution ProcessID='0' ThreadID='0'/><Channel>System</Channel><Computer>DESKTOP-TC5H5CS</Computer><Security/></System><EventData><Data>10.00.</Data><Data>19045</Data><Data></Data><Data>Multiprocessor Free</Data><Data>0</Data></EventData></Event>"
﻿"214","EventLog"," ","2147489653","0","INFORMATION"," ","0","0","1688073878"," "," ","0","0","System","DESKTOP-TC5H5CS"," ","<Event xmlns='http://schemas.microsoft.com/win/2004/08/events/event'><System><Provider Name='EventLog'/><EventID Qualifiers='32768'>6005</EventID><Version>0</Version><Level>4</Level><Task>0</Task><Opcode>0</Opcode><Keywords>0x80000000000000</Keywords><TimeCreated SystemTime='2023-06-29T21:24:38.2018985Z'/><EventRecordID>214</EventRecordID><Correlation/><Execution ProcessID='0' ThreadID='0'/><Channel>System</Channel><Computer>DESKTOP-TC5H5CS</Computer><Security/></System><EventData><Binary>E707060004001D00150018002600C9000000000000000000</Binary></EventData></Event>"
﻿"215","EventLog"," ","2147489661","0","INFORMATION"," ","0","0","1688073878"," "," ","0","0","System","DESKTOP-TC5H5CS"," ","<Event xmlns='http://schemas.microsoft.com/win/2004/08/events/event'><System><Provider Name='EventLog'/><EventID Qualifiers='32768'>6013</EventID><Version>0</Version><Level>4</Level><Task>0</Task><Opcode>0</Opcode><Keywords>0x80000000000000</Keywords><TimeCreated SystemTime='2023-06-29T21:24:38.2018985Z'/><EventRecordID>215</EventRecordID><Correlation/><Execution ProcessID='0' ThreadID='0'/><Channel>System</Channel><Computer>DESKTOP-TC5H5CS</Computer><Security/></System><EventData><Data></Data><Data></Data><Data></Data><Data></Data><Data>28</Data><Data>60</Data><Data>-480 x_зǮɶ</Data><Binary>31002E003100000030000000570069006E0064006F00770073002000310030002000500072006F000000310030002E0030002E003100390030003400350020004200750069006C0064002000310039003000340035002000200000004D0075006C0074006900700072006F0063006500730073006F007200200046007200650065000000310039003000340031002E00760062005F00720065006C0065006100730065002E003100390031003200300036002D00310034003000360000003600340039006400660036003600350000004E006F007400200041007600610069006C00610062006C00650000004E006F007400200041007600610069006C00610062006C006500000039000000320000003800310039003200000034003000340000004400450053004B0054004F0050002D00540043003500480035004300530000000000</Binary></EventData></Event>"
﻿"216","Microsoft-Windows-Kernel-Power","{331C3B3A-2005-44C2-AC5E-77220C37D6B4}","109","0","INFORMATION"," ","103","0","1688073839"," "," ","564","568","System","DESKTOP-TC5H5CS"," ","<Event xmlns='http://schemas.microsoft.com/win/2004/08/events/event'><System><Provider Name='Microsoft-Windows-Kernel-Power' Guid='{331c3b3a-2005-44c2-ac5e-77220c37d6b4}'/><EventID>109</EventID><Version>0</Version><Level>4</Level><Task>103</Task><Opcode>0</Opcode><Keywords>0x8000400000000404</Keywords><TimeCreated SystemTime='2023-06-29T21:23:59.3077109Z'/><EventRecordID>216</EventRecordID><Correlation/><Execution ProcessID='564' ThreadID='568'/><Channel>System</Channel><Computer>DESKTOP-TC5H5CS</Computer><Security/></System><EventData><Data Name='ShutdownActionType'>5</Data><Data Name='ShutdownEventCode'>0</Data><Data Name='ShutdownReason'>5</Data></EventData></Event>"
﻿"217","Microsoft-Windows-Kernel-General","{A68CA8B7-004F-D7B6-A698-07E2DE0F1F5D}","13","0","INFORMATION"," ","2","0","1688073840"," "," ","4","888","System","DESKTOP-TC5H5CS"," ","<Event xmlns='http://schemas.microsoft.com/win/2004/08/events/event'><System><Provider Name='Microsoft-Windows-Kernel-General' Guid='{a68ca8b7-004f-d7b6-a698-07e2de0f1f5d}'/><EventID>13</EventID><Version>0</Version><Level>4</Level><Task>2</Task><Opcode>0</Opcode><Keywords>0x8000000000000080</Keywords><TimeCreated SystemTime='2023-06-29T21:24:00.6976834Z'/><EventRecordID>217</EventRecordID><Correlation/><Execution ProcessID='4' ThreadID='888'/><Channel>System</Channel><Computer>DESKTOP-TC5H5CS</Computer><Security/></System><EventData><Data Name='StopTime'>2023-06-29T21:24:00.6976816Z</Data></EventData></Event>"
﻿"218","Microsoft-Windows-Kernel-General","{A68CA8B7-004F-D7B6-A698-07E2DE0F1F5D}","12","0","INFORMATION"," ","1","0","1688073849"," "," ","4","8","System","DESKTOP-TC5H5CS","S-1-5-18","<Event xmlns='http://schemas.microsoft.com/win/2004/08/events/event'><System><Provider Name='Microsoft-Windows-Kernel-General' Guid='{a68ca8b7-004f-d7b6-a698-07e2de0f1f5d}'/><EventID>12</EventID><Version>0</Version><Level>4</Level><Task>1</Task><Opcode>0</Opcode><Keywords>0x8000000000000080</Keywords><TimeCreated SystemTime='2023-06-29T21:24:09.6794127Z'/><EventRecordID>218</EventRecordID><Correlation/><Execution ProcessID='4' ThreadID='8'/><Channel>System</Channel><Computer>DESKTOP-TC5H5CS</Computer><Security UserID='S-1-5-18'/></System><EventData><Data Name='MajorVersion'>10</Data><Data Name='MinorVersion'>0</Data><Data Name='BuildVersion'>19041</Data><Data Name='QfeVersion'>2006</Data><Data Name='ServiceVersion'>0</Data><Data Name='BootMode'>0</Data><Data Name='StartTime'>2023-06-29T21:24:09.5000000Z</Data></EventData></Event>"
﻿"219","Microsoft-Windows-Kernel-Boot","{15CA44FF-4D7A-4BAA-BBA5-0998955E531E}","153","0","INFORMATION"," ","62","0","1688073849"," "," ","4","8","System","DESKTOP-TC5H5CS","S-1-5-18","<Event xmlns='http://schemas.microsoft.com/win/2004/08/events/event'><System><Provider Name='Microsoft-Windows-Kernel-Boot' Guid='{15ca44ff-4d7a-4baa-bba5-0998955e531e}'/><EventID>153</EventID><Version>0</Version><Level>4</Level><Task>62</Task><Opcode>0</Opcode><Keywords>0x8000000000000000</Keywords><TimeCreated SystemTime='2023-06-29T21:24:09.6794693Z'/><EventRecordID>219</EventRecordID><Correlation/><Execution ProcessID='4' ThreadID='8'/><Channel>System</Channel><Computer>DESKTOP-TC5H5CS</Computer><Security UserID='S-1-5-18'/></System><EventData><Data Name='Status'>0</Data><Data Name='EnableDisableReason'>0</Data><Data Name='VsmPolicy'>0</Data></EventData></Event>"
﻿"220","Microsoft-Windows-Kernel-Boot","{15CA44FF-4D7A-4BAA-BBA5-0998955E531E}","20","1","INFORMATION"," ","31","0","1688073849"," "," ","4","8","System","DESKTOP-TC5H5CS","S-1-5-18","<Event xmlns='http://schemas.microsoft.com/win/2004/08/events/event'><System><Provider Name='Microsoft-Windows-Kernel-Boot' Guid='{15ca44ff-4d7a-4baa-bba5-0998955e531e}'/><EventID>20</EventID><Version>1</Version><Level>4</Level><Task>31</Task><Opcode>0</Opcode><Keywords>0x8000000000000000</Keywords><TimeCreated SystemTime='2023-06-29T21:24:09.6795491Z'/><EventRecordID>220</EventRecordID><Correlation/><Execution ProcessID='4' ThreadID='8'/><Channel>System</Channel><Computer>DESKTOP-TC5H5CS</Computer><Security UserID='S-1-5-18'/></System><EventData><Data Name='LastShutdownGood'>true</Data><Data Name='LastBootGood'>true</Data><Data Name='LastBootId'>1</Data><Data Name='BootStatusPolicy'>2</Data></EventData></Event>"
﻿"221","Microsoft-Windows-Kernel-Boot","{15CA44FF-4D7A-4BAA-BBA5-0998955E531E}","25","0","INFORMATION"," ","32","0","1688073849"," "," ","4","8","System","DESKTOP-TC5H5CS","S-1-5-18","<Event xmlns='http://schemas.microsoft.com/win/2004/08/events/event'><System><Provider Name='Microsoft-Windows-Kernel-Boot' Guid='{15ca44ff-4d7a-4baa-bba5-0998955e531e}'/><EventID>25</EventID><Version>0</Version><Level>4</Level><Task>32</Task><Opcode>0</Opcode><Keywords>0x8000000000000000</Keywords><TimeCreated SystemTime='2023-06-29T21:24:09.6795972Z'/><EventRecordID>221</EventRecordID><Correlation/><Execution ProcessID='4' ThreadID='8'/><Channel>System</Channel><Computer>DESKTOP-TC5H5CS</Computer><Security UserID='S-1-5-18'/></System><EventData><Data Name='BootMenuPolicy'>1</Data></EventData></Event>"
﻿"222","Microsoft-Windows-Kernel-Boot","{15CA44FF-4D7A-4BAA-BBA5-0998955E531E}","27","1","INFORMATION"," ","33","0","1688073849"," "," ","4","8","System","DESKTOP-TC5H5CS","S-1-5-18","<Event xmlns='http://schemas.microsoft.com/win/2004/08/events/event'><System><Provider Name='Microsoft-Windows-Kernel-Boot' Guid='{15ca44ff-4d7a-4baa-bba5-0998955e531e}'/><EventID>27</EventID><Version>1</Version><Level>4</Level><Task>33</Task><Opcode>0</Opcode><Keywords>0x8000000000000000</Keywords><TimeCreated SystemTime='2023-06-29T21:24:09.6795977Z'/><EventRecordID>222</EventRecordID><Correlation/><Execution ProcessID='4' ThreadID='8'/><Channel>System</Channel><Computer>DESKTOP-TC5H5CS</Computer><Security UserID='S-1-5-18'/></System><EventData><Data Name='BootType'>0</Data><Data Name='LoadOptions'> NOEXECUTE=OPTIN</Data></EventData></Event>"
﻿"223","Microsoft-Windows-Kernel-Boot","{15CA44FF-4D7A-4BAA-BBA5-0998955E531E}","18","0","INFORMATION"," ","57","0","1688073849"," "," ","4","8","System","DESKTOP-TC5H5CS","S-1-5-18","<Event xmlns='http://schemas.microsoft.com/win/2004/08/events/event'><System><Provider Name='Microsoft-Windows-Kernel-Boot' Guid='{15ca44ff-4d7a-4baa-bba5-0998955e531e}'/><EventID>18</EventID><Version>0</Version><Level>4</Level><Task>57</Task><Opcode>0</Opcode><Keywords>0x8000000000000000</Keywords><TimeCreated SystemTime='2023-06-29T21:24:09.6796555Z'/><EventRecordID>223</EventRecordID><Correlation/><Execution ProcessID='4' ThreadID='8'/><Channel>System</Channel><Computer>DESKTOP-TC5H5CS</Computer><Security UserID='S-1-5-18'/></System><EventData><Data Name='EntryCount'>1</Data></EventData></Event>"
﻿"224","Microsoft-Windows-Kernel-Boot","{15CA44FF-4D7A-4BAA-BBA5-0998955E531E}","32","0","INFORMATION"," ","58","0","1688073849"," "," ","4","8","System","DESKTOP-TC5H5CS","S-1-5-18","<Event xmlns='http://schemas.microsoft.com/win/2004/08/events/event'><System><Provider Name='Microsoft-Windows-Kernel-Boot' Guid='{15ca44ff-4d7a-4baa-bba5-0998955e531e}'/><EventID>32</EventID><Version>0</Version><Level>4</Level><Task>58</Task><Opcode>0</Opcode><Keywords>0x8000000000000000</Keywords><TimeCreated SystemTime='2023-06-29T21:24:09.6796793Z'/><EventRecordID>224</EventRecordID><Correlation/><Execution ProcessID='4' ThreadID='8'/><Channel>System</Channel><Computer>DESKTOP-TC5H5CS</Computer><Security UserID='S-1-5-18'/></System><EventData><Data Name='BitlockerUserInputTime'>0</Data></EventData></Event>"
﻿"225","Microsoft-Windows-Kernel-General","{A68CA8B7-004F-D7B6-A698-07E2DE0F1F5D}","20","0","INFORMATION"," ","6","0","1688073849"," "," ","4","8","System","DESKTOP-TC5H5CS","S-1-5-18","<Event xmlns='http://schemas.microsoft.com/win/2004/08/events/event'><System><Provider Name='Microsoft-Windows-Kernel-General' Guid='{a68ca8b7-004f-d7b6-a698-07e2de0f1f5d}'/><EventID>20</EventID><Version>0</Version><Level>4</Level><Task>6</Task><Opcode>0</Opcode><Keywords>0x8000000000000010</Keywords><TimeCreated SystemTime='2023-06-29T21:24:09.6821431Z'/><EventRecordID>225</EventRecordID><Correlation/><Execution ProcessID='4' ThreadID='8'/><Channel>System</Channel><Computer>DESKTOP-TC5H5CS</Computer><Security UserID='S-1-5-18'/></System><EventData><Data Name='UpdateReason'>0</Data><Data Name='EnabledNew'>true</Data><Data Name='CountNew'>0</Data><Data Name='CountOld'>0</Data></EventData></Event>"
﻿"226","Microsoft-Windows-HAL","{63D1E632-95CC-4443-9312-AF927761D52A}","16","0","INFORMATION"," ","0","0","1688073849"," "," ","4","8","System","DESKTOP-TC5H5CS","S-1-5-18","<Event xmlns='http://schemas.microsoft.com/win/2004/08/events/event'><System><Provider Name='Microsoft-Windows-HAL' Guid='{63d1e632-95cc-4443-9312-af927761d52a}'/><EventID>16</EventID><Version>0</Version><Level>4</Level><Task>0</Task><Opcode>0</Opcode><Keywords>0x8000000000000000</Keywords><TimeCreated SystemTime='2023-06-29T21:24:09.7418507Z'/><EventRecordID>226</EventRecordID><Correlation/><Execution ProcessID='4' ThreadID='8'/><Channel>System</Channel><Computer>DESKTOP-TC5H5CS</Computer><Security UserID='S-1-5-18'/></System><EventData></EventData></Event>"
﻿"227","Microsoft-Windows-FilterManager","{F3C5E28E-63F6-49C7-A204-E48A1BC4B09D}","6","0","INFORMATION"," ","0","0","1688073853"," "," ","4","8","System","DESKTOP-TC5H5CS","S-1-5-18","<Event xmlns='http://schemas.microsoft.com/win/2004/08/events/event'><System><Provider Name='Microsoft-Windows-FilterManager' Guid='{f3c5e28e-63f6-49c7-a204-e48a1bc4b09d}'/><EventID>6</EventID><Version>0</Version><Level>4</Level><Task>0</Task><Opcode>0</Opcode><Keywords>0x8000000000000000</Keywords><TimeCreated SystemTime='2023-06-29T21:24:13.4337819Z'/><EventRecordID>227</EventRecordID><Correlation/><Execution ProcessID='4' ThreadID='8'/><Channel>System</Channel><Computer>DESKTOP-TC5H5CS</Computer><Security UserID='S-1-5-18'/></System><EventData><Data Name='FinalStatus'>0x0</Data><Data Name='DeviceVersionMajor'>10</Data><Data Name='DeviceVersionMinor'>0</Data><Data Name='DeviceNameLength'>8</Data><Data Name='DeviceName'>FileInfo</Data><Data Name='DeviceTime'>2062-12-23T13:21:06.0000000Z</Data></EventData></Event>"
﻿"228","Microsoft-Windows-FilterManager","{F3C5E28E-63F6-49C7-A204-E48A1BC4B09D}","6","0","INFORMATION"," ","0","0","1688073853"," "," ","4","8","System","DESKTOP-TC5H5CS","S-1-5-18","<Event xmlns='http://schemas.microsoft.com/win/2004/08/events/event'><System><Provider Name='Microsoft-Windows-FilterManager' Guid='{f3c5e28e-63f6-49c7-a204-e48a1bc4b09d}'/><EventID>6</EventID><Version>0</Version><Level>4</Level><Task>0</Task><Opcode>0</Opcode><Keywords>0x8000000000000000</Keywords><TimeCreated SystemTime='2023-06-29T21:24:13.4344441Z'/><EventRecordID>228</EventRecordID><Correlation/><Execution ProcessID='4' ThreadID='8'/><Channel>System</Channel><Computer>DESKTOP-TC5H5CS</Computer><Security UserID='S-1-5-18'/></System><EventData><Data Name='FinalStatus'>0x0</Data><Data Name='DeviceVersionMajor'>10</Data><Data Name='DeviceVersionMinor'>0</Data><Data Name='DeviceNameLength'>3</Data><Data Name='DeviceName'>Wof</Data><Data Name='DeviceTime'>2024-08-23T22:35:41.0000000Z</Data></EventData></Event>"
﻿"229","Microsoft-Windows-FilterManager","{F3C5E28E-63F6-49C7-A204-E48A1BC4B09D}","6","0","INFORMATION"," ","0","0","1688073853"," "," ","4","8","System","DESKTOP-TC5H5CS","S-1-5-18","<Event xmlns='http://schemas.microsoft.com/win/2004/08/events/event'><System><Provider Name='Microsoft-Windows-FilterManager' Guid='{f3c5e28e-63f6-49c7-a204-e48a1bc4b09d}'/><EventID>6</EventID><Version>0</Version><Level>4</Level><Task>0</Task><Opcode>0</Opcode><Keywords>0x8000000000000000</Keywords><TimeCreated SystemTime='2023-06-29T21:24:13.4351031Z'/><EventRecordID>229</EventRecordID><Correlation/><Execution ProcessID='4' ThreadID='8'/><Channel>System</Channel><Computer>DESKTOP-TC5H5CS</Computer><Security UserID='S-1-5-18'/></System><EventData><Data Name='FinalStatus'>0x0</Data><Data Name='DeviceVersionMajor'>10</Data><Data Name='DeviceVersionMinor'>0</Data><Data Name='DeviceNameLength'>8</Data><Data Name='DeviceName'>WdFilter</Data><Data Name='DeviceTime'>2066-04-09T12:52:09.0000000Z</Data></EventData></Event>"
﻿"230","Microsoft-Windows-Ntfs","{3FF37A1C-A68D-4D6E-8C9B-F79E8B16C482}","98","0","INFORMATION"," ","0","0","1688073853"," "," ","4","264","System","DESKTOP-TC5H5CS","S-1-5-18","<Event xmlns='http://schemas.microsoft.com/win/2004/08/events/event'><System><Provider Name='Microsoft-Windows-Ntfs' Guid='{3ff37a1c-a68d-4d6e-8c9b-f79e8b16c482}'/><EventID>98</EventID><Version>0</Version><Level>4</Level><Task>0</Task><Opcode>0</Opcode><Keywords>0x8000000000000002</Keywords><TimeCreated SystemTime='2023-06-29T21:24:13.9642160Z'/><EventRecordID>230</EventRecordID><Correlation/><Execution ProcessID='4' ThreadID='264'/><Channel>System</Channel><Computer>DESKTOP-TC5H5CS</Computer><Security UserID='S-1-5-18'/></System><EventData><Data Name='DriveName'>C:</Data><Data Name='DeviceName'>\Device\HarddiskVolume2</Data><Data Name='CorruptionActionState'>0</Data></EventData></Event>"
﻿"231","Microsoft-Windows-FilterManager","{F3C5E28E-63F6-49C7-A204-E48A1BC4B09D}","6","0","INFORMATION"," ","0","0","1688073854"," "," ","4","8","System","DESKTOP-TC5H5CS","S-1-5-18","<Event xmlns='http://schemas.microsoft.com/win/2004/08/events/event'><System><Provider Name='Microsoft-Windows-FilterManager' Guid='{f3c5e28e-63f6-49c7-a204-e48a1bc4b09d}'/><EventID>6</EventID><Version>0</Version><Level>4</Level><Task>0</Task><Opcode>0</Opcode><Keywords>0x8000000000000000</Keywords><TimeCreated SystemTime='2023-06-29T21:24:14.6060143Z'/><EventRecordID>231</EventRecordID><Correlation/><Execution ProcessID='4' ThreadID='8'/><Channel>System</Channel><Computer>DESKTOP-TC5H5CS</Computer><Security UserID='S-1-5-18'/></System><EventData><Data Name='FinalStatus'>0x0</Data><Data Name='DeviceVersionMajor'>10</Data><Data Name='DeviceVersionMinor'>0</Data><Data Name='DeviceNameLength'>9</Data><Data Name='DeviceName'>FileCrypt</Data><Data Name='DeviceTime'>2002-03-01T19:12:42.0000000Z</Data></EventData></Event>"
﻿"232","Microsoft-Windows-Kernel-Processor-Power","{0F67E49F-FE51-4E9F-B490-6F2948CC6027}","55","0","INFORMATION"," ","47","0","1688073854"," "," ","4","296","System","DESKTOP-TC5H5CS","S-1-5-18","<Event xmlns='http://schemas.microsoft.com/win/2004/08/events/event'><System><Provider Name='Microsoft-Windows-Kernel-Processor-Power' Guid='{0f67e49f-fe51-4e9f-b490-6f2948cc6027}'/><EventID>55</EventID><Version>0</Version><Level>4</Level><Task>47</Task><Opcode>0</Opcode><Keywords>0x8000000000000000</Keywords><TimeCreated SystemTime='2023-06-29T21:24:14.9579031Z'/><EventRecordID>232</EventRecordID><Correlation/><Execution ProcessID='4' ThreadID='296'/><Channel>System</Channel><Computer>DESKTOP-TC5H5CS</Computer><Security UserID='S-1-5-18'/></System><EventData><Data Name='Group'>0</Data><Data Name='Number'>0</Data><Data Name='IdleStateCount'>1</Data><Data Name='IdleImplementation'>1</Data><Data Name='NominalFrequency'>2195</Data><Data Name='MaximumPerformancePercent'>100</Data><Data Name='MinimumPerformancePercent'>100</Data><Data Name='MinimumThrottlePercent'>12</Data><Data Name='PerformanceImplementation'>1</Data></EventData></Event>"
﻿"233","Microsoft-Windows-Kernel-Processor-Power","{0F67E49F-FE51-4E9F-B490-6F2948CC6027}","55","0","INFORMATION"," ","47","0","1688073854"," "," ","4","296","System","DESKTOP-TC5H5CS","S-1-5-18","<Event xmlns='http://schemas.microsoft.com/win/2004/08/events/event'><System><Provider Name='Microsoft-Windows-Kernel-Processor-Power' Guid='{0f67e49f-fe51-4e9f-b490-6f2948cc6027}'/><EventID>55</EventID><Version>0</Version><Level>4</Level><Task>47</Task><Opcode>0</Opcode><Keywords>0x8000000000000000</Keywords><TimeCreated SystemTime='2023-06-29T21:24:14.9592203Z'/><EventRecordID>233</EventRecordID><Correlation/><Execution ProcessID='4' ThreadID='296'/><Channel>System</Channel><Computer>DESKTOP-TC5H5CS</Computer><Security UserID='S-1-5-18'/></System><EventData><Data Name='Group'>0</Data><Data Name='Number'>1</Data><Data Name='IdleStateCount'>1</Data><Data Name='IdleImplementation'>1</Data><Data Name='NominalFrequency'>2195</Data><Data Name='MaximumPerformancePercent'>100</Data><Data Name='MinimumPerformancePercent'>100</Data><Data Name='MinimumThrottlePercent'>12</Data><Data Name='PerformanceImplementation'>1</Data></EventData></Event>"
﻿"234","e1i65x64"," ","1610874912","0","INFORMATION"," ","0","0","1688073855"," "," ","4","264","System","DESKTOP-TC5H5CS"," ","<Event xmlns='http://schemas.microsoft.com/win/2004/08/events/event'><System><Provider Name='e1i65x64'/><EventID Qualifiers='24580'>32</EventID><Version>0</Version><Level>4</Level><Task>0</Task><Opcode>0</Opcode><Keywords>0x80000000000000</Keywords><TimeCreated SystemTime='2023-06-29T21:24:15.0635876Z'/><EventRecordID>234</EventRecordID><Correlation/><Execution ProcessID='4' ThreadID='264'/><Channel>System</Channel><Computer>DESKTOP-TC5H5CS</Computer><Security/></System><EventData><Data></Data><Data>Intel(R) 82574L Gigabit Network Connection</Data><Binary>0000040002003000000000002000046000000000000000000000000000000000000000000000000020000460</Binary></EventData></Event>"
﻿"235","Microsoft-Windows-FilterManager","{F3C5E28E-63F6-49C7-A204-E48A1BC4B09D}","6","0","INFORMATION"," ","0","0","1688073855"," "," ","4","8","System","DESKTOP-TC5H5CS","S-1-5-18","<Event xmlns='http://schemas.microsoft.com/win/2004/08/events/event'><System><Provider Name='Microsoft-Windows-FilterManager' Guid='{f3c5e28e-63f6-49c7-a204-e48a1bc4b09d}'/><EventID>6</EventID><Version>0</Version><Level>4</Level><Task>0</Task><Opcode>0</Opcode><Keywords>0x8000000000000000</Keywords><TimeCreated SystemTime='2023-06-29T21:24:15.3153231Z'/><EventRecordID>235</EventRecordID><Correlation/><Execution ProcessID='4' ThreadID='8'/><Channel>System</Channel><Computer>DESKTOP-TC5H5CS</Computer><Security UserID='S-1-5-18'/></System><EventData><Data Name='FinalStatus'>0x0</Data><Data Name='DeviceVersionMajor'>10</Data><Data Name='DeviceVersionMinor'>0</Data><Data Name='DeviceNameLength'>9</Data><Data Name='DeviceName'>npsvctrig</Data><Data Name='DeviceTime'>2025-01-06T10:41:12.0000000Z</Data></EventData></Event>"
﻿"236","Microsoft-Windows-Ntfs","{3FF37A1C-A68D-4D6E-8C9B-F79E8B16C482}","98","0","INFORMATION"," ","0","0","1688073855"," "," ","4","296","System","DESKTOP-TC5H5CS","S-1-5-18","<Event xmlns='http://schemas.microsoft.com/win/2004/08/events/event'><System><Provider Name='Microsoft-Windows-Ntfs' Guid='{3ff37a1c-a68d-4d6e-8c9b-f79e8b16c482}'/><EventID>98</EventID><Version>0</Version><Level>4</Level><Task>0</Task><Opcode>0</Opcode><Keywords>0x8000000000000002</Keywords><TimeCreated SystemTime='2023-06-29T21:24:15.3934369Z'/><EventRecordID>236</EventRecordID><Correlation/><Execution ProcessID='4' ThreadID='296'/><Channel>System</Channel><Computer>DESKTOP-TC5H5CS</Computer><Security UserID='S-1-5-18'/></System><EventData><Data Name='DriveName'>\\?\Volume{47a18612-0000-0000-0000-100000000000}</Data><Data Name='DeviceName'>\Device\HarddiskVolume1</Data><Data Name='CorruptionActionState'>0</Data></EventData></Event>"
﻿"237","Microsoft-Windows-Kernel-Power","{331C3B3A-2005-44C2-AC5E-77220C37D6B4}","172","0","INFORMATION"," ","203","0","1688073855"," "," ","4","292","System","DESKTOP-TC5H5CS","S-1-5-18","<Event xmlns='http://schemas.microsoft.com/win/2004/08/events/event'><System><Provider Name='Microsoft-Windows-Kernel-Power' Guid='{331c3b3a-2005-44c2-ac5e-77220c37d6b4}'/><EventID>172</EventID><Version>0</Version><Level>4</Level><Task>203</Task><Opcode>0</Opcode><Keywords>0x8000000000000404</Keywords><TimeCreated SystemTime='2023-06-29T21:24:15.5495262Z'/><EventRecordID>237</EventRecordID><Correlation/><Execution ProcessID='4' ThreadID='292'/><Channel>System</Channel><Computer>DESKTOP-TC5H5CS</Computer><Security UserID='S-1-5-18'/></System><EventData><Data Name='State'>2</Data><Data Name='Reason'>6</Data></EventData></Event>"
﻿"238","Microsoft-Windows-Ntfs","{3FF37A1C-A68D-4D6E-8C9B-F79E8B16C482}","98","0","INFORMATION"," ","0","0","1688073857"," "," ","4","264","System","DESKTOP-TC5H5CS","S-1-5-18","<Event xmlns='http://schemas.microsoft.com/win/2004/08/events/event'><System><Provider Name='Microsoft-Windows-Ntfs' Guid='{3ff37a1c-a68d-4d6e-8c9b-f79e8b16c482}'/><EventID>98</EventID><Version>0</Version><Level>4</Level><Task>0</Task><Opcode>0</Opcode><Keywords>0x8000000000000002</Keywords><TimeCreated SystemTime='2023-06-29T21:24:17.5722693Z'/><EventRecordID>238</EventRecordID><Correlation/><Execution ProcessID='4' ThreadID='264'/><Channel>System</Channel><Computer>DESKTOP-TC5H5CS</Computer><Security UserID='S-1-5-18'/></System><EventData><Data Name='DriveName'>\\?\Volume{47a18612-0000-0000-0000-30db1f000000}</Data><Data Name='DeviceName'>\Device\HarddiskVolume3</Data><Data Name='CorruptionActionState'>0</Data></EventData></Event>"
﻿"239","Microsoft-Windows-Kernel-General","{A68CA8B7-004F-D7B6-A698-07E2DE0F1F5D}","24","0","INFORMATION"," ","11","0","1688073858"," "," ","92","400","System","DESKTOP-TC5H5CS","S-1-5-18","<Event xmlns='http://schemas.microsoft.com/win/2004/08/events/event'><System><Provider Name='Microsoft-Windows-Kernel-General' Guid='{a68ca8b7-004f-d7b6-a698-07e2de0f1f5d}'/><EventID>24</EventID><Version>0</Version><Level>4</Level><Task>11</Task><Opcode>0</Opcode><Keywords>0x8000000000000010</Keywords><TimeCreated SystemTime='2023-06-29T21:24:18.4606367Z'/><EventRecordID>239</EventRecordID><Correlation/><Execution ProcessID='92' ThreadID='400'/><Channel>System</Channel><Computer>DESKTOP-TC5H5CS</Computer><Security UserID='S-1-5-18'/></System><EventData><Data Name='ExitReason'>0</Data><Data Name='CurrentBias'>-480</Data><Data Name='CurrentTimeZoneID'>0</Data><Data Name='TimeZoneInfoCacheUpdated'>0</Data><Data Name='FirstRefresh'>0</Data></EventData></Event>"
﻿"240","Microsoft-Windows-Wininit","{206F6DEA-D3C5-4D10-BC72-989F03C8B84B}","14","0","INFORMATION"," ","0","0","1688073861"," "," ","544","548","System","DESKTOP-TC5H5CS","S-1-5-18","<Event xmlns='http://schemas.microsoft.com/win/2004/08/events/event'><System><Provider Name='Microsoft-Windows-Wininit' Guid='{206f6dea-d3c5-4d10-bc72-989f03c8b84b}'/><EventID>14</EventID><Version>0</Version><Level>4</Level><Task>0</Task><Opcode>0</Opcode><Keywords>0x4000000000000000</Keywords><TimeCreated SystemTime='2023-06-29T21:24:21.6462484Z'/><EventRecordID>240</EventRecordID><Correlation/><Execution ProcessID='544' ThreadID='548'/><Channel>System</Channel><Computer>DESKTOP-TC5H5CS</Computer><Security UserID='S-1-5-18'/></System><EventData><Data Name='Config'>0</Data><Data Name='IsTestConfig'>0</Data></EventData></Event>"
﻿"241","Microsoft-Windows-Directory-Services-SAM","{0D4FDC09-8C27-494A-BDA0-505E4FD8ADAE}","16962","0","INFORMATION"," ","0","0","1688073863","{0ADD3B9F-AAD0-0001-073C-DD0AD0AAD901}"," ","652","656","System","DESKTOP-TC5H5CS","S-1-5-18","<Event xmlns='http://schemas.microsoft.com/win/2004/08/events/event'><System><Provider Name='Microsoft-Windows-Directory-Services-SAM' Guid='{0d4fdc09-8c27-494a-bda0-505e4fd8adae}'/><EventID>16962</EventID><Version>0</Version><Level>4</Level><Task>0</Task><Opcode>0</Opcode><Keywords>0x8000000000000000</Keywords><TimeCreated SystemTime='2023-06-29T21:24:23.0495179Z'/><EventRecordID>241</EventRecordID><Correlation ActivityID='{0add3b9f-aad0-0001-073c-dd0ad0aad901}'/><Execution ProcessID='652' ThreadID='656'/><Channel>System</Channel><Computer>DESKTOP-TC5H5CS</Computer><Security UserID='S-1-5-18'/></System><EventData Name='SAMMSG_RESTRICT_REMOTE_SAM_DEFAULT_SD'><Data Name='Default SD String:'>O:SYG:SYD:(A;;RC;;;BA)</Data></EventData></Event>"
﻿"242","Microsoft-Windows-Directory-Services-SAM","{0D4FDC09-8C27-494A-BDA0-505E4FD8ADAE}","16977","0","INFORMATION"," ","0","0","1688073863","{0ADD3B9F-AAD0-0001-073C-DD0AD0AAD901}"," ","652","656","System","DESKTOP-TC5H5CS","S-1-5-18","<Event xmlns='http://schemas.microsoft.com/win/2004/08/events/event'><System><Provider Name='Microsoft-Windows-Directory-Services-SAM' Guid='{0d4fdc09-8c27-494a-bda0-505e4fd8adae}'/><EventID>16977</EventID><Version>0</Version><Level>4</Level><Task>0</Task><Opcode>0</Opcode><Keywords>0x8000000000000000</Keywords><TimeCreated SystemTime='2023-06-29T21:24:23.2883223Z'/><EventRecordID>242</EventRecordID><Correlation ActivityID='{0add3b9f-aad0-0001-073c-dd0ad0aad901}'/><Execution ProcessID='652' ThreadID='656'/><Channel>System</Channel><Computer>DESKTOP-TC5H5CS</Computer><Security UserID='S-1-5-18'/></System><EventData Name='SAMMSG_MINPWDLEN_SETTINGS_IN_EFFECT'><Data Name='MinimumPasswordLength'>0</Data><Data Name='RelaxMinimumPasswordLengthLimits'>0</Data><Data Name='MinimumPasswordLengthAudit'>-1</Data></EventData></Event>"
﻿"243","Microsoft-Windows-Directory-Services-SAM","{0D4FDC09-8C27-494A-BDA0-505E4FD8ADAE}","16983","0","INFORMATION"," ","0","0","1688073863","{0ADD3B9F-AAD0-0001-073C-DD0AD0AAD901}"," ","652","656","System","DESKTOP-TC5H5CS","S-1-5-18","<Event xmlns='http://schemas.microsoft.com/win/2004/08/events/event'><System><Provider Name='Microsoft-Windows-Directory-Services-SAM' Guid='{0d4fdc09-8c27-494a-bda0-505e4fd8adae}'/><EventID>16983</EventID><Version>0</Version><Level>4</Level><Task>0</Task><Opcode>0</Opcode><Keywords>0x8000000000000000</Keywords><TimeCreated SystemTime='2023-06-29T21:24:23.2883285Z'/><EventRecordID>243</EventRecordID><Correlation ActivityID='{0add3b9f-aad0-0001-073c-dd0ad0aad901}'/><Execution ProcessID='652' ThreadID='656'/><Channel>System</Channel><Computer>DESKTOP-TC5H5CS</Computer><Security UserID='S-1-5-18'/></System><EventData Name='SAMMSG_AUDIT_LEGACY_PWD_RPC_METHODS_OFF'></EventData></Event>"
﻿"244","Microsoft-Windows-Dhcp-Client","{15A7A4F8-0072-4EAB-ABAD-F98A4D666AED}","50036","0","INFORMATION"," ","4","68","1688073878"," "," ","1472","1488","System","DESKTOP-TC5H5CS","S-1-5-19","<Event xmlns='http://schemas.microsoft.com/win/2004/08/events/event'><System><Provider Name='Microsoft-Windows-Dhcp-Client' Guid='{15a7a4f8-0072-4eab-abad-f98a4d666aed}'/><EventID>50036</EventID><Version>0</Version><Level>4</Level><Task>4</Task><Opcode>68</Opcode><Keywords>0x2000000000000000</Keywords><TimeCreated SystemTime='2023-06-29T21:24:38.4917298Z'/><EventRecordID>244</EventRecordID><Correlation/><Execution ProcessID='1472' ThreadID='1488'/><Channel>System</Channel><Computer>DESKTOP-TC5H5CS</Computer><Security UserID='S-1-5-19'/></System><EventData></EventData></Event>"
﻿"245","Microsoft-Windows-Dhcp-Client","{15A7A4F8-0072-4EAB-ABAD-F98A4D666AED}","50103","0","INFORMATION"," ","4","129","1688073878"," "," ","1472","1488","System","DESKTOP-TC5H5CS","S-1-5-19","<Event xmlns='http://schemas.microsoft.com/win/2004/08/events/event'><System><Provider Name='Microsoft-Windows-Dhcp-Client' Guid='{15a7a4f8-0072-4eab-abad-f98a4d666aed}'/><EventID>50103</EventID><Version>0</Version><Level>4</Level><Task>4</Task><Opcode>129</Opcode><Keywords>0x2000000000000000</Keywords><TimeCreated SystemTime='2023-06-29T21:24:38.4917835Z'/><EventRecordID>245</EventRecordID><Correlation/><Execution ProcessID='1472' ThreadID='1488'/><Channel>System</Channel><Computer>DESKTOP-TC5H5CS</Computer><Security UserID='S-1-5-19'/></System><EventData></EventData></Event>"
﻿"246","Microsoft-Windows-DHCPv6-Client","{6A1F2B00-6A90-4C38-95A5-5CAB3B056778}","51046","0","INFORMATION"," ","4","62","1688073878"," "," ","1472","1504","System","DESKTOP-TC5H5CS","S-1-5-19","<Event xmlns='http://schemas.microsoft.com/win/2004/08/events/event'><System><Provider Name='Microsoft-Windows-DHCPv6-Client' Guid='{6a1f2b00-6a90-4c38-95a5-5cab3b056778}'/><EventID>51046</EventID><Version>0</Version><Level>4</Level><Task>4</Task><Opcode>62</Opcode><Keywords>0x2000000000000000</Keywords><TimeCreated SystemTime='2023-06-29T21:24:38.7928857Z'/><EventRecordID>246</EventRecordID><Correlation/><Execution ProcessID='1472' ThreadID='1504'/><Channel>System</Channel><Computer>DESKTOP-TC5H5CS</Computer><Security UserID='S-1-5-19'/></System><EventData></EventData></Event>"
﻿"247","Microsoft-Windows-FilterManager","{F3C5E28E-63F6-49C7-A204-E48A1BC4B09D}","6","0","INFORMATION"," ","0","0","1688073879"," "," ","4","100","System","DESKTOP-TC5H5CS","S-1-5-18","<Event xmlns='http://schemas.microsoft.com/win/2004/08/events/event'><System><Provider Name='Microsoft-Windows-FilterManager' Guid='{f3c5e28e-63f6-49c7-a204-e48a1bc4b09d}'/><EventID>6</EventID><Version>0</Version><Level>4</Level><Task>0</Task><Opcode>0</Opcode><Keywords>0x8000000000000000</Keywords><TimeCreated SystemTime='2023-06-29T21:24:39.9352554Z'/><EventRecordID>247</EventRecordID><Correlation/><Execution ProcessID='4' ThreadID='100'/><Channel>System</Channel><Computer>DESKTOP-TC5H5CS</Computer><Security UserID='S-1-5-18'/></System><EventData><Data Name='FinalStatus'>0x0</Data><Data Name='DeviceVersionMajor'>10</Data><Data Name='DeviceVersionMinor'>0</Data><Data Name='DeviceNameLength'>5</Data><Data Name='DeviceName'>wcifs</Data><Data Name='DeviceTime'>1989-06-10T06:43:09.0000000Z</Data></EventData></Event>"
﻿"248","Microsoft-Windows-FilterManager","{F3C5E28E-63F6-49C7-A204-E48A1BC4B09D}","6","0","INFORMATION"," ","0","0","1688073881"," "," ","4","292","System","DESKTOP-TC5H5CS","S-1-5-18","<Event xmlns='http://schemas.microsoft.com/win/2004/08/events/event'><System><Provider Name='Microsoft-Windows-FilterManager' Guid='{f3c5e28e-63f6-49c7-a204-e48a1bc4b09d}'/><EventID>6</EventID><Version>0</Version><Level>4</Level><Task>0</Task><Opcode>0</Opcode><Keywords>0x8000000000000000</Keywords><TimeCreated SystemTime='2023-06-29T21:24:41.5727171Z'/><EventRecordID>248</EventRecordID><Correlation/><Execution ProcessID='4' ThreadID='292'/><Channel>System</Channel><Computer>DESKTOP-TC5H5CS</Computer><Security UserID='S-1-5-18'/></System><EventData><Data Name='FinalStatus'>0x0</Data><Data Name='DeviceVersionMajor'>10</Data><Data Name='DeviceVersionMinor'>0</Data><Data Name='DeviceNameLength'>5</Data><Data Name='DeviceName'>luafv</Data><Data Name='DeviceTime'>2041-09-19T13:13:33.0000000Z</Data></EventData></Event>"
