﻿"891","Service Control Manager","{555908D1-A6D7-4695-8E1E-26931D2012F4}","1073748864","0","INFORMATION"," ","0","0","1688189774"," "," ","636","3960","System","DESKTOP-TC5H5CS","S-1-5-18","<Event xmlns='http://schemas.microsoft.com/win/2004/08/events/event'><System><Provider Name='Service Control Manager' Guid='{555908d1-a6d7-4695-8e1e-26931d2012f4}' EventSourceName='Service Control Manager'/><EventID Qualifiers='16384'>7040</EventID><Version>0</Version><Level>4</Level><Task>0</Task><Opcode>0</Opcode><Keywords>0x8080000000000000</Keywords><TimeCreated SystemTime='2023-07-01T05:36:14.3003637Z'/><EventRecordID>891</EventRecordID><Correlation/><Execution ProcessID='636' ThreadID='3960'/><Channel>System</Channel><Computer>DESKTOP-TC5H5CS</Computer><Security UserID='S-1-5-18'/></System><EventData><Data Name='param1'>Windows Modules Installer</Data><Data Name='param2'>۰ʱҰ</Data><Data Name='param3'>wҰ</Data><Data Name='param4'>TrustedInstaller</Data></EventData></Event>"
﻿"892","Microsoft-Windows-Kernel-General","{A68CA8B7-004F-D7B6-A698-07E2DE0F1F5D}","24","0","INFORMATION"," ","11","0","1688189783"," "," ","6360","5152","System","DESKTOP-TC5H5CS","S-1-5-19","<Event xmlns='http://schemas.microsoft.com/win/2004/08/events/event'><System><Provider Name='Microsoft-Windows-Kernel-General' Guid='{a68ca8b7-004f-d7b6-a698-07e2de0f1f5d}'/><EventID>24</EventID><Version>0</Version><Level>4</Level><Task>11</Task><Opcode>0</Opcode><Keywords>0x8000000000000010</Keywords><TimeCreated SystemTime='2023-07-01T05:36:23.4365100Z'/><EventRecordID>892</EventRecordID><Correlation/><Execution ProcessID='6360' ThreadID='5152'/><Channel>System</Channel><Computer>DESKTOP-TC5H5CS</Computer><Security UserID='S-1-5-19'/></System><EventData><Data Name='ExitReason'>0</Data><Data Name='CurrentBias'>-480</Data><Data Name='CurrentTimeZoneID'>0</Data><Data Name='TimeZoneInfoCacheUpdated'>0</Data><Data Name='FirstRefresh'>0</Data></EventData></Event>"
﻿"893","Microsoft-Windows-Kernel-General","{A68CA8B7-004F-D7B6-A698-07E2DE0F1F5D}","1","2","INFORMATION"," ","5","0","1688189783"," "," ","6360","5152","System","DESKTOP-TC5H5CS","S-1-5-19","<Event xmlns='http://schemas.microsoft.com/win/2004/08/events/event'><System><Provider Name='Microsoft-Windows-Kernel-General' Guid='{a68ca8b7-004f-d7b6-a698-07e2de0f1f5d}'/><EventID>1</EventID><Version>2</Version><Level>4</Level><Task>5</Task><Opcode>0</Opcode><Keywords>0x8000000000000010</Keywords><TimeCreated SystemTime='2023-07-01T05:36:23.4366976Z'/><EventRecordID>893</EventRecordID><Correlation/><Execution ProcessID='6360' ThreadID='5152'/><Channel>System</Channel><Computer>DESKTOP-TC5H5CS</Computer><Security UserID='S-1-5-19'/></System><EventData><Data Name='NewTime'>2023-07-01T05:36:23.4362884Z</Data><Data Name='OldTime'>2023-07-01T05:36:22.0034935Z</Data><Data Name='Reason'>1</Data><Data Name='ProcessName'>\Device\HarddiskVolume2\Windows\System32\svchost.exe</Data><Data Name='ProcessID'>6360</Data></EventData></Event>"
﻿"894","Microsoft-Windows-Time-Service","{06EDCFEB-0FD0-4E53-ACCA-A6F8BBF81BCB}","35","0","INFORMATION"," ","0","0","1688189783"," "," ","6360","8968","System","DESKTOP-TC5H5CS","S-1-5-19","<Event xmlns='http://schemas.microsoft.com/win/2004/08/events/event'><System><Provider Name='Microsoft-Windows-Time-Service' Guid='{06edcfeb-0fd0-4e53-acca-a6f8bbf81bcb}'/><EventID>35</EventID><Version>0</Version><Level>4</Level><Task>0</Task><Opcode>0</Opcode><Keywords>0x8000000000000000</Keywords><TimeCreated SystemTime='2023-07-01T05:36:23.4409245Z'/><EventRecordID>894</EventRecordID><Correlation/><Execution ProcessID='6360' ThreadID='8968'/><Channel>System</Channel><Computer>DESKTOP-TC5H5CS</Computer><Security UserID='S-1-5-19'/></System><EventData Name='TMP_EVENT_TIME_SOURCE_CHOSEN'><Data Name='TimeSource'>time.windows.com,0x9 (ntp.m|0x9|0.0.0.0:123-&gt;20.189.79.72:123)</Data><Data Name='TimeSourceRefId'>1213185300</Data><Data Name='CurrentStratumNumber'>4</Data></EventData></Event>"
﻿"895","Microsoft-Windows-Kernel-General","{A68CA8B7-004F-D7B6-A698-07E2DE0F1F5D}","24","0","INFORMATION"," ","11","0","1688189783"," "," ","6360","5152","System","DESKTOP-TC5H5CS","S-1-5-19","<Event xmlns='http://schemas.microsoft.com/win/2004/08/events/event'><System><Provider Name='Microsoft-Windows-Kernel-General' Guid='{a68ca8b7-004f-d7b6-a698-07e2de0f1f5d}'/><EventID>24</EventID><Version>0</Version><Level>4</Level><Task>11</Task><Opcode>0</Opcode><Keywords>0x8000000000000010</Keywords><TimeCreated SystemTime='2023-07-01T05:36:23.4411700Z'/><EventRecordID>895</EventRecordID><Correlation/><Execution ProcessID='6360' ThreadID='5152'/><Channel>System</Channel><Computer>DESKTOP-TC5H5CS</Computer><Security UserID='S-1-5-19'/></System><EventData><Data Name='ExitReason'>0</Data><Data Name='CurrentBias'>-480</Data><Data Name='CurrentTimeZoneID'>0</Data><Data Name='TimeZoneInfoCacheUpdated'>0</Data><Data Name='FirstRefresh'>0</Data></EventData></Event>"
﻿"896","Microsoft-Windows-Kernel-General","{A68CA8B7-004F-D7B6-A698-07E2DE0F1F5D}","1","2","INFORMATION"," ","5","0","1688189783"," "," ","6360","5152","System","DESKTOP-TC5H5CS","S-1-5-19","<Event xmlns='http://schemas.microsoft.com/win/2004/08/events/event'><System><Provider Name='Microsoft-Windows-Kernel-General' Guid='{a68ca8b7-004f-d7b6-a698-07e2de0f1f5d}'/><EventID>1</EventID><Version>2</Version><Level>4</Level><Task>5</Task><Opcode>0</Opcode><Keywords>0x8000000000000010</Keywords><TimeCreated SystemTime='2023-07-01T05:36:23.4413187Z'/><EventRecordID>896</EventRecordID><Correlation/><Execution ProcessID='6360' ThreadID='5152'/><Channel>System</Channel><Computer>DESKTOP-TC5H5CS</Computer><Security UserID='S-1-5-19'/></System><EventData><Data Name='NewTime'>2023-07-01T05:36:23.4409777Z</Data><Data Name='OldTime'>2023-07-01T05:36:23.4407918Z</Data><Data Name='Reason'>1</Data><Data Name='ProcessName'>\Device\HarddiskVolume2\Windows\System32\svchost.exe</Data><Data Name='ProcessID'>6360</Data></EventData></Event>"
﻿"897","Microsoft-Windows-Kernel-General","{A68CA8B7-004F-D7B6-A698-07E2DE0F1F5D}","24","0","INFORMATION"," ","11","0","1688189783"," "," ","6360","5152","System","DESKTOP-TC5H5CS","S-1-5-19","<Event xmlns='http://schemas.microsoft.com/win/2004/08/events/event'><System><Provider Name='Microsoft-Windows-Kernel-General' Guid='{a68ca8b7-004f-d7b6-a698-07e2de0f1f5d}'/><EventID>24</EventID><Version>0</Version><Level>4</Level><Task>11</Task><Opcode>0</Opcode><Keywords>0x8000000000000010</Keywords><TimeCreated SystemTime='2023-07-01T05:36:23.4440413Z'/><EventRecordID>897</EventRecordID><Correlation/><Execution ProcessID='6360' ThreadID='5152'/><Channel>System</Channel><Computer>DESKTOP-TC5H5CS</Computer><Security UserID='S-1-5-19'/></System><EventData><Data Name='ExitReason'>0</Data><Data Name='CurrentBias'>-480</Data><Data Name='CurrentTimeZoneID'>0</Data><Data Name='TimeZoneInfoCacheUpdated'>0</Data><Data Name='FirstRefresh'>0</Data></EventData></Event>"
﻿"898","Microsoft-Windows-Kernel-General","{A68CA8B7-004F-D7B6-A698-07E2DE0F1F5D}","1","2","INFORMATION"," ","5","0","1688189783"," "," ","6360","5152","System","DESKTOP-TC5H5CS","S-1-5-19","<Event xmlns='http://schemas.microsoft.com/win/2004/08/events/event'><System><Provider Name='Microsoft-Windows-Kernel-General' Guid='{a68ca8b7-004f-d7b6-a698-07e2de0f1f5d}'/><EventID>1</EventID><Version>2</Version><Level>4</Level><Task>5</Task><Opcode>0</Opcode><Keywords>0x8000000000000010</Keywords><TimeCreated SystemTime='2023-07-01T05:36:23.4442574Z'/><EventRecordID>898</EventRecordID><Correlation/><Execution ProcessID='6360' ThreadID='5152'/><Channel>System</Channel><Computer>DESKTOP-TC5H5CS</Computer><Security UserID='S-1-5-19'/></System><EventData><Data Name='NewTime'>2023-07-01T05:36:23.4439009Z</Data><Data Name='OldTime'>2023-07-01T05:36:23.4437836Z</Data><Data Name='Reason'>1</Data><Data Name='ProcessName'>\Device\HarddiskVolume2\Windows\System32\svchost.exe</Data><Data Name='ProcessID'>6360</Data></EventData></Event>"
﻿"899","Service Control Manager","{555908D1-A6D7-4695-8E1E-26931D2012F4}","1073748864","0","INFORMATION"," ","0","0","1688189890"," "," ","636","1752","System","DESKTOP-TC5H5CS","S-1-5-18","<Event xmlns='http://schemas.microsoft.com/win/2004/08/events/event'><System><Provider Name='Service Control Manager' Guid='{555908d1-a6d7-4695-8e1e-26931d2012f4}' EventSourceName='Service Control Manager'/><EventID Qualifiers='16384'>7040</EventID><Version>0</Version><Level>4</Level><Task>0</Task><Opcode>0</Opcode><Keywords>0x8080000000000000</Keywords><TimeCreated SystemTime='2023-07-01T05:38:10.3384746Z'/><EventRecordID>899</EventRecordID><Correlation/><Execution ProcessID='636' ThreadID='1752'/><Channel>System</Channel><Computer>DESKTOP-TC5H5CS</Computer><Security UserID='S-1-5-18'/></System><EventData><Data Name='param1'>Background Intelligent Transfer Service</Data><Data Name='param2'>wҰ</Data><Data Name='param3'>۰ʱҰ</Data><Data Name='param4'>BITS</Data></EventData></Event>"
﻿"900","Service Control Manager","{555908D1-A6D7-4695-8E1E-26931D2012F4}","1073748864","0","INFORMATION"," ","0","0","1688190065"," "," ","636","884","System","DESKTOP-TC5H5CS","S-1-5-18","<Event xmlns='http://schemas.microsoft.com/win/2004/08/events/event'><System><Provider Name='Service Control Manager' Guid='{555908d1-a6d7-4695-8e1e-26931d2012f4}' EventSourceName='Service Control Manager'/><EventID Qualifiers='16384'>7040</EventID><Version>0</Version><Level>4</Level><Task>0</Task><Opcode>0</Opcode><Keywords>0x8080000000000000</Keywords><TimeCreated SystemTime='2023-07-01T05:41:05.3095671Z'/><EventRecordID>900</EventRecordID><Correlation/><Execution ProcessID='636' ThreadID='884'/><Channel>System</Channel><Computer>DESKTOP-TC5H5CS</Computer><Security UserID='S-1-5-18'/></System><EventData><Data Name='param1'>Background Intelligent Transfer Service</Data><Data Name='param2'>۰ʱҰ</Data><Data Name='param3'>wҰ</Data><Data Name='param4'>BITS</Data></EventData></Event>"
﻿"901","Service Control Manager","{555908D1-A6D7-4695-8E1E-26931D2012F4}","1073748869","0","INFORMATION"," ","0","0","1688192072"," "," ","636","6916","System","DESKTOP-TC5H5CS","S-1-5-18","<Event xmlns='http://schemas.microsoft.com/win/2004/08/events/event'><System><Provider Name='Service Control Manager' Guid='{555908d1-a6d7-4695-8e1e-26931d2012f4}' EventSourceName='Service Control Manager'/><EventID Qualifiers='16384'>7045</EventID><Version>0</Version><Level>4</Level><Task>0</Task><Opcode>0</Opcode><Keywords>0x8080000000000000</Keywords><TimeCreated SystemTime='2023-07-01T06:14:32.5329734Z'/><EventRecordID>901</EventRecordID><Correlation/><Execution ProcessID='636' ThreadID='6916'/><Channel>System</Channel><Computer>DESKTOP-TC5H5CS</Computer><Security UserID='S-1-5-18'/></System><EventData><Data Name='ServiceName'>MpKsl43e0f915</Data><Data Name='ImagePath'>C:\ProgramData\Microsoft\Windows Defender\Definition Updates\{45639C4B-ECE2-40CE-BB2B-31EFC82B8D19}\MpKslDrv.sys</Data><Data Name='ServiceType'>֤߼ҦXʵ{</Data><Data Name='StartType'>wҰ</Data><Data Name='AccountName'></Data></EventData></Event>"
﻿"902","Service Control Manager","{555908D1-A6D7-4695-8E1E-26931D2012F4}","1073748864","0","INFORMATION"," ","0","0","1688192087"," "," ","636","7544","System","DESKTOP-TC5H5CS","S-1-5-18","<Event xmlns='http://schemas.microsoft.com/win/2004/08/events/event'><System><Provider Name='Service Control Manager' Guid='{555908d1-a6d7-4695-8e1e-26931d2012f4}' EventSourceName='Service Control Manager'/><EventID Qualifiers='16384'>7040</EventID><Version>0</Version><Level>4</Level><Task>0</Task><Opcode>0</Opcode><Keywords>0x8080000000000000</Keywords><TimeCreated SystemTime='2023-07-01T06:14:47.8526559Z'/><EventRecordID>902</EventRecordID><Correlation/><Execution ProcessID='636' ThreadID='7544'/><Channel>System</Channel><Computer>DESKTOP-TC5H5CS</Computer><Security UserID='S-1-5-18'/></System><EventData><Data Name='param1'>Background Intelligent Transfer Service</Data><Data Name='param2'>wҰ</Data><Data Name='param3'>۰ʱҰ</Data><Data Name='param4'>BITS</Data></EventData></Event>"
﻿"903","Service Control Manager","{555908D1-A6D7-4695-8E1E-26931D2012F4}","1073748864","0","INFORMATION"," ","0","0","1688192212"," "," ","636","6916","System","DESKTOP-TC5H5CS","S-1-5-18","<Event xmlns='http://schemas.microsoft.com/win/2004/08/events/event'><System><Provider Name='Service Control Manager' Guid='{555908d1-a6d7-4695-8e1e-26931d2012f4}' EventSourceName='Service Control Manager'/><EventID Qualifiers='16384'>7040</EventID><Version>0</Version><Level>4</Level><Task>0</Task><Opcode>0</Opcode><Keywords>0x8080000000000000</Keywords><TimeCreated SystemTime='2023-07-01T06:16:52.0374493Z'/><EventRecordID>903</EventRecordID><Correlation/><Execution ProcessID='636' ThreadID='6916'/><Channel>System</Channel><Computer>DESKTOP-TC5H5CS</Computer><Security UserID='S-1-5-18'/></System><EventData><Data Name='param1'>Background Intelligent Transfer Service</Data><Data Name='param2'>۰ʱҰ</Data><Data Name='param3'>wҰ</Data><Data Name='param4'>BITS</Data></EventData></Event>"
﻿"904","Service Control Manager","{555908D1-A6D7-4695-8E1E-26931D2012F4}","1073748864","0","INFORMATION"," ","0","0","1688193524"," "," ","636","8240","System","DESKTOP-TC5H5CS","S-1-5-18","<Event xmlns='http://schemas.microsoft.com/win/2004/08/events/event'><System><Provider Name='Service Control Manager' Guid='{555908d1-a6d7-4695-8e1e-26931d2012f4}' EventSourceName='Service Control Manager'/><EventID Qualifiers='16384'>7040</EventID><Version>0</Version><Level>4</Level><Task>0</Task><Opcode>0</Opcode><Keywords>0x8080000000000000</Keywords><TimeCreated SystemTime='2023-07-01T06:38:44.9829941Z'/><EventRecordID>904</EventRecordID><Correlation/><Execution ProcessID='636' ThreadID='8240'/><Channel>System</Channel><Computer>DESKTOP-TC5H5CS</Computer><Security UserID='S-1-5-18'/></System><EventData><Data Name='param1'>Background Intelligent Transfer Service</Data><Data Name='param2'>wҰ</Data><Data Name='param3'>۰ʱҰ</Data><Data Name='param4'>BITS</Data></EventData></Event>"
﻿"905","Service Control Manager","{555908D1-A6D7-4695-8E1E-26931D2012F4}","1073748864","0","INFORMATION"," ","0","0","1688193649"," "," ","636","8240","System","DESKTOP-TC5H5CS","S-1-5-18","<Event xmlns='http://schemas.microsoft.com/win/2004/08/events/event'><System><Provider Name='Service Control Manager' Guid='{555908d1-a6d7-4695-8e1e-26931d2012f4}' EventSourceName='Service Control Manager'/><EventID Qualifiers='16384'>7040</EventID><Version>0</Version><Level>4</Level><Task>0</Task><Opcode>0</Opcode><Keywords>0x8080000000000000</Keywords><TimeCreated SystemTime='2023-07-01T06:40:49.7704197Z'/><EventRecordID>905</EventRecordID><Correlation/><Execution ProcessID='636' ThreadID='8240'/><Channel>System</Channel><Computer>DESKTOP-TC5H5CS</Computer><Security UserID='S-1-5-18'/></System><EventData><Data Name='param1'>Background Intelligent Transfer Service</Data><Data Name='param2'>۰ʱҰ</Data><Data Name='param3'>wҰ</Data><Data Name='param4'>BITS</Data></EventData></Event>"
﻿"906","Service Control Manager","{555908D1-A6D7-4695-8E1E-26931D2012F4}","1073748864","0","INFORMATION"," ","0","0","1688193979"," "," ","636","8240","System","DESKTOP-TC5H5CS","S-1-5-18","<Event xmlns='http://schemas.microsoft.com/win/2004/08/events/event'><System><Provider Name='Service Control Manager' Guid='{555908d1-a6d7-4695-8e1e-26931d2012f4}' EventSourceName='Service Control Manager'/><EventID Qualifiers='16384'>7040</EventID><Version>0</Version><Level>4</Level><Task>0</Task><Opcode>0</Opcode><Keywords>0x8080000000000000</Keywords><TimeCreated SystemTime='2023-07-01T06:46:19.0977373Z'/><EventRecordID>906</EventRecordID><Correlation/><Execution ProcessID='636' ThreadID='8240'/><Channel>System</Channel><Computer>DESKTOP-TC5H5CS</Computer><Security UserID='S-1-5-18'/></System><EventData><Data Name='param1'>Background Intelligent Transfer Service</Data><Data Name='param2'>wҰ</Data><Data Name='param3'>۰ʱҰ</Data><Data Name='param4'>BITS</Data></EventData></Event>"
﻿"907","Service Control Manager","{555908D1-A6D7-4695-8E1E-26931D2012F4}","1073748864","0","INFORMATION"," ","0","0","1688194119"," "," ","636","6800","System","DESKTOP-TC5H5CS","S-1-5-18","<Event xmlns='http://schemas.microsoft.com/win/2004/08/events/event'><System><Provider Name='Service Control Manager' Guid='{555908d1-a6d7-4695-8e1e-26931d2012f4}' EventSourceName='Service Control Manager'/><EventID Qualifiers='16384'>7040</EventID><Version>0</Version><Level>4</Level><Task>0</Task><Opcode>0</Opcode><Keywords>0x8080000000000000</Keywords><TimeCreated SystemTime='2023-07-01T06:48:39.3134226Z'/><EventRecordID>907</EventRecordID><Correlation/><Execution ProcessID='636' ThreadID='6800'/><Channel>System</Channel><Computer>DESKTOP-TC5H5CS</Computer><Security UserID='S-1-5-18'/></System><EventData><Data Name='param1'>Background Intelligent Transfer Service</Data><Data Name='param2'>۰ʱҰ</Data><Data Name='param3'>wҰ</Data><Data Name='param4'>BITS</Data></EventData></Event>"
﻿"908","Service Control Manager","{555908D1-A6D7-4695-8E1E-26931D2012F4}","1073748864","0","INFORMATION"," ","0","0","1688211979"," "," ","636","9636","System","DESKTOP-TC5H5CS","S-1-5-18","<Event xmlns='http://schemas.microsoft.com/win/2004/08/events/event'><System><Provider Name='Service Control Manager' Guid='{555908d1-a6d7-4695-8e1e-26931d2012f4}' EventSourceName='Service Control Manager'/><EventID Qualifiers='16384'>7040</EventID><Version>0</Version><Level>4</Level><Task>0</Task><Opcode>0</Opcode><Keywords>0x8080000000000000</Keywords><TimeCreated SystemTime='2023-07-01T11:46:19.0980364Z'/><EventRecordID>908</EventRecordID><Correlation/><Execution ProcessID='636' ThreadID='9636'/><Channel>System</Channel><Computer>DESKTOP-TC5H5CS</Computer><Security UserID='S-1-5-18'/></System><EventData><Data Name='param1'>Background Intelligent Transfer Service</Data><Data Name='param2'>wҰ</Data><Data Name='param3'>۰ʱҰ</Data><Data Name='param4'>BITS</Data></EventData></Event>"
﻿"909","Service Control Manager","{555908D1-A6D7-4695-8E1E-26931D2012F4}","1073748864","0","INFORMATION"," ","0","0","1688212115"," "," ","636","7452","System","DESKTOP-TC5H5CS","S-1-5-18","<Event xmlns='http://schemas.microsoft.com/win/2004/08/events/event'><System><Provider Name='Service Control Manager' Guid='{555908d1-a6d7-4695-8e1e-26931d2012f4}' EventSourceName='Service Control Manager'/><EventID Qualifiers='16384'>7040</EventID><Version>0</Version><Level>4</Level><Task>0</Task><Opcode>0</Opcode><Keywords>0x8080000000000000</Keywords><TimeCreated SystemTime='2023-07-01T11:48:35.3105902Z'/><EventRecordID>909</EventRecordID><Correlation/><Execution ProcessID='636' ThreadID='7452'/><Channel>System</Channel><Computer>DESKTOP-TC5H5CS</Computer><Security UserID='S-1-5-18'/></System><EventData><Data Name='param1'>Background Intelligent Transfer Service</Data><Data Name='param2'>۰ʱҰ</Data><Data Name='param3'>wҰ</Data><Data Name='param4'>BITS</Data></EventData></Event>"
﻿"910","Microsoft-Windows-WindowsUpdateClient","{945A8954-C147-4ACD-923F-40C45405A658}","44","1","INFORMATION"," ","1","12","1688214765"," "," ","1036","6404","System","DESKTOP-TC5H5CS","S-1-5-18","<Event xmlns='http://schemas.microsoft.com/win/2004/08/events/event'><System><Provider Name='Microsoft-Windows-WindowsUpdateClient' Guid='{945a8954-c147-4acd-923f-40c45405a658}'/><EventID>44</EventID><Version>1</Version><Level>4</Level><Task>1</Task><Opcode>12</Opcode><Keywords>0x8000000000002004</Keywords><TimeCreated SystemTime='2023-07-01T12:32:45.5917739Z'/><EventRecordID>910</EventRecordID><Correlation/><Execution ProcessID='1036' ThreadID='6404'/><Channel>System</Channel><Computer>DESKTOP-TC5H5CS</Computer><Security UserID='S-1-5-18'/></System><EventData><Data Name='updateTitle'>9NBNPFNSWTGB-Microsoft.UI.Xaml.2.1</Data><Data Name='updateGuid'>{0f91a7f5-c9ac-4fe5-92e4-1ad6bd2c0a98}</Data><Data Name='updateRevisionNumber'>1</Data></EventData></Event>"
﻿"911","Microsoft-Windows-Kernel-General","{A68CA8B7-004F-D7B6-A698-07E2DE0F1F5D}","16","0","INFORMATION"," ","0","0","1688214769"," "," ","6592","6640","System","DESKTOP-TC5H5CS","S-1-5-18","<Event xmlns='http://schemas.microsoft.com/win/2004/08/events/event'><System><Provider Name='Microsoft-Windows-Kernel-General' Guid='{a68ca8b7-004f-d7b6-a698-07e2de0f1f5d}'/><EventID>16</EventID><Version>0</Version><Level>4</Level><Task>0</Task><Opcode>0</Opcode><Keywords>0x8000000000000000</Keywords><TimeCreated SystemTime='2023-07-01T12:32:49.9505142Z'/><EventRecordID>911</EventRecordID><Correlation/><Execution ProcessID='6592' ThreadID='6640'/><Channel>System</Channel><Computer>DESKTOP-TC5H5CS</Computer><Security UserID='S-1-5-18'/></System><EventData><Data Name='HiveNameLength'>131</Data><Data Name='HiveName'>\??\C:\ProgramData\Microsoft\Windows\AppRepository\Packages\Microsoft.Xbox.TCUI_1.24.10001.0_x64__8wekyb3d8bbwe\ActivationStore.dat</Data><Data Name='KeysUpdated'>0</Data><Data Name='DirtyPages'>0</Data></EventData></Event>"
﻿"912","Microsoft-Windows-WindowsUpdateClient","{945A8954-C147-4ACD-923F-40C45405A658}","44","1","INFORMATION"," ","1","12","1688214770"," "," ","1036","6404","System","DESKTOP-TC5H5CS","S-1-5-18","<Event xmlns='http://schemas.microsoft.com/win/2004/08/events/event'><System><Provider Name='Microsoft-Windows-WindowsUpdateClient' Guid='{945a8954-c147-4acd-923f-40c45405a658}'/><EventID>44</EventID><Version>1</Version><Level>4</Level><Task>1</Task><Opcode>12</Opcode><Keywords>0x8000000000002004</Keywords><TimeCreated SystemTime='2023-07-01T12:32:50.4282340Z'/><EventRecordID>912</EventRecordID><Correlation/><Execution ProcessID='1036' ThreadID='6404'/><Channel>System</Channel><Computer>DESKTOP-TC5H5CS</Computer><Security UserID='S-1-5-18'/></System><EventData><Data Name='updateTitle'>9NBLGGH42THS-Microsoft.Microsoft3DViewer</Data><Data Name='updateGuid'>{65af8f82-e029-48e0-bf83-e7ef1e837cd5}</Data><Data Name='updateRevisionNumber'>1</Data></EventData></Event>"
﻿"913","Microsoft-Windows-WindowsUpdateClient","{945A8954-C147-4ACD-923F-40C45405A658}","43","1","INFORMATION"," ","1","13","1688214771"," "," ","1036","6032","System","DESKTOP-TC5H5CS","S-1-5-18","<Event xmlns='http://schemas.microsoft.com/win/2004/08/events/event'><System><Provider Name='Microsoft-Windows-WindowsUpdateClient' Guid='{945a8954-c147-4acd-923f-40c45405a658}'/><EventID>43</EventID><Version>1</Version><Level>4</Level><Task>1</Task><Opcode>13</Opcode><Keywords>0x8000000000002008</Keywords><TimeCreated SystemTime='2023-07-01T12:32:51.5689563Z'/><EventRecordID>913</EventRecordID><Correlation/><Execution ProcessID='1036' ThreadID='6032'/><Channel>System</Channel><Computer>DESKTOP-TC5H5CS</Computer><Security UserID='S-1-5-18'/></System><EventData><Data Name='updateTitle'>9NKNC0LD5NN6-Microsoft.Xbox.TCUI</Data><Data Name='updateGuid'>{83cb05b1-36cd-4ef9-a9c6-136d4b522e64}</Data><Data Name='updateRevisionNumber'>1</Data></EventData></Event>"
﻿"914","Microsoft-Windows-Kernel-General","{A68CA8B7-004F-D7B6-A698-07E2DE0F1F5D}","16","0","INFORMATION"," ","0","0","1688214772"," "," ","6592","6640","System","DESKTOP-TC5H5CS","S-1-5-21-2081973557-1603719640-2355346784-1001","<Event xmlns='http://schemas.microsoft.com/win/2004/08/events/event'><System><Provider Name='Microsoft-Windows-Kernel-General' Guid='{a68ca8b7-004f-d7b6-a698-07e2de0f1f5d}'/><EventID>16</EventID><Version>0</Version><Level>4</Level><Task>0</Task><Opcode>0</Opcode><Keywords>0x8000000000000000</Keywords><TimeCreated SystemTime='2023-07-01T12:32:52.0282444Z'/><EventRecordID>914</EventRecordID><Correlation/><Execution ProcessID='6592' ThreadID='6640'/><Channel>System</Channel><Computer>DESKTOP-TC5H5CS</Computer><Security UserID='S-1-5-21-2081973557-1603719640-2355346784-1001'/></System><EventData><Data Name='HiveNameLength'>96</Data><Data Name='HiveName'>\??\C:\Users\test\AppData\Local\Packages\Microsoft.Xbox.TCUI_8wekyb3d8bbwe\Settings\settings.dat</Data><Data Name='KeysUpdated'>3</Data><Data Name='DirtyPages'>1</Data></EventData></Event>"
﻿"915","Microsoft-Windows-WindowsUpdateClient","{945A8954-C147-4ACD-923F-40C45405A658}","19","1","INFORMATION"," ","1","13","1688214772","{63B1BCC1-AB69-0000-4CD7-B26369ABD901}"," ","1036","6032","System","DESKTOP-TC5H5CS","S-1-5-18","<Event xmlns='http://schemas.microsoft.com/win/2004/08/events/event'><System><Provider Name='Microsoft-Windows-WindowsUpdateClient' Guid='{945a8954-c147-4acd-923f-40c45405a658}'/><EventID>19</EventID><Version>1</Version><Level>4</Level><Task>1</Task><Opcode>13</Opcode><Keywords>0x8000000000000018</Keywords><TimeCreated SystemTime='2023-07-01T12:32:52.9541098Z'/><EventRecordID>915</EventRecordID><Correlation ActivityID='{63b1bcc1-ab69-0000-4cd7-b26369abd901}'/><Execution ProcessID='1036' ThreadID='6032'/><Channel>System</Channel><Computer>DESKTOP-TC5H5CS</Computer><Security UserID='S-1-5-18'/></System><EventData><Data Name='updateTitle'>9NKNC0LD5NN6-Microsoft.Xbox.TCUI</Data><Data Name='updateGuid'>{83cb05b1-36cd-4ef9-a9c6-136d4b522e64}</Data><Data Name='updateRevisionNumber'>1</Data><Data Name='serviceGuid'>{855e8a7c-ecb4-4ca3-b045-1dfa50104289}</Data></EventData></Event>"
﻿"916","Microsoft-Windows-Kernel-General","{A68CA8B7-004F-D7B6-A698-07E2DE0F1F5D}","16","0","INFORMATION"," ","0","0","1688214774"," "," ","6592","1132","System","DESKTOP-TC5H5CS","S-1-5-18","<Event xmlns='http://schemas.microsoft.com/win/2004/08/events/event'><System><Provider Name='Microsoft-Windows-Kernel-General' Guid='{a68ca8b7-004f-d7b6-a698-07e2de0f1f5d}'/><EventID>16</EventID><Version>0</Version><Level>4</Level><Task>0</Task><Opcode>0</Opcode><Keywords>0x8000000000000000</Keywords><TimeCreated SystemTime='2023-07-01T12:32:54.4096100Z'/><EventRecordID>916</EventRecordID><Correlation/><Execution ProcessID='6592' ThreadID='1132'/><Channel>System</Channel><Computer>DESKTOP-TC5H5CS</Computer><Security UserID='S-1-5-18'/></System><EventData><Data Name='HiveNameLength'>141</Data><Data Name='HiveName'>\??\C:\ProgramData\Microsoft\Windows\AppRepository\Packages\Microsoft.Microsoft3DViewer_7.2211.24012.0_x64__8wekyb3d8bbwe\ActivationStore.dat</Data><Data Name='KeysUpdated'>0</Data><Data Name='DirtyPages'>0</Data></EventData></Event>"
﻿"917","Microsoft-Windows-Kernel-General","{A68CA8B7-004F-D7B6-A698-07E2DE0F1F5D}","16","0","INFORMATION"," ","0","0","1688214775"," "," ","6592","4832","System","DESKTOP-TC5H5CS","S-1-5-18","<Event xmlns='http://schemas.microsoft.com/win/2004/08/events/event'><System><Provider Name='Microsoft-Windows-Kernel-General' Guid='{a68ca8b7-004f-d7b6-a698-07e2de0f1f5d}'/><EventID>16</EventID><Version>0</Version><Level>4</Level><Task>0</Task><Opcode>0</Opcode><Keywords>0x8000000000000000</Keywords><TimeCreated SystemTime='2023-07-01T12:32:55.1816057Z'/><EventRecordID>917</EventRecordID><Correlation/><Execution ProcessID='6592' ThreadID='4832'/><Channel>System</Channel><Computer>DESKTOP-TC5H5CS</Computer><Security UserID='S-1-5-18'/></System><EventData><Data Name='HiveNameLength'>137</Data><Data Name='HiveName'>\??\C:\ProgramData\Microsoft\Windows\AppRepository\Packages\Microsoft.MicrosoftStickyNotes_4.6.0.0_x64__8wekyb3d8bbwe\ActivationStore.dat</Data><Data Name='KeysUpdated'>0</Data><Data Name='DirtyPages'>0</Data></EventData></Event>"
﻿"918","Microsoft-Windows-WindowsUpdateClient","{945A8954-C147-4ACD-923F-40C45405A658}","43","1","INFORMATION"," ","1","13","1688214776"," "," ","1036","9888","System","DESKTOP-TC5H5CS","S-1-5-18","<Event xmlns='http://schemas.microsoft.com/win/2004/08/events/event'><System><Provider Name='Microsoft-Windows-WindowsUpdateClient' Guid='{945a8954-c147-4acd-923f-40c45405a658}'/><EventID>43</EventID><Version>1</Version><Level>4</Level><Task>1</Task><Opcode>13</Opcode><Keywords>0x8000000000002008</Keywords><TimeCreated SystemTime='2023-07-01T12:32:56.9384843Z'/><EventRecordID>918</EventRecordID><Correlation/><Execution ProcessID='1036' ThreadID='9888'/><Channel>System</Channel><Computer>DESKTOP-TC5H5CS</Computer><Security UserID='S-1-5-18'/></System><EventData><Data Name='updateTitle'>9NBNPFNSWTGB-Microsoft.UI.Xaml.2.1</Data><Data Name='updateGuid'>{0f91a7f5-c9ac-4fe5-92e4-1ad6bd2c0a98}</Data><Data Name='updateRevisionNumber'>1</Data></EventData></Event>"
﻿"919","Microsoft-Windows-WindowsUpdateClient","{945A8954-C147-4ACD-923F-40C45405A658}","19","1","INFORMATION"," ","1","13","1688214778","{63B1BCC1-AB69-0000-29D9-B26369ABD901}"," ","1036","9888","System","DESKTOP-TC5H5CS","S-1-5-18","<Event xmlns='http://schemas.microsoft.com/win/2004/08/events/event'><System><Provider Name='Microsoft-Windows-WindowsUpdateClient' Guid='{945a8954-c147-4acd-923f-40c45405a658}'/><EventID>19</EventID><Version>1</Version><Level>4</Level><Task>1</Task><Opcode>13</Opcode><Keywords>0x8000000000000018</Keywords><TimeCreated SystemTime='2023-07-01T12:32:58.5835628Z'/><EventRecordID>919</EventRecordID><Correlation ActivityID='{63b1bcc1-ab69-0000-29d9-b26369abd901}'/><Execution ProcessID='1036' ThreadID='9888'/><Channel>System</Channel><Computer>DESKTOP-TC5H5CS</Computer><Security UserID='S-1-5-18'/></System><EventData><Data Name='updateTitle'>9NBNPFNSWTGB-Microsoft.UI.Xaml.2.1</Data><Data Name='updateGuid'>{0f91a7f5-c9ac-4fe5-92e4-1ad6bd2c0a98}</Data><Data Name='updateRevisionNumber'>1</Data><Data Name='serviceGuid'>{855e8a7c-ecb4-4ca3-b045-1dfa50104289}</Data></EventData></Event>"
﻿"920","Microsoft-Windows-WindowsUpdateClient","{945A8954-C147-4ACD-923F-40C45405A658}","43","1","INFORMATION"," ","1","13","1688214778","{63B1BCC1-AB69-0000-29D9-B26369ABD901}"," ","1036","9888","System","DESKTOP-TC5H5CS","S-1-5-18","<Event xmlns='http://schemas.microsoft.com/win/2004/08/events/event'><System><Provider Name='Microsoft-Windows-WindowsUpdateClient' Guid='{945a8954-c147-4acd-923f-40c45405a658}'/><EventID>43</EventID><Version>1</Version><Level>4</Level><Task>1</Task><Opcode>13</Opcode><Keywords>0x8000000000002008</Keywords><TimeCreated SystemTime='2023-07-01T12:32:58.6025533Z'/><EventRecordID>920</EventRecordID><Correlation ActivityID='{63b1bcc1-ab69-0000-29d9-b26369abd901}'/><Execution ProcessID='1036' ThreadID='9888'/><Channel>System</Channel><Computer>DESKTOP-TC5H5CS</Computer><Security UserID='S-1-5-18'/></System><EventData><Data Name='updateTitle'>9NBLGGH42THS-Microsoft.Microsoft3DViewer</Data><Data Name='updateGuid'>{65af8f82-e029-48e0-bf83-e7ef1e837cd5}</Data><Data Name='updateRevisionNumber'>1</Data></EventData></Event>"
﻿"921","Microsoft-Windows-Kernel-General","{A68CA8B7-004F-D7B6-A698-07E2DE0F1F5D}","16","0","INFORMATION"," ","0","0","1688214778"," "," ","6592","4832","System","DESKTOP-TC5H5CS","S-1-5-21-2081973557-1603719640-2355346784-1001","<Event xmlns='http://schemas.microsoft.com/win/2004/08/events/event'><System><Provider Name='Microsoft-Windows-Kernel-General' Guid='{a68ca8b7-004f-d7b6-a698-07e2de0f1f5d}'/><EventID>16</EventID><Version>0</Version><Level>4</Level><Task>0</Task><Opcode>0</Opcode><Keywords>0x8000000000000000</Keywords><TimeCreated SystemTime='2023-07-01T12:32:58.8669258Z'/><EventRecordID>921</EventRecordID><Correlation/><Execution ProcessID='6592' ThreadID='4832'/><Channel>System</Channel><Computer>DESKTOP-TC5H5CS</Computer><Security UserID='S-1-5-21-2081973557-1603719640-2355346784-1001'/></System><EventData><Data Name='HiveNameLength'>104</Data><Data Name='HiveName'>\??\C:\Users\test\AppData\Local\Packages\Microsoft.Microsoft3DViewer_8wekyb3d8bbwe\Settings\settings.dat</Data><Data Name='KeysUpdated'>3</Data><Data Name='DirtyPages'>1</Data></EventData></Event>"
﻿"922","Microsoft-Windows-WindowsUpdateClient","{945A8954-C147-4ACD-923F-40C45405A658}","19","1","INFORMATION"," ","1","13","1688214779","{63B1BCC1-AB69-0000-43D9-B26369ABD901}"," ","1036","9888","System","DESKTOP-TC5H5CS","S-1-5-18","<Event xmlns='http://schemas.microsoft.com/win/2004/08/events/event'><System><Provider Name='Microsoft-Windows-WindowsUpdateClient' Guid='{945a8954-c147-4acd-923f-40c45405a658}'/><EventID>19</EventID><Version>1</Version><Level>4</Level><Task>1</Task><Opcode>13</Opcode><Keywords>0x8000000000000018</Keywords><TimeCreated SystemTime='2023-07-01T12:32:59.6495093Z'/><EventRecordID>922</EventRecordID><Correlation ActivityID='{63b1bcc1-ab69-0000-43d9-b26369abd901}'/><Execution ProcessID='1036' ThreadID='9888'/><Channel>System</Channel><Computer>DESKTOP-TC5H5CS</Computer><Security UserID='S-1-5-18'/></System><EventData><Data Name='updateTitle'>9NBLGGH42THS-Microsoft.Microsoft3DViewer</Data><Data Name='updateGuid'>{65af8f82-e029-48e0-bf83-e7ef1e837cd5}</Data><Data Name='updateRevisionNumber'>1</Data><Data Name='serviceGuid'>{855e8a7c-ecb4-4ca3-b045-1dfa50104289}</Data></EventData></Event>"
﻿"923","Microsoft-Windows-WindowsUpdateClient","{945A8954-C147-4ACD-923F-40C45405A658}","43","1","INFORMATION"," ","1","13","1688214780"," "," ","1036","9732","System","DESKTOP-TC5H5CS","S-1-5-18","<Event xmlns='http://schemas.microsoft.com/win/2004/08/events/event'><System><Provider Name='Microsoft-Windows-WindowsUpdateClient' Guid='{945a8954-c147-4acd-923f-40c45405a658}'/><EventID>43</EventID><Version>1</Version><Level>4</Level><Task>1</Task><Opcode>13</Opcode><Keywords>0x8000000000002008</Keywords><TimeCreated SystemTime='2023-07-01T12:33:00.5568937Z'/><EventRecordID>923</EventRecordID><Correlation/><Execution ProcessID='1036' ThreadID='9732'/><Channel>System</Channel><Computer>DESKTOP-TC5H5CS</Computer><Security UserID='S-1-5-18'/></System><EventData><Data Name='updateTitle'>9NBLGGH4QGHW-Microsoft.MicrosoftStickyNotes</Data><Data Name='updateGuid'>{bf1615c9-943f-4041-99a3-7febfc1b4ab9}</Data><Data Name='updateRevisionNumber'>1</Data></EventData></Event>"
﻿"924","Microsoft-Windows-Kernel-General","{A68CA8B7-004F-D7B6-A698-07E2DE0F1F5D}","16","0","INFORMATION"," ","0","0","1688214781"," "," ","6592","4832","System","DESKTOP-TC5H5CS","S-1-5-21-2081973557-1603719640-2355346784-1001","<Event xmlns='http://schemas.microsoft.com/win/2004/08/events/event'><System><Provider Name='Microsoft-Windows-Kernel-General' Guid='{a68ca8b7-004f-d7b6-a698-07e2de0f1f5d}'/><EventID>16</EventID><Version>0</Version><Level>4</Level><Task>0</Task><Opcode>0</Opcode><Keywords>0x8000000000000000</Keywords><TimeCreated SystemTime='2023-07-01T12:33:01.4178455Z'/><EventRecordID>924</EventRecordID><Correlation/><Execution ProcessID='6592' ThreadID='4832'/><Channel>System</Channel><Computer>DESKTOP-TC5H5CS</Computer><Security UserID='S-1-5-21-2081973557-1603719640-2355346784-1001'/></System><EventData><Data Name='HiveNameLength'>107</Data><Data Name='HiveName'>\??\C:\Users\test\AppData\Local\Packages\Microsoft.MicrosoftStickyNotes_8wekyb3d8bbwe\Settings\settings.dat</Data><Data Name='KeysUpdated'>3</Data><Data Name='DirtyPages'>1</Data></EventData></Event>"
﻿"925","Microsoft-Windows-WindowsUpdateClient","{945A8954-C147-4ACD-923F-40C45405A658}","19","1","INFORMATION"," ","1","13","1688214781","{63B1BCC1-AB69-0001-44D9-B26369ABD901}"," ","1036","9732","System","DESKTOP-TC5H5CS","S-1-5-18","<Event xmlns='http://schemas.microsoft.com/win/2004/08/events/event'><System><Provider Name='Microsoft-Windows-WindowsUpdateClient' Guid='{945a8954-c147-4acd-923f-40c45405a658}'/><EventID>19</EventID><Version>1</Version><Level>4</Level><Task>1</Task><Opcode>13</Opcode><Keywords>0x8000000000000018</Keywords><TimeCreated SystemTime='2023-07-01T12:33:01.9965580Z'/><EventRecordID>925</EventRecordID><Correlation ActivityID='{63b1bcc1-ab69-0001-44d9-b26369abd901}'/><Execution ProcessID='1036' ThreadID='9732'/><Channel>System</Channel><Computer>DESKTOP-TC5H5CS</Computer><Security UserID='S-1-5-18'/></System><EventData><Data Name='updateTitle'>9NBLGGH4QGHW-Microsoft.MicrosoftStickyNotes</Data><Data Name='updateGuid'>{bf1615c9-943f-4041-99a3-7febfc1b4ab9}</Data><Data Name='updateRevisionNumber'>1</Data><Data Name='serviceGuid'>{855e8a7c-ecb4-4ca3-b045-1dfa50104289}</Data></EventData></Event>"
﻿"926","Microsoft-Windows-Kernel-General","{A68CA8B7-004F-D7B6-A698-07E2DE0F1F5D}","16","0","INFORMATION"," ","0","0","1688214785"," "," ","6592","1132","System","DESKTOP-TC5H5CS","S-1-5-18","<Event xmlns='http://schemas.microsoft.com/win/2004/08/events/event'><System><Provider Name='Microsoft-Windows-Kernel-General' Guid='{a68ca8b7-004f-d7b6-a698-07e2de0f1f5d}'/><EventID>16</EventID><Version>0</Version><Level>4</Level><Task>0</Task><Opcode>0</Opcode><Keywords>0x8000000000000000</Keywords><TimeCreated SystemTime='2023-07-01T12:33:05.9335094Z'/><EventRecordID>926</EventRecordID><Correlation/><Execution ProcessID='6592' ThreadID='1132'/><Channel>System</Channel><Computer>DESKTOP-TC5H5CS</Computer><Security UserID='S-1-5-18'/></System><EventData><Data Name='HiveNameLength'>132</Data><Data Name='HiveName'>\??\C:\ProgramData\Microsoft\Windows\AppRepository\Packages\Microsoft.GetHelp_10.2303.10961.0_x64__8wekyb3d8bbwe\ActivationStore.dat</Data><Data Name='KeysUpdated'>0</Data><Data Name='DirtyPages'>0</Data></EventData></Event>"
﻿"927","Microsoft-Windows-WindowsUpdateClient","{945A8954-C147-4ACD-923F-40C45405A658}","43","1","INFORMATION"," ","1","13","1688214788"," "," ","1036","2472","System","DESKTOP-TC5H5CS","S-1-5-18","<Event xmlns='http://schemas.microsoft.com/win/2004/08/events/event'><System><Provider Name='Microsoft-Windows-WindowsUpdateClient' Guid='{945a8954-c147-4acd-923f-40c45405a658}'/><EventID>43</EventID><Version>1</Version><Level>4</Level><Task>1</Task><Opcode>13</Opcode><Keywords>0x8000000000002008</Keywords><TimeCreated SystemTime='2023-07-01T12:33:08.2148658Z'/><EventRecordID>927</EventRecordID><Correlation/><Execution ProcessID='1036' ThreadID='2472'/><Channel>System</Channel><Computer>DESKTOP-TC5H5CS</Computer><Security UserID='S-1-5-18'/></System><EventData><Data Name='updateTitle'>9PKDZBMV1H3T-Microsoft.GetHelp</Data><Data Name='updateGuid'>{c2f88be2-7e9b-4ca0-93ca-e3e315f00967}</Data><Data Name='updateRevisionNumber'>1</Data></EventData></Event>"
﻿"928","Microsoft-Windows-Kernel-General","{A68CA8B7-004F-D7B6-A698-07E2DE0F1F5D}","16","0","INFORMATION"," ","0","0","1688214788"," "," ","6592","1132","System","DESKTOP-TC5H5CS","S-1-5-21-2081973557-1603719640-2355346784-1001","<Event xmlns='http://schemas.microsoft.com/win/2004/08/events/event'><System><Provider Name='Microsoft-Windows-Kernel-General' Guid='{a68ca8b7-004f-d7b6-a698-07e2de0f1f5d}'/><EventID>16</EventID><Version>0</Version><Level>4</Level><Task>0</Task><Opcode>0</Opcode><Keywords>0x8000000000000000</Keywords><TimeCreated SystemTime='2023-07-01T12:33:08.9800744Z'/><EventRecordID>928</EventRecordID><Correlation/><Execution ProcessID='6592' ThreadID='1132'/><Channel>System</Channel><Computer>DESKTOP-TC5H5CS</Computer><Security UserID='S-1-5-21-2081973557-1603719640-2355346784-1001'/></System><EventData><Data Name='HiveNameLength'>94</Data><Data Name='HiveName'>\??\C:\Users\test\AppData\Local\Packages\Microsoft.GetHelp_8wekyb3d8bbwe\Settings\settings.dat</Data><Data Name='KeysUpdated'>3</Data><Data Name='DirtyPages'>1</Data></EventData></Event>"
﻿"929","Microsoft-Windows-WindowsUpdateClient","{945A8954-C147-4ACD-923F-40C45405A658}","19","1","INFORMATION"," ","1","13","1688214790","{63B1BCC1-AB69-0000-AFDC-B26369ABD901}"," ","1036","2472","System","DESKTOP-TC5H5CS","S-1-5-18","<Event xmlns='http://schemas.microsoft.com/win/2004/08/events/event'><System><Provider Name='Microsoft-Windows-WindowsUpdateClient' Guid='{945a8954-c147-4acd-923f-40c45405a658}'/><EventID>19</EventID><Version>1</Version><Level>4</Level><Task>1</Task><Opcode>13</Opcode><Keywords>0x8000000000000018</Keywords><TimeCreated SystemTime='2023-07-01T12:33:10.2922989Z'/><EventRecordID>929</EventRecordID><Correlation ActivityID='{63b1bcc1-ab69-0000-afdc-b26369abd901}'/><Execution ProcessID='1036' ThreadID='2472'/><Channel>System</Channel><Computer>DESKTOP-TC5H5CS</Computer><Security UserID='S-1-5-18'/></System><EventData><Data Name='updateTitle'>9PKDZBMV1H3T-Microsoft.GetHelp</Data><Data Name='updateGuid'>{c2f88be2-7e9b-4ca0-93ca-e3e315f00967}</Data><Data Name='updateRevisionNumber'>1</Data><Data Name='serviceGuid'>{855e8a7c-ecb4-4ca3-b045-1dfa50104289}</Data></EventData></Event>"
﻿"930","Microsoft-Windows-Kernel-General","{A68CA8B7-004F-D7B6-A698-07E2DE0F1F5D}","16","0","INFORMATION"," ","0","0","1688214795"," "," ","6592","4832","System","DESKTOP-TC5H5CS","S-1-5-18","<Event xmlns='http://schemas.microsoft.com/win/2004/08/events/event'><System><Provider Name='Microsoft-Windows-Kernel-General' Guid='{a68ca8b7-004f-d7b6-a698-07e2de0f1f5d}'/><EventID>16</EventID><Version>0</Version><Level>4</Level><Task>0</Task><Opcode>0</Opcode><Keywords>0x8000000000000000</Keywords><TimeCreated SystemTime='2023-07-01T12:33:15.5246471Z'/><EventRecordID>930</EventRecordID><Correlation/><Execution ProcessID='6592' ThreadID='4832'/><Channel>System</Channel><Computer>DESKTOP-TC5H5CS</Computer><Security UserID='S-1-5-18'/></System><EventData><Data Name='HiveNameLength'>128</Data><Data Name='HiveName'>\??\C:\ProgramData\Microsoft\Windows\AppRepository\Packages\Microsoft.People_10.2202.31.0_x64__8wekyb3d8bbwe\ActivationStore.dat</Data><Data Name='KeysUpdated'>0</Data><Data Name='DirtyPages'>0</Data></EventData></Event>"
﻿"931","Microsoft-Windows-WindowsUpdateClient","{945A8954-C147-4ACD-923F-40C45405A658}","44","1","INFORMATION"," ","1","12","1688214795"," "," ","1036","6404","System","DESKTOP-TC5H5CS","S-1-5-18","<Event xmlns='http://schemas.microsoft.com/win/2004/08/events/event'><System><Provider Name='Microsoft-Windows-WindowsUpdateClient' Guid='{945a8954-c147-4acd-923f-40c45405a658}'/><EventID>44</EventID><Version>1</Version><Level>4</Level><Task>1</Task><Opcode>12</Opcode><Keywords>0x8000000000002004</Keywords><TimeCreated SystemTime='2023-07-01T12:33:15.6167621Z'/><EventRecordID>931</EventRecordID><Correlation/><Execution ProcessID='1036' ThreadID='6404'/><Channel>System</Channel><Computer>DESKTOP-TC5H5CS</Computer><Security UserID='S-1-5-18'/></System><EventData><Data Name='updateTitle'>9WZDNCRDTBJJ-MICROSOFT.GETSTARTED</Data><Data Name='updateGuid'>{d653a7f3-6df3-4399-97f3-56bf00d35943}</Data><Data Name='updateRevisionNumber'>1</Data></EventData></Event>"
﻿"932","Microsoft-Windows-Kernel-General","{A68CA8B7-004F-D7B6-A698-07E2DE0F1F5D}","16","0","INFORMATION"," ","0","0","1688214797"," "," ","6592","6640","System","DESKTOP-TC5H5CS","S-1-5-18","<Event xmlns='http://schemas.microsoft.com/win/2004/08/events/event'><System><Provider Name='Microsoft-Windows-Kernel-General' Guid='{a68ca8b7-004f-d7b6-a698-07e2de0f1f5d}'/><EventID>16</EventID><Version>0</Version><Level>4</Level><Task>0</Task><Opcode>0</Opcode><Keywords>0x8000000000000000</Keywords><TimeCreated SystemTime='2023-07-01T12:33:17.7306101Z'/><EventRecordID>932</EventRecordID><Correlation/><Execution ProcessID='6592' ThreadID='6640'/><Channel>System</Channel><Computer>DESKTOP-TC5H5CS</Computer><Security UserID='S-1-5-18'/></System><EventData><Data Name='HiveNameLength'>141</Data><Data Name='HiveName'>\??\C:\ProgramData\Microsoft\Windows\AppRepository\Packages\Microsoft.DesktopAppInstaller_1.19.11071.0_x64__8wekyb3d8bbwe\ActivationStore.dat</Data><Data Name='KeysUpdated'>0</Data><Data Name='DirtyPages'>0</Data></EventData></Event>"
﻿"933","Microsoft-Windows-WindowsUpdateClient","{945A8954-C147-4ACD-923F-40C45405A658}","43","1","INFORMATION"," ","1","13","1688214797"," "," ","1036","9616","System","DESKTOP-TC5H5CS","S-1-5-18","<Event xmlns='http://schemas.microsoft.com/win/2004/08/events/event'><System><Provider Name='Microsoft-Windows-WindowsUpdateClient' Guid='{945a8954-c147-4acd-923f-40c45405a658}'/><EventID>43</EventID><Version>1</Version><Level>4</Level><Task>1</Task><Opcode>13</Opcode><Keywords>0x8000000000002008</Keywords><TimeCreated SystemTime='2023-07-01T12:33:17.7703089Z'/><EventRecordID>933</EventRecordID><Correlation/><Execution ProcessID='1036' ThreadID='9616'/><Channel>System</Channel><Computer>DESKTOP-TC5H5CS</Computer><Security UserID='S-1-5-18'/></System><EventData><Data Name='updateTitle'>9NBLGGH10PG8-MICROSOFT.PEOPLE</Data><Data Name='updateGuid'>{f83468bc-119e-4c2e-87d7-5579145670af}</Data><Data Name='updateRevisionNumber'>1</Data></EventData></Event>"
﻿"934","Microsoft-Windows-Kernel-General","{A68CA8B7-004F-D7B6-A698-07E2DE0F1F5D}","16","0","INFORMATION"," ","0","0","1688214798"," "," ","6592","4832","System","DESKTOP-TC5H5CS","S-1-5-21-2081973557-1603719640-2355346784-1001","<Event xmlns='http://schemas.microsoft.com/win/2004/08/events/event'><System><Provider Name='Microsoft-Windows-Kernel-General' Guid='{a68ca8b7-004f-d7b6-a698-07e2de0f1f5d}'/><EventID>16</EventID><Version>0</Version><Level>4</Level><Task>0</Task><Opcode>0</Opcode><Keywords>0x8000000000000000</Keywords><TimeCreated SystemTime='2023-07-01T12:33:18.0814356Z'/><EventRecordID>934</EventRecordID><Correlation/><Execution ProcessID='6592' ThreadID='4832'/><Channel>System</Channel><Computer>DESKTOP-TC5H5CS</Computer><Security UserID='S-1-5-21-2081973557-1603719640-2355346784-1001'/></System><EventData><Data Name='HiveNameLength'>93</Data><Data Name='HiveName'>\??\C:\Users\test\AppData\Local\Packages\Microsoft.People_8wekyb3d8bbwe\Settings\settings.dat</Data><Data Name='KeysUpdated'>3</Data><Data Name='DirtyPages'>1</Data></EventData></Event>"
﻿"935","Microsoft-Windows-WindowsUpdateClient","{945A8954-C147-4ACD-923F-40C45405A658}","19","1","INFORMATION"," ","1","13","1688214799","{63B1BCC1-AB69-0001-A0DD-B26369ABD901}"," ","1036","9616","System","DESKTOP-TC5H5CS","S-1-5-18","<Event xmlns='http://schemas.microsoft.com/win/2004/08/events/event'><System><Provider Name='Microsoft-Windows-WindowsUpdateClient' Guid='{945a8954-c147-4acd-923f-40c45405a658}'/><EventID>19</EventID><Version>1</Version><Level>4</Level><Task>1</Task><Opcode>13</Opcode><Keywords>0x8000000000000018</Keywords><TimeCreated SystemTime='2023-07-01T12:33:19.2539554Z'/><EventRecordID>935</EventRecordID><Correlation ActivityID='{63b1bcc1-ab69-0001-a0dd-b26369abd901}'/><Execution ProcessID='1036' ThreadID='9616'/><Channel>System</Channel><Computer>DESKTOP-TC5H5CS</Computer><Security UserID='S-1-5-18'/></System><EventData><Data Name='updateTitle'>9NBLGGH10PG8-MICROSOFT.PEOPLE</Data><Data Name='updateGuid'>{f83468bc-119e-4c2e-87d7-5579145670af}</Data><Data Name='updateRevisionNumber'>1</Data><Data Name='serviceGuid'>{855e8a7c-ecb4-4ca3-b045-1dfa50104289}</Data></EventData></Event>"
﻿"936","Microsoft-Windows-WindowsUpdateClient","{945A8954-C147-4ACD-923F-40C45405A658}","43","1","INFORMATION"," ","1","13","1688214800"," "," ","1036","10108","System","DESKTOP-TC5H5CS","S-1-5-18","<Event xmlns='http://schemas.microsoft.com/win/2004/08/events/event'><System><Provider Name='Microsoft-Windows-WindowsUpdateClient' Guid='{945a8954-c147-4acd-923f-40c45405a658}'/><EventID>43</EventID><Version>1</Version><Level>4</Level><Task>1</Task><Opcode>13</Opcode><Keywords>0x8000000000002008</Keywords><TimeCreated SystemTime='2023-07-01T12:33:20.3849689Z'/><EventRecordID>936</EventRecordID><Correlation/><Execution ProcessID='1036' ThreadID='10108'/><Channel>System</Channel><Computer>DESKTOP-TC5H5CS</Computer><Security UserID='S-1-5-18'/></System><EventData><Data Name='updateTitle'>9NBLGGH4NNS1-Microsoft.DesktopAppInstaller</Data><Data Name='updateGuid'>{b7a87bf0-78be-46c0-aeb5-a9cf22b2cbd7}</Data><Data Name='updateRevisionNumber'>1</Data></EventData></Event>"
﻿"937","Microsoft-Windows-Kernel-General","{A68CA8B7-004F-D7B6-A698-07E2DE0F1F5D}","16","0","INFORMATION"," ","0","0","1688214800"," "," ","6592","4832","System","DESKTOP-TC5H5CS","S-1-5-21-2081973557-1603719640-2355346784-1001","<Event xmlns='http://schemas.microsoft.com/win/2004/08/events/event'><System><Provider Name='Microsoft-Windows-Kernel-General' Guid='{a68ca8b7-004f-d7b6-a698-07e2de0f1f5d}'/><EventID>16</EventID><Version>0</Version><Level>4</Level><Task>0</Task><Opcode>0</Opcode><Keywords>0x8000000000000000</Keywords><TimeCreated SystemTime='2023-07-01T12:33:20.8080540Z'/><EventRecordID>937</EventRecordID><Correlation/><Execution ProcessID='6592' ThreadID='4832'/><Channel>System</Channel><Computer>DESKTOP-TC5H5CS</Computer><Security UserID='S-1-5-21-2081973557-1603719640-2355346784-1001'/></System><EventData><Data Name='HiveNameLength'>106</Data><Data Name='HiveName'>\??\C:\Users\test\AppData\Local\Packages\Microsoft.DesktopAppInstaller_8wekyb3d8bbwe\Settings\settings.dat</Data><Data Name='KeysUpdated'>3</Data><Data Name='DirtyPages'>1</Data></EventData></Event>"
﻿"938","Microsoft-Windows-WindowsUpdateClient","{945A8954-C147-4ACD-923F-40C45405A658}","44","1","INFORMATION"," ","1","12","1688214802","{63B1BCC1-AB69-0000-B6DF-B26369ABD901}"," ","1036","10108","System","DESKTOP-TC5H5CS","S-1-5-18","<Event xmlns='http://schemas.microsoft.com/win/2004/08/events/event'><System><Provider Name='Microsoft-Windows-WindowsUpdateClient' Guid='{945a8954-c147-4acd-923f-40c45405a658}'/><EventID>44</EventID><Version>1</Version><Level>4</Level><Task>1</Task><Opcode>12</Opcode><Keywords>0x8000000000002004</Keywords><TimeCreated SystemTime='2023-07-01T12:33:22.0406201Z'/><EventRecordID>938</EventRecordID><Correlation ActivityID='{63b1bcc1-ab69-0000-b6df-b26369abd901}'/><Execution ProcessID='1036' ThreadID='10108'/><Channel>System</Channel><Computer>DESKTOP-TC5H5CS</Computer><Security UserID='S-1-5-18'/></System><EventData><Data Name='updateTitle'>9WZDNCRFHVJL-MICROSOFT.OFFICE.ONENOTE</Data><Data Name='updateGuid'>{6d0df118-15c9-40e6-81ab-fbe44f2de8c9}</Data><Data Name='updateRevisionNumber'>1</Data></EventData></Event>"
