﻿"1038","EventLog"," ","2147489653","0","INFORMATION"," ","0","0","1688437280"," "," ","0","0","System","DESKTOP-TC5H5CS"," ","<Event xmlns='http://schemas.microsoft.com/win/2004/08/events/event'><System><Provider Name='EventLog'/><EventID Qualifiers='32768'>6005</EventID><Version>0</Version><Level>4</Level><Task>0</Task><Opcode>0</Opcode><Keywords>0x80000000000000</Keywords><TimeCreated SystemTime='2023-07-04T02:21:20.1291182Z'/><EventRecordID>1038</EventRecordID><Correlation/><Execution ProcessID='0' ThreadID='0'/><Channel>System</Channel><Computer>DESKTOP-TC5H5CS</Computer><Security/></System><EventData><Binary>E70707000200040002001500140081000000000000000000</Binary></EventData></Event>"
﻿"1039","EventLog"," ","2147489661","0","INFORMATION"," ","0","0","1688437280"," "," ","0","0","System","DESKTOP-TC5H5CS"," ","<Event xmlns='http://schemas.microsoft.com/win/2004/08/events/event'><System><Provider Name='EventLog'/><EventID Qualifiers='32768'>6013</EventID><Version>0</Version><Level>4</Level><Task>0</Task><Opcode>0</Opcode><Keywords>0x80000000000000</Keywords><TimeCreated SystemTime='2023-07-04T02:21:20.1291182Z'/><EventRecordID>1039</EventRecordID><Correlation/><Execution ProcessID='0' ThreadID='0'/><Channel>System</Channel><Computer>DESKTOP-TC5H5CS</Computer><Security/></System><EventData><Data></Data><Data></Data><Data></Data><Data></Data><Data>314</Data><Data>60</Data><Data>-480 x_зǮɶ</Data><Binary>31002E003100000030000000570069006E0064006F00770073002000310030002000500072006F000000310030002E0030002E003100390030003400350020004200750069006C0064002000310039003000340035002000200000004D0075006C0074006900700072006F0063006500730073006F007200200046007200650065000000310039003000340031002E00760062005F00720065006C0065006100730065002E003100390031003200300036002D00310034003000360000003600340039006500360038003200390000004E006F007400200041007600610069006C00610062006C00650000004E006F007400200041007600610069006C00610062006C006500000039000000320000003800310039003200000034003000340000004400450053004B0054004F0050002D00540043003500480035004300530000000000</Binary></EventData></Event>"
﻿"1040","Microsoft-Windows-HAL","{63D1E632-95CC-4443-9312-AF927761D52A}","16","0","INFORMATION"," ","0","0","1688436965"," "," ","4","8","System","DESKTOP-TC5H5CS","S-1-5-18","<Event xmlns='http://schemas.microsoft.com/win/2004/08/events/event'><System><Provider Name='Microsoft-Windows-HAL' Guid='{63d1e632-95cc-4443-9312-af927761d52a}'/><EventID>16</EventID><Version>0</Version><Level>4</Level><Task>0</Task><Opcode>0</Opcode><Keywords>0x8000000000000000</Keywords><TimeCreated SystemTime='2023-07-04T02:16:05.7694338Z'/><EventRecordID>1040</EventRecordID><Correlation/><Execution ProcessID='4' ThreadID='8'/><Channel>System</Channel><Computer>DESKTOP-TC5H5CS</Computer><Security UserID='S-1-5-18'/></System><EventData></EventData></Event>"
﻿"1041","vmci"," ","1074266115","0","INFORMATION"," ","0","0","1688436967"," "," ","4","188","System","DESKTOP-TC5H5CS"," ","<Event xmlns='http://schemas.microsoft.com/win/2004/08/events/event'><System><Provider Name='vmci'/><EventID Qualifiers='16392'>3</EventID><Version>0</Version><Level>4</Level><Task>0</Task><Opcode>0</Opcode><Keywords>0x80000000000000</Keywords><TimeCreated SystemTime='2023-07-04T02:16:07.5699734Z'/><EventRecordID>1041</EventRecordID><Correlation/><Execution ProcessID='4' ThreadID='188'/><Channel>System</Channel><Computer>DESKTOP-TC5H5CS</Computer><Security/></System><EventData><Data></Data><Data>VMCI: Using capabilities (0xc).
</Data><Binary>00000000020028000000000003000840030008400000000000000000000000000000000000000000</Binary></EventData></Event>"
﻿"1042","Microsoft-Windows-FilterManager","{F3C5E28E-63F6-49C7-A204-E48A1BC4B09D}","6","0","INFORMATION"," ","0","0","1688436969"," "," ","4","8","System","DESKTOP-TC5H5CS","S-1-5-18","<Event xmlns='http://schemas.microsoft.com/win/2004/08/events/event'><System><Provider Name='Microsoft-Windows-FilterManager' Guid='{f3c5e28e-63f6-49c7-a204-e48a1bc4b09d}'/><EventID>6</EventID><Version>0</Version><Level>4</Level><Task>0</Task><Opcode>0</Opcode><Keywords>0x8000000000000000</Keywords><TimeCreated SystemTime='2023-07-04T02:16:09.5592408Z'/><EventRecordID>1042</EventRecordID><Correlation/><Execution ProcessID='4' ThreadID='8'/><Channel>System</Channel><Computer>DESKTOP-TC5H5CS</Computer><Security UserID='S-1-5-18'/></System><EventData><Data Name='FinalStatus'>0x0</Data><Data Name='DeviceVersionMajor'>10</Data><Data Name='DeviceVersionMinor'>0</Data><Data Name='DeviceNameLength'>8</Data><Data Name='DeviceName'>FileInfo</Data><Data Name='DeviceTime'>2062-12-23T13:21:06.0000000Z</Data></EventData></Event>"
﻿"1043","Microsoft-Windows-FilterManager","{F3C5E28E-63F6-49C7-A204-E48A1BC4B09D}","6","0","INFORMATION"," ","0","0","1688436969"," "," ","4","8","System","DESKTOP-TC5H5CS","S-1-5-18","<Event xmlns='http://schemas.microsoft.com/win/2004/08/events/event'><System><Provider Name='Microsoft-Windows-FilterManager' Guid='{f3c5e28e-63f6-49c7-a204-e48a1bc4b09d}'/><EventID>6</EventID><Version>0</Version><Level>4</Level><Task>0</Task><Opcode>0</Opcode><Keywords>0x8000000000000000</Keywords><TimeCreated SystemTime='2023-07-04T02:16:09.5600811Z'/><EventRecordID>1043</EventRecordID><Correlation/><Execution ProcessID='4' ThreadID='8'/><Channel>System</Channel><Computer>DESKTOP-TC5H5CS</Computer><Security UserID='S-1-5-18'/></System><EventData><Data Name='FinalStatus'>0x0</Data><Data Name='DeviceVersionMajor'>10</Data><Data Name='DeviceVersionMinor'>0</Data><Data Name='DeviceNameLength'>3</Data><Data Name='DeviceName'>Wof</Data><Data Name='DeviceTime'>2023-04-23T10:17:53.0000000Z</Data></EventData></Event>"
﻿"1044","Microsoft-Windows-FilterManager","{F3C5E28E-63F6-49C7-A204-E48A1BC4B09D}","6","0","INFORMATION"," ","0","0","1688436969"," "," ","4","8","System","DESKTOP-TC5H5CS","S-1-5-18","<Event xmlns='http://schemas.microsoft.com/win/2004/08/events/event'><System><Provider Name='Microsoft-Windows-FilterManager' Guid='{f3c5e28e-63f6-49c7-a204-e48a1bc4b09d}'/><EventID>6</EventID><Version>0</Version><Level>4</Level><Task>0</Task><Opcode>0</Opcode><Keywords>0x8000000000000000</Keywords><TimeCreated SystemTime='2023-07-04T02:16:09.5611147Z'/><EventRecordID>1044</EventRecordID><Correlation/><Execution ProcessID='4' ThreadID='8'/><Channel>System</Channel><Computer>DESKTOP-TC5H5CS</Computer><Security UserID='S-1-5-18'/></System><EventData><Data Name='FinalStatus'>0x0</Data><Data Name='DeviceVersionMajor'>10</Data><Data Name='DeviceVersionMinor'>0</Data><Data Name='DeviceNameLength'>8</Data><Data Name='DeviceName'>WdFilter</Data><Data Name='DeviceTime'>2075-05-14T20:41:17.0000000Z</Data></EventData></Event>"
﻿"1045","Microsoft-Windows-Ntfs","{3FF37A1C-A68D-4D6E-8C9B-F79E8B16C482}","98","0","INFORMATION"," ","0","0","1688437008"," "," ","4","268","System","DESKTOP-TC5H5CS","S-1-5-18","<Event xmlns='http://schemas.microsoft.com/win/2004/08/events/event'><System><Provider Name='Microsoft-Windows-Ntfs' Guid='{3ff37a1c-a68d-4d6e-8c9b-f79e8b16c482}'/><EventID>98</EventID><Version>0</Version><Level>4</Level><Task>0</Task><Opcode>0</Opcode><Keywords>0x8000000000000002</Keywords><TimeCreated SystemTime='2023-07-04T02:16:48.9522713Z'/><EventRecordID>1045</EventRecordID><Correlation/><Execution ProcessID='4' ThreadID='268'/><Channel>System</Channel><Computer>DESKTOP-TC5H5CS</Computer><Security UserID='S-1-5-18'/></System><EventData><Data Name='DriveName'>C:</Data><Data Name='DeviceName'>\Device\HarddiskVolume2</Data><Data Name='CorruptionActionState'>0</Data></EventData></Event>"
﻿"1046","Microsoft-Windows-Kernel-Processor-Power","{0F67E49F-FE51-4E9F-B490-6F2948CC6027}","55","0","INFORMATION"," ","47","0","1688437099"," "," ","4","296","System","DESKTOP-TC5H5CS","S-1-5-18","<Event xmlns='http://schemas.microsoft.com/win/2004/08/events/event'><System><Provider Name='Microsoft-Windows-Kernel-Processor-Power' Guid='{0f67e49f-fe51-4e9f-b490-6f2948cc6027}'/><EventID>55</EventID><Version>0</Version><Level>4</Level><Task>47</Task><Opcode>0</Opcode><Keywords>0x8000000000000000</Keywords><TimeCreated SystemTime='2023-07-04T02:18:19.8534121Z'/><EventRecordID>1046</EventRecordID><Correlation/><Execution ProcessID='4' ThreadID='296'/><Channel>System</Channel><Computer>DESKTOP-TC5H5CS</Computer><Security UserID='S-1-5-18'/></System><EventData><Data Name='Group'>0</Data><Data Name='Number'>0</Data><Data Name='IdleStateCount'>1</Data><Data Name='IdleImplementation'>1</Data><Data Name='NominalFrequency'>2195</Data><Data Name='MaximumPerformancePercent'>100</Data><Data Name='MinimumPerformancePercent'>100</Data><Data Name='MinimumThrottlePercent'>12</Data><Data Name='PerformanceImplementation'>1</Data></EventData></Event>"
﻿"1047","Microsoft-Windows-Kernel-Processor-Power","{0F67E49F-FE51-4E9F-B490-6F2948CC6027}","55","0","INFORMATION"," ","47","0","1688437099"," "," ","4","296","System","DESKTOP-TC5H5CS","S-1-5-18","<Event xmlns='http://schemas.microsoft.com/win/2004/08/events/event'><System><Provider Name='Microsoft-Windows-Kernel-Processor-Power' Guid='{0f67e49f-fe51-4e9f-b490-6f2948cc6027}'/><EventID>55</EventID><Version>0</Version><Level>4</Level><Task>47</Task><Opcode>0</Opcode><Keywords>0x8000000000000000</Keywords><TimeCreated SystemTime='2023-07-04T02:18:19.8553646Z'/><EventRecordID>1047</EventRecordID><Correlation/><Execution ProcessID='4' ThreadID='296'/><Channel>System</Channel><Computer>DESKTOP-TC5H5CS</Computer><Security UserID='S-1-5-18'/></System><EventData><Data Name='Group'>0</Data><Data Name='Number'>1</Data><Data Name='IdleStateCount'>1</Data><Data Name='IdleImplementation'>1</Data><Data Name='NominalFrequency'>2195</Data><Data Name='MaximumPerformancePercent'>100</Data><Data Name='MinimumPerformancePercent'>100</Data><Data Name='MinimumThrottlePercent'>12</Data><Data Name='PerformanceImplementation'>1</Data></EventData></Event>"
﻿"1048","e1i65x64"," ","1610874912","0","INFORMATION"," ","0","0","1688437099"," "," ","4","328","System","DESKTOP-TC5H5CS"," ","<Event xmlns='http://schemas.microsoft.com/win/2004/08/events/event'><System><Provider Name='e1i65x64'/><EventID Qualifiers='24580'>32</EventID><Version>0</Version><Level>4</Level><Task>0</Task><Opcode>0</Opcode><Keywords>0x80000000000000</Keywords><TimeCreated SystemTime='2023-07-04T02:18:19.9588785Z'/><EventRecordID>1048</EventRecordID><Correlation/><Execution ProcessID='4' ThreadID='328'/><Channel>System</Channel><Computer>DESKTOP-TC5H5CS</Computer><Security/></System><EventData><Data></Data><Data>Intel(R) 82574L Gigabit Network Connection</Data><Binary>0000040002003000000000002000046000000000000000000000000000000000000000000000000020000460</Binary></EventData></Event>"
﻿"1049","Microsoft-Windows-FilterManager","{F3C5E28E-63F6-49C7-A204-E48A1BC4B09D}","6","0","INFORMATION"," ","0","0","1688437099"," "," ","4","8","System","DESKTOP-TC5H5CS","S-1-5-18","<Event xmlns='http://schemas.microsoft.com/win/2004/08/events/event'><System><Provider Name='Microsoft-Windows-FilterManager' Guid='{f3c5e28e-63f6-49c7-a204-e48a1bc4b09d}'/><EventID>6</EventID><Version>0</Version><Level>4</Level><Task>0</Task><Opcode>0</Opcode><Keywords>0x8000000000000000</Keywords><TimeCreated SystemTime='2023-07-04T02:18:19.9796128Z'/><EventRecordID>1049</EventRecordID><Correlation/><Execution ProcessID='4' ThreadID='8'/><Channel>System</Channel><Computer>DESKTOP-TC5H5CS</Computer><Security UserID='S-1-5-18'/></System><EventData><Data Name='FinalStatus'>0x0</Data><Data Name='DeviceVersionMajor'>10</Data><Data Name='DeviceVersionMinor'>0</Data><Data Name='DeviceNameLength'>9</Data><Data Name='DeviceName'>FileCrypt</Data><Data Name='DeviceTime'>2002-03-01T19:12:42.0000000Z</Data></EventData></Event>"
﻿"1050","Microsoft-Windows-FilterManager","{F3C5E28E-63F6-49C7-A204-E48A1BC4B09D}","6","0","INFORMATION"," ","0","0","1688437104"," "," ","4","8","System","DESKTOP-TC5H5CS","S-1-5-18","<Event xmlns='http://schemas.microsoft.com/win/2004/08/events/event'><System><Provider Name='Microsoft-Windows-FilterManager' Guid='{f3c5e28e-63f6-49c7-a204-e48a1bc4b09d}'/><EventID>6</EventID><Version>0</Version><Level>4</Level><Task>0</Task><Opcode>0</Opcode><Keywords>0x8000000000000000</Keywords><TimeCreated SystemTime='2023-07-04T02:18:24.6607559Z'/><EventRecordID>1050</EventRecordID><Correlation/><Execution ProcessID='4' ThreadID='8'/><Channel>System</Channel><Computer>DESKTOP-TC5H5CS</Computer><Security UserID='S-1-5-18'/></System><EventData><Data Name='FinalStatus'>0x0</Data><Data Name='DeviceVersionMajor'>10</Data><Data Name='DeviceVersionMinor'>0</Data><Data Name='DeviceNameLength'>9</Data><Data Name='DeviceName'>npsvctrig</Data><Data Name='DeviceTime'>2025-01-06T10:41:12.0000000Z</Data></EventData></Event>"
﻿"1051","Microsoft-Windows-Ntfs","{3FF37A1C-A68D-4D6E-8C9B-F79E8B16C482}","98","0","INFORMATION"," ","0","0","1688437105"," "," ","4","320","System","DESKTOP-TC5H5CS","S-1-5-18","<Event xmlns='http://schemas.microsoft.com/win/2004/08/events/event'><System><Provider Name='Microsoft-Windows-Ntfs' Guid='{3ff37a1c-a68d-4d6e-8c9b-f79e8b16c482}'/><EventID>98</EventID><Version>0</Version><Level>4</Level><Task>0</Task><Opcode>0</Opcode><Keywords>0x8000000000000002</Keywords><TimeCreated SystemTime='2023-07-04T02:18:25.6919539Z'/><EventRecordID>1051</EventRecordID><Correlation/><Execution ProcessID='4' ThreadID='320'/><Channel>System</Channel><Computer>DESKTOP-TC5H5CS</Computer><Security UserID='S-1-5-18'/></System><EventData><Data Name='DriveName'>\\?\Volume{47a18612-0000-0000-0000-100000000000}</Data><Data Name='DeviceName'>\Device\HarddiskVolume1</Data><Data Name='CorruptionActionState'>0</Data></EventData></Event>"
﻿"1052","Microsoft-Windows-Kernel-Power","{331C3B3A-2005-44C2-AC5E-77220C37D6B4}","41","8","CRITICAL"," ","63","0","1688437105"," "," ","4","8","System","DESKTOP-TC5H5CS","S-1-5-18","<Event xmlns='http://schemas.microsoft.com/win/2004/08/events/event'><System><Provider Name='Microsoft-Windows-Kernel-Power' Guid='{331c3b3a-2005-44c2-ac5e-77220c37d6b4}'/><EventID>41</EventID><Version>8</Version><Level>1</Level><Task>63</Task><Opcode>0</Opcode><Keywords>0x8000400000000002</Keywords><TimeCreated SystemTime='2023-07-04T02:18:25.9700105Z'/><EventRecordID>1052</EventRecordID><Correlation/><Execution ProcessID='4' ThreadID='8'/><Channel>System</Channel><Computer>DESKTOP-TC5H5CS</Computer><Security UserID='S-1-5-18'/></System><EventData><Data Name='BugcheckCode'>0</Data><Data Name='BugcheckParameter1'>0x0</Data><Data Name='BugcheckParameter2'>0x0</Data><Data Name='BugcheckParameter3'>0x0</Data><Data Name='BugcheckParameter4'>0x0</Data><Data Name='SleepInProgress'>0</Data><Data Name='PowerButtonTimestamp'>0</Data><Data Name='BootAppStatus'>0</Data><Data Name='Checkpoint'>0</Data><Data Name='ConnectedStandbyInProgress'>false</Data><Data Name='SystemSleepTransitionsToOn'>0</Data><Data Name='CsEntryScenarioInstanceId'>0</Data><Data Name='BugcheckInfoFromEFI'>false</Data><Data Name='CheckpointStatus'>0</Data><Data Name='CsEntryScenarioInstanceIdV2'>0</Data><Data Name='LongPowerButtonPressDetected'>false</Data></EventData></Event>"
﻿"1053","Microsoft-Windows-Kernel-Power","{331C3B3A-2005-44C2-AC5E-77220C37D6B4}","172","0","INFORMATION"," ","203","0","1688437105"," "," ","4","292","System","DESKTOP-TC5H5CS","S-1-5-18","<Event xmlns='http://schemas.microsoft.com/win/2004/08/events/event'><System><Provider Name='Microsoft-Windows-Kernel-Power' Guid='{331c3b3a-2005-44c2-ac5e-77220c37d6b4}'/><EventID>172</EventID><Version>0</Version><Level>4</Level><Task>203</Task><Opcode>0</Opcode><Keywords>0x8000000000000404</Keywords><TimeCreated SystemTime='2023-07-04T02:18:25.9721488Z'/><EventRecordID>1053</EventRecordID><Correlation/><Execution ProcessID='4' ThreadID='292'/><Channel>System</Channel><Computer>DESKTOP-TC5H5CS</Computer><Security UserID='S-1-5-18'/></System><EventData><Data Name='State'>2</Data><Data Name='Reason'>6</Data></EventData></Event>"
﻿"1054","Microsoft-Windows-Ntfs","{3FF37A1C-A68D-4D6E-8C9B-F79E8B16C482}","98","0","INFORMATION"," ","0","0","1688437136"," "," ","4","328","System","DESKTOP-TC5H5CS","S-1-5-18","<Event xmlns='http://schemas.microsoft.com/win/2004/08/events/event'><System><Provider Name='Microsoft-Windows-Ntfs' Guid='{3ff37a1c-a68d-4d6e-8c9b-f79e8b16c482}'/><EventID>98</EventID><Version>0</Version><Level>4</Level><Task>0</Task><Opcode>0</Opcode><Keywords>0x8000000000000002</Keywords><TimeCreated SystemTime='2023-07-04T02:18:56.8955032Z'/><EventRecordID>1054</EventRecordID><Correlation/><Execution ProcessID='4' ThreadID='328'/><Channel>System</Channel><Computer>DESKTOP-TC5H5CS</Computer><Security UserID='S-1-5-18'/></System><EventData><Data Name='DriveName'>\\?\Volume{47a18612-0000-0000-0000-30db1f000000}</Data><Data Name='DeviceName'>\Device\HarddiskVolume3</Data><Data Name='CorruptionActionState'>0</Data></EventData></Event>"
﻿"1055","Microsoft-Windows-Kernel-General","{A68CA8B7-004F-D7B6-A698-07E2DE0F1F5D}","24","0","INFORMATION"," ","11","0","1688437158"," "," ","92","440","System","DESKTOP-TC5H5CS","S-1-5-18","<Event xmlns='http://schemas.microsoft.com/win/2004/08/events/event'><System><Provider Name='Microsoft-Windows-Kernel-General' Guid='{a68ca8b7-004f-d7b6-a698-07e2de0f1f5d}'/><EventID>24</EventID><Version>0</Version><Level>4</Level><Task>11</Task><Opcode>0</Opcode><Keywords>0x8000000000000010</Keywords><TimeCreated SystemTime='2023-07-04T02:19:18.1352515Z'/><EventRecordID>1055</EventRecordID><Correlation/><Execution ProcessID='92' ThreadID='440'/><Channel>System</Channel><Computer>DESKTOP-TC5H5CS</Computer><Security UserID='S-1-5-18'/></System><EventData><Data Name='ExitReason'>0</Data><Data Name='CurrentBias'>-480</Data><Data Name='CurrentTimeZoneID'>0</Data><Data Name='TimeZoneInfoCacheUpdated'>0</Data><Data Name='FirstRefresh'>0</Data></EventData></Event>"
﻿"1056","Microsoft-Windows-Wininit","{206F6DEA-D3C5-4D10-BC72-989F03C8B84B}","14","0","INFORMATION"," ","0","0","1688437184"," "," ","588","592","System","DESKTOP-TC5H5CS","S-1-5-18","<Event xmlns='http://schemas.microsoft.com/win/2004/08/events/event'><System><Provider Name='Microsoft-Windows-Wininit' Guid='{206f6dea-d3c5-4d10-bc72-989f03c8b84b}'/><EventID>14</EventID><Version>0</Version><Level>4</Level><Task>0</Task><Opcode>0</Opcode><Keywords>0x4000000000000000</Keywords><TimeCreated SystemTime='2023-07-04T02:19:44.6427856Z'/><EventRecordID>1056</EventRecordID><Correlation/><Execution ProcessID='588' ThreadID='592'/><Channel>System</Channel><Computer>DESKTOP-TC5H5CS</Computer><Security UserID='S-1-5-18'/></System><EventData><Data Name='Config'>0</Data><Data Name='IsTestConfig'>0</Data></EventData></Event>"
﻿"1057","Microsoft-Windows-Directory-Services-SAM","{0D4FDC09-8C27-494A-BDA0-505E4FD8ADAE}","16962","0","INFORMATION"," ","0","0","1688437225","{7CDDA507-AE1D-0001-A9A5-DD7C1DAED901}"," ","696","700","System","DESKTOP-TC5H5CS","S-1-5-18","<Event xmlns='http://schemas.microsoft.com/win/2004/08/events/event'><System><Provider Name='Microsoft-Windows-Directory-Services-SAM' Guid='{0d4fdc09-8c27-494a-bda0-505e4fd8adae}'/><EventID>16962</EventID><Version>0</Version><Level>4</Level><Task>0</Task><Opcode>0</Opcode><Keywords>0x8000000000000000</Keywords><TimeCreated SystemTime='2023-07-04T02:20:25.3973968Z'/><EventRecordID>1057</EventRecordID><Correlation ActivityID='{7cdda507-ae1d-0001-a9a5-dd7c1daed901}'/><Execution ProcessID='696' ThreadID='700'/><Channel>System</Channel><Computer>DESKTOP-TC5H5CS</Computer><Security UserID='S-1-5-18'/></System><EventData Name='SAMMSG_RESTRICT_REMOTE_SAM_DEFAULT_SD'><Data Name='Default SD String:'>O:SYG:SYD:(A;;RC;;;BA)</Data></EventData></Event>"
﻿"1058","Microsoft-Windows-Directory-Services-SAM","{0D4FDC09-8C27-494A-BDA0-505E4FD8ADAE}","16977","0","INFORMATION"," ","0","0","1688437225","{7CDDA507-AE1D-0001-A9A5-DD7C1DAED901}"," ","696","700","System","DESKTOP-TC5H5CS","S-1-5-18","<Event xmlns='http://schemas.microsoft.com/win/2004/08/events/event'><System><Provider Name='Microsoft-Windows-Directory-Services-SAM' Guid='{0d4fdc09-8c27-494a-bda0-505e4fd8adae}'/><EventID>16977</EventID><Version>0</Version><Level>4</Level><Task>0</Task><Opcode>0</Opcode><Keywords>0x8000000000000000</Keywords><TimeCreated SystemTime='2023-07-04T02:20:25.4278960Z'/><EventRecordID>1058</EventRecordID><Correlation ActivityID='{7cdda507-ae1d-0001-a9a5-dd7c1daed901}'/><Execution ProcessID='696' ThreadID='700'/><Channel>System</Channel><Computer>DESKTOP-TC5H5CS</Computer><Security UserID='S-1-5-18'/></System><EventData Name='SAMMSG_MINPWDLEN_SETTINGS_IN_EFFECT'><Data Name='MinimumPasswordLength'>0</Data><Data Name='RelaxMinimumPasswordLengthLimits'>0</Data><Data Name='MinimumPasswordLengthAudit'>-1</Data></EventData></Event>"
﻿"1059","Microsoft-Windows-Directory-Services-SAM","{0D4FDC09-8C27-494A-BDA0-505E4FD8ADAE}","16983","0","INFORMATION"," ","0","0","1688437225","{7CDDA507-AE1D-0001-A9A5-DD7C1DAED901}"," ","696","700","System","DESKTOP-TC5H5CS","S-1-5-18","<Event xmlns='http://schemas.microsoft.com/win/2004/08/events/event'><System><Provider Name='Microsoft-Windows-Directory-Services-SAM' Guid='{0d4fdc09-8c27-494a-bda0-505e4fd8adae}'/><EventID>16983</EventID><Version>0</Version><Level>4</Level><Task>0</Task><Opcode>0</Opcode><Keywords>0x8000000000000000</Keywords><TimeCreated SystemTime='2023-07-04T02:20:25.4279016Z'/><EventRecordID>1059</EventRecordID><Correlation ActivityID='{7cdda507-ae1d-0001-a9a5-dd7c1daed901}'/><Execution ProcessID='696' ThreadID='700'/><Channel>System</Channel><Computer>DESKTOP-TC5H5CS</Computer><Security UserID='S-1-5-18'/></System><EventData Name='SAMMSG_AUDIT_LEGACY_PWD_RPC_METHODS_OFF'></EventData></Event>"
﻿"1060","Microsoft-Windows-FilterManager","{F3C5E28E-63F6-49C7-A204-E48A1BC4B09D}","6","0","INFORMATION"," ","0","0","1688437274"," "," ","4","1080","System","DESKTOP-TC5H5CS","S-1-5-18","<Event xmlns='http://schemas.microsoft.com/win/2004/08/events/event'><System><Provider Name='Microsoft-Windows-FilterManager' Guid='{f3c5e28e-63f6-49c7-a204-e48a1bc4b09d}'/><EventID>6</EventID><Version>0</Version><Level>4</Level><Task>0</Task><Opcode>0</Opcode><Keywords>0x8000000000000000</Keywords><TimeCreated SystemTime='2023-07-04T02:21:14.1493093Z'/><EventRecordID>1060</EventRecordID><Correlation/><Execution ProcessID='4' ThreadID='1080'/><Channel>System</Channel><Computer>DESKTOP-TC5H5CS</Computer><Security UserID='S-1-5-18'/></System><EventData><Data Name='FinalStatus'>0x0</Data><Data Name='DeviceVersionMajor'>10</Data><Data Name='DeviceVersionMinor'>0</Data><Data Name='DeviceNameLength'>5</Data><Data Name='DeviceName'>wcifs</Data><Data Name='DeviceTime'>2102-01-13T13:06:12.0000000Z</Data></EventData></Event>"
﻿"1061","Microsoft-Windows-FilterManager","{F3C5E28E-63F6-49C7-A204-E48A1BC4B09D}","6","0","INFORMATION"," ","0","0","1688437278"," "," ","4","1084","System","DESKTOP-TC5H5CS","S-1-5-18","<Event xmlns='http://schemas.microsoft.com/win/2004/08/events/event'><System><Provider Name='Microsoft-Windows-FilterManager' Guid='{f3c5e28e-63f6-49c7-a204-e48a1bc4b09d}'/><EventID>6</EventID><Version>0</Version><Level>4</Level><Task>0</Task><Opcode>0</Opcode><Keywords>0x8000000000000000</Keywords><TimeCreated SystemTime='2023-07-04T02:21:18.2986205Z'/><EventRecordID>1061</EventRecordID><Correlation/><Execution ProcessID='4' ThreadID='1084'/><Channel>System</Channel><Computer>DESKTOP-TC5H5CS</Computer><Security UserID='S-1-5-18'/></System><EventData><Data Name='FinalStatus'>0x0</Data><Data Name='DeviceVersionMajor'>10</Data><Data Name='DeviceVersionMinor'>0</Data><Data Name='DeviceNameLength'>5</Data><Data Name='DeviceName'>luafv</Data><Data Name='DeviceTime'>1986-08-14T04:58:59.0000000Z</Data></EventData></Event>"
﻿"1062","Microsoft-Windows-FilterManager","{F3C5E28E-63F6-49C7-A204-E48A1BC4B09D}","6","0","INFORMATION"," ","0","0","1688437278"," "," ","4","1084","System","DESKTOP-TC5H5CS","S-1-5-18","<Event xmlns='http://schemas.microsoft.com/win/2004/08/events/event'><System><Provider Name='Microsoft-Windows-FilterManager' Guid='{f3c5e28e-63f6-49c7-a204-e48a1bc4b09d}'/><EventID>6</EventID><Version>0</Version><Level>4</Level><Task>0</Task><Opcode>0</Opcode><Keywords>0x8000000000000000</Keywords><TimeCreated SystemTime='2023-07-04T02:21:18.5469800Z'/><EventRecordID>1062</EventRecordID><Correlation/><Execution ProcessID='4' ThreadID='1084'/><Channel>System</Channel><Computer>DESKTOP-TC5H5CS</Computer><Security UserID='S-1-5-18'/></System><EventData><Data Name='FinalStatus'>0x0</Data><Data Name='DeviceVersionMajor'>10</Data><Data Name='DeviceVersionMinor'>0</Data><Data Name='DeviceNameLength'>6</Data><Data Name='DeviceName'>CldFlt</Data><Data Name='DeviceTime'>2052-06-12T23:53:35.0000000Z</Data></EventData></Event>"
﻿"1063","Microsoft-Windows-FilterManager","{F3C5E28E-63F6-49C7-A204-E48A1BC4B09D}","1","0","INFORMATION"," ","0","0","1688437278"," "," ","4","1084","System","DESKTOP-TC5H5CS","S-1-5-18","<Event xmlns='http://schemas.microsoft.com/win/2004/08/events/event'><System><Provider Name='Microsoft-Windows-FilterManager' Guid='{f3c5e28e-63f6-49c7-a204-e48a1bc4b09d}'/><EventID>1</EventID><Version>0</Version><Level>4</Level><Task>0</Task><Opcode>0</Opcode><Keywords>0x8000000000000000</Keywords><TimeCreated SystemTime='2023-07-04T02:21:18.5469902Z'/><EventRecordID>1063</EventRecordID><Correlation/><Execution ProcessID='4' ThreadID='1084'/><Channel>System</Channel><Computer>DESKTOP-TC5H5CS</Computer><Security UserID='S-1-5-18'/></System><EventData><Data Name='FinalStatus'>0x0</Data><Data Name='DeviceVersionMajor'>10</Data><Data Name='DeviceVersionMinor'>0</Data><Data Name='DeviceNameLength'>6</Data><Data Name='DeviceName'>CldFlt</Data><Data Name='DeviceTime'>2052-06-12T23:53:35.0000000Z</Data></EventData></Event>"
﻿"1064","Microsoft-Windows-FilterManager","{F3C5E28E-63F6-49C7-A204-E48A1BC4B09D}","6","0","INFORMATION"," ","0","0","1688437278"," "," ","4","1084","System","DESKTOP-TC5H5CS","S-1-5-18","<Event xmlns='http://schemas.microsoft.com/win/2004/08/events/event'><System><Provider Name='Microsoft-Windows-FilterManager' Guid='{f3c5e28e-63f6-49c7-a204-e48a1bc4b09d}'/><EventID>6</EventID><Version>0</Version><Level>4</Level><Task>0</Task><Opcode>0</Opcode><Keywords>0x8000000000000000</Keywords><TimeCreated SystemTime='2023-07-04T02:21:18.5470483Z'/><EventRecordID>1064</EventRecordID><Correlation/><Execution ProcessID='4' ThreadID='1084'/><Channel>System</Channel><Computer>DESKTOP-TC5H5CS</Computer><Security UserID='S-1-5-18'/></System><EventData><Data Name='FinalStatus'>0x0</Data><Data Name='DeviceVersionMajor'>10</Data><Data Name='DeviceVersionMinor'>0</Data><Data Name='DeviceNameLength'>6</Data><Data Name='DeviceName'>CldFlt</Data><Data Name='DeviceTime'>2052-06-12T23:53:35.0000000Z</Data></EventData></Event>"
﻿"1065","Microsoft-Windows-FilterManager","{F3C5E28E-63F6-49C7-A204-E48A1BC4B09D}","6","0","INFORMATION"," ","0","0","1688437278"," "," ","4","1084","System","DESKTOP-TC5H5CS","S-1-5-18","<Event xmlns='http://schemas.microsoft.com/win/2004/08/events/event'><System><Provider Name='Microsoft-Windows-FilterManager' Guid='{f3c5e28e-63f6-49c7-a204-e48a1bc4b09d}'/><EventID>6</EventID><Version>0</Version><Level>4</Level><Task>0</Task><Opcode>0</Opcode><Keywords>0x8000000000000000</Keywords><TimeCreated SystemTime='2023-07-04T02:21:18.7522015Z'/><EventRecordID>1065</EventRecordID><Correlation/><Execution ProcessID='4' ThreadID='1084'/><Channel>System</Channel><Computer>DESKTOP-TC5H5CS</Computer><Security UserID='S-1-5-18'/></System><EventData><Data Name='FinalStatus'>0x0</Data><Data Name='DeviceVersionMajor'>10</Data><Data Name='DeviceVersionMinor'>0</Data><Data Name='DeviceNameLength'>10</Data><Data Name='DeviceName'>storqosflt</Data><Data Name='DeviceTime'>2007-04-10T02:08:30.0000000Z</Data></EventData></Event>"
﻿"1066","Microsoft-Windows-FilterManager","{F3C5E28E-63F6-49C7-A204-E48A1BC4B09D}","6","0","INFORMATION"," ","0","0","1688437278"," "," ","4","1084","System","DESKTOP-TC5H5CS","S-1-5-18","<Event xmlns='http://schemas.microsoft.com/win/2004/08/events/event'><System><Provider Name='Microsoft-Windows-FilterManager' Guid='{f3c5e28e-63f6-49c7-a204-e48a1bc4b09d}'/><EventID>6</EventID><Version>0</Version><Level>4</Level><Task>0</Task><Opcode>0</Opcode><Keywords>0x8000000000000000</Keywords><TimeCreated SystemTime='2023-07-04T02:21:18.8634925Z'/><EventRecordID>1066</EventRecordID><Correlation/><Execution ProcessID='4' ThreadID='1084'/><Channel>System</Channel><Computer>DESKTOP-TC5H5CS</Computer><Security UserID='S-1-5-18'/></System><EventData><Data Name='FinalStatus'>0x0</Data><Data Name='DeviceVersionMajor'>10</Data><Data Name='DeviceVersionMinor'>0</Data><Data Name='DeviceNameLength'>7</Data><Data Name='DeviceName'>bindflt</Data><Data Name='DeviceTime'>2005-08-09T04:17:00.0000000Z</Data></EventData></Event>"
﻿"1067","Microsoft-Windows-Dhcp-Client","{15A7A4F8-0072-4EAB-ABAD-F98A4D666AED}","50036","0","INFORMATION"," ","4","68","1688437282"," "," ","1832","1848","System","DESKTOP-TC5H5CS","S-1-5-19","<Event xmlns='http://schemas.microsoft.com/win/2004/08/events/event'><System><Provider Name='Microsoft-Windows-Dhcp-Client' Guid='{15a7a4f8-0072-4eab-abad-f98a4d666aed}'/><EventID>50036</EventID><Version>0</Version><Level>4</Level><Task>4</Task><Opcode>68</Opcode><Keywords>0x2000000000000000</Keywords><TimeCreated SystemTime='2023-07-04T02:21:22.1525156Z'/><EventRecordID>1067</EventRecordID><Correlation/><Execution ProcessID='1832' ThreadID='1848'/><Channel>System</Channel><Computer>DESKTOP-TC5H5CS</Computer><Security UserID='S-1-5-19'/></System><EventData></EventData></Event>"
﻿"1068","Microsoft-Windows-Dhcp-Client","{15A7A4F8-0072-4EAB-ABAD-F98A4D666AED}","50103","0","INFORMATION"," ","4","129","1688437282"," "," ","1832","1848","System","DESKTOP-TC5H5CS","S-1-5-19","<Event xmlns='http://schemas.microsoft.com/win/2004/08/events/event'><System><Provider Name='Microsoft-Windows-Dhcp-Client' Guid='{15a7a4f8-0072-4eab-abad-f98a4d666aed}'/><EventID>50103</EventID><Version>0</Version><Level>4</Level><Task>4</Task><Opcode>129</Opcode><Keywords>0x2000000000000000</Keywords><TimeCreated SystemTime='2023-07-04T02:21:22.1525763Z'/><EventRecordID>1068</EventRecordID><Correlation/><Execution ProcessID='1832' ThreadID='1848'/><Channel>System</Channel><Computer>DESKTOP-TC5H5CS</Computer><Security UserID='S-1-5-19'/></System><EventData></EventData></Event>"
﻿"1069","Microsoft-Windows-DHCPv6-Client","{6A1F2B00-6A90-4C38-95A5-5CAB3B056778}","51046","0","INFORMATION"," ","4","62","1688437282"," "," ","1832","1880","System","DESKTOP-TC5H5CS","S-1-5-19","<Event xmlns='http://schemas.microsoft.com/win/2004/08/events/event'><System><Provider Name='Microsoft-Windows-DHCPv6-Client' Guid='{6a1f2b00-6a90-4c38-95a5-5cab3b056778}'/><EventID>51046</EventID><Version>0</Version><Level>4</Level><Task>4</Task><Opcode>62</Opcode><Keywords>0x2000000000000000</Keywords><TimeCreated SystemTime='2023-07-04T02:21:22.6782879Z'/><EventRecordID>1069</EventRecordID><Correlation/><Execution ProcessID='1832' ThreadID='1880'/><Channel>System</Channel><Computer>DESKTOP-TC5H5CS</Computer><Security UserID='S-1-5-19'/></System><EventData></EventData></Event>"
﻿"1070","Service Control Manager","{555908D1-A6D7-4695-8E1E-26931D2012F4}","3221232495","0","ERROR"," ","0","0","1688437296"," "," ","676","796","System","DESKTOP-TC5H5CS"," ","<Event xmlns='http://schemas.microsoft.com/win/2004/08/events/event'><System><Provider Name='Service Control Manager' Guid='{555908d1-a6d7-4695-8e1e-26931d2012f4}' EventSourceName='Service Control Manager'/><EventID Qualifiers='49152'>7023</EventID><Version>0</Version><Level>2</Level><Task>0</Task><Opcode>0</Opcode><Keywords>0x8080000000000000</Keywords><TimeCreated SystemTime='2023-07-04T02:21:36.3025604Z'/><EventRecordID>1070</EventRecordID><Correlation/><Execution ProcessID='676' ThreadID='796'/><Channel>System</Channel><Computer>DESKTOP-TC5H5CS</Computer><Security/></System><EventData><Data Name='param1'>NcbService</Data><Data Name='param2'>%%31</Data><Binary>4E006300620053006500720076006900630065000000</Binary></EventData></Event>"
﻿"1071","Service Control Manager","{555908D1-A6D7-4695-8E1E-26931D2012F4}","3221232498","0","INFORMATION"," ","0","0","1688437303"," "," ","676","680","System","DESKTOP-TC5H5CS"," ","<Event xmlns='http://schemas.microsoft.com/win/2004/08/events/event'><System><Provider Name='Service Control Manager' Guid='{555908d1-a6d7-4695-8e1e-26931d2012f4}' EventSourceName='Service Control Manager'/><EventID Qualifiers='49152'>7026</EventID><Version>0</Version><Level>4</Level><Task>0</Task><Opcode>0</Opcode><Keywords>0x8080000000000000</Keywords><TimeCreated SystemTime='2023-07-04T02:21:43.9118929Z'/><EventRecordID>1071</EventRecordID><Correlation/><Execution ProcessID='676' ThreadID='680'/><Channel>System</Channel><Computer>DESKTOP-TC5H5CS</Computer><Security/></System><EventData><Data Name='param1'>
dam</Data></EventData></Event>"
﻿"1072","Microsoft-Windows-DistributedCOM","{1B562E86-B7AA-4131-BADC-B6F3A001407E}","10016","0","WARNING"," ","0","0","1688437476","{70A29CE5-2128-4B99-B793-6D058D86EB11}"," ","956","424","System","DESKTOP-TC5H5CS","S-1-5-18","<Event xmlns='http://schemas.microsoft.com/win/2004/08/events/event'><System><Provider Name='Microsoft-Windows-DistributedCOM' Guid='{1B562E86-B7AA-4131-BADC-B6F3A001407E}' EventSourceName='DCOM'/><EventID Qualifiers='0'>10016</EventID><Version>0</Version><Level>3</Level><Task>0</Task><Opcode>0</Opcode><Keywords>0x8080000000000000</Keywords><TimeCreated SystemTime='2023-07-04T02:24:36.3663300Z'/><EventRecordID>1072</EventRecordID><Correlation ActivityID='{70a29ce5-2128-4b99-b793-6d058d86eb11}'/><Execution ProcessID='956' ThreadID='424'/><Channel>System</Channel><Computer>DESKTOP-TC5H5CS</Computer><Security UserID='S-1-5-18'/></System><EventData><Data Name='param1'>ε{Sw</Data><Data Name='param2'></Data><Data Name='param3'>Ұ</Data><Data Name='param4'>Windows.SecurityCenter.WscDataProtection</Data><Data Name='param5'>Lkϥ</Data><Data Name='param6'>NT AUTHORITY</Data><Data Name='param7'>SYSTEM</Data><Data Name='param8'>S-1-5-18</Data><Data Name='param9'>LocalHost (ϥ LRPC)</Data><Data Name='param10'>Lkϥ</Data><Data Name='param11'>Lkϥ</Data></EventData></Event>"
﻿"1073","Microsoft-Windows-WindowsUpdateClient","{945A8954-C147-4ACD-923F-40C45405A658}","44","1","INFORMATION"," ","1","12","1688437980"," "," ","1888","968","System","DESKTOP-TC5H5CS","S-1-5-18","<Event xmlns='http://schemas.microsoft.com/win/2004/08/events/event'><System><Provider Name='Microsoft-Windows-WindowsUpdateClient' Guid='{945a8954-c147-4acd-923f-40c45405a658}'/><EventID>44</EventID><Version>1</Version><Level>4</Level><Task>1</Task><Opcode>12</Opcode><Keywords>0x8000000000002004</Keywords><TimeCreated SystemTime='2023-07-04T02:33:00.4677700Z'/><EventRecordID>1073</EventRecordID><Correlation/><Execution ProcessID='1888' ThreadID='968'/><Channel>System</Channel><Computer>DESKTOP-TC5H5CS</Computer><Security UserID='S-1-5-18'/></System><EventData><Data Name='updateTitle'>Microsoft Defender Antivirus ws - KB2267602 ] 1.391.3481.0^</Data><Data Name='updateGuid'>{a41c39cb-14d9-4f17-a001-60689ace587c}</Data><Data Name='updateRevisionNumber'>200</Data></EventData></Event>"
﻿"1074","Microsoft-Windows-WindowsUpdateClient","{945A8954-C147-4ACD-923F-40C45405A658}","43","1","INFORMATION"," ","1","13","1688437980"," "," ","1888","968","System","DESKTOP-TC5H5CS","S-1-5-18","<Event xmlns='http://schemas.microsoft.com/win/2004/08/events/event'><System><Provider Name='Microsoft-Windows-WindowsUpdateClient' Guid='{945a8954-c147-4acd-923f-40c45405a658}'/><EventID>43</EventID><Version>1</Version><Level>4</Level><Task>1</Task><Opcode>13</Opcode><Keywords>0x8000000000002008</Keywords><TimeCreated SystemTime='2023-07-04T02:33:00.4677729Z'/><EventRecordID>1074</EventRecordID><Correlation/><Execution ProcessID='1888' ThreadID='968'/><Channel>System</Channel><Computer>DESKTOP-TC5H5CS</Computer><Security UserID='S-1-5-18'/></System><EventData><Data Name='updateTitle'>Microsoft Defender Antivirus ws - KB2267602 ] 1.391.3481.0^</Data><Data Name='updateGuid'>{a41c39cb-14d9-4f17-a001-60689ace587c}</Data><Data Name='updateRevisionNumber'>200</Data></EventData></Event>"
﻿"1075","Microsoft-Windows-WindowsUpdateClient","{945A8954-C147-4ACD-923F-40C45405A658}","19","1","INFORMATION"," ","1","13","1688437990"," "," ","1888","968","System","DESKTOP-TC5H5CS","S-1-5-18","<Event xmlns='http://schemas.microsoft.com/win/2004/08/events/event'><System><Provider Name='Microsoft-Windows-WindowsUpdateClient' Guid='{945a8954-c147-4acd-923f-40c45405a658}'/><EventID>19</EventID><Version>1</Version><Level>4</Level><Task>1</Task><Opcode>13</Opcode><Keywords>0x8000000000000018</Keywords><TimeCreated SystemTime='2023-07-04T02:33:10.3841587Z'/><EventRecordID>1075</EventRecordID><Correlation/><Execution ProcessID='1888' ThreadID='968'/><Channel>System</Channel><Computer>DESKTOP-TC5H5CS</Computer><Security UserID='S-1-5-18'/></System><EventData><Data Name='updateTitle'>Microsoft Defender Antivirus ws - KB2267602 ] 1.391.3481.0^</Data><Data Name='updateGuid'>{a41c39cb-14d9-4f17-a001-60689ace587c}</Data><Data Name='updateRevisionNumber'>200</Data><Data Name='serviceGuid'>{9482f4b4-e343-43b6-b170-9a65bc822c77}</Data></EventData></Event>"
﻿"1076","EventLog"," ","2147489661","0","INFORMATION"," ","0","0","1688443200"," "," ","0","0","System","DESKTOP-TC5H5CS"," ","<Event xmlns='http://schemas.microsoft.com/win/2004/08/events/event'><System><Provider Name='EventLog'/><EventID Qualifiers='32768'>6013</EventID><Version>0</Version><Level>4</Level><Task>0</Task><Opcode>0</Opcode><Keywords>0x80000000000000</Keywords><TimeCreated SystemTime='2023-07-04T04:00:00.1290733Z'/><EventRecordID>1076</EventRecordID><Correlation/><Execution ProcessID='0' ThreadID='0'/><Channel>System</Channel><Computer>DESKTOP-TC5H5CS</Computer><Security/></System><EventData><Data></Data><Data></Data><Data></Data><Data></Data><Data>6234</Data><Data>60</Data><Data>-480 x_зǮɶ</Data><Binary>31002E003100000030000000570069006E0064006F00770073002000310030002000500072006F000000310030002E0030002E003100390030003400350020004200750069006C0064002000310039003000340035002000200000004D0075006C0074006900700072006F0063006500730073006F007200200046007200650065000000310039003000340031002E00760062005F00720065006C0065006100730065002E003100390031003200300036002D00310034003000360000003600340039006500360038003200390000004E006F007400200041007600610069006C00610062006C00650000004E006F007400200041007600610069006C00610062006C006500000039000000320000003800310039003200000034003000340000004400450053004B0054004F0050002D00540043003500480035004300530000000000</Binary></EventData></Event>"
﻿"1077","Microsoft-Windows-WindowsUpdateClient","{945A8954-C147-4ACD-923F-40C45405A658}","44","1","INFORMATION"," ","1","12","1688444816"," "," ","3784","2852","System","DESKTOP-TC5H5CS","S-1-5-18","<Event xmlns='http://schemas.microsoft.com/win/2004/08/events/event'><System><Provider Name='Microsoft-Windows-WindowsUpdateClient' Guid='{945a8954-c147-4acd-923f-40c45405a658}'/><EventID>44</EventID><Version>1</Version><Level>4</Level><Task>1</Task><Opcode>12</Opcode><Keywords>0x8000000000002004</Keywords><TimeCreated SystemTime='2023-07-04T04:26:56.9286508Z'/><EventRecordID>1077</EventRecordID><Correlation/><Execution ProcessID='3784' ThreadID='2852'/><Channel>System</Channel><Computer>DESKTOP-TC5H5CS</Computer><Security UserID='S-1-5-18'/></System><EventData><Data Name='updateTitle'>Microsoft Defender Antivirus ws - KB2267602 ] 1.391.3493.0^</Data><Data Name='updateGuid'>{0c9f6c2f-d376-4613-acdd-ab020b1abd3e}</Data><Data Name='updateRevisionNumber'>200</Data></EventData></Event>"
﻿"1078","Microsoft-Windows-WindowsUpdateClient","{945A8954-C147-4ACD-923F-40C45405A658}","43","1","INFORMATION"," ","1","13","1688444816"," "," ","3784","2852","System","DESKTOP-TC5H5CS","S-1-5-18","<Event xmlns='http://schemas.microsoft.com/win/2004/08/events/event'><System><Provider Name='Microsoft-Windows-WindowsUpdateClient' Guid='{945a8954-c147-4acd-923f-40c45405a658}'/><EventID>43</EventID><Version>1</Version><Level>4</Level><Task>1</Task><Opcode>13</Opcode><Keywords>0x8000000000002008</Keywords><TimeCreated SystemTime='2023-07-04T04:26:56.9286540Z'/><EventRecordID>1078</EventRecordID><Correlation/><Execution ProcessID='3784' ThreadID='2852'/><Channel>System</Channel><Computer>DESKTOP-TC5H5CS</Computer><Security UserID='S-1-5-18'/></System><EventData><Data Name='updateTitle'>Microsoft Defender Antivirus ws - KB2267602 ] 1.391.3493.0^</Data><Data Name='updateGuid'>{0c9f6c2f-d376-4613-acdd-ab020b1abd3e}</Data><Data Name='updateRevisionNumber'>200</Data></EventData></Event>"
﻿"1079","Microsoft-Windows-WindowsUpdateClient","{945A8954-C147-4ACD-923F-40C45405A658}","19","1","INFORMATION"," ","1","13","1688444826"," "," ","3784","2852","System","DESKTOP-TC5H5CS","S-1-5-18","<Event xmlns='http://schemas.microsoft.com/win/2004/08/events/event'><System><Provider Name='Microsoft-Windows-WindowsUpdateClient' Guid='{945a8954-c147-4acd-923f-40c45405a658}'/><EventID>19</EventID><Version>1</Version><Level>4</Level><Task>1</Task><Opcode>13</Opcode><Keywords>0x8000000000000018</Keywords><TimeCreated SystemTime='2023-07-04T04:27:06.8477703Z'/><EventRecordID>1079</EventRecordID><Correlation/><Execution ProcessID='3784' ThreadID='2852'/><Channel>System</Channel><Computer>DESKTOP-TC5H5CS</Computer><Security UserID='S-1-5-18'/></System><EventData><Data Name='updateTitle'>Microsoft Defender Antivirus ws - KB2267602 ] 1.391.3493.0^</Data><Data Name='updateGuid'>{0c9f6c2f-d376-4613-acdd-ab020b1abd3e}</Data><Data Name='updateRevisionNumber'>200</Data><Data Name='serviceGuid'>{9482f4b4-e343-43b6-b170-9a65bc822c77}</Data></EventData></Event>"
﻿"1080","Service Control Manager","{555908D1-A6D7-4695-8E1E-26931D2012F4}","1073748869","0","INFORMATION"," ","0","0","1688459306"," "," ","676","3932","System","DESKTOP-TC5H5CS","S-1-5-18","<Event xmlns='http://schemas.microsoft.com/win/2004/08/events/event'><System><Provider Name='Service Control Manager' Guid='{555908d1-a6d7-4695-8e1e-26931d2012f4}' EventSourceName='Service Control Manager'/><EventID Qualifiers='16384'>7045</EventID><Version>0</Version><Level>4</Level><Task>0</Task><Opcode>0</Opcode><Keywords>0x8080000000000000</Keywords><TimeCreated SystemTime='2023-07-04T08:28:26.0255077Z'/><EventRecordID>1080</EventRecordID><Correlation/><Execution ProcessID='676' ThreadID='3932'/><Channel>System</Channel><Computer>DESKTOP-TC5H5CS</Computer><Security UserID='S-1-5-18'/></System><EventData><Data Name='ServiceName'>MpKsl65e72da4</Data><Data Name='ImagePath'>C:\ProgramData\Microsoft\Windows Defender\Definition Updates\{64DCB46F-59C1-4ECF-8B58-7C1A2ED7EE23}\MpKslDrv.sys</Data><Data Name='ServiceType'>֤߼ҦXʵ{</Data><Data Name='StartType'>wҰ</Data><Data Name='AccountName'></Data></EventData></Event>"
﻿"1081","Service Control Manager","{555908D1-A6D7-4695-8E1E-26931D2012F4}","1073748864","0","INFORMATION"," ","0","0","1688459335"," "," ","676","3932","System","DESKTOP-TC5H5CS","S-1-5-18","<Event xmlns='http://schemas.microsoft.com/win/2004/08/events/event'><System><Provider Name='Service Control Manager' Guid='{555908d1-a6d7-4695-8e1e-26931d2012f4}' EventSourceName='Service Control Manager'/><EventID Qualifiers='16384'>7040</EventID><Version>0</Version><Level>4</Level><Task>0</Task><Opcode>0</Opcode><Keywords>0x8080000000000000</Keywords><TimeCreated SystemTime='2023-07-04T08:28:55.5418431Z'/><EventRecordID>1081</EventRecordID><Correlation/><Execution ProcessID='676' ThreadID='3932'/><Channel>System</Channel><Computer>DESKTOP-TC5H5CS</Computer><Security UserID='S-1-5-18'/></System><EventData><Data Name='param1'>Background Intelligent Transfer Service</Data><Data Name='param2'>wҰ</Data><Data Name='param3'>۰ʱҰ</Data><Data Name='param4'>BITS</Data></EventData></Event>"
﻿"1082","Service Control Manager","{555908D1-A6D7-4695-8E1E-26931D2012F4}","1073748864","0","INFORMATION"," ","0","0","1688459459"," "," ","676","1376","System","DESKTOP-TC5H5CS","S-1-5-18","<Event xmlns='http://schemas.microsoft.com/win/2004/08/events/event'><System><Provider Name='Service Control Manager' Guid='{555908d1-a6d7-4695-8e1e-26931d2012f4}' EventSourceName='Service Control Manager'/><EventID Qualifiers='16384'>7040</EventID><Version>0</Version><Level>4</Level><Task>0</Task><Opcode>0</Opcode><Keywords>0x8080000000000000</Keywords><TimeCreated SystemTime='2023-07-04T08:30:59.9574160Z'/><EventRecordID>1082</EventRecordID><Correlation/><Execution ProcessID='676' ThreadID='1376'/><Channel>System</Channel><Computer>DESKTOP-TC5H5CS</Computer><Security UserID='S-1-5-18'/></System><EventData><Data Name='param1'>Background Intelligent Transfer Service</Data><Data Name='param2'>۰ʱҰ</Data><Data Name='param3'>wҰ</Data><Data Name='param4'>BITS</Data></EventData></Event>"
﻿"1083","Microsoft-Windows-Winlogon","{DBE9B383-7CF3-4331-91CC-A3CB16A3B538}","7001","0","INFORMATION"," ","1101","0","1688465771"," "," ","3832","3940","System","DESKTOP-TC5H5CS","S-1-5-18","<Event xmlns='http://schemas.microsoft.com/win/2004/08/events/event'><System><Provider Name='Microsoft-Windows-Winlogon' Guid='{dbe9b383-7cf3-4331-91cc-a3cb16a3b538}'/><EventID>7001</EventID><Version>0</Version><Level>4</Level><Task>1101</Task><Opcode>0</Opcode><Keywords>0x2000200000000000</Keywords><TimeCreated SystemTime='2023-07-04T10:16:11.6911293Z'/><EventRecordID>1083</EventRecordID><Correlation/><Execution ProcessID='3832' ThreadID='3940'/><Channel>System</Channel><Computer>DESKTOP-TC5H5CS</Computer><Security UserID='S-1-5-18'/></System><EventData><Data Name='TSId'>2</Data><Data Name='UserSid'>S-1-5-21-2081973557-1603719640-2355346784-1001</Data></EventData></Event>"
﻿"1084","Service Control Manager","{555908D1-A6D7-4695-8E1E-26931D2012F4}","1073748864","0","INFORMATION"," ","0","0","1688465822"," "," ","676","660","System","DESKTOP-TC5H5CS","S-1-5-18","<Event xmlns='http://schemas.microsoft.com/win/2004/08/events/event'><System><Provider Name='Service Control Manager' Guid='{555908d1-a6d7-4695-8e1e-26931d2012f4}' EventSourceName='Service Control Manager'/><EventID Qualifiers='16384'>7040</EventID><Version>0</Version><Level>4</Level><Task>0</Task><Opcode>0</Opcode><Keywords>0x8080000000000000</Keywords><TimeCreated SystemTime='2023-07-04T10:17:02.9471086Z'/><EventRecordID>1084</EventRecordID><Correlation/><Execution ProcessID='676' ThreadID='660'/><Channel>System</Channel><Computer>DESKTOP-TC5H5CS</Computer><Security UserID='S-1-5-18'/></System><EventData><Data Name='param1'>Background Intelligent Transfer Service</Data><Data Name='param2'>wҰ</Data><Data Name='param3'>۰ʱҰ</Data><Data Name='param4'>BITS</Data></EventData></Event>"
﻿"1085","Service Control Manager","{555908D1-A6D7-4695-8E1E-26931D2012F4}","1073748864","0","INFORMATION"," ","0","0","1688466004"," "," ","676","3216","System","DESKTOP-TC5H5CS","S-1-5-18","<Event xmlns='http://schemas.microsoft.com/win/2004/08/events/event'><System><Provider Name='Service Control Manager' Guid='{555908d1-a6d7-4695-8e1e-26931d2012f4}' EventSourceName='Service Control Manager'/><EventID Qualifiers='16384'>7040</EventID><Version>0</Version><Level>4</Level><Task>0</Task><Opcode>0</Opcode><Keywords>0x8080000000000000</Keywords><TimeCreated SystemTime='2023-07-04T10:20:04.7043775Z'/><EventRecordID>1085</EventRecordID><Correlation/><Execution ProcessID='676' ThreadID='3216'/><Channel>System</Channel><Computer>DESKTOP-TC5H5CS</Computer><Security UserID='S-1-5-18'/></System><EventData><Data Name='param1'>Background Intelligent Transfer Service</Data><Data Name='param2'>۰ʱҰ</Data><Data Name='param3'>wҰ</Data><Data Name='param4'>BITS</Data></EventData></Event>"
﻿"1086","Microsoft-Windows-Kernel-General","{A68CA8B7-004F-D7B6-A698-07E2DE0F1F5D}","16","0","INFORMATION"," ","0","0","1688466430"," "," ","9780","2388","System","DESKTOP-TC5H5CS","S-1-5-18","<Event xmlns='http://schemas.microsoft.com/win/2004/08/events/event'><System><Provider Name='Microsoft-Windows-Kernel-General' Guid='{a68ca8b7-004f-d7b6-a698-07e2de0f1f5d}'/><EventID>16</EventID><Version>0</Version><Level>4</Level><Task>0</Task><Opcode>0</Opcode><Keywords>0x8000000000000000</Keywords><TimeCreated SystemTime='2023-07-04T10:27:10.6118143Z'/><EventRecordID>1086</EventRecordID><Correlation/><Execution ProcessID='9780' ThreadID='2388'/><Channel>System</Channel><Computer>DESKTOP-TC5H5CS</Computer><Security UserID='S-1-5-18'/></System><EventData><Data Name='HiveNameLength'>85</Data><Data Name='HiveName'>\??\C:\ProgramData\Microsoft\Provisioning\Microsoft-Desktop-Provisioning-Sequence.dat</Data><Data Name='KeysUpdated'>0</Data><Data Name='DirtyPages'>0</Data></EventData></Event>"
﻿"1087","Service Control Manager","{555908D1-A6D7-4695-8E1E-26931D2012F4}","1073748864","0","INFORMATION"," ","0","0","1688483864"," "," ","676","4952","System","DESKTOP-TC5H5CS","S-1-5-18","<Event xmlns='http://schemas.microsoft.com/win/2004/08/events/event'><System><Provider Name='Service Control Manager' Guid='{555908d1-a6d7-4695-8e1e-26931d2012f4}' EventSourceName='Service Control Manager'/><EventID Qualifiers='16384'>7040</EventID><Version>0</Version><Level>4</Level><Task>0</Task><Opcode>0</Opcode><Keywords>0x8080000000000000</Keywords><TimeCreated SystemTime='2023-07-04T15:17:44.4488376Z'/><EventRecordID>1087</EventRecordID><Correlation/><Execution ProcessID='676' ThreadID='4952'/><Channel>System</Channel><Computer>DESKTOP-TC5H5CS</Computer><Security UserID='S-1-5-18'/></System><EventData><Data Name='param1'>Background Intelligent Transfer Service</Data><Data Name='param2'>wҰ</Data><Data Name='param3'>۰ʱҰ</Data><Data Name='param4'>BITS</Data></EventData></Event>"
