﻿"1945","Microsoft-Windows-Kernel-General","{A68CA8B7-004F-D7B6-A698-07E2DE0F1F5D}","1","2","INFORMATION"," ","5","0","1689716228"," "," ","9380","4032","System","DESKTOP-TC5H5CS","S-1-5-19","<Event xmlns='http://schemas.microsoft.com/win/2004/08/events/event'><System><Provider Name='Microsoft-Windows-Kernel-General' Guid='{a68ca8b7-004f-d7b6-a698-07e2de0f1f5d}'/><EventID>1</EventID><Version>2</Version><Level>4</Level><Task>5</Task><Opcode>0</Opcode><Keywords>0x8000000000000010</Keywords><TimeCreated SystemTime='2023-07-18T21:37:08.4228383Z'/><EventRecordID>1945</EventRecordID><Correlation/><Execution ProcessID='9380' ThreadID='4032'/><Channel>System</Channel><Computer>DESKTOP-TC5H5CS</Computer><Security UserID='S-1-5-19'/></System><EventData><Data Name='NewTime'>2023-07-18T21:37:08.4224812Z</Data><Data Name='OldTime'>2023-07-18T21:37:08.4223164Z</Data><Data Name='Reason'>1</Data><Data Name='ProcessName'>\Device\HarddiskVolume2\Windows\System32\svchost.exe</Data><Data Name='ProcessID'>9380</Data></EventData></Event>"
﻿"1946","Service Control Manager","{555908D1-A6D7-4695-8E1E-26931D2012F4}","1073748864","0","INFORMATION"," ","0","0","1689718009"," "," ","644","12892","System","DESKTOP-TC5H5CS","S-1-5-18","<Event xmlns='http://schemas.microsoft.com/win/2004/08/events/event'><System><Provider Name='Service Control Manager' Guid='{555908d1-a6d7-4695-8e1e-26931d2012f4}' EventSourceName='Service Control Manager'/><EventID Qualifiers='16384'>7040</EventID><Version>0</Version><Level>4</Level><Task>0</Task><Opcode>0</Opcode><Keywords>0x8080000000000000</Keywords><TimeCreated SystemTime='2023-07-18T22:06:49.8540110Z'/><EventRecordID>1946</EventRecordID><Correlation/><Execution ProcessID='644' ThreadID='12892'/><Channel>System</Channel><Computer>DESKTOP-TC5H5CS</Computer><Security UserID='S-1-5-18'/></System><EventData><Data Name='param1'>Background Intelligent Transfer Service</Data><Data Name='param2'>wҰ</Data><Data Name='param3'>۰ʱҰ</Data><Data Name='param4'>BITS</Data></EventData></Event>"
﻿"1947","Service Control Manager","{555908D1-A6D7-4695-8E1E-26931D2012F4}","1073748864","0","INFORMATION"," ","0","0","1689718154"," "," ","644","12892","System","DESKTOP-TC5H5CS","S-1-5-18","<Event xmlns='http://schemas.microsoft.com/win/2004/08/events/event'><System><Provider Name='Service Control Manager' Guid='{555908d1-a6d7-4695-8e1e-26931d2012f4}' EventSourceName='Service Control Manager'/><EventID Qualifiers='16384'>7040</EventID><Version>0</Version><Level>4</Level><Task>0</Task><Opcode>0</Opcode><Keywords>0x8080000000000000</Keywords><TimeCreated SystemTime='2023-07-18T22:09:14.2112168Z'/><EventRecordID>1947</EventRecordID><Correlation/><Execution ProcessID='644' ThreadID='12892'/><Channel>System</Channel><Computer>DESKTOP-TC5H5CS</Computer><Security UserID='S-1-5-18'/></System><EventData><Data Name='param1'>Background Intelligent Transfer Service</Data><Data Name='param2'>۰ʱҰ</Data><Data Name='param3'>wҰ</Data><Data Name='param4'>BITS</Data></EventData></Event>"
﻿"1948","Microsoft-Windows-WindowsUpdateClient","{945A8954-C147-4ACD-923F-40C45405A658}","44","1","INFORMATION"," ","1","12","1689730044"," "," ","1344","13124","System","DESKTOP-TC5H5CS","S-1-5-18","<Event xmlns='http://schemas.microsoft.com/win/2004/08/events/event'><System><Provider Name='Microsoft-Windows-WindowsUpdateClient' Guid='{945a8954-c147-4acd-923f-40c45405a658}'/><EventID>44</EventID><Version>1</Version><Level>4</Level><Task>1</Task><Opcode>12</Opcode><Keywords>0x8000000000002004</Keywords><TimeCreated SystemTime='2023-07-19T01:27:24.1459756Z'/><EventRecordID>1948</EventRecordID><Correlation/><Execution ProcessID='1344' ThreadID='13124'/><Channel>System</Channel><Computer>DESKTOP-TC5H5CS</Computer><Security UserID='S-1-5-18'/></System><EventData><Data Name='updateTitle'>Microsoft Defender Antivirus ϴcN{Xxs - KB4052623 ( 4.18.23050.9)</Data><Data Name='updateGuid'>{2ff32fbb-7b18-4b3f-a20e-86269ba1d4b6}</Data><Data Name='updateRevisionNumber'>200</Data></EventData></Event>"
﻿"1949","Microsoft-Windows-WindowsUpdateClient","{945A8954-C147-4ACD-923F-40C45405A658}","44","1","INFORMATION"," ","1","12","1689730044"," "," ","1344","13124","System","DESKTOP-TC5H5CS","S-1-5-18","<Event xmlns='http://schemas.microsoft.com/win/2004/08/events/event'><System><Provider Name='Microsoft-Windows-WindowsUpdateClient' Guid='{945a8954-c147-4acd-923f-40c45405a658}'/><EventID>44</EventID><Version>1</Version><Level>4</Level><Task>1</Task><Opcode>12</Opcode><Keywords>0x8000000000002004</Keywords><TimeCreated SystemTime='2023-07-19T01:27:24.1459770Z'/><EventRecordID>1949</EventRecordID><Correlation/><Execution ProcessID='1344' ThreadID='13124'/><Channel>System</Channel><Computer>DESKTOP-TC5H5CS</Computer><Security UserID='S-1-5-18'/></System><EventData><Data Name='updateTitle'>Microsoft Defender Antivirus ws - KB2267602 ] 1.393.754.0^</Data><Data Name='updateGuid'>{0f9a9d82-80cd-4150-8ccd-92135438c0e9}</Data><Data Name='updateRevisionNumber'>200</Data></EventData></Event>"
﻿"1950","Microsoft-Windows-WindowsUpdateClient","{945A8954-C147-4ACD-923F-40C45405A658}","43","1","INFORMATION"," ","1","13","1689730044"," "," ","1344","13124","System","DESKTOP-TC5H5CS","S-1-5-18","<Event xmlns='http://schemas.microsoft.com/win/2004/08/events/event'><System><Provider Name='Microsoft-Windows-WindowsUpdateClient' Guid='{945a8954-c147-4acd-923f-40c45405a658}'/><EventID>43</EventID><Version>1</Version><Level>4</Level><Task>1</Task><Opcode>13</Opcode><Keywords>0x8000000000002008</Keywords><TimeCreated SystemTime='2023-07-19T01:27:24.1459806Z'/><EventRecordID>1950</EventRecordID><Correlation/><Execution ProcessID='1344' ThreadID='13124'/><Channel>System</Channel><Computer>DESKTOP-TC5H5CS</Computer><Security UserID='S-1-5-18'/></System><EventData><Data Name='updateTitle'>Microsoft Defender Antivirus ϴcN{Xxs - KB4052623 ( 4.18.23050.9)</Data><Data Name='updateGuid'>{2ff32fbb-7b18-4b3f-a20e-86269ba1d4b6}</Data><Data Name='updateRevisionNumber'>200</Data></EventData></Event>"
﻿"1951","Microsoft-Windows-FilterManager","{F3C5E28E-63F6-49C7-A204-E48A1BC4B09D}","1","0","INFORMATION"," ","0","0","1689730057"," "," ","4","12156","System","DESKTOP-TC5H5CS","S-1-5-18","<Event xmlns='http://schemas.microsoft.com/win/2004/08/events/event'><System><Provider Name='Microsoft-Windows-FilterManager' Guid='{f3c5e28e-63f6-49c7-a204-e48a1bc4b09d}'/><EventID>1</EventID><Version>0</Version><Level>4</Level><Task>0</Task><Opcode>0</Opcode><Keywords>0x8000000000000000</Keywords><TimeCreated SystemTime='2023-07-19T01:27:37.3542721Z'/><EventRecordID>1951</EventRecordID><Correlation/><Execution ProcessID='4' ThreadID='12156'/><Channel>System</Channel><Computer>DESKTOP-TC5H5CS</Computer><Security UserID='S-1-5-18'/></System><EventData><Data Name='FinalStatus'>0x0</Data><Data Name='DeviceVersionMajor'>10</Data><Data Name='DeviceVersionMinor'>0</Data><Data Name='DeviceNameLength'>8</Data><Data Name='DeviceName'>WdFilter</Data><Data Name='DeviceTime'>2075-05-14T20:41:17.0000000Z</Data></EventData></Event>"
﻿"1952","Microsoft-Windows-FilterManager","{F3C5E28E-63F6-49C7-A204-E48A1BC4B09D}","6","0","INFORMATION"," ","0","0","1689730063"," "," ","4","8840","System","DESKTOP-TC5H5CS","S-1-5-18","<Event xmlns='http://schemas.microsoft.com/win/2004/08/events/event'><System><Provider Name='Microsoft-Windows-FilterManager' Guid='{f3c5e28e-63f6-49c7-a204-e48a1bc4b09d}'/><EventID>6</EventID><Version>0</Version><Level>4</Level><Task>0</Task><Opcode>0</Opcode><Keywords>0x8000000000000000</Keywords><TimeCreated SystemTime='2023-07-19T01:27:43.1223882Z'/><EventRecordID>1952</EventRecordID><Correlation/><Execution ProcessID='4' ThreadID='8840'/><Channel>System</Channel><Computer>DESKTOP-TC5H5CS</Computer><Security UserID='S-1-5-18'/></System><EventData><Data Name='FinalStatus'>0x0</Data><Data Name='DeviceVersionMajor'>10</Data><Data Name='DeviceVersionMinor'>0</Data><Data Name='DeviceNameLength'>8</Data><Data Name='DeviceName'>WdFilter</Data><Data Name='DeviceTime'>2091-05-08T21:23:26.0000000Z</Data></EventData></Event>"
﻿"1953","Microsoft-Windows-WindowsUpdateClient","{945A8954-C147-4ACD-923F-40C45405A658}","19","1","INFORMATION"," ","1","13","1689730070"," "," ","1344","13124","System","DESKTOP-TC5H5CS","S-1-5-18","<Event xmlns='http://schemas.microsoft.com/win/2004/08/events/event'><System><Provider Name='Microsoft-Windows-WindowsUpdateClient' Guid='{945a8954-c147-4acd-923f-40c45405a658}'/><EventID>19</EventID><Version>1</Version><Level>4</Level><Task>1</Task><Opcode>13</Opcode><Keywords>0x8000000000000018</Keywords><TimeCreated SystemTime='2023-07-19T01:27:50.2405668Z'/><EventRecordID>1953</EventRecordID><Correlation/><Execution ProcessID='1344' ThreadID='13124'/><Channel>System</Channel><Computer>DESKTOP-TC5H5CS</Computer><Security UserID='S-1-5-18'/></System><EventData><Data Name='updateTitle'>Microsoft Defender Antivirus ϴcN{Xxs - KB4052623 ( 4.18.23050.9)</Data><Data Name='updateGuid'>{2ff32fbb-7b18-4b3f-a20e-86269ba1d4b6}</Data><Data Name='updateRevisionNumber'>200</Data><Data Name='serviceGuid'>{9482f4b4-e343-43b6-b170-9a65bc822c77}</Data></EventData></Event>"
﻿"1954","Microsoft-Windows-WindowsUpdateClient","{945A8954-C147-4ACD-923F-40C45405A658}","43","1","INFORMATION"," ","1","13","1689730688"," "," ","1344","6920","System","DESKTOP-TC5H5CS","S-1-5-18","<Event xmlns='http://schemas.microsoft.com/win/2004/08/events/event'><System><Provider Name='Microsoft-Windows-WindowsUpdateClient' Guid='{945a8954-c147-4acd-923f-40c45405a658}'/><EventID>43</EventID><Version>1</Version><Level>4</Level><Task>1</Task><Opcode>13</Opcode><Keywords>0x8000000000002008</Keywords><TimeCreated SystemTime='2023-07-19T01:38:08.8835568Z'/><EventRecordID>1954</EventRecordID><Correlation/><Execution ProcessID='1344' ThreadID='6920'/><Channel>System</Channel><Computer>DESKTOP-TC5H5CS</Computer><Security UserID='S-1-5-18'/></System><EventData><Data Name='updateTitle'>Microsoft Defender Antivirus ws - KB2267602 ] 1.393.754.0^</Data><Data Name='updateGuid'>{0f9a9d82-80cd-4150-8ccd-92135438c0e9}</Data><Data Name='updateRevisionNumber'>200</Data></EventData></Event>"
﻿"1955","Service Control Manager","{555908D1-A6D7-4695-8E1E-26931D2012F4}","1073748869","0","INFORMATION"," ","0","0","1689730796"," "," ","644","6960","System","DESKTOP-TC5H5CS","S-1-5-18","<Event xmlns='http://schemas.microsoft.com/win/2004/08/events/event'><System><Provider Name='Service Control Manager' Guid='{555908d1-a6d7-4695-8e1e-26931d2012f4}' EventSourceName='Service Control Manager'/><EventID Qualifiers='16384'>7045</EventID><Version>0</Version><Level>4</Level><Task>0</Task><Opcode>0</Opcode><Keywords>0x8080000000000000</Keywords><TimeCreated SystemTime='2023-07-19T01:39:56.7614679Z'/><EventRecordID>1955</EventRecordID><Correlation/><Execution ProcessID='644' ThreadID='6960'/><Channel>System</Channel><Computer>DESKTOP-TC5H5CS</Computer><Security UserID='S-1-5-18'/></System><EventData><Data Name='ServiceName'>MpKslf5952dd0</Data><Data Name='ImagePath'>C:\ProgramData\Microsoft\Windows Defender\Definition Updates\{38A52204-5B96-455E-A085-5D0BDF4C9E7F}\MpKslDrv.sys</Data><Data Name='ServiceType'>֤߼ҦXʵ{</Data><Data Name='StartType'>wҰ</Data><Data Name='AccountName'></Data></EventData></Event>"
﻿"1956","Service Control Manager","{555908D1-A6D7-4695-8E1E-26931D2012F4}","1073748864","0","INFORMATION"," ","0","0","1689730859"," "," ","644","11988","System","DESKTOP-TC5H5CS","S-1-5-18","<Event xmlns='http://schemas.microsoft.com/win/2004/08/events/event'><System><Provider Name='Service Control Manager' Guid='{555908d1-a6d7-4695-8e1e-26931d2012f4}' EventSourceName='Service Control Manager'/><EventID Qualifiers='16384'>7040</EventID><Version>0</Version><Level>4</Level><Task>0</Task><Opcode>0</Opcode><Keywords>0x8080000000000000</Keywords><TimeCreated SystemTime='2023-07-19T01:40:59.0561251Z'/><EventRecordID>1956</EventRecordID><Correlation/><Execution ProcessID='644' ThreadID='11988'/><Channel>System</Channel><Computer>DESKTOP-TC5H5CS</Computer><Security UserID='S-1-5-18'/></System><EventData><Data Name='param1'>Background Intelligent Transfer Service</Data><Data Name='param2'>wҰ</Data><Data Name='param3'>۰ʱҰ</Data><Data Name='param4'>BITS</Data></EventData></Event>"
﻿"1957","Microsoft-Windows-WindowsUpdateClient","{945A8954-C147-4ACD-923F-40C45405A658}","19","1","INFORMATION"," ","1","13","1689730886"," "," ","1344","6920","System","DESKTOP-TC5H5CS","S-1-5-18","<Event xmlns='http://schemas.microsoft.com/win/2004/08/events/event'><System><Provider Name='Microsoft-Windows-WindowsUpdateClient' Guid='{945a8954-c147-4acd-923f-40c45405a658}'/><EventID>19</EventID><Version>1</Version><Level>4</Level><Task>1</Task><Opcode>13</Opcode><Keywords>0x8000000000000018</Keywords><TimeCreated SystemTime='2023-07-19T01:41:26.0252763Z'/><EventRecordID>1957</EventRecordID><Correlation/><Execution ProcessID='1344' ThreadID='6920'/><Channel>System</Channel><Computer>DESKTOP-TC5H5CS</Computer><Security UserID='S-1-5-18'/></System><EventData><Data Name='updateTitle'>Microsoft Defender Antivirus ws - KB2267602 ] 1.393.754.0^</Data><Data Name='updateGuid'>{0f9a9d82-80cd-4150-8ccd-92135438c0e9}</Data><Data Name='updateRevisionNumber'>200</Data><Data Name='serviceGuid'>{9482f4b4-e343-43b6-b170-9a65bc822c77}</Data></EventData></Event>"
﻿"1958","Service Control Manager","{555908D1-A6D7-4695-8E1E-26931D2012F4}","1073748864","0","INFORMATION"," ","0","0","1689730983"," "," ","644","6960","System","DESKTOP-TC5H5CS","S-1-5-18","<Event xmlns='http://schemas.microsoft.com/win/2004/08/events/event'><System><Provider Name='Service Control Manager' Guid='{555908d1-a6d7-4695-8e1e-26931d2012f4}' EventSourceName='Service Control Manager'/><EventID Qualifiers='16384'>7040</EventID><Version>0</Version><Level>4</Level><Task>0</Task><Opcode>0</Opcode><Keywords>0x8080000000000000</Keywords><TimeCreated SystemTime='2023-07-19T01:43:03.9222109Z'/><EventRecordID>1958</EventRecordID><Correlation/><Execution ProcessID='644' ThreadID='6960'/><Channel>System</Channel><Computer>DESKTOP-TC5H5CS</Computer><Security UserID='S-1-5-18'/></System><EventData><Data Name='param1'>Background Intelligent Transfer Service</Data><Data Name='param2'>۰ʱҰ</Data><Data Name='param3'>wҰ</Data><Data Name='param4'>BITS</Data></EventData></Event>"
﻿"1959","EventLog"," ","2147489661","0","INFORMATION"," ","0","0","1689739200"," "," ","0","0","System","DESKTOP-TC5H5CS"," ","<Event xmlns='http://schemas.microsoft.com/win/2004/08/events/event'><System><Provider Name='EventLog'/><EventID Qualifiers='32768'>6013</EventID><Version>0</Version><Level>4</Level><Task>0</Task><Opcode>0</Opcode><Keywords>0x80000000000000</Keywords><TimeCreated SystemTime='2023-07-19T04:00:00.4370084Z'/><EventRecordID>1959</EventRecordID><Correlation/><Execution ProcessID='0' ThreadID='0'/><Channel>System</Channel><Computer>DESKTOP-TC5H5CS</Computer><Security/></System><EventData><Data></Data><Data></Data><Data></Data><Data></Data><Data>584626</Data><Data>60</Data><Data>-480 x_зǮɶ</Data><Binary>31002E003100000030000000570069006E0064006F00770073002000310030002000500072006F000000310030002E0030002E003100390030003400350020004200750069006C0064002000310039003000340035002000200000004D0075006C0074006900700072006F0063006500730073006F007200200046007200650065000000310039003000340031002E00760062005F00720065006C0065006100730065002E003100390031003200300036002D00310034003000360000003600340039006500360038003200390000004E006F007400200041007600610069006C00610062006C00650000004E006F007400200041007600610069006C00610062006C006500000039000000320000003800310039003200000034003000340000004400450053004B0054004F0050002D00540043003500480035004300530000000000</Binary></EventData></Event>"
﻿"1960","Microsoft-Windows-WindowsUpdateClient","{945A8954-C147-4ACD-923F-40C45405A658}","44","1","INFORMATION"," ","1","12","1689745088"," "," ","2836","13052","System","DESKTOP-TC5H5CS","S-1-5-18","<Event xmlns='http://schemas.microsoft.com/win/2004/08/events/event'><System><Provider Name='Microsoft-Windows-WindowsUpdateClient' Guid='{945a8954-c147-4acd-923f-40c45405a658}'/><EventID>44</EventID><Version>1</Version><Level>4</Level><Task>1</Task><Opcode>12</Opcode><Keywords>0x8000000000002004</Keywords><TimeCreated SystemTime='2023-07-19T05:38:08.7821283Z'/><EventRecordID>1960</EventRecordID><Correlation/><Execution ProcessID='2836' ThreadID='13052'/><Channel>System</Channel><Computer>DESKTOP-TC5H5CS</Computer><Security UserID='S-1-5-18'/></System><EventData><Data Name='updateTitle'>Microsoft Defender Antivirus ws - KB2267602 ] 1.393.757.0^</Data><Data Name='updateGuid'>{c4f6dc3e-0ffd-4571-9d0a-ade1270f70a8}</Data><Data Name='updateRevisionNumber'>200</Data></EventData></Event>"
﻿"1961","Microsoft-Windows-WindowsUpdateClient","{945A8954-C147-4ACD-923F-40C45405A658}","43","1","INFORMATION"," ","1","13","1689745088"," "," ","2836","13052","System","DESKTOP-TC5H5CS","S-1-5-18","<Event xmlns='http://schemas.microsoft.com/win/2004/08/events/event'><System><Provider Name='Microsoft-Windows-WindowsUpdateClient' Guid='{945a8954-c147-4acd-923f-40c45405a658}'/><EventID>43</EventID><Version>1</Version><Level>4</Level><Task>1</Task><Opcode>13</Opcode><Keywords>0x8000000000002008</Keywords><TimeCreated SystemTime='2023-07-19T05:38:08.7821313Z'/><EventRecordID>1961</EventRecordID><Correlation/><Execution ProcessID='2836' ThreadID='13052'/><Channel>System</Channel><Computer>DESKTOP-TC5H5CS</Computer><Security UserID='S-1-5-18'/></System><EventData><Data Name='updateTitle'>Microsoft Defender Antivirus ws - KB2267602 ] 1.393.757.0^</Data><Data Name='updateGuid'>{c4f6dc3e-0ffd-4571-9d0a-ade1270f70a8}</Data><Data Name='updateRevisionNumber'>200</Data></EventData></Event>"
﻿"1962","Microsoft-Windows-WindowsUpdateClient","{945A8954-C147-4ACD-923F-40C45405A658}","19","1","INFORMATION"," ","1","13","1689745104"," "," ","2836","13052","System","DESKTOP-TC5H5CS","S-1-5-18","<Event xmlns='http://schemas.microsoft.com/win/2004/08/events/event'><System><Provider Name='Microsoft-Windows-WindowsUpdateClient' Guid='{945a8954-c147-4acd-923f-40c45405a658}'/><EventID>19</EventID><Version>1</Version><Level>4</Level><Task>1</Task><Opcode>13</Opcode><Keywords>0x8000000000000018</Keywords><TimeCreated SystemTime='2023-07-19T05:38:24.3125208Z'/><EventRecordID>1962</EventRecordID><Correlation/><Execution ProcessID='2836' ThreadID='13052'/><Channel>System</Channel><Computer>DESKTOP-TC5H5CS</Computer><Security UserID='S-1-5-18'/></System><EventData><Data Name='updateTitle'>Microsoft Defender Antivirus ws - KB2267602 ] 1.393.757.0^</Data><Data Name='updateGuid'>{c4f6dc3e-0ffd-4571-9d0a-ade1270f70a8}</Data><Data Name='updateRevisionNumber'>200</Data><Data Name='serviceGuid'>{9482f4b4-e343-43b6-b170-9a65bc822c77}</Data></EventData></Event>"
﻿"1963","Service Control Manager","{555908D1-A6D7-4695-8E1E-26931D2012F4}","1073748864","0","INFORMATION"," ","0","0","1689750373"," "," ","644","11988","System","DESKTOP-TC5H5CS","S-1-5-18","<Event xmlns='http://schemas.microsoft.com/win/2004/08/events/event'><System><Provider Name='Service Control Manager' Guid='{555908d1-a6d7-4695-8e1e-26931d2012f4}' EventSourceName='Service Control Manager'/><EventID Qualifiers='16384'>7040</EventID><Version>0</Version><Level>4</Level><Task>0</Task><Opcode>0</Opcode><Keywords>0x8080000000000000</Keywords><TimeCreated SystemTime='2023-07-19T07:06:13.0296407Z'/><EventRecordID>1963</EventRecordID><Correlation/><Execution ProcessID='644' ThreadID='11988'/><Channel>System</Channel><Computer>DESKTOP-TC5H5CS</Computer><Security UserID='S-1-5-18'/></System><EventData><Data Name='param1'>Background Intelligent Transfer Service</Data><Data Name='param2'>wҰ</Data><Data Name='param3'>۰ʱҰ</Data><Data Name='param4'>BITS</Data></EventData></Event>"
﻿"1964","Service Control Manager","{555908D1-A6D7-4695-8E1E-26931D2012F4}","1073748864","0","INFORMATION"," ","0","0","1689750497"," "," ","644","11988","System","DESKTOP-TC5H5CS","S-1-5-18","<Event xmlns='http://schemas.microsoft.com/win/2004/08/events/event'><System><Provider Name='Service Control Manager' Guid='{555908d1-a6d7-4695-8e1e-26931d2012f4}' EventSourceName='Service Control Manager'/><EventID Qualifiers='16384'>7040</EventID><Version>0</Version><Level>4</Level><Task>0</Task><Opcode>0</Opcode><Keywords>0x8080000000000000</Keywords><TimeCreated SystemTime='2023-07-19T07:08:17.6597897Z'/><EventRecordID>1964</EventRecordID><Correlation/><Execution ProcessID='644' ThreadID='11988'/><Channel>System</Channel><Computer>DESKTOP-TC5H5CS</Computer><Security UserID='S-1-5-18'/></System><EventData><Data Name='param1'>Background Intelligent Transfer Service</Data><Data Name='param2'>۰ʱҰ</Data><Data Name='param3'>wҰ</Data><Data Name='param4'>BITS</Data></EventData></Event>"
﻿"1965","Microsoft-Windows-WindowsUpdateClient","{945A8954-C147-4ACD-923F-40C45405A658}","44","1","INFORMATION"," ","1","12","1689752683"," "," ","904","6604","System","DESKTOP-TC5H5CS","S-1-5-18","<Event xmlns='http://schemas.microsoft.com/win/2004/08/events/event'><System><Provider Name='Microsoft-Windows-WindowsUpdateClient' Guid='{945a8954-c147-4acd-923f-40c45405a658}'/><EventID>44</EventID><Version>1</Version><Level>4</Level><Task>1</Task><Opcode>12</Opcode><Keywords>0x8000000000002004</Keywords><TimeCreated SystemTime='2023-07-19T07:44:43.9269448Z'/><EventRecordID>1965</EventRecordID><Correlation/><Execution ProcessID='904' ThreadID='6604'/><Channel>System</Channel><Computer>DESKTOP-TC5H5CS</Computer><Security UserID='S-1-5-18'/></System><EventData><Data Name='updateTitle'>Microsoft Defender Antivirus ws - KB2267602 ] 1.393.761.0^</Data><Data Name='updateGuid'>{20cd1b71-7503-49e0-bfdc-a3652f668139}</Data><Data Name='updateRevisionNumber'>200</Data></EventData></Event>"
﻿"1966","Microsoft-Windows-WindowsUpdateClient","{945A8954-C147-4ACD-923F-40C45405A658}","43","1","INFORMATION"," ","1","13","1689752683"," "," ","904","6604","System","DESKTOP-TC5H5CS","S-1-5-18","<Event xmlns='http://schemas.microsoft.com/win/2004/08/events/event'><System><Provider Name='Microsoft-Windows-WindowsUpdateClient' Guid='{945a8954-c147-4acd-923f-40c45405a658}'/><EventID>43</EventID><Version>1</Version><Level>4</Level><Task>1</Task><Opcode>13</Opcode><Keywords>0x8000000000002008</Keywords><TimeCreated SystemTime='2023-07-19T07:44:43.9269476Z'/><EventRecordID>1966</EventRecordID><Correlation/><Execution ProcessID='904' ThreadID='6604'/><Channel>System</Channel><Computer>DESKTOP-TC5H5CS</Computer><Security UserID='S-1-5-18'/></System><EventData><Data Name='updateTitle'>Microsoft Defender Antivirus ws - KB2267602 ] 1.393.761.0^</Data><Data Name='updateGuid'>{20cd1b71-7503-49e0-bfdc-a3652f668139}</Data><Data Name='updateRevisionNumber'>200</Data></EventData></Event>"
﻿"1967","Microsoft-Windows-WindowsUpdateClient","{945A8954-C147-4ACD-923F-40C45405A658}","19","1","INFORMATION"," ","1","13","1689752720"," "," ","904","6604","System","DESKTOP-TC5H5CS","S-1-5-18","<Event xmlns='http://schemas.microsoft.com/win/2004/08/events/event'><System><Provider Name='Microsoft-Windows-WindowsUpdateClient' Guid='{945a8954-c147-4acd-923f-40c45405a658}'/><EventID>19</EventID><Version>1</Version><Level>4</Level><Task>1</Task><Opcode>13</Opcode><Keywords>0x8000000000000018</Keywords><TimeCreated SystemTime='2023-07-19T07:45:20.1286725Z'/><EventRecordID>1967</EventRecordID><Correlation/><Execution ProcessID='904' ThreadID='6604'/><Channel>System</Channel><Computer>DESKTOP-TC5H5CS</Computer><Security UserID='S-1-5-18'/></System><EventData><Data Name='updateTitle'>Microsoft Defender Antivirus ws - KB2267602 ] 1.393.761.0^</Data><Data Name='updateGuid'>{20cd1b71-7503-49e0-bfdc-a3652f668139}</Data><Data Name='updateRevisionNumber'>200</Data><Data Name='serviceGuid'>{9482f4b4-e343-43b6-b170-9a65bc822c77}</Data></EventData></Event>"
﻿"1968","Microsoft-Windows-Kernel-General","{A68CA8B7-004F-D7B6-A698-07E2DE0F1F5D}","16","0","INFORMATION"," ","0","0","1689752869"," "," ","748","3660","System","DESKTOP-TC5H5CS","S-1-5-18","<Event xmlns='http://schemas.microsoft.com/win/2004/08/events/event'><System><Provider Name='Microsoft-Windows-Kernel-General' Guid='{a68ca8b7-004f-d7b6-a698-07e2de0f1f5d}'/><EventID>16</EventID><Version>0</Version><Level>4</Level><Task>0</Task><Opcode>0</Opcode><Keywords>0x8000000000000000</Keywords><TimeCreated SystemTime='2023-07-19T07:47:49.8204976Z'/><EventRecordID>1968</EventRecordID><Correlation/><Execution ProcessID='748' ThreadID='3660'/><Channel>System</Channel><Computer>DESKTOP-TC5H5CS</Computer><Security UserID='S-1-5-18'/></System><EventData><Data Name='HiveNameLength'>103</Data><Data Name='HiveName'>\??\C:\Users\test\AppData\Local\Packages\Microsoft.SkypeApp_kzf8qxf38zg5c\SystemAppData\Helium\User.dat</Data><Data Name='KeysUpdated'>1</Data><Data Name='DirtyPages'>1</Data></EventData></Event>"
﻿"1969","Microsoft-Windows-Kernel-General","{A68CA8B7-004F-D7B6-A698-07E2DE0F1F5D}","16","0","INFORMATION"," ","0","0","1689752869"," "," ","748","3660","System","DESKTOP-TC5H5CS","S-1-5-18","<Event xmlns='http://schemas.microsoft.com/win/2004/08/events/event'><System><Provider Name='Microsoft-Windows-Kernel-General' Guid='{a68ca8b7-004f-d7b6-a698-07e2de0f1f5d}'/><EventID>16</EventID><Version>0</Version><Level>4</Level><Task>0</Task><Opcode>0</Opcode><Keywords>0x8000000000000000</Keywords><TimeCreated SystemTime='2023-07-19T07:47:49.8225479Z'/><EventRecordID>1969</EventRecordID><Correlation/><Execution ProcessID='748' ThreadID='3660'/><Channel>System</Channel><Computer>DESKTOP-TC5H5CS</Computer><Security UserID='S-1-5-18'/></System><EventData><Data Name='HiveNameLength'>110</Data><Data Name='HiveName'>\??\C:\Users\test\AppData\Local\Packages\Microsoft.SkypeApp_kzf8qxf38zg5c\SystemAppData\Helium\UserClasses.dat</Data><Data Name='KeysUpdated'>1</Data><Data Name='DirtyPages'>1</Data></EventData></Event>"
﻿"1970","Service Control Manager","{555908D1-A6D7-4695-8E1E-26931D2012F4}","1073748864","0","INFORMATION"," ","0","0","1689754009"," "," ","644","4808","System","DESKTOP-TC5H5CS","S-1-5-18","<Event xmlns='http://schemas.microsoft.com/win/2004/08/events/event'><System><Provider Name='Service Control Manager' Guid='{555908d1-a6d7-4695-8e1e-26931d2012f4}' EventSourceName='Service Control Manager'/><EventID Qualifiers='16384'>7040</EventID><Version>0</Version><Level>4</Level><Task>0</Task><Opcode>0</Opcode><Keywords>0x8080000000000000</Keywords><TimeCreated SystemTime='2023-07-19T08:06:49.8588803Z'/><EventRecordID>1970</EventRecordID><Correlation/><Execution ProcessID='644' ThreadID='4808'/><Channel>System</Channel><Computer>DESKTOP-TC5H5CS</Computer><Security UserID='S-1-5-18'/></System><EventData><Data Name='param1'>Background Intelligent Transfer Service</Data><Data Name='param2'>wҰ</Data><Data Name='param3'>۰ʱҰ</Data><Data Name='param4'>BITS</Data></EventData></Event>"
﻿"1971","Service Control Manager","{555908D1-A6D7-4695-8E1E-26931D2012F4}","1073748864","0","INFORMATION"," ","0","0","1689754146"," "," ","644","11640","System","DESKTOP-TC5H5CS","S-1-5-18","<Event xmlns='http://schemas.microsoft.com/win/2004/08/events/event'><System><Provider Name='Service Control Manager' Guid='{555908d1-a6d7-4695-8e1e-26931d2012f4}' EventSourceName='Service Control Manager'/><EventID Qualifiers='16384'>7040</EventID><Version>0</Version><Level>4</Level><Task>0</Task><Opcode>0</Opcode><Keywords>0x8080000000000000</Keywords><TimeCreated SystemTime='2023-07-19T08:09:06.1594779Z'/><EventRecordID>1971</EventRecordID><Correlation/><Execution ProcessID='644' ThreadID='11640'/><Channel>System</Channel><Computer>DESKTOP-TC5H5CS</Computer><Security UserID='S-1-5-18'/></System><EventData><Data Name='param1'>Background Intelligent Transfer Service</Data><Data Name='param2'>۰ʱҰ</Data><Data Name='param3'>wҰ</Data><Data Name='param4'>BITS</Data></EventData></Event>"
﻿"1972","Service Control Manager","{555908D1-A6D7-4695-8E1E-26931D2012F4}","3221232483","0","ERROR"," ","0","0","1689755086"," "," ","644","12808","System","DESKTOP-TC5H5CS"," ","<Event xmlns='http://schemas.microsoft.com/win/2004/08/events/event'><System><Provider Name='Service Control Manager' Guid='{555908d1-a6d7-4695-8e1e-26931d2012f4}' EventSourceName='Service Control Manager'/><EventID Qualifiers='49152'>7011</EventID><Version>0</Version><Level>2</Level><Task>0</Task><Opcode>0</Opcode><Keywords>0x8080000000000000</Keywords><TimeCreated SystemTime='2023-07-19T08:24:46.8899808Z'/><EventRecordID>1972</EventRecordID><Correlation/><Execution ProcessID='644' ThreadID='12808'/><Channel>System</Channel><Computer>DESKTOP-TC5H5CS</Computer><Security/></System><EventData><Data Name='param1'>30000</Data><Data Name='param2'>UmRdpService</Data></EventData></Event>"
﻿"1973","Service Control Manager","{555908D1-A6D7-4695-8E1E-26931D2012F4}","1073748864","0","INFORMATION"," ","0","0","1689755112"," "," ","644","12808","System","DESKTOP-TC5H5CS","S-1-5-18","<Event xmlns='http://schemas.microsoft.com/win/2004/08/events/event'><System><Provider Name='Service Control Manager' Guid='{555908d1-a6d7-4695-8e1e-26931d2012f4}' EventSourceName='Service Control Manager'/><EventID Qualifiers='16384'>7040</EventID><Version>0</Version><Level>4</Level><Task>0</Task><Opcode>0</Opcode><Keywords>0x8080000000000000</Keywords><TimeCreated SystemTime='2023-07-19T08:25:12.1970169Z'/><EventRecordID>1973</EventRecordID><Correlation/><Execution ProcessID='644' ThreadID='12808'/><Channel>System</Channel><Computer>DESKTOP-TC5H5CS</Computer><Security UserID='S-1-5-18'/></System><EventData><Data Name='param1'>Touch Keyboard and Handwriting Panel Service</Data><Data Name='param2'>wҰ</Data><Data Name='param3'>۰ʱҰ</Data><Data Name='param4'>TabletInputService</Data></EventData></Event>"
﻿"1974","Service Control Manager","{555908D1-A6D7-4695-8E1E-26931D2012F4}","1073748864","0","INFORMATION"," ","0","0","1689755244"," "," ","644","3636","System","DESKTOP-TC5H5CS","S-1-5-18","<Event xmlns='http://schemas.microsoft.com/win/2004/08/events/event'><System><Provider Name='Service Control Manager' Guid='{555908d1-a6d7-4695-8e1e-26931d2012f4}' EventSourceName='Service Control Manager'/><EventID Qualifiers='16384'>7040</EventID><Version>0</Version><Level>4</Level><Task>0</Task><Opcode>0</Opcode><Keywords>0x8080000000000000</Keywords><TimeCreated SystemTime='2023-07-19T08:27:24.2488489Z'/><EventRecordID>1974</EventRecordID><Correlation/><Execution ProcessID='644' ThreadID='3636'/><Channel>System</Channel><Computer>DESKTOP-TC5H5CS</Computer><Security UserID='S-1-5-18'/></System><EventData><Data Name='param1'>Touch Keyboard and Handwriting Panel Service</Data><Data Name='param2'>۰ʱҰ</Data><Data Name='param3'>wҰ</Data><Data Name='param4'>TabletInputService</Data></EventData></Event>"
﻿"1975","Service Control Manager","{555908D1-A6D7-4695-8E1E-26931D2012F4}","1073748864","0","INFORMATION"," ","0","0","1689757546"," "," ","644","3808","System","DESKTOP-TC5H5CS","S-1-5-18","<Event xmlns='http://schemas.microsoft.com/win/2004/08/events/event'><System><Provider Name='Service Control Manager' Guid='{555908d1-a6d7-4695-8e1e-26931d2012f4}' EventSourceName='Service Control Manager'/><EventID Qualifiers='16384'>7040</EventID><Version>0</Version><Level>4</Level><Task>0</Task><Opcode>0</Opcode><Keywords>0x8080000000000000</Keywords><TimeCreated SystemTime='2023-07-19T09:05:46.2122672Z'/><EventRecordID>1975</EventRecordID><Correlation/><Execution ProcessID='644' ThreadID='3808'/><Channel>System</Channel><Computer>DESKTOP-TC5H5CS</Computer><Security UserID='S-1-5-18'/></System><EventData><Data Name='param1'>Background Intelligent Transfer Service</Data><Data Name='param2'>wҰ</Data><Data Name='param3'>۰ʱҰ</Data><Data Name='param4'>BITS</Data></EventData></Event>"
﻿"1976","Service Control Manager","{555908D1-A6D7-4695-8E1E-26931D2012F4}","1073748864","0","INFORMATION"," ","0","0","1689757670"," "," ","644","10392","System","DESKTOP-TC5H5CS","S-1-5-18","<Event xmlns='http://schemas.microsoft.com/win/2004/08/events/event'><System><Provider Name='Service Control Manager' Guid='{555908d1-a6d7-4695-8e1e-26931d2012f4}' EventSourceName='Service Control Manager'/><EventID Qualifiers='16384'>7040</EventID><Version>0</Version><Level>4</Level><Task>0</Task><Opcode>0</Opcode><Keywords>0x8080000000000000</Keywords><TimeCreated SystemTime='2023-07-19T09:07:50.8132301Z'/><EventRecordID>1976</EventRecordID><Correlation/><Execution ProcessID='644' ThreadID='10392'/><Channel>System</Channel><Computer>DESKTOP-TC5H5CS</Computer><Security UserID='S-1-5-18'/></System><EventData><Data Name='param1'>Background Intelligent Transfer Service</Data><Data Name='param2'>۰ʱҰ</Data><Data Name='param3'>wҰ</Data><Data Name='param4'>BITS</Data></EventData></Event>"
﻿"1977","Service Control Manager","{555908D1-A6D7-4695-8E1E-26931D2012F4}","1073748864","0","INFORMATION"," ","0","0","1689761112"," "," ","644","6620","System","DESKTOP-TC5H5CS","S-1-5-18","<Event xmlns='http://schemas.microsoft.com/win/2004/08/events/event'><System><Provider Name='Service Control Manager' Guid='{555908d1-a6d7-4695-8e1e-26931d2012f4}' EventSourceName='Service Control Manager'/><EventID Qualifiers='16384'>7040</EventID><Version>0</Version><Level>4</Level><Task>0</Task><Opcode>0</Opcode><Keywords>0x8080000000000000</Keywords><TimeCreated SystemTime='2023-07-19T10:05:12.3709776Z'/><EventRecordID>1977</EventRecordID><Correlation/><Execution ProcessID='644' ThreadID='6620'/><Channel>System</Channel><Computer>DESKTOP-TC5H5CS</Computer><Security UserID='S-1-5-18'/></System><EventData><Data Name='param1'>Background Intelligent Transfer Service</Data><Data Name='param2'>wҰ</Data><Data Name='param3'>۰ʱҰ</Data><Data Name='param4'>BITS</Data></EventData></Event>"
﻿"1978","Service Control Manager","{555908D1-A6D7-4695-8E1E-26931D2012F4}","1073748864","0","INFORMATION"," ","0","0","1689761236"," "," ","644","6348","System","DESKTOP-TC5H5CS","S-1-5-18","<Event xmlns='http://schemas.microsoft.com/win/2004/08/events/event'><System><Provider Name='Service Control Manager' Guid='{555908d1-a6d7-4695-8e1e-26931d2012f4}' EventSourceName='Service Control Manager'/><EventID Qualifiers='16384'>7040</EventID><Version>0</Version><Level>4</Level><Task>0</Task><Opcode>0</Opcode><Keywords>0x8080000000000000</Keywords><TimeCreated SystemTime='2023-07-19T10:07:16.9412047Z'/><EventRecordID>1978</EventRecordID><Correlation/><Execution ProcessID='644' ThreadID='6348'/><Channel>System</Channel><Computer>DESKTOP-TC5H5CS</Computer><Security UserID='S-1-5-18'/></System><EventData><Data Name='param1'>Background Intelligent Transfer Service</Data><Data Name='param2'>۰ʱҰ</Data><Data Name='param3'>wҰ</Data><Data Name='param4'>BITS</Data></EventData></Event>"
﻿"1979","Service Control Manager","{555908D1-A6D7-4695-8E1E-26931D2012F4}","1073748864","0","INFORMATION"," ","0","0","1689761762"," "," ","644","11508","System","DESKTOP-TC5H5CS","S-1-5-18","<Event xmlns='http://schemas.microsoft.com/win/2004/08/events/event'><System><Provider Name='Service Control Manager' Guid='{555908d1-a6d7-4695-8e1e-26931d2012f4}' EventSourceName='Service Control Manager'/><EventID Qualifiers='16384'>7040</EventID><Version>0</Version><Level>4</Level><Task>0</Task><Opcode>0</Opcode><Keywords>0x8080000000000000</Keywords><TimeCreated SystemTime='2023-07-19T10:16:02.8531244Z'/><EventRecordID>1979</EventRecordID><Correlation/><Execution ProcessID='644' ThreadID='11508'/><Channel>System</Channel><Computer>DESKTOP-TC5H5CS</Computer><Security UserID='S-1-5-18'/></System><EventData><Data Name='param1'>Background Intelligent Transfer Service</Data><Data Name='param2'>wҰ</Data><Data Name='param3'>۰ʱҰ</Data><Data Name='param4'>BITS</Data></EventData></Event>"
﻿"1980","Service Control Manager","{555908D1-A6D7-4695-8E1E-26931D2012F4}","1073748864","0","INFORMATION"," ","0","0","1689761897"," "," ","644","8008","System","DESKTOP-TC5H5CS","S-1-5-18","<Event xmlns='http://schemas.microsoft.com/win/2004/08/events/event'><System><Provider Name='Service Control Manager' Guid='{555908d1-a6d7-4695-8e1e-26931d2012f4}' EventSourceName='Service Control Manager'/><EventID Qualifiers='16384'>7040</EventID><Version>0</Version><Level>4</Level><Task>0</Task><Opcode>0</Opcode><Keywords>0x8080000000000000</Keywords><TimeCreated SystemTime='2023-07-19T10:18:17.0513240Z'/><EventRecordID>1980</EventRecordID><Correlation/><Execution ProcessID='644' ThreadID='8008'/><Channel>System</Channel><Computer>DESKTOP-TC5H5CS</Computer><Security UserID='S-1-5-18'/></System><EventData><Data Name='param1'>Background Intelligent Transfer Service</Data><Data Name='param2'>۰ʱҰ</Data><Data Name='param3'>wҰ</Data><Data Name='param4'>BITS</Data></EventData></Event>"
﻿"1981","Microsoft-Windows-WindowsUpdateClient","{945A8954-C147-4ACD-923F-40C45405A658}","44","1","INFORMATION"," ","1","12","1689763076"," "," ","12364","12100","System","DESKTOP-TC5H5CS","S-1-5-18","<Event xmlns='http://schemas.microsoft.com/win/2004/08/events/event'><System><Provider Name='Microsoft-Windows-WindowsUpdateClient' Guid='{945a8954-c147-4acd-923f-40c45405a658}'/><EventID>44</EventID><Version>1</Version><Level>4</Level><Task>1</Task><Opcode>12</Opcode><Keywords>0x8000000000002004</Keywords><TimeCreated SystemTime='2023-07-19T10:37:56.3643550Z'/><EventRecordID>1981</EventRecordID><Correlation/><Execution ProcessID='12364' ThreadID='12100'/><Channel>System</Channel><Computer>DESKTOP-TC5H5CS</Computer><Security UserID='S-1-5-18'/></System><EventData><Data Name='updateTitle'>9NCBCSZSJRSB-SpotifyAB.SpotifyMusic</Data><Data Name='updateGuid'>{03723149-d909-4296-b511-9054ea94f3f7}</Data><Data Name='updateRevisionNumber'>1</Data></EventData></Event>"
﻿"1982","Microsoft-Windows-WindowsUpdateClient","{945A8954-C147-4ACD-923F-40C45405A658}","44","1","INFORMATION"," ","1","12","1689763081"," "," ","12364","12100","System","DESKTOP-TC5H5CS","S-1-5-18","<Event xmlns='http://schemas.microsoft.com/win/2004/08/events/event'><System><Provider Name='Microsoft-Windows-WindowsUpdateClient' Guid='{945a8954-c147-4acd-923f-40c45405a658}'/><EventID>44</EventID><Version>1</Version><Level>4</Level><Task>1</Task><Opcode>12</Opcode><Keywords>0x8000000000002004</Keywords><TimeCreated SystemTime='2023-07-19T10:38:01.2056107Z'/><EventRecordID>1982</EventRecordID><Correlation/><Execution ProcessID='12364' ThreadID='12100'/><Channel>System</Channel><Computer>DESKTOP-TC5H5CS</Computer><Security UserID='S-1-5-18'/></System><EventData><Data Name='updateTitle'>9NMPJ99VJBWV-Microsoft.YourPhone</Data><Data Name='updateGuid'>{06e18162-62ee-4e0e-b2ef-7b578939a86f}</Data><Data Name='updateRevisionNumber'>1</Data></EventData></Event>"
﻿"1983","Microsoft-Windows-WindowsUpdateClient","{945A8954-C147-4ACD-923F-40C45405A658}","43","1","INFORMATION"," ","1","13","1689763083"," "," ","12364","648","System","DESKTOP-TC5H5CS","S-1-5-18","<Event xmlns='http://schemas.microsoft.com/win/2004/08/events/event'><System><Provider Name='Microsoft-Windows-WindowsUpdateClient' Guid='{945a8954-c147-4acd-923f-40c45405a658}'/><EventID>43</EventID><Version>1</Version><Level>4</Level><Task>1</Task><Opcode>13</Opcode><Keywords>0x8000000000002008</Keywords><TimeCreated SystemTime='2023-07-19T10:38:03.6824092Z'/><EventRecordID>1983</EventRecordID><Correlation/><Execution ProcessID='12364' ThreadID='648'/><Channel>System</Channel><Computer>DESKTOP-TC5H5CS</Computer><Security UserID='S-1-5-18'/></System><EventData><Data Name='updateTitle'>9NMPJ99VJBWV-Microsoft.YourPhone</Data><Data Name='updateGuid'>{06e18162-62ee-4e0e-b2ef-7b578939a86f}</Data><Data Name='updateRevisionNumber'>1</Data></EventData></Event>"
﻿"1984","Microsoft-Windows-WindowsUpdateClient","{945A8954-C147-4ACD-923F-40C45405A658}","20","1","ERROR"," ","1","13","1689763084","{4438C5BA-B4A4-0001-6754-4144A4B4D901}"," ","12364","648","System","DESKTOP-TC5H5CS","S-1-5-18","<Event xmlns='http://schemas.microsoft.com/win/2004/08/events/event'><System><Provider Name='Microsoft-Windows-WindowsUpdateClient' Guid='{945a8954-c147-4acd-923f-40c45405a658}'/><EventID>20</EventID><Version>1</Version><Level>2</Level><Task>1</Task><Opcode>13</Opcode><Keywords>0x8000000000000028</Keywords><TimeCreated SystemTime='2023-07-19T10:38:04.9715919Z'/><EventRecordID>1984</EventRecordID><Correlation ActivityID='{4438c5ba-b4a4-0001-6754-4144a4b4d901}'/><Execution ProcessID='12364' ThreadID='648'/><Channel>System</Channel><Computer>DESKTOP-TC5H5CS</Computer><Security UserID='S-1-5-18'/></System><EventData><Data Name='errorCode'>0x80073d02</Data><Data Name='updateTitle'>9NMPJ99VJBWV-Microsoft.YourPhone</Data><Data Name='updateGuid'>{06e18162-62ee-4e0e-b2ef-7b578939a86f}</Data><Data Name='updateRevisionNumber'>1</Data><Data Name='serviceGuid'>{855e8a7c-ecb4-4ca3-b045-1dfa50104289}</Data></EventData></Event>"
﻿"1985","Microsoft-Windows-Kernel-General","{A68CA8B7-004F-D7B6-A698-07E2DE0F1F5D}","16","0","INFORMATION"," ","0","0","1689763088"," "," ","7824","12840","System","DESKTOP-TC5H5CS","S-1-5-18","<Event xmlns='http://schemas.microsoft.com/win/2004/08/events/event'><System><Provider Name='Microsoft-Windows-Kernel-General' Guid='{a68ca8b7-004f-d7b6-a698-07e2de0f1f5d}'/><EventID>16</EventID><Version>0</Version><Level>4</Level><Task>0</Task><Opcode>0</Opcode><Keywords>0x8000000000000000</Keywords><TimeCreated SystemTime='2023-07-19T10:38:08.5212289Z'/><EventRecordID>1985</EventRecordID><Correlation/><Execution ProcessID='7824' ThreadID='12840'/><Channel>System</Channel><Computer>DESKTOP-TC5H5CS</Computer><Security UserID='S-1-5-18'/></System><EventData><Data Name='HiveNameLength'>133</Data><Data Name='HiveName'>\??\C:\ProgramData\Microsoft\Windows\AppRepository\Packages\SpotifyAB.SpotifyMusic_1.216.947.0_x64__zpdnekdrzrea0\ActivationStore.dat</Data><Data Name='KeysUpdated'>0</Data><Data Name='DirtyPages'>0</Data></EventData></Event>"
﻿"1986","Microsoft-Windows-WindowsUpdateClient","{945A8954-C147-4ACD-923F-40C45405A658}","43","1","INFORMATION"," ","1","13","1689763089"," "," ","12364","6888","System","DESKTOP-TC5H5CS","S-1-5-18","<Event xmlns='http://schemas.microsoft.com/win/2004/08/events/event'><System><Provider Name='Microsoft-Windows-WindowsUpdateClient' Guid='{945a8954-c147-4acd-923f-40c45405a658}'/><EventID>43</EventID><Version>1</Version><Level>4</Level><Task>1</Task><Opcode>13</Opcode><Keywords>0x8000000000002008</Keywords><TimeCreated SystemTime='2023-07-19T10:38:09.9138177Z'/><EventRecordID>1986</EventRecordID><Correlation/><Execution ProcessID='12364' ThreadID='6888'/><Channel>System</Channel><Computer>DESKTOP-TC5H5CS</Computer><Security UserID='S-1-5-18'/></System><EventData><Data Name='updateTitle'>9NCBCSZSJRSB-SpotifyAB.SpotifyMusic</Data><Data Name='updateGuid'>{03723149-d909-4296-b511-9054ea94f3f7}</Data><Data Name='updateRevisionNumber'>1</Data></EventData></Event>"
﻿"1987","Microsoft-Windows-Kernel-General","{A68CA8B7-004F-D7B6-A698-07E2DE0F1F5D}","16","0","INFORMATION"," ","0","0","1689763090"," "," ","7824","12840","System","DESKTOP-TC5H5CS","S-1-5-21-2081973557-1603719640-2355346784-1001","<Event xmlns='http://schemas.microsoft.com/win/2004/08/events/event'><System><Provider Name='Microsoft-Windows-Kernel-General' Guid='{a68ca8b7-004f-d7b6-a698-07e2de0f1f5d}'/><EventID>16</EventID><Version>0</Version><Level>4</Level><Task>0</Task><Opcode>0</Opcode><Keywords>0x8000000000000000</Keywords><TimeCreated SystemTime='2023-07-19T10:38:10.2520944Z'/><EventRecordID>1987</EventRecordID><Correlation/><Execution ProcessID='7824' ThreadID='12840'/><Channel>System</Channel><Computer>DESKTOP-TC5H5CS</Computer><Security UserID='S-1-5-21-2081973557-1603719640-2355346784-1001'/></System><EventData><Data Name='HiveNameLength'>99</Data><Data Name='HiveName'>\??\C:\Users\test\AppData\Local\Packages\SpotifyAB.SpotifyMusic_zpdnekdrzrea0\Settings\settings.dat</Data><Data Name='KeysUpdated'>1</Data><Data Name='DirtyPages'>1</Data></EventData></Event>"
﻿"1988","Microsoft-Windows-WindowsUpdateClient","{945A8954-C147-4ACD-923F-40C45405A658}","19","1","INFORMATION"," ","1","13","1689763091","{4438C5BA-B4A4-0001-1E55-4144A4B4D901}"," ","12364","6888","System","DESKTOP-TC5H5CS","S-1-5-18","<Event xmlns='http://schemas.microsoft.com/win/2004/08/events/event'><System><Provider Name='Microsoft-Windows-WindowsUpdateClient' Guid='{945a8954-c147-4acd-923f-40c45405a658}'/><EventID>19</EventID><Version>1</Version><Level>4</Level><Task>1</Task><Opcode>13</Opcode><Keywords>0x8000000000000018</Keywords><TimeCreated SystemTime='2023-07-19T10:38:11.9082550Z'/><EventRecordID>1988</EventRecordID><Correlation ActivityID='{4438c5ba-b4a4-0001-1e55-4144a4b4d901}'/><Execution ProcessID='12364' ThreadID='6888'/><Channel>System</Channel><Computer>DESKTOP-TC5H5CS</Computer><Security UserID='S-1-5-18'/></System><EventData><Data Name='updateTitle'>9NCBCSZSJRSB-SpotifyAB.SpotifyMusic</Data><Data Name='updateGuid'>{03723149-d909-4296-b511-9054ea94f3f7}</Data><Data Name='updateRevisionNumber'>1</Data><Data Name='serviceGuid'>{855e8a7c-ecb4-4ca3-b045-1dfa50104289}</Data></EventData></Event>"
﻿"1989","Service Control Manager","{555908D1-A6D7-4695-8E1E-26931D2012F4}","1073748864","0","INFORMATION"," ","0","0","1689772009"," "," ","644","1964","System","DESKTOP-TC5H5CS","S-1-5-18","<Event xmlns='http://schemas.microsoft.com/win/2004/08/events/event'><System><Provider Name='Service Control Manager' Guid='{555908d1-a6d7-4695-8e1e-26931d2012f4}' EventSourceName='Service Control Manager'/><EventID Qualifiers='16384'>7040</EventID><Version>0</Version><Level>4</Level><Task>0</Task><Opcode>0</Opcode><Keywords>0x8080000000000000</Keywords><TimeCreated SystemTime='2023-07-19T13:06:49.8672749Z'/><EventRecordID>1989</EventRecordID><Correlation/><Execution ProcessID='644' ThreadID='1964'/><Channel>System</Channel><Computer>DESKTOP-TC5H5CS</Computer><Security UserID='S-1-5-18'/></System><EventData><Data Name='param1'>Background Intelligent Transfer Service</Data><Data Name='param2'>wҰ</Data><Data Name='param3'>۰ʱҰ</Data><Data Name='param4'>BITS</Data></EventData></Event>"
﻿"1990","Service Control Manager","{555908D1-A6D7-4695-8E1E-26931D2012F4}","1073748864","0","INFORMATION"," ","0","0","1689772146"," "," ","644","5752","System","DESKTOP-TC5H5CS","S-1-5-18","<Event xmlns='http://schemas.microsoft.com/win/2004/08/events/event'><System><Provider Name='Service Control Manager' Guid='{555908d1-a6d7-4695-8e1e-26931d2012f4}' EventSourceName='Service Control Manager'/><EventID Qualifiers='16384'>7040</EventID><Version>0</Version><Level>4</Level><Task>0</Task><Opcode>0</Opcode><Keywords>0x8080000000000000</Keywords><TimeCreated SystemTime='2023-07-19T13:09:06.1287109Z'/><EventRecordID>1990</EventRecordID><Correlation/><Execution ProcessID='644' ThreadID='5752'/><Channel>System</Channel><Computer>DESKTOP-TC5H5CS</Computer><Security UserID='S-1-5-18'/></System><EventData><Data Name='param1'>Background Intelligent Transfer Service</Data><Data Name='param2'>۰ʱҰ</Data><Data Name='param3'>wҰ</Data><Data Name='param4'>BITS</Data></EventData></Event>"
﻿"1991","Microsoft-Windows-WindowsUpdateClient","{945A8954-C147-4ACD-923F-40C45405A658}","44","1","INFORMATION"," ","1","12","1689773883"," "," ","9664","12540","System","DESKTOP-TC5H5CS","S-1-5-18","<Event xmlns='http://schemas.microsoft.com/win/2004/08/events/event'><System><Provider Name='Microsoft-Windows-WindowsUpdateClient' Guid='{945a8954-c147-4acd-923f-40c45405a658}'/><EventID>44</EventID><Version>1</Version><Level>4</Level><Task>1</Task><Opcode>12</Opcode><Keywords>0x8000000000002004</Keywords><TimeCreated SystemTime='2023-07-19T13:38:03.9228394Z'/><EventRecordID>1991</EventRecordID><Correlation/><Execution ProcessID='9664' ThreadID='12540'/><Channel>System</Channel><Computer>DESKTOP-TC5H5CS</Computer><Security UserID='S-1-5-18'/></System><EventData><Data Name='updateTitle'>Microsoft Defender Antivirus ws - KB2267602 ] 1.393.797.0^</Data><Data Name='updateGuid'>{f109e8e5-61f1-4459-910b-b6663ad2ff12}</Data><Data Name='updateRevisionNumber'>200</Data></EventData></Event>"
﻿"1992","Microsoft-Windows-WindowsUpdateClient","{945A8954-C147-4ACD-923F-40C45405A658}","43","1","INFORMATION"," ","1","13","1689773883"," "," ","9664","12540","System","DESKTOP-TC5H5CS","S-1-5-18","<Event xmlns='http://schemas.microsoft.com/win/2004/08/events/event'><System><Provider Name='Microsoft-Windows-WindowsUpdateClient' Guid='{945a8954-c147-4acd-923f-40c45405a658}'/><EventID>43</EventID><Version>1</Version><Level>4</Level><Task>1</Task><Opcode>13</Opcode><Keywords>0x8000000000002008</Keywords><TimeCreated SystemTime='2023-07-19T13:38:03.9228427Z'/><EventRecordID>1992</EventRecordID><Correlation/><Execution ProcessID='9664' ThreadID='12540'/><Channel>System</Channel><Computer>DESKTOP-TC5H5CS</Computer><Security UserID='S-1-5-18'/></System><EventData><Data Name='updateTitle'>Microsoft Defender Antivirus ws - KB2267602 ] 1.393.797.0^</Data><Data Name='updateGuid'>{f109e8e5-61f1-4459-910b-b6663ad2ff12}</Data><Data Name='updateRevisionNumber'>200</Data></EventData></Event>"
﻿"1993","Microsoft-Windows-WindowsUpdateClient","{945A8954-C147-4ACD-923F-40C45405A658}","19","1","INFORMATION"," ","1","13","1689773896"," "," ","9664","12540","System","DESKTOP-TC5H5CS","S-1-5-18","<Event xmlns='http://schemas.microsoft.com/win/2004/08/events/event'><System><Provider Name='Microsoft-Windows-WindowsUpdateClient' Guid='{945a8954-c147-4acd-923f-40c45405a658}'/><EventID>19</EventID><Version>1</Version><Level>4</Level><Task>1</Task><Opcode>13</Opcode><Keywords>0x8000000000000018</Keywords><TimeCreated SystemTime='2023-07-19T13:38:16.8212171Z'/><EventRecordID>1993</EventRecordID><Correlation/><Execution ProcessID='9664' ThreadID='12540'/><Channel>System</Channel><Computer>DESKTOP-TC5H5CS</Computer><Security UserID='S-1-5-18'/></System><EventData><Data Name='updateTitle'>Microsoft Defender Antivirus ws - KB2267602 ] 1.393.797.0^</Data><Data Name='updateGuid'>{f109e8e5-61f1-4459-910b-b6663ad2ff12}</Data><Data Name='updateRevisionNumber'>200</Data><Data Name='serviceGuid'>{9482f4b4-e343-43b6-b170-9a65bc822c77}</Data></EventData></Event>"
