﻿"99","Microsoft-Windows-Kernel-PnP","{9C205A39-1250-487D-ABD7-E831C6290539}","225","0","WARNING"," ","223","0","1688073676"," "," ","4","116","System","WIN-VBFV11TS5L1","S-1-5-18","<Event xmlns='http://schemas.microsoft.com/win/2004/08/events/event'><System><Provider Name='Microsoft-Windows-Kernel-PnP' Guid='{9c205a39-1250-487d-abd7-e831c6290539}'/><EventID>225</EventID><Version>0</Version><Level>3</Level><Task>223</Task><Opcode>0</Opcode><Keywords>0x8000000000000000</Keywords><TimeCreated SystemTime='2023-06-29T21:21:16.2751874Z'/><EventRecordID>99</EventRecordID><Correlation/><Execution ProcessID='4' ThreadID='116'/><Channel>System</Channel><Computer>WIN-VBFV11TS5L1</Computer><Security UserID='S-1-5-18'/></System><EventData><Data Name='ProcessId'>2788</Data><Data Name='ProcessNameLength'>52</Data><Data Name='ProcessName'>\Device\HarddiskVolume2\Windows\System32\svchost.exe</Data><Data Name='DeviceInstanceLength'>61</Data><Data Name='DeviceInstance'>PCI\VEN_1000&amp;DEV_0054&amp;SUBSYS_197615AD&amp;REV_01\4&amp;2509f6e&amp;0&amp;00A8</Data></EventData></Event>"
﻿"100","Microsoft-Windows-Kernel-PnP","{9C205A39-1250-487D-ABD7-E831C6290539}","225","0","WARNING"," ","223","0","1688073676"," "," ","4","116","System","WIN-VBFV11TS5L1","S-1-5-18","<Event xmlns='http://schemas.microsoft.com/win/2004/08/events/event'><System><Provider Name='Microsoft-Windows-Kernel-PnP' Guid='{9c205a39-1250-487d-abd7-e831c6290539}'/><EventID>225</EventID><Version>0</Version><Level>3</Level><Task>223</Task><Opcode>0</Opcode><Keywords>0x8000000000000000</Keywords><TimeCreated SystemTime='2023-06-29T21:21:16.2751886Z'/><EventRecordID>100</EventRecordID><Correlation/><Execution ProcessID='4' ThreadID='116'/><Channel>System</Channel><Computer>WIN-VBFV11TS5L1</Computer><Security UserID='S-1-5-18'/></System><EventData><Data Name='ProcessId'>2820</Data><Data Name='ProcessNameLength'>52</Data><Data Name='ProcessName'>\Device\HarddiskVolume2\Windows\System32\svchost.exe</Data><Data Name='DeviceInstanceLength'>61</Data><Data Name='DeviceInstance'>PCI\VEN_1000&amp;DEV_0054&amp;SUBSYS_197615AD&amp;REV_01\4&amp;2509f6e&amp;0&amp;00A8</Data></EventData></Event>"
﻿"101","Microsoft-Windows-Kernel-PnP","{9C205A39-1250-487D-ABD7-E831C6290539}","225","0","WARNING"," ","223","0","1688073676"," "," ","4","116","System","WIN-VBFV11TS5L1","S-1-5-18","<Event xmlns='http://schemas.microsoft.com/win/2004/08/events/event'><System><Provider Name='Microsoft-Windows-Kernel-PnP' Guid='{9c205a39-1250-487d-abd7-e831c6290539}'/><EventID>225</EventID><Version>0</Version><Level>3</Level><Task>223</Task><Opcode>0</Opcode><Keywords>0x8000000000000000</Keywords><TimeCreated SystemTime='2023-06-29T21:21:16.2751901Z'/><EventRecordID>101</EventRecordID><Correlation/><Execution ProcessID='4' ThreadID='116'/><Channel>System</Channel><Computer>WIN-VBFV11TS5L1</Computer><Security UserID='S-1-5-18'/></System><EventData><Data Name='ProcessId'>2880</Data><Data Name='ProcessNameLength'>52</Data><Data Name='ProcessName'>\Device\HarddiskVolume2\Windows\System32\svchost.exe</Data><Data Name='DeviceInstanceLength'>61</Data><Data Name='DeviceInstance'>PCI\VEN_1000&amp;DEV_0054&amp;SUBSYS_197615AD&amp;REV_01\4&amp;2509f6e&amp;0&amp;00A8</Data></EventData></Event>"
﻿"102","Microsoft-Windows-Kernel-PnP","{9C205A39-1250-487D-ABD7-E831C6290539}","225","0","WARNING"," ","223","0","1688073676"," "," ","4","116","System","WIN-VBFV11TS5L1","S-1-5-18","<Event xmlns='http://schemas.microsoft.com/win/2004/08/events/event'><System><Provider Name='Microsoft-Windows-Kernel-PnP' Guid='{9c205a39-1250-487d-abd7-e831c6290539}'/><EventID>225</EventID><Version>0</Version><Level>3</Level><Task>223</Task><Opcode>0</Opcode><Keywords>0x8000000000000000</Keywords><TimeCreated SystemTime='2023-06-29T21:21:16.2751919Z'/><EventRecordID>102</EventRecordID><Correlation/><Execution ProcessID='4' ThreadID='116'/><Channel>System</Channel><Computer>WIN-VBFV11TS5L1</Computer><Security UserID='S-1-5-18'/></System><EventData><Data Name='ProcessId'>3012</Data><Data Name='ProcessNameLength'>57</Data><Data Name='ProcessName'>\Device\HarddiskVolume2\Windows\System32\wbem\mofcomp.exe</Data><Data Name='DeviceInstanceLength'>61</Data><Data Name='DeviceInstance'>PCI\VEN_1000&amp;DEV_0054&amp;SUBSYS_197615AD&amp;REV_01\4&amp;2509f6e&amp;0&amp;00A8</Data></EventData></Event>"
﻿"103","Microsoft-Windows-Kernel-PnP","{9C205A39-1250-487D-ABD7-E831C6290539}","225","0","WARNING"," ","223","0","1688073676"," "," ","4","116","System","WIN-VBFV11TS5L1","S-1-5-18","<Event xmlns='http://schemas.microsoft.com/win/2004/08/events/event'><System><Provider Name='Microsoft-Windows-Kernel-PnP' Guid='{9c205a39-1250-487d-abd7-e831c6290539}'/><EventID>225</EventID><Version>0</Version><Level>3</Level><Task>223</Task><Opcode>0</Opcode><Keywords>0x8000000000000000</Keywords><TimeCreated SystemTime='2023-06-29T21:21:16.2751932Z'/><EventRecordID>103</EventRecordID><Correlation/><Execution ProcessID='4' ThreadID='116'/><Channel>System</Channel><Computer>WIN-VBFV11TS5L1</Computer><Security UserID='S-1-5-18'/></System><EventData><Data Name='ProcessId'>3028</Data><Data Name='ProcessNameLength'>52</Data><Data Name='ProcessName'>\Device\HarddiskVolume2\Windows\System32\conhost.exe</Data><Data Name='DeviceInstanceLength'>61</Data><Data Name='DeviceInstance'>PCI\VEN_1000&amp;DEV_0054&amp;SUBSYS_197615AD&amp;REV_01\4&amp;2509f6e&amp;0&amp;00A8</Data></EventData></Event>"
﻿"104","Microsoft-Windows-Kernel-PnP","{9C205A39-1250-487D-ABD7-E831C6290539}","225","0","WARNING"," ","223","0","1688073676"," "," ","4","116","System","WIN-VBFV11TS5L1","S-1-5-18","<Event xmlns='http://schemas.microsoft.com/win/2004/08/events/event'><System><Provider Name='Microsoft-Windows-Kernel-PnP' Guid='{9c205a39-1250-487d-abd7-e831c6290539}'/><EventID>225</EventID><Version>0</Version><Level>3</Level><Task>223</Task><Opcode>0</Opcode><Keywords>0x8000000000000000</Keywords><TimeCreated SystemTime='2023-06-29T21:21:16.2751945Z'/><EventRecordID>104</EventRecordID><Correlation/><Execution ProcessID='4' ThreadID='116'/><Channel>System</Channel><Computer>WIN-VBFV11TS5L1</Computer><Security UserID='S-1-5-18'/></System><EventData><Data Name='ProcessId'>3140</Data><Data Name='ProcessNameLength'>52</Data><Data Name='ProcessName'>\Device\HarddiskVolume2\Windows\System32\svchost.exe</Data><Data Name='DeviceInstanceLength'>61</Data><Data Name='DeviceInstance'>PCI\VEN_1000&amp;DEV_0054&amp;SUBSYS_197615AD&amp;REV_01\4&amp;2509f6e&amp;0&amp;00A8</Data></EventData></Event>"
﻿"105","Microsoft-Windows-Kernel-PnP","{9C205A39-1250-487D-ABD7-E831C6290539}","225","0","WARNING"," ","223","0","1688073676"," "," ","4","116","System","WIN-VBFV11TS5L1","S-1-5-18","<Event xmlns='http://schemas.microsoft.com/win/2004/08/events/event'><System><Provider Name='Microsoft-Windows-Kernel-PnP' Guid='{9c205a39-1250-487d-abd7-e831c6290539}'/><EventID>225</EventID><Version>0</Version><Level>3</Level><Task>223</Task><Opcode>0</Opcode><Keywords>0x8000000000000000</Keywords><TimeCreated SystemTime='2023-06-29T21:21:16.2751957Z'/><EventRecordID>105</EventRecordID><Correlation/><Execution ProcessID='4' ThreadID='116'/><Channel>System</Channel><Computer>WIN-VBFV11TS5L1</Computer><Security UserID='S-1-5-18'/></System><EventData><Data Name='ProcessId'>3192</Data><Data Name='ProcessNameLength'>52</Data><Data Name='ProcessName'>\Device\HarddiskVolume2\Windows\System32\svchost.exe</Data><Data Name='DeviceInstanceLength'>61</Data><Data Name='DeviceInstance'>PCI\VEN_1000&amp;DEV_0054&amp;SUBSYS_197615AD&amp;REV_01\4&amp;2509f6e&amp;0&amp;00A8</Data></EventData></Event>"
﻿"106","Microsoft-Windows-Kernel-PnP","{9C205A39-1250-487D-ABD7-E831C6290539}","225","0","WARNING"," ","223","0","1688073676"," "," ","4","116","System","WIN-VBFV11TS5L1","S-1-5-18","<Event xmlns='http://schemas.microsoft.com/win/2004/08/events/event'><System><Provider Name='Microsoft-Windows-Kernel-PnP' Guid='{9c205a39-1250-487d-abd7-e831c6290539}'/><EventID>225</EventID><Version>0</Version><Level>3</Level><Task>223</Task><Opcode>0</Opcode><Keywords>0x8000000000000000</Keywords><TimeCreated SystemTime='2023-06-29T21:21:16.2751971Z'/><EventRecordID>106</EventRecordID><Correlation/><Execution ProcessID='4' ThreadID='116'/><Channel>System</Channel><Computer>WIN-VBFV11TS5L1</Computer><Security UserID='S-1-5-18'/></System><EventData><Data Name='ProcessId'>3236</Data><Data Name='ProcessNameLength'>88</Data><Data Name='ProcessName'>\Device\HarddiskVolume2\Program Files (x86)\Microsoft\EdgeUpdate\MicrosoftEdgeUpdate.exe</Data><Data Name='DeviceInstanceLength'>61</Data><Data Name='DeviceInstance'>PCI\VEN_1000&amp;DEV_0054&amp;SUBSYS_197615AD&amp;REV_01\4&amp;2509f6e&amp;0&amp;00A8</Data></EventData></Event>"
﻿"107","Microsoft-Windows-Kernel-PnP","{9C205A39-1250-487D-ABD7-E831C6290539}","225","0","WARNING"," ","223","0","1688073676"," "," ","4","116","System","WIN-VBFV11TS5L1","S-1-5-18","<Event xmlns='http://schemas.microsoft.com/win/2004/08/events/event'><System><Provider Name='Microsoft-Windows-Kernel-PnP' Guid='{9c205a39-1250-487d-abd7-e831c6290539}'/><EventID>225</EventID><Version>0</Version><Level>3</Level><Task>223</Task><Opcode>0</Opcode><Keywords>0x8000000000000000</Keywords><TimeCreated SystemTime='2023-06-29T21:21:16.2751984Z'/><EventRecordID>107</EventRecordID><Correlation/><Execution ProcessID='4' ThreadID='116'/><Channel>System</Channel><Computer>WIN-VBFV11TS5L1</Computer><Security UserID='S-1-5-18'/></System><EventData><Data Name='ProcessId'>3284</Data><Data Name='ProcessNameLength'>52</Data><Data Name='ProcessName'>\Device\HarddiskVolume2\Windows\System32\drvinst.exe</Data><Data Name='DeviceInstanceLength'>61</Data><Data Name='DeviceInstance'>PCI\VEN_1000&amp;DEV_0054&amp;SUBSYS_197615AD&amp;REV_01\4&amp;2509f6e&amp;0&amp;00A8</Data></EventData></Event>"
﻿"108","Microsoft-Windows-Kernel-PnP","{9C205A39-1250-487D-ABD7-E831C6290539}","225","0","WARNING"," ","223","0","1688073676"," "," ","4","116","System","WIN-VBFV11TS5L1","S-1-5-18","<Event xmlns='http://schemas.microsoft.com/win/2004/08/events/event'><System><Provider Name='Microsoft-Windows-Kernel-PnP' Guid='{9c205a39-1250-487d-abd7-e831c6290539}'/><EventID>225</EventID><Version>0</Version><Level>3</Level><Task>223</Task><Opcode>0</Opcode><Keywords>0x8000000000000000</Keywords><TimeCreated SystemTime='2023-06-29T21:21:16.2751998Z'/><EventRecordID>108</EventRecordID><Correlation/><Execution ProcessID='4' ThreadID='116'/><Channel>System</Channel><Computer>WIN-VBFV11TS5L1</Computer><Security UserID='S-1-5-18'/></System><EventData><Data Name='ProcessId'>3292</Data><Data Name='ProcessNameLength'>52</Data><Data Name='ProcessName'>\Device\HarddiskVolume2\Windows\System32\drvinst.exe</Data><Data Name='DeviceInstanceLength'>61</Data><Data Name='DeviceInstance'>PCI\VEN_1000&amp;DEV_0054&amp;SUBSYS_197615AD&amp;REV_01\4&amp;2509f6e&amp;0&amp;00A8</Data></EventData></Event>"
﻿"109","Microsoft-Windows-Kernel-PnP","{9C205A39-1250-487D-ABD7-E831C6290539}","225","0","WARNING"," ","223","0","1688073676"," "," ","4","116","System","WIN-VBFV11TS5L1","S-1-5-18","<Event xmlns='http://schemas.microsoft.com/win/2004/08/events/event'><System><Provider Name='Microsoft-Windows-Kernel-PnP' Guid='{9c205a39-1250-487d-abd7-e831c6290539}'/><EventID>225</EventID><Version>0</Version><Level>3</Level><Task>223</Task><Opcode>0</Opcode><Keywords>0x8000000000000000</Keywords><TimeCreated SystemTime='2023-06-29T21:21:16.2752008Z'/><EventRecordID>109</EventRecordID><Correlation/><Execution ProcessID='4' ThreadID='116'/><Channel>System</Channel><Computer>WIN-VBFV11TS5L1</Computer><Security UserID='S-1-5-18'/></System><EventData><Data Name='ProcessId'>3420</Data><Data Name='ProcessNameLength'>52</Data><Data Name='ProcessName'>\Device\HarddiskVolume2\Windows\System32\svchost.exe</Data><Data Name='DeviceInstanceLength'>61</Data><Data Name='DeviceInstance'>PCI\VEN_1000&amp;DEV_0054&amp;SUBSYS_197615AD&amp;REV_01\4&amp;2509f6e&amp;0&amp;00A8</Data></EventData></Event>"
﻿"110","Service Control Manager","{555908D1-A6D7-4695-8E1E-26931D2012F4}","1073748869","0","INFORMATION"," ","0","0","1688073676"," "," ","680","3260","System","WIN-VBFV11TS5L1","S-1-5-18","<Event xmlns='http://schemas.microsoft.com/win/2004/08/events/event'><System><Provider Name='Service Control Manager' Guid='{555908d1-a6d7-4695-8e1e-26931d2012f4}' EventSourceName='Service Control Manager'/><EventID Qualifiers='16384'>7045</EventID><Version>0</Version><Level>4</Level><Task>0</Task><Opcode>0</Opcode><Keywords>0x8080000000000000</Keywords><TimeCreated SystemTime='2023-06-29T21:21:16.4391975Z'/><EventRecordID>110</EventRecordID><Correlation/><Execution ProcessID='680' ThreadID='3260'/><Channel>System</Channel><Computer>WIN-VBFV11TS5L1</Computer><Security UserID='S-1-5-18'/></System><EventData><Data Name='ServiceName'>Intel(R) PRO/1000 PCI Express Network Connection Driver I</Data><Data Name='ImagePath'>\SystemRoot\System32\drivers\e1i65x64.sys</Data><Data Name='ServiceType'>֤߼ҦXʵ{</Data><Data Name='StartType'>wҰ</Data><Data Name='AccountName'></Data></EventData></Event>"
﻿"111","e1i65x64"," ","1610874912","0","INFORMATION"," ","0","0","1688073680"," "," ","4","932","System","WIN-VBFV11TS5L1"," ","<Event xmlns='http://schemas.microsoft.com/win/2004/08/events/event'><System><Provider Name='e1i65x64'/><EventID Qualifiers='24580'>32</EventID><Version>0</Version><Level>4</Level><Task>0</Task><Opcode>0</Opcode><Keywords>0x80000000000000</Keywords><TimeCreated SystemTime='2023-06-29T21:21:20.0016925Z'/><EventRecordID>111</EventRecordID><Correlation/><Execution ProcessID='4' ThreadID='932'/><Channel>System</Channel><Computer>WIN-VBFV11TS5L1</Computer><Security/></System><EventData><Data></Data><Data>Intel(R) 82574L Gigabit Network Connection</Data><Binary>0000040002003000000000002000046000000000000000000000000000000000000000000000000020000460</Binary></EventData></Event>"
﻿"112","Microsoft-Windows-Kernel-General","{A68CA8B7-004F-D7B6-A698-07E2DE0F1F5D}","16","0","INFORMATION"," ","0","0","1688073686"," "," ","3420","4540","System","WIN-VBFV11TS5L1","S-1-5-18","<Event xmlns='http://schemas.microsoft.com/win/2004/08/events/event'><System><Provider Name='Microsoft-Windows-Kernel-General' Guid='{a68ca8b7-004f-d7b6-a698-07e2de0f1f5d}'/><EventID>16</EventID><Version>0</Version><Level>4</Level><Task>0</Task><Opcode>0</Opcode><Keywords>0x8000000000000000</Keywords><TimeCreated SystemTime='2023-06-29T21:21:26.5872765Z'/><EventRecordID>112</EventRecordID><Correlation/><Execution ProcessID='3420' ThreadID='4540'/><Channel>System</Channel><Computer>WIN-VBFV11TS5L1</Computer><Security UserID='S-1-5-18'/></System><EventData><Data Name='HiveNameLength'>162</Data><Data Name='HiveName'>\??\C:\ProgramData\Microsoft\Windows\AppRepository\Packages\1527c705-839a-4832-9118-54d4Bd6a0c89_10.0.19041.1023_neutral_neutral_cw5n1h2txyewy\ActivationStore.dat</Data><Data Name='KeysUpdated'>0</Data><Data Name='DirtyPages'>0</Data></EventData></Event>"
﻿"113","Microsoft-Windows-Kernel-General","{A68CA8B7-004F-D7B6-A698-07E2DE0F1F5D}","16","0","INFORMATION"," ","0","0","1688073687"," "," ","3420","4540","System","WIN-VBFV11TS5L1","S-1-5-18","<Event xmlns='http://schemas.microsoft.com/win/2004/08/events/event'><System><Provider Name='Microsoft-Windows-Kernel-General' Guid='{a68ca8b7-004f-d7b6-a698-07e2de0f1f5d}'/><EventID>16</EventID><Version>0</Version><Level>4</Level><Task>0</Task><Opcode>0</Opcode><Keywords>0x8000000000000000</Keywords><TimeCreated SystemTime='2023-06-29T21:21:27.2624792Z'/><EventRecordID>113</EventRecordID><Correlation/><Execution ProcessID='3420' ThreadID='4540'/><Channel>System</Channel><Computer>WIN-VBFV11TS5L1</Computer><Security UserID='S-1-5-18'/></System><EventData><Data Name='HiveNameLength'>162</Data><Data Name='HiveName'>\??\C:\ProgramData\Microsoft\Windows\AppRepository\Packages\c5e2524a-ea46-4f67-841f-6a9465d9d515_10.0.19041.1949_neutral_neutral_cw5n1h2txyewy\ActivationStore.dat</Data><Data Name='KeysUpdated'>0</Data><Data Name='DirtyPages'>0</Data></EventData></Event>"
﻿"114","Microsoft-Windows-Kernel-General","{A68CA8B7-004F-D7B6-A698-07E2DE0F1F5D}","16","0","INFORMATION"," ","0","0","1688073687"," "," ","2664","2944","System","WIN-VBFV11TS5L1","S-1-5-18","<Event xmlns='http://schemas.microsoft.com/win/2004/08/events/event'><System><Provider Name='Microsoft-Windows-Kernel-General' Guid='{a68ca8b7-004f-d7b6-a698-07e2de0f1f5d}'/><EventID>16</EventID><Version>0</Version><Level>4</Level><Task>0</Task><Opcode>0</Opcode><Keywords>0x8000000000000000</Keywords><TimeCreated SystemTime='2023-06-29T21:21:27.3498889Z'/><EventRecordID>114</EventRecordID><Correlation/><Execution ProcessID='2664' ThreadID='2944'/><Channel>System</Channel><Computer>WIN-VBFV11TS5L1</Computer><Security UserID='S-1-5-18'/></System><EventData><Data Name='HiveNameLength'>35</Data><Data Name='HiveName'>\??\C:\Windows\system32\Config\Elam</Data><Data Name='KeysUpdated'>1</Data><Data Name='DirtyPages'>1</Data></EventData></Event>"
﻿"115","Microsoft-Windows-Kernel-General","{A68CA8B7-004F-D7B6-A698-07E2DE0F1F5D}","16","0","INFORMATION"," ","0","0","1688073687"," "," ","3420","4540","System","WIN-VBFV11TS5L1","S-1-5-18","<Event xmlns='http://schemas.microsoft.com/win/2004/08/events/event'><System><Provider Name='Microsoft-Windows-Kernel-General' Guid='{a68ca8b7-004f-d7b6-a698-07e2de0f1f5d}'/><EventID>16</EventID><Version>0</Version><Level>4</Level><Task>0</Task><Opcode>0</Opcode><Keywords>0x8000000000000000</Keywords><TimeCreated SystemTime='2023-06-29T21:21:27.5450550Z'/><EventRecordID>115</EventRecordID><Correlation/><Execution ProcessID='3420' ThreadID='4540'/><Channel>System</Channel><Computer>WIN-VBFV11TS5L1</Computer><Security UserID='S-1-5-18'/></System><EventData><Data Name='HiveNameLength'>162</Data><Data Name='HiveName'>\??\C:\ProgramData\Microsoft\Windows\AppRepository\Packages\E2A4F912-2574-4A75-9BB0-0D023378592B_10.0.19041.1023_neutral_neutral_cw5n1h2txyewy\ActivationStore.dat</Data><Data Name='KeysUpdated'>0</Data><Data Name='DirtyPages'>0</Data></EventData></Event>"
﻿"116","Microsoft-Windows-Kernel-General","{A68CA8B7-004F-D7B6-A698-07E2DE0F1F5D}","16","0","INFORMATION"," ","0","0","1688073687"," "," ","3420","4540","System","WIN-VBFV11TS5L1","S-1-5-18","<Event xmlns='http://schemas.microsoft.com/win/2004/08/events/event'><System><Provider Name='Microsoft-Windows-Kernel-General' Guid='{a68ca8b7-004f-d7b6-a698-07e2de0f1f5d}'/><EventID>16</EventID><Version>0</Version><Level>4</Level><Task>0</Task><Opcode>0</Opcode><Keywords>0x8000000000000000</Keywords><TimeCreated SystemTime='2023-06-29T21:21:27.8910719Z'/><EventRecordID>116</EventRecordID><Correlation/><Execution ProcessID='3420' ThreadID='4540'/><Channel>System</Channel><Computer>WIN-VBFV11TS5L1</Computer><Security UserID='S-1-5-18'/></System><EventData><Data Name='HiveNameLength'>162</Data><Data Name='HiveName'>\??\C:\ProgramData\Microsoft\Windows\AppRepository\Packages\F46D4000-FD22-4DB4-AC8E-4E1DDDE828FE_10.0.19041.1023_neutral_neutral_cw5n1h2txyewy\ActivationStore.dat</Data><Data Name='KeysUpdated'>0</Data><Data Name='DirtyPages'>0</Data></EventData></Event>"
﻿"117","Microsoft-Windows-Kernel-General","{A68CA8B7-004F-D7B6-A698-07E2DE0F1F5D}","16","0","INFORMATION"," ","0","0","1688073688"," "," ","3420","4540","System","WIN-VBFV11TS5L1","S-1-5-18","<Event xmlns='http://schemas.microsoft.com/win/2004/08/events/event'><System><Provider Name='Microsoft-Windows-Kernel-General' Guid='{a68ca8b7-004f-d7b6-a698-07e2de0f1f5d}'/><EventID>16</EventID><Version>0</Version><Level>4</Level><Task>0</Task><Opcode>0</Opcode><Keywords>0x8000000000000000</Keywords><TimeCreated SystemTime='2023-06-29T21:21:28.1540641Z'/><EventRecordID>117</EventRecordID><Correlation/><Execution ProcessID='3420' ThreadID='4540'/><Channel>System</Channel><Computer>WIN-VBFV11TS5L1</Computer><Security UserID='S-1-5-18'/></System><EventData><Data Name='HiveNameLength'>154</Data><Data Name='HiveName'>\??\C:\ProgramData\Microsoft\Windows\AppRepository\Packages\Microsoft.AAD.BrokerPlugin_1000.19041.1023.0_neutral_neutral_cw5n1h2txyewy\ActivationStore.dat</Data><Data Name='KeysUpdated'>0</Data><Data Name='DirtyPages'>0</Data></EventData></Event>"
﻿"118","Microsoft-Windows-Kernel-General","{A68CA8B7-004F-D7B6-A698-07E2DE0F1F5D}","16","0","INFORMATION"," ","0","0","1688073688"," "," ","3420","4540","System","WIN-VBFV11TS5L1","S-1-5-18","<Event xmlns='http://schemas.microsoft.com/win/2004/08/events/event'><System><Provider Name='Microsoft-Windows-Kernel-General' Guid='{a68ca8b7-004f-d7b6-a698-07e2de0f1f5d}'/><EventID>16</EventID><Version>0</Version><Level>4</Level><Task>0</Task><Opcode>0</Opcode><Keywords>0x8000000000000000</Keywords><TimeCreated SystemTime='2023-06-29T21:21:28.6685545Z'/><EventRecordID>118</EventRecordID><Correlation/><Execution ProcessID='3420' ThreadID='4540'/><Channel>System</Channel><Computer>WIN-VBFV11TS5L1</Computer><Security UserID='S-1-5-18'/></System><EventData><Data Name='HiveNameLength'>144</Data><Data Name='HiveName'>\??\C:\ProgramData\Microsoft\Windows\AppRepository\Packages\Microsoft.AccountsControl_10.0.19041.1023_neutral__cw5n1h2txyewy\ActivationStore.dat</Data><Data Name='KeysUpdated'>0</Data><Data Name='DirtyPages'>0</Data></EventData></Event>"
﻿"119","Microsoft-Windows-Kernel-General","{A68CA8B7-004F-D7B6-A698-07E2DE0F1F5D}","16","0","INFORMATION"," ","0","0","1688073688"," "," ","3420","4540","System","WIN-VBFV11TS5L1","S-1-5-18","<Event xmlns='http://schemas.microsoft.com/win/2004/08/events/event'><System><Provider Name='Microsoft-Windows-Kernel-General' Guid='{a68ca8b7-004f-d7b6-a698-07e2de0f1f5d}'/><EventID>16</EventID><Version>0</Version><Level>4</Level><Task>0</Task><Opcode>0</Opcode><Keywords>0x8000000000000000</Keywords><TimeCreated SystemTime='2023-06-29T21:21:28.9993098Z'/><EventRecordID>119</EventRecordID><Correlation/><Execution ProcessID='3420' ThreadID='4540'/><Channel>System</Channel><Computer>WIN-VBFV11TS5L1</Computer><Security UserID='S-1-5-18'/></System><EventData><Data Name='HiveNameLength'>145</Data><Data Name='HiveName'>\??\C:\ProgramData\Microsoft\Windows\AppRepository\Packages\Microsoft.AsyncTextService_10.0.19041.1023_neutral__8wekyb3d8bbwe\ActivationStore.dat</Data><Data Name='KeysUpdated'>0</Data><Data Name='DirtyPages'>0</Data></EventData></Event>"
﻿"120","Microsoft-Windows-Kernel-General","{A68CA8B7-004F-D7B6-A698-07E2DE0F1F5D}","16","0","INFORMATION"," ","0","0","1688073689"," "," ","3420","4540","System","WIN-VBFV11TS5L1","S-1-5-18","<Event xmlns='http://schemas.microsoft.com/win/2004/08/events/event'><System><Provider Name='Microsoft-Windows-Kernel-General' Guid='{a68ca8b7-004f-d7b6-a698-07e2de0f1f5d}'/><EventID>16</EventID><Version>0</Version><Level>4</Level><Task>0</Task><Opcode>0</Opcode><Keywords>0x8000000000000000</Keywords><TimeCreated SystemTime='2023-06-29T21:21:29.2103240Z'/><EventRecordID>120</EventRecordID><Correlation/><Execution ProcessID='3420' ThreadID='4540'/><Channel>System</Channel><Computer>WIN-VBFV11TS5L1</Computer><Security UserID='S-1-5-18'/></System><EventData><Data Name='HiveNameLength'>142</Data><Data Name='HiveName'>\??\C:\ProgramData\Microsoft\Windows\AppRepository\Packages\Microsoft.BioEnrollment_10.0.19041.1023_neutral__cw5n1h2txyewy\ActivationStore.dat</Data><Data Name='KeysUpdated'>0</Data><Data Name='DirtyPages'>0</Data></EventData></Event>"
﻿"121","Microsoft-Windows-Kernel-General","{A68CA8B7-004F-D7B6-A698-07E2DE0F1F5D}","16","0","INFORMATION"," ","0","0","1688073689"," "," ","3420","4540","System","WIN-VBFV11TS5L1","S-1-5-18","<Event xmlns='http://schemas.microsoft.com/win/2004/08/events/event'><System><Provider Name='Microsoft-Windows-Kernel-General' Guid='{a68ca8b7-004f-d7b6-a698-07e2de0f1f5d}'/><EventID>16</EventID><Version>0</Version><Level>4</Level><Task>0</Task><Opcode>0</Opcode><Keywords>0x8000000000000000</Keywords><TimeCreated SystemTime='2023-06-29T21:21:29.4155762Z'/><EventRecordID>121</EventRecordID><Correlation/><Execution ProcessID='3420' ThreadID='4540'/><Channel>System</Channel><Computer>WIN-VBFV11TS5L1</Computer><Security UserID='S-1-5-18'/></System><EventData><Data Name='HiveNameLength'>143</Data><Data Name='HiveName'>\??\C:\ProgramData\Microsoft\Windows\AppRepository\Packages\Microsoft.CredDialogHost_10.0.19041.1023_neutral__cw5n1h2txyewy\ActivationStore.dat</Data><Data Name='KeysUpdated'>0</Data><Data Name='DirtyPages'>0</Data></EventData></Event>"
﻿"122","Microsoft-Windows-Kernel-General","{A68CA8B7-004F-D7B6-A698-07E2DE0F1F5D}","16","0","INFORMATION"," ","0","0","1688073689"," "," ","3420","4540","System","WIN-VBFV11TS5L1","S-1-5-18","<Event xmlns='http://schemas.microsoft.com/win/2004/08/events/event'><System><Provider Name='Microsoft-Windows-Kernel-General' Guid='{a68ca8b7-004f-d7b6-a698-07e2de0f1f5d}'/><EventID>16</EventID><Version>0</Version><Level>4</Level><Task>0</Task><Opcode>0</Opcode><Keywords>0x8000000000000000</Keywords><TimeCreated SystemTime='2023-06-29T21:21:29.6901314Z'/><EventRecordID>122</EventRecordID><Correlation/><Execution ProcessID='3420' ThreadID='4540'/><Channel>System</Channel><Computer>WIN-VBFV11TS5L1</Computer><Security UserID='S-1-5-18'/></System><EventData><Data Name='HiveNameLength'>134</Data><Data Name='HiveName'>\??\C:\ProgramData\Microsoft\Windows\AppRepository\Packages\Microsoft.ECApp_10.0.19041.1023_neutral__8wekyb3d8bbwe\ActivationStore.dat</Data><Data Name='KeysUpdated'>0</Data><Data Name='DirtyPages'>0</Data></EventData></Event>"
﻿"123","Microsoft-Windows-Kernel-General","{A68CA8B7-004F-D7B6-A698-07E2DE0F1F5D}","16","0","INFORMATION"," ","0","0","1688073690"," "," ","3420","4540","System","WIN-VBFV11TS5L1","S-1-5-18","<Event xmlns='http://schemas.microsoft.com/win/2004/08/events/event'><System><Provider Name='Microsoft-Windows-Kernel-General' Guid='{a68ca8b7-004f-d7b6-a698-07e2de0f1f5d}'/><EventID>16</EventID><Version>0</Version><Level>4</Level><Task>0</Task><Opcode>0</Opcode><Keywords>0x8000000000000000</Keywords><TimeCreated SystemTime='2023-06-29T21:21:30.1654225Z'/><EventRecordID>123</EventRecordID><Correlation/><Execution ProcessID='3420' ThreadID='4540'/><Channel>System</Channel><Computer>WIN-VBFV11TS5L1</Computer><Security UserID='S-1-5-18'/></System><EventData><Data Name='HiveNameLength'>136</Data><Data Name='HiveName'>\??\C:\ProgramData\Microsoft\Windows\AppRepository\Packages\Microsoft.LockApp_10.0.19041.1023_neutral__cw5n1h2txyewy\ActivationStore.dat</Data><Data Name='KeysUpdated'>0</Data><Data Name='DirtyPages'>0</Data></EventData></Event>"
﻿"124","Microsoft-Windows-Kernel-General","{A68CA8B7-004F-D7B6-A698-07E2DE0F1F5D}","16","0","INFORMATION"," ","0","0","1688073690"," "," ","3420","4540","System","WIN-VBFV11TS5L1","S-1-5-18","<Event xmlns='http://schemas.microsoft.com/win/2004/08/events/event'><System><Provider Name='Microsoft-Windows-Kernel-General' Guid='{a68ca8b7-004f-d7b6-a698-07e2de0f1f5d}'/><EventID>16</EventID><Version>0</Version><Level>4</Level><Task>0</Task><Opcode>0</Opcode><Keywords>0x8000000000000000</Keywords><TimeCreated SystemTime='2023-06-29T21:21:30.7214241Z'/><EventRecordID>124</EventRecordID><Correlation/><Execution ProcessID='3420' ThreadID='4540'/><Channel>System</Channel><Computer>WIN-VBFV11TS5L1</Computer><Security UserID='S-1-5-18'/></System><EventData><Data Name='HiveNameLength'>142</Data><Data Name='HiveName'>\??\C:\ProgramData\Microsoft\Windows\AppRepository\Packages\Microsoft.MicrosoftEdge_44.19041.1266.0_neutral__8wekyb3d8bbwe\ActivationStore.dat</Data><Data Name='KeysUpdated'>0</Data><Data Name='DirtyPages'>0</Data></EventData></Event>"
﻿"125","Microsoft-Windows-Kernel-General","{A68CA8B7-004F-D7B6-A698-07E2DE0F1F5D}","16","0","INFORMATION"," ","0","0","1688073691"," "," ","3420","4540","System","WIN-VBFV11TS5L1","S-1-5-18","<Event xmlns='http://schemas.microsoft.com/win/2004/08/events/event'><System><Provider Name='Microsoft-Windows-Kernel-General' Guid='{a68ca8b7-004f-d7b6-a698-07e2de0f1f5d}'/><EventID>16</EventID><Version>0</Version><Level>4</Level><Task>0</Task><Opcode>0</Opcode><Keywords>0x8000000000000000</Keywords><TimeCreated SystemTime='2023-06-29T21:21:31.0257588Z'/><EventRecordID>125</EventRecordID><Correlation/><Execution ProcessID='3420' ThreadID='4540'/><Channel>System</Channel><Computer>WIN-VBFV11TS5L1</Computer><Security UserID='S-1-5-18'/></System><EventData><Data Name='HiveNameLength'>152</Data><Data Name='HiveName'>\??\C:\ProgramData\Microsoft\Windows\AppRepository\Packages\Microsoft.Win32WebViewHost_10.0.19041.1023_neutral_neutral_cw5n1h2txyewy\ActivationStore.dat</Data><Data Name='KeysUpdated'>0</Data><Data Name='DirtyPages'>0</Data></EventData></Event>"
﻿"126","Microsoft-Windows-Kernel-General","{A68CA8B7-004F-D7B6-A698-07E2DE0F1F5D}","16","0","INFORMATION"," ","0","0","1688073691"," "," ","3420","4540","System","WIN-VBFV11TS5L1","S-1-5-18","<Event xmlns='http://schemas.microsoft.com/win/2004/08/events/event'><System><Provider Name='Microsoft-Windows-Kernel-General' Guid='{a68ca8b7-004f-d7b6-a698-07e2de0f1f5d}'/><EventID>16</EventID><Version>0</Version><Level>4</Level><Task>0</Task><Opcode>0</Opcode><Keywords>0x8000000000000000</Keywords><TimeCreated SystemTime='2023-06-29T21:21:31.3763549Z'/><EventRecordID>126</EventRecordID><Correlation/><Execution ProcessID='3420' ThreadID='4540'/><Channel>System</Channel><Computer>WIN-VBFV11TS5L1</Computer><Security UserID='S-1-5-18'/></System><EventData><Data Name='HiveNameLength'>159</Data><Data Name='HiveName'>\??\C:\ProgramData\Microsoft\Windows\AppRepository\Packages\Microsoft.Windows.Apprep.ChxApp_1000.19041.1023.0_neutral_neutral_cw5n1h2txyewy\ActivationStore.dat</Data><Data Name='KeysUpdated'>0</Data><Data Name='DirtyPages'>0</Data></EventData></Event>"
﻿"127","Microsoft-Windows-Kernel-General","{A68CA8B7-004F-D7B6-A698-07E2DE0F1F5D}","16","0","INFORMATION"," ","0","0","1688073691"," "," ","3420","4540","System","WIN-VBFV11TS5L1","S-1-5-18","<Event xmlns='http://schemas.microsoft.com/win/2004/08/events/event'><System><Provider Name='Microsoft-Windows-Kernel-General' Guid='{a68ca8b7-004f-d7b6-a698-07e2de0f1f5d}'/><EventID>16</EventID><Version>0</Version><Level>4</Level><Task>0</Task><Opcode>0</Opcode><Keywords>0x8000000000000000</Keywords><TimeCreated SystemTime='2023-06-29T21:21:31.6010307Z'/><EventRecordID>127</EventRecordID><Correlation/><Execution ProcessID='3420' ThreadID='4540'/><Channel>System</Channel><Computer>WIN-VBFV11TS5L1</Computer><Security UserID='S-1-5-18'/></System><EventData><Data Name='HiveNameLength'>167</Data><Data Name='HiveName'>\??\C:\ProgramData\Microsoft\Windows\AppRepository\Packages\Microsoft.Windows.AssignedAccessLockApp_1000.19041.1023.0_neutral_neutral_cw5n1h2txyewy\ActivationStore.dat</Data><Data Name='KeysUpdated'>0</Data><Data Name='DirtyPages'>0</Data></EventData></Event>"
﻿"128","Microsoft-Windows-Kernel-General","{A68CA8B7-004F-D7B6-A698-07E2DE0F1F5D}","16","0","INFORMATION"," ","0","0","1688073691"," "," ","3420","4540","System","WIN-VBFV11TS5L1","S-1-5-18","<Event xmlns='http://schemas.microsoft.com/win/2004/08/events/event'><System><Provider Name='Microsoft-Windows-Kernel-General' Guid='{a68ca8b7-004f-d7b6-a698-07e2de0f1f5d}'/><EventID>16</EventID><Version>0</Version><Level>4</Level><Task>0</Task><Opcode>0</Opcode><Keywords>0x8000000000000000</Keywords><TimeCreated SystemTime='2023-06-29T21:21:31.8622550Z'/><EventRecordID>128</EventRecordID><Correlation/><Execution ProcessID='3420' ThreadID='4540'/><Channel>System</Channel><Computer>WIN-VBFV11TS5L1</Computer><Security UserID='S-1-5-18'/></System><EventData><Data Name='HiveNameLength'>161</Data><Data Name='HiveName'>\??\C:\ProgramData\Microsoft\Windows\AppRepository\Packages\Microsoft.Windows.CallingShellApp_1000.19041.1023.0_neutral_neutral_cw5n1h2txyewy\ActivationStore.dat</Data><Data Name='KeysUpdated'>0</Data><Data Name='DirtyPages'>0</Data></EventData></Event>"
﻿"129","Microsoft-Windows-Kernel-General","{A68CA8B7-004F-D7B6-A698-07E2DE0F1F5D}","16","0","INFORMATION"," ","0","0","1688073692"," "," ","3420","4540","System","WIN-VBFV11TS5L1","S-1-5-18","<Event xmlns='http://schemas.microsoft.com/win/2004/08/events/event'><System><Provider Name='Microsoft-Windows-Kernel-General' Guid='{a68ca8b7-004f-d7b6-a698-07e2de0f1f5d}'/><EventID>16</EventID><Version>0</Version><Level>4</Level><Task>0</Task><Opcode>0</Opcode><Keywords>0x8000000000000000</Keywords><TimeCreated SystemTime='2023-06-29T21:21:32.1119664Z'/><EventRecordID>129</EventRecordID><Correlation/><Execution ProcessID='3420' ThreadID='4540'/><Channel>System</Channel><Computer>WIN-VBFV11TS5L1</Computer><Security UserID='S-1-5-18'/></System><EventData><Data Name='HiveNameLength'>150</Data><Data Name='HiveName'>\??\C:\ProgramData\Microsoft\Windows\AppRepository\Packages\Microsoft.Windows.CapturePicker_10.0.19041.1023_neutral__cw5n1h2txyewy\ActivationStore.dat</Data><Data Name='KeysUpdated'>0</Data><Data Name='DirtyPages'>0</Data></EventData></Event>"
﻿"130","Microsoft-Windows-Kernel-General","{A68CA8B7-004F-D7B6-A698-07E2DE0F1F5D}","16","0","INFORMATION"," ","0","0","1688073692"," "," ","3420","4540","System","WIN-VBFV11TS5L1","S-1-5-18","<Event xmlns='http://schemas.microsoft.com/win/2004/08/events/event'><System><Provider Name='Microsoft-Windows-Kernel-General' Guid='{a68ca8b7-004f-d7b6-a698-07e2de0f1f5d}'/><EventID>16</EventID><Version>0</Version><Level>4</Level><Task>0</Task><Opcode>0</Opcode><Keywords>0x8000000000000000</Keywords><TimeCreated SystemTime='2023-06-29T21:21:32.5816413Z'/><EventRecordID>130</EventRecordID><Correlation/><Execution ProcessID='3420' ThreadID='4540'/><Channel>System</Channel><Computer>WIN-VBFV11TS5L1</Computer><Security UserID='S-1-5-18'/></System><EventData><Data Name='HiveNameLength'>163</Data><Data Name='HiveName'>\??\C:\ProgramData\Microsoft\Windows\AppRepository\Packages\Microsoft.Windows.CloudExperienceHost_10.0.19041.1266_neutral_neutral_cw5n1h2txyewy\ActivationStore.dat</Data><Data Name='KeysUpdated'>0</Data><Data Name='DirtyPages'>0</Data></EventData></Event>"
﻿"131","Microsoft-Windows-Kernel-General","{A68CA8B7-004F-D7B6-A698-07E2DE0F1F5D}","16","0","INFORMATION"," ","0","0","1688073692"," "," ","3420","4540","System","WIN-VBFV11TS5L1","S-1-5-18","<Event xmlns='http://schemas.microsoft.com/win/2004/08/events/event'><System><Provider Name='Microsoft-Windows-Kernel-General' Guid='{a68ca8b7-004f-d7b6-a698-07e2de0f1f5d}'/><EventID>16</EventID><Version>0</Version><Level>4</Level><Task>0</Task><Opcode>0</Opcode><Keywords>0x8000000000000000</Keywords><TimeCreated SystemTime='2023-06-29T21:21:32.8862608Z'/><EventRecordID>131</EventRecordID><Correlation/><Execution ProcessID='3420' ThreadID='4540'/><Channel>System</Channel><Computer>WIN-VBFV11TS5L1</Computer><Security UserID='S-1-5-18'/></System><EventData><Data Name='HiveNameLength'>166</Data><Data Name='HiveName'>\??\C:\ProgramData\Microsoft\Windows\AppRepository\Packages\Microsoft.Windows.ContentDeliveryManager_10.0.19041.1023_neutral_neutral_cw5n1h2txyewy\ActivationStore.dat</Data><Data Name='KeysUpdated'>0</Data><Data Name='DirtyPages'>0</Data></EventData></Event>"
﻿"132","Microsoft-Windows-Kernel-General","{A68CA8B7-004F-D7B6-A698-07E2DE0F1F5D}","16","0","INFORMATION"," ","0","0","1688073693"," "," ","3420","4540","System","WIN-VBFV11TS5L1","S-1-5-18","<Event xmlns='http://schemas.microsoft.com/win/2004/08/events/event'><System><Provider Name='Microsoft-Windows-Kernel-General' Guid='{a68ca8b7-004f-d7b6-a698-07e2de0f1f5d}'/><EventID>16</EventID><Version>0</Version><Level>4</Level><Task>0</Task><Opcode>0</Opcode><Keywords>0x8000000000000000</Keywords><TimeCreated SystemTime='2023-06-29T21:21:33.1415046Z'/><EventRecordID>132</EventRecordID><Correlation/><Execution ProcessID='3420' ThreadID='4540'/><Channel>System</Channel><Computer>WIN-VBFV11TS5L1</Computer><Security UserID='S-1-5-18'/></System><EventData><Data Name='HiveNameLength'>162</Data><Data Name='HiveName'>\??\C:\ProgramData\Microsoft\Windows\AppRepository\Packages\Microsoft.Windows.NarratorQuickStart_10.0.19041.1023_neutral_neutral_8wekyb3d8bbwe\ActivationStore.dat</Data><Data Name='KeysUpdated'>0</Data><Data Name='DirtyPages'>0</Data></EventData></Event>"
﻿"133","Microsoft-Windows-Kernel-General","{A68CA8B7-004F-D7B6-A698-07E2DE0F1F5D}","16","0","INFORMATION"," ","0","0","1688073693"," "," ","3420","4540","System","WIN-VBFV11TS5L1","S-1-5-18","<Event xmlns='http://schemas.microsoft.com/win/2004/08/events/event'><System><Provider Name='Microsoft-Windows-Kernel-General' Guid='{a68ca8b7-004f-d7b6-a698-07e2de0f1f5d}'/><EventID>16</EventID><Version>0</Version><Level>4</Level><Task>0</Task><Opcode>0</Opcode><Keywords>0x8000000000000000</Keywords><TimeCreated SystemTime='2023-06-29T21:21:33.3684751Z'/><EventRecordID>133</EventRecordID><Correlation/><Execution ProcessID='3420' ThreadID='4540'/><Channel>System</Channel><Computer>WIN-VBFV11TS5L1</Computer><Security UserID='S-1-5-18'/></System><EventData><Data Name='HiveNameLength'>161</Data><Data Name='HiveName'>\??\C:\ProgramData\Microsoft\Windows\AppRepository\Packages\Microsoft.Windows.OOBENetworkCaptivePortal_10.0.19041.1023_neutral__cw5n1h2txyewy\ActivationStore.dat</Data><Data Name='KeysUpdated'>0</Data><Data Name='DirtyPages'>0</Data></EventData></Event>"
﻿"134","Microsoft-Windows-Kernel-General","{A68CA8B7-004F-D7B6-A698-07E2DE0F1F5D}","16","0","INFORMATION"," ","0","0","1688073693"," "," ","3420","4540","System","WIN-VBFV11TS5L1","S-1-5-18","<Event xmlns='http://schemas.microsoft.com/win/2004/08/events/event'><System><Provider Name='Microsoft-Windows-Kernel-General' Guid='{a68ca8b7-004f-d7b6-a698-07e2de0f1f5d}'/><EventID>16</EventID><Version>0</Version><Level>4</Level><Task>0</Task><Opcode>0</Opcode><Keywords>0x8000000000000000</Keywords><TimeCreated SystemTime='2023-06-29T21:21:33.5686020Z'/><EventRecordID>134</EventRecordID><Correlation/><Execution ProcessID='3420' ThreadID='4540'/><Channel>System</Channel><Computer>WIN-VBFV11TS5L1</Computer><Security UserID='S-1-5-18'/></System><EventData><Data Name='HiveNameLength'>162</Data><Data Name='HiveName'>\??\C:\ProgramData\Microsoft\Windows\AppRepository\Packages\Microsoft.Windows.OOBENetworkConnectionFlow_10.0.19041.1023_neutral__cw5n1h2txyewy\ActivationStore.dat</Data><Data Name='KeysUpdated'>0</Data><Data Name='DirtyPages'>0</Data></EventData></Event>"
﻿"135","Microsoft-Windows-Kernel-General","{A68CA8B7-004F-D7B6-A698-07E2DE0F1F5D}","16","0","INFORMATION"," ","0","0","1688073693"," "," ","3420","4540","System","WIN-VBFV11TS5L1","S-1-5-18","<Event xmlns='http://schemas.microsoft.com/win/2004/08/events/event'><System><Provider Name='Microsoft-Windows-Kernel-General' Guid='{a68ca8b7-004f-d7b6-a698-07e2de0f1f5d}'/><EventID>16</EventID><Version>0</Version><Level>4</Level><Task>0</Task><Opcode>0</Opcode><Keywords>0x8000000000000000</Keywords><TimeCreated SystemTime='2023-06-29T21:21:33.7738140Z'/><EventRecordID>135</EventRecordID><Correlation/><Execution ProcessID='3420' ThreadID='4540'/><Channel>System</Channel><Computer>WIN-VBFV11TS5L1</Computer><Security UserID='S-1-5-18'/></System><EventData><Data Name='HiveNameLength'>162</Data><Data Name='HiveName'>\??\C:\ProgramData\Microsoft\Windows\AppRepository\Packages\Microsoft.Windows.ParentalControls_1000.19041.1023.0_neutral_neutral_cw5n1h2txyewy\ActivationStore.dat</Data><Data Name='KeysUpdated'>0</Data><Data Name='DirtyPages'>0</Data></EventData></Event>"
﻿"136","Microsoft-Windows-Kernel-General","{A68CA8B7-004F-D7B6-A698-07E2DE0F1F5D}","16","0","INFORMATION"," ","0","0","1688073694"," "," ","3420","4540","System","WIN-VBFV11TS5L1","S-1-5-18","<Event xmlns='http://schemas.microsoft.com/win/2004/08/events/event'><System><Provider Name='Microsoft-Windows-Kernel-General' Guid='{a68ca8b7-004f-d7b6-a698-07e2de0f1f5d}'/><EventID>16</EventID><Version>0</Version><Level>4</Level><Task>0</Task><Opcode>0</Opcode><Keywords>0x8000000000000000</Keywords><TimeCreated SystemTime='2023-06-29T21:21:34.1320610Z'/><EventRecordID>136</EventRecordID><Correlation/><Execution ProcessID='3420' ThreadID='4540'/><Channel>System</Channel><Computer>WIN-VBFV11TS5L1</Computer><Security UserID='S-1-5-18'/></System><EventData><Data Name='HiveNameLength'>164</Data><Data Name='HiveName'>\??\C:\ProgramData\Microsoft\Windows\AppRepository\Packages\Microsoft.Windows.PeopleExperienceHost_10.0.19041.1023_neutral_neutral_cw5n1h2txyewy\ActivationStore.dat</Data><Data Name='KeysUpdated'>0</Data><Data Name='DirtyPages'>0</Data></EventData></Event>"
﻿"137","Microsoft-Windows-Kernel-General","{A68CA8B7-004F-D7B6-A698-07E2DE0F1F5D}","16","0","INFORMATION"," ","0","0","1688073694"," "," ","3420","4540","System","WIN-VBFV11TS5L1","S-1-5-18","<Event xmlns='http://schemas.microsoft.com/win/2004/08/events/event'><System><Provider Name='Microsoft-Windows-Kernel-General' Guid='{a68ca8b7-004f-d7b6-a698-07e2de0f1f5d}'/><EventID>16</EventID><Version>0</Version><Level>4</Level><Task>0</Task><Opcode>0</Opcode><Keywords>0x8000000000000000</Keywords><TimeCreated SystemTime='2023-06-29T21:21:34.3536645Z'/><EventRecordID>137</EventRecordID><Correlation/><Execution ProcessID='3420' ThreadID='4540'/><Channel>System</Channel><Computer>WIN-VBFV11TS5L1</Computer><Security UserID='S-1-5-18'/></System><EventData><Data Name='HiveNameLength'>164</Data><Data Name='HiveName'>\??\C:\ProgramData\Microsoft\Windows\AppRepository\Packages\Microsoft.Windows.PinningConfirmationDialog_1000.19041.1023.0_neutral__cw5n1h2txyewy\ActivationStore.dat</Data><Data Name='KeysUpdated'>0</Data><Data Name='DirtyPages'>0</Data></EventData></Event>"
﻿"138","Microsoft-Windows-Kernel-General","{A68CA8B7-004F-D7B6-A698-07E2DE0F1F5D}","16","0","INFORMATION"," ","0","0","1688073694"," "," ","3420","4540","System","WIN-VBFV11TS5L1","S-1-5-18","<Event xmlns='http://schemas.microsoft.com/win/2004/08/events/event'><System><Provider Name='Microsoft-Windows-Kernel-General' Guid='{a68ca8b7-004f-d7b6-a698-07e2de0f1f5d}'/><EventID>16</EventID><Version>0</Version><Level>4</Level><Task>0</Task><Opcode>0</Opcode><Keywords>0x8000000000000000</Keywords><TimeCreated SystemTime='2023-06-29T21:21:34.6021792Z'/><EventRecordID>138</EventRecordID><Correlation/><Execution ProcessID='3420' ThreadID='4540'/><Channel>System</Channel><Computer>WIN-VBFV11TS5L1</Computer><Security UserID='S-1-5-18'/></System><EventData><Data Name='HiveNameLength'>147</Data><Data Name='HiveName'>\??\C:\ProgramData\Microsoft\Windows\AppRepository\Packages\Microsoft.Windows.Search_1.14.7.19041_neutral_neutral_cw5n1h2txyewy\ActivationStore.dat</Data><Data Name='KeysUpdated'>0</Data><Data Name='DirtyPages'>0</Data></EventData></Event>"
﻿"139","Microsoft-Windows-Kernel-General","{A68CA8B7-004F-D7B6-A698-07E2DE0F1F5D}","16","0","INFORMATION"," ","0","0","1688073694"," "," ","3420","4540","System","WIN-VBFV11TS5L1","S-1-5-18","<Event xmlns='http://schemas.microsoft.com/win/2004/08/events/event'><System><Provider Name='Microsoft-Windows-Kernel-General' Guid='{a68ca8b7-004f-d7b6-a698-07e2de0f1f5d}'/><EventID>16</EventID><Version>0</Version><Level>4</Level><Task>0</Task><Opcode>0</Opcode><Keywords>0x8000000000000000</Keywords><TimeCreated SystemTime='2023-06-29T21:21:34.9254942Z'/><EventRecordID>139</EventRecordID><Correlation/><Execution ProcessID='3420' ThreadID='4540'/><Channel>System</Channel><Computer>WIN-VBFV11TS5L1</Computer><Security UserID='S-1-5-18'/></System><EventData><Data Name='HiveNameLength'>148</Data><Data Name='HiveName'>\??\C:\ProgramData\Microsoft\Windows\AppRepository\Packages\Microsoft.Windows.SecHealthUI_10.0.19041.1865_neutral__cw5n1h2txyewy\ActivationStore.dat</Data><Data Name='KeysUpdated'>0</Data><Data Name='DirtyPages'>0</Data></EventData></Event>"
﻿"140","Microsoft-Windows-Kernel-General","{A68CA8B7-004F-D7B6-A698-07E2DE0F1F5D}","16","0","INFORMATION"," ","0","0","1688073695"," "," ","3420","4540","System","WIN-VBFV11TS5L1","S-1-5-18","<Event xmlns='http://schemas.microsoft.com/win/2004/08/events/event'><System><Provider Name='Microsoft-Windows-Kernel-General' Guid='{a68ca8b7-004f-d7b6-a698-07e2de0f1f5d}'/><EventID>16</EventID><Version>0</Version><Level>4</Level><Task>0</Task><Opcode>0</Opcode><Keywords>0x8000000000000000</Keywords><TimeCreated SystemTime='2023-06-29T21:21:35.3391961Z'/><EventRecordID>140</EventRecordID><Correlation/><Execution ProcessID='3420' ThreadID='4540'/><Channel>System</Channel><Computer>WIN-VBFV11TS5L1</Computer><Security UserID='S-1-5-18'/></System><EventData><Data Name='HiveNameLength'>167</Data><Data Name='HiveName'>\??\C:\ProgramData\Microsoft\Windows\AppRepository\Packages\Microsoft.Windows.SecureAssessmentBrowser_10.0.19041.1023_neutral_neutral_cw5n1h2txyewy\ActivationStore.dat</Data><Data Name='KeysUpdated'>0</Data><Data Name='DirtyPages'>0</Data></EventData></Event>"
﻿"141","Service Control Manager","{555908D1-A6D7-4695-8E1E-26931D2012F4}","1073748869","0","INFORMATION"," ","0","0","1688073695"," "," ","680","3452","System","WIN-VBFV11TS5L1","S-1-5-18","<Event xmlns='http://schemas.microsoft.com/win/2004/08/events/event'><System><Provider Name='Service Control Manager' Guid='{555908d1-a6d7-4695-8e1e-26931d2012f4}' EventSourceName='Service Control Manager'/><EventID Qualifiers='16384'>7045</EventID><Version>0</Version><Level>4</Level><Task>0</Task><Opcode>0</Opcode><Keywords>0x8080000000000000</Keywords><TimeCreated SystemTime='2023-06-29T21:21:35.4392023Z'/><EventRecordID>141</EventRecordID><Correlation/><Execution ProcessID='680' ThreadID='3452'/><Channel>System</Channel><Computer>WIN-VBFV11TS5L1</Computer><Security UserID='S-1-5-18'/></System><EventData><Data Name='ServiceName'>Microsoft Edge Elevation Service (MicrosoftEdgeElevationService)</Data><Data Name='ImagePath'>"C:\Program Files (x86)\Microsoft\Edge\Application\92.0.902.67\elevation_service.exe"</Data><Data Name='ServiceType'>ϥΪ̼ҦA</Data><Data Name='StartType'>wҰ</Data><Data Name='AccountName'>LocalSystem</Data></EventData></Event>"
﻿"142","Microsoft-Windows-Kernel-General","{A68CA8B7-004F-D7B6-A698-07E2DE0F1F5D}","16","0","INFORMATION"," ","0","0","1688073695"," "," ","3420","4540","System","WIN-VBFV11TS5L1","S-1-5-18","<Event xmlns='http://schemas.microsoft.com/win/2004/08/events/event'><System><Provider Name='Microsoft-Windows-Kernel-General' Guid='{a68ca8b7-004f-d7b6-a698-07e2de0f1f5d}'/><EventID>16</EventID><Version>0</Version><Level>4</Level><Task>0</Task><Opcode>0</Opcode><Keywords>0x8000000000000000</Keywords><TimeCreated SystemTime='2023-06-29T21:21:35.6105266Z'/><EventRecordID>142</EventRecordID><Correlation/><Execution ProcessID='3420' ThreadID='4540'/><Channel>System</Channel><Computer>WIN-VBFV11TS5L1</Computer><Security UserID='S-1-5-18'/></System><EventData><Data Name='HiveNameLength'>163</Data><Data Name='HiveName'>\??\C:\ProgramData\Microsoft\Windows\AppRepository\Packages\Microsoft.Windows.ShellExperienceHost_10.0.19041.1949_neutral_neutral_cw5n1h2txyewy\ActivationStore.dat</Data><Data Name='KeysUpdated'>0</Data><Data Name='DirtyPages'>0</Data></EventData></Event>"
﻿"143","Microsoft-Windows-Kernel-General","{A68CA8B7-004F-D7B6-A698-07E2DE0F1F5D}","16","0","INFORMATION"," ","0","0","1688073695"," "," ","3420","4540","System","WIN-VBFV11TS5L1","S-1-5-18","<Event xmlns='http://schemas.microsoft.com/win/2004/08/events/event'><System><Provider Name='Microsoft-Windows-Kernel-General' Guid='{a68ca8b7-004f-d7b6-a698-07e2de0f1f5d}'/><EventID>16</EventID><Version>0</Version><Level>4</Level><Task>0</Task><Opcode>0</Opcode><Keywords>0x8000000000000000</Keywords><TimeCreated SystemTime='2023-06-29T21:21:35.8517650Z'/><EventRecordID>143</EventRecordID><Correlation/><Execution ProcessID='3420' ThreadID='4540'/><Channel>System</Channel><Computer>WIN-VBFV11TS5L1</Computer><Security UserID='S-1-5-18'/></System><EventData><Data Name='HiveNameLength'>167</Data><Data Name='HiveName'>\??\C:\ProgramData\Microsoft\Windows\AppRepository\Packages\Microsoft.Windows.StartMenuExperienceHost_10.0.19041.1023_neutral_neutral_cw5n1h2txyewy\ActivationStore.dat</Data><Data Name='KeysUpdated'>0</Data><Data Name='DirtyPages'>0</Data></EventData></Event>"
﻿"144","Microsoft-Windows-Kernel-General","{A68CA8B7-004F-D7B6-A698-07E2DE0F1F5D}","16","0","INFORMATION"," ","0","0","1688073696"," "," ","3420","4540","System","WIN-VBFV11TS5L1","S-1-5-18","<Event xmlns='http://schemas.microsoft.com/win/2004/08/events/event'><System><Provider Name='Microsoft-Windows-Kernel-General' Guid='{a68ca8b7-004f-d7b6-a698-07e2de0f1f5d}'/><EventID>16</EventID><Version>0</Version><Level>4</Level><Task>0</Task><Opcode>0</Opcode><Keywords>0x8000000000000000</Keywords><TimeCreated SystemTime='2023-06-29T21:21:36.0769707Z'/><EventRecordID>144</EventRecordID><Correlation/><Execution ProcessID='3420' ThreadID='4540'/><Channel>System</Channel><Computer>WIN-VBFV11TS5L1</Computer><Security UserID='S-1-5-18'/></System><EventData><Data Name='HiveNameLength'>159</Data><Data Name='HiveName'>\??\C:\ProgramData\Microsoft\Windows\AppRepository\Packages\Microsoft.Windows.XGpuEjectDialog_10.0.19041.1023_neutral_neutral_cw5n1h2txyewy\ActivationStore.dat</Data><Data Name='KeysUpdated'>0</Data><Data Name='DirtyPages'>0</Data></EventData></Event>"
﻿"145","Microsoft-Windows-Kernel-General","{A68CA8B7-004F-D7B6-A698-07E2DE0F1F5D}","16","0","INFORMATION"," ","0","0","1688073696"," "," ","3420","4540","System","WIN-VBFV11TS5L1","S-1-5-18","<Event xmlns='http://schemas.microsoft.com/win/2004/08/events/event'><System><Provider Name='Microsoft-Windows-Kernel-General' Guid='{a68ca8b7-004f-d7b6-a698-07e2de0f1f5d}'/><EventID>16</EventID><Version>0</Version><Level>4</Level><Task>0</Task><Opcode>0</Opcode><Keywords>0x8000000000000000</Keywords><TimeCreated SystemTime='2023-06-29T21:21:36.3166047Z'/><EventRecordID>145</EventRecordID><Correlation/><Execution ProcessID='3420' ThreadID='4540'/><Channel>System</Channel><Computer>WIN-VBFV11TS5L1</Computer><Security UserID='S-1-5-18'/></System><EventData><Data Name='HiveNameLength'>156</Data><Data Name='HiveName'>\??\C:\ProgramData\Microsoft\Windows\AppRepository\Packages\Microsoft.XboxGameCallableUI_1000.19041.1023.0_neutral_neutral_cw5n1h2txyewy\ActivationStore.dat</Data><Data Name='KeysUpdated'>0</Data><Data Name='DirtyPages'>0</Data></EventData></Event>"
