﻿"544","Microsoft-Windows-WindowsUpdateClient","{945A8954-C147-4ACD-923F-40C45405A658}","44","1","INFORMATION"," ","1","12","1688111368"," "," ","8304","11224","System","DESKTOP-TC5H5CS","S-1-5-18","<Event xmlns='http://schemas.microsoft.com/win/2004/08/events/event'><System><Provider Name='Microsoft-Windows-WindowsUpdateClient' Guid='{945a8954-c147-4acd-923f-40c45405a658}'/><EventID>44</EventID><Version>1</Version><Level>4</Level><Task>1</Task><Opcode>12</Opcode><Keywords>0x8000000000002004</Keywords><TimeCreated SystemTime='2023-06-30T07:49:28.6645010Z'/><EventRecordID>544</EventRecordID><Correlation/><Execution ProcessID='8304' ThreadID='11224'/><Channel>System</Channel><Computer>DESKTOP-TC5H5CS</Computer><Security UserID='S-1-5-18'/></System><EventData><Data Name='updateTitle'>9PKDZBMV1H3T-Microsoft.GetHelp</Data><Data Name='updateGuid'>{c2f88be2-7e9b-4ca0-93ca-e3e315f00967}</Data><Data Name='updateRevisionNumber'>1</Data></EventData></Event>"
﻿"545","Microsoft-Windows-WindowsUpdateClient","{945A8954-C147-4ACD-923F-40C45405A658}","19","1","INFORMATION"," ","1","13","1688111369"," "," ","8304","3684","System","DESKTOP-TC5H5CS","S-1-5-18","<Event xmlns='http://schemas.microsoft.com/win/2004/08/events/event'><System><Provider Name='Microsoft-Windows-WindowsUpdateClient' Guid='{945a8954-c147-4acd-923f-40c45405a658}'/><EventID>19</EventID><Version>1</Version><Level>4</Level><Task>1</Task><Opcode>13</Opcode><Keywords>0x8000000000000018</Keywords><TimeCreated SystemTime='2023-06-30T07:49:29.7576330Z'/><EventRecordID>545</EventRecordID><Correlation/><Execution ProcessID='8304' ThreadID='3684'/><Channel>System</Channel><Computer>DESKTOP-TC5H5CS</Computer><Security UserID='S-1-5-18'/></System><EventData><Data Name='updateTitle'>KB890830GWindows cNn鲾u x64 - v5.114</Data><Data Name='updateGuid'>{ae6f301e-970b-4519-a83f-64ab18c10842}</Data><Data Name='updateRevisionNumber'>200</Data><Data Name='serviceGuid'>{9482f4b4-e343-43b6-b170-9a65bc822c77}</Data></EventData></Event>"
﻿"546","Microsoft-Windows-WindowsUpdateClient","{945A8954-C147-4ACD-923F-40C45405A658}","43","1","INFORMATION"," ","1","13","1688111370"," "," ","8304","1816","System","DESKTOP-TC5H5CS","S-1-5-18","<Event xmlns='http://schemas.microsoft.com/win/2004/08/events/event'><System><Provider Name='Microsoft-Windows-WindowsUpdateClient' Guid='{945a8954-c147-4acd-923f-40c45405a658}'/><EventID>43</EventID><Version>1</Version><Level>4</Level><Task>1</Task><Opcode>13</Opcode><Keywords>0x8000000000002008</Keywords><TimeCreated SystemTime='2023-06-30T07:49:30.2251430Z'/><EventRecordID>546</EventRecordID><Correlation/><Execution ProcessID='8304' ThreadID='1816'/><Channel>System</Channel><Computer>DESKTOP-TC5H5CS</Computer><Security UserID='S-1-5-18'/></System><EventData><Data Name='updateTitle'>2023-06 w x64  Windows 10 Version 22H2  .NET Framework 3.5B4.8 M 4.8.1 ֿns (KB5027538)</Data><Data Name='updateGuid'>{261a7a52-f991-48d9-a78a-62b4ceb6c2bd}</Data><Data Name='updateRevisionNumber'>200</Data></EventData></Event>"
﻿"547","Microsoft-Windows-Kernel-General","{A68CA8B7-004F-D7B6-A698-07E2DE0F1F5D}","16","0","INFORMATION"," ","0","0","1688111371"," "," ","8148","4232","System","DESKTOP-TC5H5CS","S-1-5-18","<Event xmlns='http://schemas.microsoft.com/win/2004/08/events/event'><System><Provider Name='Microsoft-Windows-Kernel-General' Guid='{a68ca8b7-004f-d7b6-a698-07e2de0f1f5d}'/><EventID>16</EventID><Version>0</Version><Level>4</Level><Task>0</Task><Opcode>0</Opcode><Keywords>0x8000000000000000</Keywords><TimeCreated SystemTime='2023-06-30T07:49:31.8739202Z'/><EventRecordID>547</EventRecordID><Correlation/><Execution ProcessID='8148' ThreadID='4232'/><Channel>System</Channel><Computer>DESKTOP-TC5H5CS</Computer><Security UserID='S-1-5-18'/></System><EventData><Data Name='HiveNameLength'>139</Data><Data Name='HiveName'>\??\C:\ProgramData\Microsoft\Windows\AppRepository\Packages\Microsoft.XboxGamingOverlay_5.823.3261.0_x64__8wekyb3d8bbwe\ActivationStore.dat</Data><Data Name='KeysUpdated'>0</Data><Data Name='DirtyPages'>0</Data></EventData></Event>"
﻿"548","Service Control Manager","{555908D1-A6D7-4695-8E1E-26931D2012F4}","1073748864","0","INFORMATION"," ","0","0","1688111372"," "," ","620","792","System","DESKTOP-TC5H5CS","S-1-5-18","<Event xmlns='http://schemas.microsoft.com/win/2004/08/events/event'><System><Provider Name='Service Control Manager' Guid='{555908d1-a6d7-4695-8e1e-26931d2012f4}' EventSourceName='Service Control Manager'/><EventID Qualifiers='16384'>7040</EventID><Version>0</Version><Level>4</Level><Task>0</Task><Opcode>0</Opcode><Keywords>0x8080000000000000</Keywords><TimeCreated SystemTime='2023-06-30T07:49:32.2007091Z'/><EventRecordID>548</EventRecordID><Correlation/><Execution ProcessID='620' ThreadID='792'/><Channel>System</Channel><Computer>DESKTOP-TC5H5CS</Computer><Security UserID='S-1-5-18'/></System><EventData><Data Name='param1'>Windows Modules Installer</Data><Data Name='param2'>wҰ</Data><Data Name='param3'>۰ʱҰ</Data><Data Name='param4'>TrustedInstaller</Data></EventData></Event>"
﻿"549","Microsoft-Windows-WindowsUpdateClient","{945A8954-C147-4ACD-923F-40C45405A658}","44","1","INFORMATION"," ","1","12","1688111378"," "," ","8304","11224","System","DESKTOP-TC5H5CS","S-1-5-18","<Event xmlns='http://schemas.microsoft.com/win/2004/08/events/event'><System><Provider Name='Microsoft-Windows-WindowsUpdateClient' Guid='{945a8954-c147-4acd-923f-40c45405a658}'/><EventID>44</EventID><Version>1</Version><Level>4</Level><Task>1</Task><Opcode>12</Opcode><Keywords>0x8000000000002004</Keywords><TimeCreated SystemTime='2023-06-30T07:49:38.0901265Z'/><EventRecordID>549</EventRecordID><Correlation/><Execution ProcessID='8304' ThreadID='11224'/><Channel>System</Channel><Computer>DESKTOP-TC5H5CS</Computer><Security UserID='S-1-5-18'/></System><EventData><Data Name='updateTitle'>9NBLGGH3FRZM-Microsoft.VCLibs.140.00</Data><Data Name='updateGuid'>{8644822b-523b-4979-9bec-0331672ba155}</Data><Data Name='updateRevisionNumber'>1</Data></EventData></Event>"
﻿"550","Microsoft-Windows-WindowsUpdateClient","{945A8954-C147-4ACD-923F-40C45405A658}","44","1","INFORMATION"," ","1","12","1688111378"," "," ","8304","11224","System","DESKTOP-TC5H5CS","S-1-5-18","<Event xmlns='http://schemas.microsoft.com/win/2004/08/events/event'><System><Provider Name='Microsoft-Windows-WindowsUpdateClient' Guid='{945a8954-c147-4acd-923f-40c45405a658}'/><EventID>44</EventID><Version>1</Version><Level>4</Level><Task>1</Task><Opcode>12</Opcode><Keywords>0x8000000000002004</Keywords><TimeCreated SystemTime='2023-06-30T07:49:38.0901287Z'/><EventRecordID>550</EventRecordID><Correlation/><Execution ProcessID='8304' ThreadID='11224'/><Channel>System</Channel><Computer>DESKTOP-TC5H5CS</Computer><Security UserID='S-1-5-18'/></System><EventData><Data Name='updateTitle'>9NBLGGH3FRZM-Microsoft.VCLibs.140.00</Data><Data Name='updateGuid'>{8644822b-523b-4979-9bec-0331672ba155}</Data><Data Name='updateRevisionNumber'>1</Data></EventData></Event>"
﻿"551","Microsoft-Windows-WindowsUpdateClient","{945A8954-C147-4ACD-923F-40C45405A658}","44","1","INFORMATION"," ","1","12","1688111388"," "," ","8304","11224","System","DESKTOP-TC5H5CS","S-1-5-18","<Event xmlns='http://schemas.microsoft.com/win/2004/08/events/event'><System><Provider Name='Microsoft-Windows-WindowsUpdateClient' Guid='{945a8954-c147-4acd-923f-40c45405a658}'/><EventID>44</EventID><Version>1</Version><Level>4</Level><Task>1</Task><Opcode>12</Opcode><Keywords>0x8000000000002004</Keywords><TimeCreated SystemTime='2023-06-30T07:49:48.6167428Z'/><EventRecordID>551</EventRecordID><Correlation/><Execution ProcessID='8304' ThreadID='11224'/><Channel>System</Channel><Computer>DESKTOP-TC5H5CS</Computer><Security UserID='S-1-5-18'/></System><EventData><Data Name='updateTitle'>9NBLGGH4RV3K-Microsoft.VCLibs.140.00.UWPDesktop</Data><Data Name='updateGuid'>{bcff1d0a-afdd-4ab4-b247-ce1562c3678f}</Data><Data Name='updateRevisionNumber'>1</Data></EventData></Event>"
﻿"552","Microsoft-Windows-WindowsUpdateClient","{945A8954-C147-4ACD-923F-40C45405A658}","44","1","INFORMATION"," ","1","12","1688111388"," "," ","8304","11224","System","DESKTOP-TC5H5CS","S-1-5-18","<Event xmlns='http://schemas.microsoft.com/win/2004/08/events/event'><System><Provider Name='Microsoft-Windows-WindowsUpdateClient' Guid='{945a8954-c147-4acd-923f-40c45405a658}'/><EventID>44</EventID><Version>1</Version><Level>4</Level><Task>1</Task><Opcode>12</Opcode><Keywords>0x8000000000002004</Keywords><TimeCreated SystemTime='2023-06-30T07:49:48.6167441Z'/><EventRecordID>552</EventRecordID><Correlation/><Execution ProcessID='8304' ThreadID='11224'/><Channel>System</Channel><Computer>DESKTOP-TC5H5CS</Computer><Security UserID='S-1-5-18'/></System><EventData><Data Name='updateTitle'>9NBLGGH4RV3K-Microsoft.VCLibs.140.00.UWPDesktop</Data><Data Name='updateGuid'>{bcff1d0a-afdd-4ab4-b247-ce1562c3678f}</Data><Data Name='updateRevisionNumber'>1</Data></EventData></Event>"
﻿"553","Microsoft-Windows-WindowsUpdateClient","{945A8954-C147-4ACD-923F-40C45405A658}","43","1","INFORMATION"," ","1","13","1688111388"," "," ","8304","928","System","DESKTOP-TC5H5CS","S-1-5-18","<Event xmlns='http://schemas.microsoft.com/win/2004/08/events/event'><System><Provider Name='Microsoft-Windows-WindowsUpdateClient' Guid='{945a8954-c147-4acd-923f-40c45405a658}'/><EventID>43</EventID><Version>1</Version><Level>4</Level><Task>1</Task><Opcode>13</Opcode><Keywords>0x8000000000002008</Keywords><TimeCreated SystemTime='2023-06-30T07:49:48.6793149Z'/><EventRecordID>553</EventRecordID><Correlation/><Execution ProcessID='8304' ThreadID='928'/><Channel>System</Channel><Computer>DESKTOP-TC5H5CS</Computer><Security UserID='S-1-5-18'/></System><EventData><Data Name='updateTitle'>9NZKPSTSNW4P-Microsoft.XboxGamingOverlay</Data><Data Name='updateGuid'>{5b14d266-39fd-4ee0-a805-5df9f1f7d0a6}</Data><Data Name='updateRevisionNumber'>1</Data></EventData></Event>"
﻿"554","Microsoft-Windows-Kernel-General","{A68CA8B7-004F-D7B6-A698-07E2DE0F1F5D}","16","0","INFORMATION"," ","0","0","1688111389"," "," ","8148","3792","System","DESKTOP-TC5H5CS","S-1-5-21-2081973557-1603719640-2355346784-1001","<Event xmlns='http://schemas.microsoft.com/win/2004/08/events/event'><System><Provider Name='Microsoft-Windows-Kernel-General' Guid='{a68ca8b7-004f-d7b6-a698-07e2de0f1f5d}'/><EventID>16</EventID><Version>0</Version><Level>4</Level><Task>0</Task><Opcode>0</Opcode><Keywords>0x8000000000000000</Keywords><TimeCreated SystemTime='2023-06-30T07:49:49.4574300Z'/><EventRecordID>554</EventRecordID><Correlation/><Execution ProcessID='8148' ThreadID='3792'/><Channel>System</Channel><Computer>DESKTOP-TC5H5CS</Computer><Security UserID='S-1-5-21-2081973557-1603719640-2355346784-1001'/></System><EventData><Data Name='HiveNameLength'>104</Data><Data Name='HiveName'>\??\C:\Users\test\AppData\Local\Packages\Microsoft.XboxGamingOverlay_8wekyb3d8bbwe\Settings\settings.dat</Data><Data Name='KeysUpdated'>3</Data><Data Name='DirtyPages'>1</Data></EventData></Event>"
﻿"555","Microsoft-Windows-WindowsUpdateClient","{945A8954-C147-4ACD-923F-40C45405A658}","44","1","INFORMATION"," ","1","12","1688111396"," "," ","8304","11224","System","DESKTOP-TC5H5CS","S-1-5-18","<Event xmlns='http://schemas.microsoft.com/win/2004/08/events/event'><System><Provider Name='Microsoft-Windows-WindowsUpdateClient' Guid='{945a8954-c147-4acd-923f-40c45405a658}'/><EventID>44</EventID><Version>1</Version><Level>4</Level><Task>1</Task><Opcode>12</Opcode><Keywords>0x8000000000002004</Keywords><TimeCreated SystemTime='2023-06-30T07:49:56.0492088Z'/><EventRecordID>555</EventRecordID><Correlation/><Execution ProcessID='8304' ThreadID='11224'/><Channel>System</Channel><Computer>DESKTOP-TC5H5CS</Computer><Security UserID='S-1-5-18'/></System><EventData><Data Name='updateTitle'>9PLL735RFDSM-Microsoft.NET.Native.Runtime.2.2</Data><Data Name='updateGuid'>{78d00b8d-c973-4e6d-bab8-6d829f76fb3d}</Data><Data Name='updateRevisionNumber'>1</Data></EventData></Event>"
﻿"556","Microsoft-Windows-WindowsUpdateClient","{945A8954-C147-4ACD-923F-40C45405A658}","19","1","INFORMATION"," ","1","13","1688111396","{7BA622C1-AB14-0000-64D1-A87B14ABD901}"," ","8304","928","System","DESKTOP-TC5H5CS","S-1-5-18","<Event xmlns='http://schemas.microsoft.com/win/2004/08/events/event'><System><Provider Name='Microsoft-Windows-WindowsUpdateClient' Guid='{945a8954-c147-4acd-923f-40c45405a658}'/><EventID>19</EventID><Version>1</Version><Level>4</Level><Task>1</Task><Opcode>13</Opcode><Keywords>0x8000000000000018</Keywords><TimeCreated SystemTime='2023-06-30T07:49:56.6149487Z'/><EventRecordID>556</EventRecordID><Correlation ActivityID='{7ba622c1-ab14-0000-64d1-a87b14abd901}'/><Execution ProcessID='8304' ThreadID='928'/><Channel>System</Channel><Computer>DESKTOP-TC5H5CS</Computer><Security UserID='S-1-5-18'/></System><EventData><Data Name='updateTitle'>9NZKPSTSNW4P-Microsoft.XboxGamingOverlay</Data><Data Name='updateGuid'>{5b14d266-39fd-4ee0-a805-5df9f1f7d0a6}</Data><Data Name='updateRevisionNumber'>1</Data><Data Name='serviceGuid'>{855e8a7c-ecb4-4ca3-b045-1dfa50104289}</Data></EventData></Event>"
﻿"557","Microsoft-Windows-WindowsUpdateClient","{945A8954-C147-4ACD-923F-40C45405A658}","44","1","INFORMATION"," ","1","12","1688111401"," "," ","8304","11224","System","DESKTOP-TC5H5CS","S-1-5-18","<Event xmlns='http://schemas.microsoft.com/win/2004/08/events/event'><System><Provider Name='Microsoft-Windows-WindowsUpdateClient' Guid='{945a8954-c147-4acd-923f-40c45405a658}'/><EventID>44</EventID><Version>1</Version><Level>4</Level><Task>1</Task><Opcode>12</Opcode><Keywords>0x8000000000002004</Keywords><TimeCreated SystemTime='2023-06-30T07:50:01.4164554Z'/><EventRecordID>557</EventRecordID><Correlation/><Execution ProcessID='8304' ThreadID='11224'/><Channel>System</Channel><Computer>DESKTOP-TC5H5CS</Computer><Security UserID='S-1-5-18'/></System><EventData><Data Name='updateTitle'>9PLL735RFDSM-Microsoft.NET.Native.Runtime.2.2</Data><Data Name='updateGuid'>{78d00b8d-c973-4e6d-bab8-6d829f76fb3d}</Data><Data Name='updateRevisionNumber'>1</Data></EventData></Event>"
﻿"558","Microsoft-Windows-WindowsUpdateClient","{945A8954-C147-4ACD-923F-40C45405A658}","44","1","INFORMATION"," ","1","12","1688111401"," "," ","8304","11224","System","DESKTOP-TC5H5CS","S-1-5-18","<Event xmlns='http://schemas.microsoft.com/win/2004/08/events/event'><System><Provider Name='Microsoft-Windows-WindowsUpdateClient' Guid='{945a8954-c147-4acd-923f-40c45405a658}'/><EventID>44</EventID><Version>1</Version><Level>4</Level><Task>1</Task><Opcode>12</Opcode><Keywords>0x8000000000002004</Keywords><TimeCreated SystemTime='2023-06-30T07:50:01.4164580Z'/><EventRecordID>558</EventRecordID><Correlation/><Execution ProcessID='8304' ThreadID='11224'/><Channel>System</Channel><Computer>DESKTOP-TC5H5CS</Computer><Security UserID='S-1-5-18'/></System><EventData><Data Name='updateTitle'>9PMMSR1CGPWG-Microsoft.HEIFImageExtension</Data><Data Name='updateGuid'>{71496430-588f-40fa-bce1-1d27a4efd371}</Data><Data Name='updateRevisionNumber'>1</Data></EventData></Event>"
﻿"559","Microsoft-Windows-WindowsUpdateClient","{945A8954-C147-4ACD-923F-40C45405A658}","44","1","INFORMATION"," ","1","12","1688111401"," "," ","8304","11224","System","DESKTOP-TC5H5CS","S-1-5-18","<Event xmlns='http://schemas.microsoft.com/win/2004/08/events/event'><System><Provider Name='Microsoft-Windows-WindowsUpdateClient' Guid='{945a8954-c147-4acd-923f-40c45405a658}'/><EventID>44</EventID><Version>1</Version><Level>4</Level><Task>1</Task><Opcode>12</Opcode><Keywords>0x8000000000002004</Keywords><TimeCreated SystemTime='2023-06-30T07:50:01.4164603Z'/><EventRecordID>559</EventRecordID><Correlation/><Execution ProcessID='8304' ThreadID='11224'/><Channel>System</Channel><Computer>DESKTOP-TC5H5CS</Computer><Security UserID='S-1-5-18'/></System><EventData><Data Name='updateTitle'>9MW2LKJ0TPJF-Microsoft.NET.Native.Framework.2.2</Data><Data Name='updateGuid'>{2bfc90df-c5e5-4c06-b503-16647503bf6a}</Data><Data Name='updateRevisionNumber'>1</Data></EventData></Event>"
﻿"560","Microsoft-Windows-WindowsUpdateClient","{945A8954-C147-4ACD-923F-40C45405A658}","44","1","INFORMATION"," ","1","12","1688111401"," "," ","8304","11224","System","DESKTOP-TC5H5CS","S-1-5-18","<Event xmlns='http://schemas.microsoft.com/win/2004/08/events/event'><System><Provider Name='Microsoft-Windows-WindowsUpdateClient' Guid='{945a8954-c147-4acd-923f-40c45405a658}'/><EventID>44</EventID><Version>1</Version><Level>4</Level><Task>1</Task><Opcode>12</Opcode><Keywords>0x8000000000002004</Keywords><TimeCreated SystemTime='2023-06-30T07:50:01.4164622Z'/><EventRecordID>560</EventRecordID><Correlation/><Execution ProcessID='8304' ThreadID='11224'/><Channel>System</Channel><Computer>DESKTOP-TC5H5CS</Computer><Security UserID='S-1-5-18'/></System><EventData><Data Name='updateTitle'>9PLL735RFDSM-Microsoft.NET.Native.Runtime.2.2</Data><Data Name='updateGuid'>{78d00b8d-c973-4e6d-bab8-6d829f76fb3d}</Data><Data Name='updateRevisionNumber'>1</Data></EventData></Event>"
﻿"561","Microsoft-Windows-WindowsUpdateClient","{945A8954-C147-4ACD-923F-40C45405A658}","44","1","INFORMATION"," ","1","12","1688111404"," "," ","8304","9608","System","DESKTOP-TC5H5CS","S-1-5-18","<Event xmlns='http://schemas.microsoft.com/win/2004/08/events/event'><System><Provider Name='Microsoft-Windows-WindowsUpdateClient' Guid='{945a8954-c147-4acd-923f-40c45405a658}'/><EventID>44</EventID><Version>1</Version><Level>4</Level><Task>1</Task><Opcode>12</Opcode><Keywords>0x8000000000002004</Keywords><TimeCreated SystemTime='2023-06-30T07:50:04.4462256Z'/><EventRecordID>561</EventRecordID><Correlation/><Execution ProcessID='8304' ThreadID='9608'/><Channel>System</Channel><Computer>DESKTOP-TC5H5CS</Computer><Security UserID='S-1-5-18'/></System><EventData><Data Name='updateTitle'>9MW2LKJ0TPJF-Microsoft.NET.Native.Framework.2.2</Data><Data Name='updateGuid'>{2bfc90df-c5e5-4c06-b503-16647503bf6a}</Data><Data Name='updateRevisionNumber'>1</Data></EventData></Event>"
﻿"562","Microsoft-Windows-WindowsUpdateClient","{945A8954-C147-4ACD-923F-40C45405A658}","43","1","INFORMATION"," ","1","13","1688111404"," "," ","8304","10712","System","DESKTOP-TC5H5CS","S-1-5-18","<Event xmlns='http://schemas.microsoft.com/win/2004/08/events/event'><System><Provider Name='Microsoft-Windows-WindowsUpdateClient' Guid='{945a8954-c147-4acd-923f-40c45405a658}'/><EventID>43</EventID><Version>1</Version><Level>4</Level><Task>1</Task><Opcode>13</Opcode><Keywords>0x8000000000002008</Keywords><TimeCreated SystemTime='2023-06-30T07:50:04.8499908Z'/><EventRecordID>562</EventRecordID><Correlation/><Execution ProcessID='8304' ThreadID='10712'/><Channel>System</Channel><Computer>DESKTOP-TC5H5CS</Computer><Security UserID='S-1-5-18'/></System><EventData><Data Name='updateTitle'>2023-04 AΩ x64 t Windows 10 Version 22H2 s (KB4023057)</Data><Data Name='updateGuid'>{5bf7cc19-a5c4-4d20-9477-9024b92f9546}</Data><Data Name='updateRevisionNumber'>1</Data></EventData></Event>"
﻿"563","Microsoft-Windows-WindowsUpdateClient","{945A8954-C147-4ACD-923F-40C45405A658}","44","1","INFORMATION"," ","1","12","1688111408"," "," ","8304","11224","System","DESKTOP-TC5H5CS","S-1-5-18","<Event xmlns='http://schemas.microsoft.com/win/2004/08/events/event'><System><Provider Name='Microsoft-Windows-WindowsUpdateClient' Guid='{945a8954-c147-4acd-923f-40c45405a658}'/><EventID>44</EventID><Version>1</Version><Level>4</Level><Task>1</Task><Opcode>12</Opcode><Keywords>0x8000000000002004</Keywords><TimeCreated SystemTime='2023-06-30T07:50:08.5897031Z'/><EventRecordID>563</EventRecordID><Correlation/><Execution ProcessID='8304' ThreadID='11224'/><Channel>System</Channel><Computer>DESKTOP-TC5H5CS</Computer><Security UserID='S-1-5-18'/></System><EventData><Data Name='updateTitle'>9MW2LKJ0TPJF-Microsoft.NET.Native.Framework.2.2</Data><Data Name='updateGuid'>{2bfc90df-c5e5-4c06-b503-16647503bf6a}</Data><Data Name='updateRevisionNumber'>1</Data></EventData></Event>"
﻿"564","Microsoft-Windows-WindowsUpdateClient","{945A8954-C147-4ACD-923F-40C45405A658}","44","1","INFORMATION"," ","1","12","1688111408"," "," ","8304","11224","System","DESKTOP-TC5H5CS","S-1-5-18","<Event xmlns='http://schemas.microsoft.com/win/2004/08/events/event'><System><Provider Name='Microsoft-Windows-WindowsUpdateClient' Guid='{945a8954-c147-4acd-923f-40c45405a658}'/><EventID>44</EventID><Version>1</Version><Level>4</Level><Task>1</Task><Opcode>12</Opcode><Keywords>0x8000000000002004</Keywords><TimeCreated SystemTime='2023-06-30T07:50:08.5897093Z'/><EventRecordID>564</EventRecordID><Correlation/><Execution ProcessID='8304' ThreadID='11224'/><Channel>System</Channel><Computer>DESKTOP-TC5H5CS</Computer><Security UserID='S-1-5-18'/></System><EventData><Data Name='updateTitle'>9NBLGGH4R32N-Microsoft.WindowsFeedbackHub</Data><Data Name='updateGuid'>{010bf6f8-5f81-4278-a0c6-f4bdcc038f11}</Data><Data Name='updateRevisionNumber'>1</Data></EventData></Event>"
﻿"565","Microsoft-Windows-WindowsUpdateClient","{945A8954-C147-4ACD-923F-40C45405A658}","44","1","INFORMATION"," ","1","12","1688111408"," "," ","8304","11224","System","DESKTOP-TC5H5CS","S-1-5-18","<Event xmlns='http://schemas.microsoft.com/win/2004/08/events/event'><System><Provider Name='Microsoft-Windows-WindowsUpdateClient' Guid='{945a8954-c147-4acd-923f-40c45405a658}'/><EventID>44</EventID><Version>1</Version><Level>4</Level><Task>1</Task><Opcode>12</Opcode><Keywords>0x8000000000002004</Keywords><TimeCreated SystemTime='2023-06-30T07:50:08.5897143Z'/><EventRecordID>565</EventRecordID><Correlation/><Execution ProcessID='8304' ThreadID='11224'/><Channel>System</Channel><Computer>DESKTOP-TC5H5CS</Computer><Security UserID='S-1-5-18'/></System><EventData><Data Name='updateTitle'>9MW2LKJ0TPJF-Microsoft.NET.Native.Framework.2.2</Data><Data Name='updateGuid'>{2bfc90df-c5e5-4c06-b503-16647503bf6a}</Data><Data Name='updateRevisionNumber'>1</Data></EventData></Event>"
﻿"566","Microsoft-Windows-WindowsUpdateClient","{945A8954-C147-4ACD-923F-40C45405A658}","44","1","INFORMATION"," ","1","12","1688111408"," "," ","8304","11224","System","DESKTOP-TC5H5CS","S-1-5-18","<Event xmlns='http://schemas.microsoft.com/win/2004/08/events/event'><System><Provider Name='Microsoft-Windows-WindowsUpdateClient' Guid='{945a8954-c147-4acd-923f-40c45405a658}'/><EventID>44</EventID><Version>1</Version><Level>4</Level><Task>1</Task><Opcode>12</Opcode><Keywords>0x8000000000002004</Keywords><TimeCreated SystemTime='2023-06-30T07:50:08.5897176Z'/><EventRecordID>566</EventRecordID><Correlation/><Execution ProcessID='8304' ThreadID='11224'/><Channel>System</Channel><Computer>DESKTOP-TC5H5CS</Computer><Security UserID='S-1-5-18'/></System><EventData><Data Name='updateTitle'>9NBLGGH4R32N-Microsoft.WindowsFeedbackHub</Data><Data Name='updateGuid'>{010bf6f8-5f81-4278-a0c6-f4bdcc038f11}</Data><Data Name='updateRevisionNumber'>1</Data></EventData></Event>"
﻿"567","Service Control Manager","{555908D1-A6D7-4695-8E1E-26931D2012F4}","1073748869","0","INFORMATION"," ","0","0","1688111409"," "," ","620","792","System","DESKTOP-TC5H5CS","S-1-5-18","<Event xmlns='http://schemas.microsoft.com/win/2004/08/events/event'><System><Provider Name='Service Control Manager' Guid='{555908d1-a6d7-4695-8e1e-26931d2012f4}' EventSourceName='Service Control Manager'/><EventID Qualifiers='16384'>7045</EventID><Version>0</Version><Level>4</Level><Task>0</Task><Opcode>0</Opcode><Keywords>0x8080000000000000</Keywords><TimeCreated SystemTime='2023-06-30T07:50:09.8229949Z'/><EventRecordID>567</EventRecordID><Correlation/><Execution ProcessID='620' ThreadID='792'/><Channel>System</Channel><Computer>DESKTOP-TC5H5CS</Computer><Security UserID='S-1-5-18'/></System><EventData><Data Name='ServiceName'>Microsoft Update Health Service</Data><Data Name='ImagePath'>"C:\Program Files\Microsoft Update Health Tools\uhssvc.exe"</Data><Data Name='ServiceType'>ϥΪ̼ҦA</Data><Data Name='StartType'></Data><Data Name='AccountName'>LocalSystem</Data></EventData></Event>"
﻿"568","Microsoft-Windows-WindowsUpdateClient","{945A8954-C147-4ACD-923F-40C45405A658}","44","1","INFORMATION"," ","1","12","1688111410"," "," ","8304","6644","System","DESKTOP-TC5H5CS","S-1-5-18","<Event xmlns='http://schemas.microsoft.com/win/2004/08/events/event'><System><Provider Name='Microsoft-Windows-WindowsUpdateClient' Guid='{945a8954-c147-4acd-923f-40c45405a658}'/><EventID>44</EventID><Version>1</Version><Level>4</Level><Task>1</Task><Opcode>12</Opcode><Keywords>0x8000000000002004</Keywords><TimeCreated SystemTime='2023-06-30T07:50:10.1559253Z'/><EventRecordID>568</EventRecordID><Correlation/><Execution ProcessID='8304' ThreadID='6644'/><Channel>System</Channel><Computer>DESKTOP-TC5H5CS</Computer><Security UserID='S-1-5-18'/></System><EventData><Data Name='updateTitle'>9P5VK8KZB5QZ-Microsoft.UI.Xaml.2.7</Data><Data Name='updateGuid'>{6f84e08f-e2c0-417a-926a-e23dace58b7b}</Data><Data Name='updateRevisionNumber'>1</Data></EventData></Event>"
﻿"569","Microsoft-Windows-WindowsUpdateClient","{945A8954-C147-4ACD-923F-40C45405A658}","19","1","INFORMATION"," ","1","13","1688111410"," "," ","8304","6644","System","DESKTOP-TC5H5CS","S-1-5-18","<Event xmlns='http://schemas.microsoft.com/win/2004/08/events/event'><System><Provider Name='Microsoft-Windows-WindowsUpdateClient' Guid='{945a8954-c147-4acd-923f-40c45405a658}'/><EventID>19</EventID><Version>1</Version><Level>4</Level><Task>1</Task><Opcode>13</Opcode><Keywords>0x8000000000000018</Keywords><TimeCreated SystemTime='2023-06-30T07:50:10.1559268Z'/><EventRecordID>569</EventRecordID><Correlation/><Execution ProcessID='8304' ThreadID='6644'/><Channel>System</Channel><Computer>DESKTOP-TC5H5CS</Computer><Security UserID='S-1-5-18'/></System><EventData><Data Name='updateTitle'>2023-04 AΩ x64 t Windows 10 Version 22H2 s (KB4023057)</Data><Data Name='updateGuid'>{5bf7cc19-a5c4-4d20-9477-9024b92f9546}</Data><Data Name='updateRevisionNumber'>1</Data><Data Name='serviceGuid'>{8b24b027-1dee-babb-9a95-3517dfb9c552}</Data></EventData></Event>"
﻿"570","Microsoft-Windows-WindowsUpdateClient","{945A8954-C147-4ACD-923F-40C45405A658}","43","1","INFORMATION"," ","1","13","1688111412"," "," ","8304","9608","System","DESKTOP-TC5H5CS","S-1-5-18","<Event xmlns='http://schemas.microsoft.com/win/2004/08/events/event'><System><Provider Name='Microsoft-Windows-WindowsUpdateClient' Guid='{945a8954-c147-4acd-923f-40c45405a658}'/><EventID>43</EventID><Version>1</Version><Level>4</Level><Task>1</Task><Opcode>13</Opcode><Keywords>0x8000000000002008</Keywords><TimeCreated SystemTime='2023-06-30T07:50:12.2970894Z'/><EventRecordID>570</EventRecordID><Correlation/><Execution ProcessID='8304' ThreadID='9608'/><Channel>System</Channel><Computer>DESKTOP-TC5H5CS</Computer><Security UserID='S-1-5-18'/></System><EventData><Data Name='updateTitle'>2023-06 ֿns Windows 10 Version 22H2 AΩ x64 t (KB5027215)</Data><Data Name='updateGuid'>{e13a175c-c175-4c3b-b782-611490757416}</Data><Data Name='updateRevisionNumber'>1</Data></EventData></Event>"
﻿"571","Microsoft-Windows-WindowsUpdateClient","{945A8954-C147-4ACD-923F-40C45405A658}","43","1","INFORMATION"," ","1","13","1688111413"," "," ","8304","5332","System","DESKTOP-TC5H5CS","S-1-5-18","<Event xmlns='http://schemas.microsoft.com/win/2004/08/events/event'><System><Provider Name='Microsoft-Windows-WindowsUpdateClient' Guid='{945a8954-c147-4acd-923f-40c45405a658}'/><EventID>43</EventID><Version>1</Version><Level>4</Level><Task>1</Task><Opcode>13</Opcode><Keywords>0x8000000000002008</Keywords><TimeCreated SystemTime='2023-06-30T07:50:13.3825177Z'/><EventRecordID>571</EventRecordID><Correlation/><Execution ProcessID='8304' ThreadID='5332'/><Channel>System</Channel><Computer>DESKTOP-TC5H5CS</Computer><Security UserID='S-1-5-18'/></System><EventData><Data Name='updateTitle'>9PMMSR1CGPWG-Microsoft.HEIFImageExtension</Data><Data Name='updateGuid'>{71496430-588f-40fa-bce1-1d27a4efd371}</Data><Data Name='updateRevisionNumber'>1</Data></EventData></Event>"
﻿"572","Microsoft-Windows-Kernel-General","{A68CA8B7-004F-D7B6-A698-07E2DE0F1F5D}","16","0","INFORMATION"," ","0","0","1688111414"," "," ","8148","3792","System","DESKTOP-TC5H5CS","S-1-5-21-2081973557-1603719640-2355346784-1001","<Event xmlns='http://schemas.microsoft.com/win/2004/08/events/event'><System><Provider Name='Microsoft-Windows-Kernel-General' Guid='{a68ca8b7-004f-d7b6-a698-07e2de0f1f5d}'/><EventID>16</EventID><Version>0</Version><Level>4</Level><Task>0</Task><Opcode>0</Opcode><Keywords>0x8000000000000000</Keywords><TimeCreated SystemTime='2023-06-30T07:50:14.2318859Z'/><EventRecordID>572</EventRecordID><Correlation/><Execution ProcessID='8148' ThreadID='3792'/><Channel>System</Channel><Computer>DESKTOP-TC5H5CS</Computer><Security UserID='S-1-5-21-2081973557-1603719640-2355346784-1001'/></System><EventData><Data Name='HiveNameLength'>105</Data><Data Name='HiveName'>\??\C:\Users\test\AppData\Local\Packages\Microsoft.HEIFImageExtension_8wekyb3d8bbwe\Settings\settings.dat</Data><Data Name='KeysUpdated'>3</Data><Data Name='DirtyPages'>1</Data></EventData></Event>"
﻿"573","Microsoft-Windows-WindowsUpdateClient","{945A8954-C147-4ACD-923F-40C45405A658}","19","1","INFORMATION"," ","1","13","1688111415","{7BA622C1-AB14-0000-99D5-A87B14ABD901}"," ","8304","5332","System","DESKTOP-TC5H5CS","S-1-5-18","<Event xmlns='http://schemas.microsoft.com/win/2004/08/events/event'><System><Provider Name='Microsoft-Windows-WindowsUpdateClient' Guid='{945a8954-c147-4acd-923f-40c45405a658}'/><EventID>19</EventID><Version>1</Version><Level>4</Level><Task>1</Task><Opcode>13</Opcode><Keywords>0x8000000000000018</Keywords><TimeCreated SystemTime='2023-06-30T07:50:15.7210498Z'/><EventRecordID>573</EventRecordID><Correlation ActivityID='{7ba622c1-ab14-0000-99d5-a87b14abd901}'/><Execution ProcessID='8304' ThreadID='5332'/><Channel>System</Channel><Computer>DESKTOP-TC5H5CS</Computer><Security UserID='S-1-5-18'/></System><EventData><Data Name='updateTitle'>9PMMSR1CGPWG-Microsoft.HEIFImageExtension</Data><Data Name='updateGuid'>{71496430-588f-40fa-bce1-1d27a4efd371}</Data><Data Name='updateRevisionNumber'>1</Data><Data Name='serviceGuid'>{855e8a7c-ecb4-4ca3-b045-1dfa50104289}</Data></EventData></Event>"
﻿"574","Microsoft-Windows-WindowsUpdateClient","{945A8954-C147-4ACD-923F-40C45405A658}","44","1","INFORMATION"," ","1","12","1688111421"," "," ","8304","11224","System","DESKTOP-TC5H5CS","S-1-5-18","<Event xmlns='http://schemas.microsoft.com/win/2004/08/events/event'><System><Provider Name='Microsoft-Windows-WindowsUpdateClient' Guid='{945a8954-c147-4acd-923f-40c45405a658}'/><EventID>44</EventID><Version>1</Version><Level>4</Level><Task>1</Task><Opcode>12</Opcode><Keywords>0x8000000000002004</Keywords><TimeCreated SystemTime='2023-06-30T07:50:21.2655727Z'/><EventRecordID>574</EventRecordID><Correlation/><Execution ProcessID='8304' ThreadID='11224'/><Channel>System</Channel><Computer>DESKTOP-TC5H5CS</Computer><Security UserID='S-1-5-18'/></System><EventData><Data Name='updateTitle'>9WZDNCRDTBVB-MICROSOFT.WINDOWSMAPS</Data><Data Name='updateGuid'>{27dad7da-5a48-4610-a23f-18ed4004030a}</Data><Data Name='updateRevisionNumber'>1</Data></EventData></Event>"
﻿"575","Microsoft-Windows-WindowsUpdateClient","{945A8954-C147-4ACD-923F-40C45405A658}","44","1","INFORMATION"," ","1","12","1688111421"," "," ","8304","11224","System","DESKTOP-TC5H5CS","S-1-5-18","<Event xmlns='http://schemas.microsoft.com/win/2004/08/events/event'><System><Provider Name='Microsoft-Windows-WindowsUpdateClient' Guid='{945a8954-c147-4acd-923f-40c45405a658}'/><EventID>44</EventID><Version>1</Version><Level>4</Level><Task>1</Task><Opcode>12</Opcode><Keywords>0x8000000000002004</Keywords><TimeCreated SystemTime='2023-06-30T07:50:21.2655758Z'/><EventRecordID>575</EventRecordID><Correlation/><Execution ProcessID='8304' ThreadID='11224'/><Channel>System</Channel><Computer>DESKTOP-TC5H5CS</Computer><Security UserID='S-1-5-18'/></System><EventData><Data Name='updateTitle'>9PLL735RFDSM-Microsoft.NET.Native.Runtime.2.2</Data><Data Name='updateGuid'>{78d00b8d-c973-4e6d-bab8-6d829f76fb3d}</Data><Data Name='updateRevisionNumber'>1</Data></EventData></Event>"
﻿"576","Microsoft-Windows-WindowsUpdateClient","{945A8954-C147-4ACD-923F-40C45405A658}","44","1","INFORMATION"," ","1","12","1688111421"," "," ","8304","11224","System","DESKTOP-TC5H5CS","S-1-5-18","<Event xmlns='http://schemas.microsoft.com/win/2004/08/events/event'><System><Provider Name='Microsoft-Windows-WindowsUpdateClient' Guid='{945a8954-c147-4acd-923f-40c45405a658}'/><EventID>44</EventID><Version>1</Version><Level>4</Level><Task>1</Task><Opcode>12</Opcode><Keywords>0x8000000000002004</Keywords><TimeCreated SystemTime='2023-06-30T07:50:21.2655771Z'/><EventRecordID>576</EventRecordID><Correlation/><Execution ProcessID='8304' ThreadID='11224'/><Channel>System</Channel><Computer>DESKTOP-TC5H5CS</Computer><Security UserID='S-1-5-18'/></System><EventData><Data Name='updateTitle'>9WZDNCRDTBVB-MICROSOFT.WINDOWSMAPS</Data><Data Name='updateGuid'>{27dad7da-5a48-4610-a23f-18ed4004030a}</Data><Data Name='updateRevisionNumber'>1</Data></EventData></Event>"
﻿"577","Microsoft-Windows-WindowsUpdateClient","{945A8954-C147-4ACD-923F-40C45405A658}","44","1","INFORMATION"," ","1","12","1688111421"," "," ","8304","11224","System","DESKTOP-TC5H5CS","S-1-5-18","<Event xmlns='http://schemas.microsoft.com/win/2004/08/events/event'><System><Provider Name='Microsoft-Windows-WindowsUpdateClient' Guid='{945a8954-c147-4acd-923f-40c45405a658}'/><EventID>44</EventID><Version>1</Version><Level>4</Level><Task>1</Task><Opcode>12</Opcode><Keywords>0x8000000000002004</Keywords><TimeCreated SystemTime='2023-06-30T07:50:21.2655783Z'/><EventRecordID>577</EventRecordID><Correlation/><Execution ProcessID='8304' ThreadID='11224'/><Channel>System</Channel><Computer>DESKTOP-TC5H5CS</Computer><Security UserID='S-1-5-18'/></System><EventData><Data Name='updateTitle'>9NBLGGH4R32N-Microsoft.WindowsFeedbackHub</Data><Data Name='updateGuid'>{010bf6f8-5f81-4278-a0c6-f4bdcc038f11}</Data><Data Name='updateRevisionNumber'>1</Data></EventData></Event>"
﻿"578","Microsoft-Windows-WindowsUpdateClient","{945A8954-C147-4ACD-923F-40C45405A658}","44","1","INFORMATION"," ","1","12","1688111424"," "," ","8304","11224","System","DESKTOP-TC5H5CS","S-1-5-18","<Event xmlns='http://schemas.microsoft.com/win/2004/08/events/event'><System><Provider Name='Microsoft-Windows-WindowsUpdateClient' Guid='{945a8954-c147-4acd-923f-40c45405a658}'/><EventID>44</EventID><Version>1</Version><Level>4</Level><Task>1</Task><Opcode>12</Opcode><Keywords>0x8000000000002004</Keywords><TimeCreated SystemTime='2023-06-30T07:50:24.3463984Z'/><EventRecordID>578</EventRecordID><Correlation/><Execution ProcessID='8304' ThreadID='11224'/><Channel>System</Channel><Computer>DESKTOP-TC5H5CS</Computer><Security UserID='S-1-5-18'/></System><EventData><Data Name='updateTitle'>9WZDNCRDTBVB-MICROSOFT.WINDOWSMAPS</Data><Data Name='updateGuid'>{27dad7da-5a48-4610-a23f-18ed4004030a}</Data><Data Name='updateRevisionNumber'>1</Data></EventData></Event>"
﻿"579","Microsoft-Windows-WindowsUpdateClient","{945A8954-C147-4ACD-923F-40C45405A658}","44","1","INFORMATION"," ","1","12","1688111424"," "," ","8304","11224","System","DESKTOP-TC5H5CS","S-1-5-18","<Event xmlns='http://schemas.microsoft.com/win/2004/08/events/event'><System><Provider Name='Microsoft-Windows-WindowsUpdateClient' Guid='{945a8954-c147-4acd-923f-40c45405a658}'/><EventID>44</EventID><Version>1</Version><Level>4</Level><Task>1</Task><Opcode>12</Opcode><Keywords>0x8000000000002004</Keywords><TimeCreated SystemTime='2023-06-30T07:50:24.3464008Z'/><EventRecordID>579</EventRecordID><Correlation/><Execution ProcessID='8304' ThreadID='11224'/><Channel>System</Channel><Computer>DESKTOP-TC5H5CS</Computer><Security UserID='S-1-5-18'/></System><EventData><Data Name='updateTitle'>9MW2LKJ0TPJF-Microsoft.NET.Native.Framework.2.2</Data><Data Name='updateGuid'>{2bfc90df-c5e5-4c06-b503-16647503bf6a}</Data><Data Name='updateRevisionNumber'>1</Data></EventData></Event>"
﻿"580","Microsoft-Windows-WindowsUpdateClient","{945A8954-C147-4ACD-923F-40C45405A658}","44","1","INFORMATION"," ","1","12","1688111424"," "," ","8304","11224","System","DESKTOP-TC5H5CS","S-1-5-18","<Event xmlns='http://schemas.microsoft.com/win/2004/08/events/event'><System><Provider Name='Microsoft-Windows-WindowsUpdateClient' Guid='{945a8954-c147-4acd-923f-40c45405a658}'/><EventID>44</EventID><Version>1</Version><Level>4</Level><Task>1</Task><Opcode>12</Opcode><Keywords>0x8000000000002004</Keywords><TimeCreated SystemTime='2023-06-30T07:50:24.3464025Z'/><EventRecordID>580</EventRecordID><Correlation/><Execution ProcessID='8304' ThreadID='11224'/><Channel>System</Channel><Computer>DESKTOP-TC5H5CS</Computer><Security UserID='S-1-5-18'/></System><EventData><Data Name='updateTitle'>9NBLGGH4R32N-Microsoft.WindowsFeedbackHub</Data><Data Name='updateGuid'>{010bf6f8-5f81-4278-a0c6-f4bdcc038f11}</Data><Data Name='updateRevisionNumber'>1</Data></EventData></Event>"
﻿"581","Microsoft-Windows-WindowsUpdateClient","{945A8954-C147-4ACD-923F-40C45405A658}","44","1","INFORMATION"," ","1","12","1688111430"," "," ","8304","11224","System","DESKTOP-TC5H5CS","S-1-5-18","<Event xmlns='http://schemas.microsoft.com/win/2004/08/events/event'><System><Provider Name='Microsoft-Windows-WindowsUpdateClient' Guid='{945a8954-c147-4acd-923f-40c45405a658}'/><EventID>44</EventID><Version>1</Version><Level>4</Level><Task>1</Task><Opcode>12</Opcode><Keywords>0x8000000000002004</Keywords><TimeCreated SystemTime='2023-06-30T07:50:30.1958459Z'/><EventRecordID>581</EventRecordID><Correlation/><Execution ProcessID='8304' ThreadID='11224'/><Channel>System</Channel><Computer>DESKTOP-TC5H5CS</Computer><Security UserID='S-1-5-18'/></System><EventData><Data Name='updateTitle'>9WZDNCRDTBVB-MICROSOFT.WINDOWSMAPS</Data><Data Name='updateGuid'>{27dad7da-5a48-4610-a23f-18ed4004030a}</Data><Data Name='updateRevisionNumber'>1</Data></EventData></Event>"
﻿"582","Microsoft-Windows-WindowsUpdateClient","{945A8954-C147-4ACD-923F-40C45405A658}","44","1","INFORMATION"," ","1","12","1688111430"," "," ","8304","11224","System","DESKTOP-TC5H5CS","S-1-5-18","<Event xmlns='http://schemas.microsoft.com/win/2004/08/events/event'><System><Provider Name='Microsoft-Windows-WindowsUpdateClient' Guid='{945a8954-c147-4acd-923f-40c45405a658}'/><EventID>44</EventID><Version>1</Version><Level>4</Level><Task>1</Task><Opcode>12</Opcode><Keywords>0x8000000000002004</Keywords><TimeCreated SystemTime='2023-06-30T07:50:30.1958482Z'/><EventRecordID>582</EventRecordID><Correlation/><Execution ProcessID='8304' ThreadID='11224'/><Channel>System</Channel><Computer>DESKTOP-TC5H5CS</Computer><Security UserID='S-1-5-18'/></System><EventData><Data Name='updateTitle'>9MW2LKJ0TPJF-Microsoft.NET.Native.Framework.2.2</Data><Data Name='updateGuid'>{2bfc90df-c5e5-4c06-b503-16647503bf6a}</Data><Data Name='updateRevisionNumber'>1</Data></EventData></Event>"
﻿"583","Microsoft-Windows-WindowsUpdateClient","{945A8954-C147-4ACD-923F-40C45405A658}","44","1","INFORMATION"," ","1","12","1688111430"," "," ","8304","11224","System","DESKTOP-TC5H5CS","S-1-5-18","<Event xmlns='http://schemas.microsoft.com/win/2004/08/events/event'><System><Provider Name='Microsoft-Windows-WindowsUpdateClient' Guid='{945a8954-c147-4acd-923f-40c45405a658}'/><EventID>44</EventID><Version>1</Version><Level>4</Level><Task>1</Task><Opcode>12</Opcode><Keywords>0x8000000000002004</Keywords><TimeCreated SystemTime='2023-06-30T07:50:30.1958493Z'/><EventRecordID>583</EventRecordID><Correlation/><Execution ProcessID='8304' ThreadID='11224'/><Channel>System</Channel><Computer>DESKTOP-TC5H5CS</Computer><Security UserID='S-1-5-18'/></System><EventData><Data Name='updateTitle'>9NBLGGH4R32N-Microsoft.WindowsFeedbackHub</Data><Data Name='updateGuid'>{010bf6f8-5f81-4278-a0c6-f4bdcc038f11}</Data><Data Name='updateRevisionNumber'>1</Data></EventData></Event>"
﻿"584","Microsoft-Windows-WindowsUpdateClient","{945A8954-C147-4ACD-923F-40C45405A658}","44","1","INFORMATION"," ","1","12","1688111432"," "," ","8304","11224","System","DESKTOP-TC5H5CS","S-1-5-18","<Event xmlns='http://schemas.microsoft.com/win/2004/08/events/event'><System><Provider Name='Microsoft-Windows-WindowsUpdateClient' Guid='{945a8954-c147-4acd-923f-40c45405a658}'/><EventID>44</EventID><Version>1</Version><Level>4</Level><Task>1</Task><Opcode>12</Opcode><Keywords>0x8000000000002004</Keywords><TimeCreated SystemTime='2023-06-30T07:50:32.8417440Z'/><EventRecordID>584</EventRecordID><Correlation/><Execution ProcessID='8304' ThreadID='11224'/><Channel>System</Channel><Computer>DESKTOP-TC5H5CS</Computer><Security UserID='S-1-5-18'/></System><EventData><Data Name='updateTitle'>9NSTH9KHZDLQ-Microsoft.UI.Xaml.2.8</Data><Data Name='updateGuid'>{3c8c0d52-86a1-4d52-8b5c-364415187227}</Data><Data Name='updateRevisionNumber'>1</Data></EventData></Event>"
﻿"585","Microsoft-Windows-WindowsUpdateClient","{945A8954-C147-4ACD-923F-40C45405A658}","44","1","INFORMATION"," ","1","12","1688111437"," "," ","8304","11224","System","DESKTOP-TC5H5CS","S-1-5-18","<Event xmlns='http://schemas.microsoft.com/win/2004/08/events/event'><System><Provider Name='Microsoft-Windows-WindowsUpdateClient' Guid='{945a8954-c147-4acd-923f-40c45405a658}'/><EventID>44</EventID><Version>1</Version><Level>4</Level><Task>1</Task><Opcode>12</Opcode><Keywords>0x8000000000002004</Keywords><TimeCreated SystemTime='2023-06-30T07:50:37.2711546Z'/><EventRecordID>585</EventRecordID><Correlation/><Execution ProcessID='8304' ThreadID='11224'/><Channel>System</Channel><Computer>DESKTOP-TC5H5CS</Computer><Security UserID='S-1-5-18'/></System><EventData><Data Name='updateTitle'>9NSTH9KHZDLQ-Microsoft.UI.Xaml.2.8</Data><Data Name='updateGuid'>{3c8c0d52-86a1-4d52-8b5c-364415187227}</Data><Data Name='updateRevisionNumber'>1</Data></EventData></Event>"
﻿"586","Microsoft-Windows-WindowsUpdateClient","{945A8954-C147-4ACD-923F-40C45405A658}","44","1","INFORMATION"," ","1","12","1688111444"," "," ","8304","11224","System","DESKTOP-TC5H5CS","S-1-5-18","<Event xmlns='http://schemas.microsoft.com/win/2004/08/events/event'><System><Provider Name='Microsoft-Windows-WindowsUpdateClient' Guid='{945a8954-c147-4acd-923f-40c45405a658}'/><EventID>44</EventID><Version>1</Version><Level>4</Level><Task>1</Task><Opcode>12</Opcode><Keywords>0x8000000000002004</Keywords><TimeCreated SystemTime='2023-06-30T07:50:44.6120221Z'/><EventRecordID>586</EventRecordID><Correlation/><Execution ProcessID='8304' ThreadID='11224'/><Channel>System</Channel><Computer>DESKTOP-TC5H5CS</Computer><Security UserID='S-1-5-18'/></System><EventData><Data Name='updateTitle'>Microsoft Defender Antivirus ws - KB2267602 ] 1.391.3091.0^</Data><Data Name='updateGuid'>{38fa8d92-207f-441c-a0ca-fb999bbdbea0}</Data><Data Name='updateRevisionNumber'>200</Data></EventData></Event>"
﻿"587","Microsoft-Windows-WindowsUpdateClient","{945A8954-C147-4ACD-923F-40C45405A658}","44","1","INFORMATION"," ","1","12","1688111445"," "," ","8304","2272","System","DESKTOP-TC5H5CS","S-1-5-18","<Event xmlns='http://schemas.microsoft.com/win/2004/08/events/event'><System><Provider Name='Microsoft-Windows-WindowsUpdateClient' Guid='{945a8954-c147-4acd-923f-40c45405a658}'/><EventID>44</EventID><Version>1</Version><Level>4</Level><Task>1</Task><Opcode>12</Opcode><Keywords>0x8000000000002004</Keywords><TimeCreated SystemTime='2023-06-30T07:50:45.5257065Z'/><EventRecordID>587</EventRecordID><Correlation/><Execution ProcessID='8304' ThreadID='2272'/><Channel>System</Channel><Computer>DESKTOP-TC5H5CS</Computer><Security UserID='S-1-5-18'/></System><EventData><Data Name='updateTitle'>9WZDNCRFJ3Q2-Microsoft.BingWeather</Data><Data Name='updateGuid'>{48714e5a-fe31-405b-83c8-e7a92b26a09f}</Data><Data Name='updateRevisionNumber'>1</Data></EventData></Event>"
﻿"588","Microsoft-Windows-WindowsUpdateClient","{945A8954-C147-4ACD-923F-40C45405A658}","43","1","INFORMATION"," ","1","13","1688111445"," "," ","8304","2272","System","DESKTOP-TC5H5CS","S-1-5-18","<Event xmlns='http://schemas.microsoft.com/win/2004/08/events/event'><System><Provider Name='Microsoft-Windows-WindowsUpdateClient' Guid='{945a8954-c147-4acd-923f-40c45405a658}'/><EventID>43</EventID><Version>1</Version><Level>4</Level><Task>1</Task><Opcode>13</Opcode><Keywords>0x8000000000002008</Keywords><TimeCreated SystemTime='2023-06-30T07:50:45.5257111Z'/><EventRecordID>588</EventRecordID><Correlation/><Execution ProcessID='8304' ThreadID='2272'/><Channel>System</Channel><Computer>DESKTOP-TC5H5CS</Computer><Security UserID='S-1-5-18'/></System><EventData><Data Name='updateTitle'>Microsoft Defender Antivirus ws - KB2267602 ] 1.391.3091.0^</Data><Data Name='updateGuid'>{38fa8d92-207f-441c-a0ca-fb999bbdbea0}</Data><Data Name='updateRevisionNumber'>200</Data></EventData></Event>"
﻿"589","Microsoft-Windows-Kernel-General","{A68CA8B7-004F-D7B6-A698-07E2DE0F1F5D}","16","0","INFORMATION"," ","0","0","1688111476"," "," ","8148","1192","System","DESKTOP-TC5H5CS","S-1-5-18","<Event xmlns='http://schemas.microsoft.com/win/2004/08/events/event'><System><Provider Name='Microsoft-Windows-Kernel-General' Guid='{a68ca8b7-004f-d7b6-a698-07e2de0f1f5d}'/><EventID>16</EventID><Version>0</Version><Level>4</Level><Task>0</Task><Opcode>0</Opcode><Keywords>0x8000000000000000</Keywords><TimeCreated SystemTime='2023-06-30T07:51:16.3943115Z'/><EventRecordID>589</EventRecordID><Correlation/><Execution ProcessID='8148' ThreadID='1192'/><Channel>System</Channel><Computer>DESKTOP-TC5H5CS</Computer><Security UserID='S-1-5-18'/></System><EventData><Data Name='HiveNameLength'>141</Data><Data Name='HiveName'>\??\C:\ProgramData\Microsoft\Windows\AppRepository\Packages\Microsoft.WindowsFeedbackHub_1.2304.1243.0_x64__8wekyb3d8bbwe\ActivationStore.dat</Data><Data Name='KeysUpdated'>0</Data><Data Name='DirtyPages'>0</Data></EventData></Event>"
﻿"590","Microsoft-Windows-WindowsUpdateClient","{945A8954-C147-4ACD-923F-40C45405A658}","44","1","INFORMATION"," ","1","12","1688111483"," "," ","8304","11224","System","DESKTOP-TC5H5CS","S-1-5-18","<Event xmlns='http://schemas.microsoft.com/win/2004/08/events/event'><System><Provider Name='Microsoft-Windows-WindowsUpdateClient' Guid='{945a8954-c147-4acd-923f-40c45405a658}'/><EventID>44</EventID><Version>1</Version><Level>4</Level><Task>1</Task><Opcode>12</Opcode><Keywords>0x8000000000002004</Keywords><TimeCreated SystemTime='2023-06-30T07:51:23.0882912Z'/><EventRecordID>590</EventRecordID><Correlation/><Execution ProcessID='8304' ThreadID='11224'/><Channel>System</Channel><Computer>DESKTOP-TC5H5CS</Computer><Security UserID='S-1-5-18'/></System><EventData><Data Name='updateTitle'>9NSTH9KHZDLQ-Microsoft.UI.Xaml.2.8</Data><Data Name='updateGuid'>{3c8c0d52-86a1-4d52-8b5c-364415187227}</Data><Data Name='updateRevisionNumber'>1</Data></EventData></Event>"
﻿"591","Microsoft-Windows-WindowsUpdateClient","{945A8954-C147-4ACD-923F-40C45405A658}","44","1","INFORMATION"," ","1","12","1688111483"," "," ","8304","11224","System","DESKTOP-TC5H5CS","S-1-5-18","<Event xmlns='http://schemas.microsoft.com/win/2004/08/events/event'><System><Provider Name='Microsoft-Windows-WindowsUpdateClient' Guid='{945a8954-c147-4acd-923f-40c45405a658}'/><EventID>44</EventID><Version>1</Version><Level>4</Level><Task>1</Task><Opcode>12</Opcode><Keywords>0x8000000000002004</Keywords><TimeCreated SystemTime='2023-06-30T07:51:23.0882929Z'/><EventRecordID>591</EventRecordID><Correlation/><Execution ProcessID='8304' ThreadID='11224'/><Channel>System</Channel><Computer>DESKTOP-TC5H5CS</Computer><Security UserID='S-1-5-18'/></System><EventData><Data Name='updateTitle'>9WZDNCRFJ3Q2-Microsoft.BingWeather</Data><Data Name='updateGuid'>{48714e5a-fe31-405b-83c8-e7a92b26a09f}</Data><Data Name='updateRevisionNumber'>1</Data></EventData></Event>"
﻿"592","Microsoft-Windows-WindowsUpdateClient","{945A8954-C147-4ACD-923F-40C45405A658}","44","1","INFORMATION"," ","1","12","1688111483"," "," ","8304","11224","System","DESKTOP-TC5H5CS","S-1-5-18","<Event xmlns='http://schemas.microsoft.com/win/2004/08/events/event'><System><Provider Name='Microsoft-Windows-WindowsUpdateClient' Guid='{945a8954-c147-4acd-923f-40c45405a658}'/><EventID>44</EventID><Version>1</Version><Level>4</Level><Task>1</Task><Opcode>12</Opcode><Keywords>0x8000000000002004</Keywords><TimeCreated SystemTime='2023-06-30T07:51:23.0882941Z'/><EventRecordID>592</EventRecordID><Correlation/><Execution ProcessID='8304' ThreadID='11224'/><Channel>System</Channel><Computer>DESKTOP-TC5H5CS</Computer><Security UserID='S-1-5-18'/></System><EventData><Data Name='updateTitle'>9NSTH9KHZDLQ-Microsoft.UI.Xaml.2.8</Data><Data Name='updateGuid'>{3c8c0d52-86a1-4d52-8b5c-364415187227}</Data><Data Name='updateRevisionNumber'>1</Data></EventData></Event>"
﻿"593","Microsoft-Windows-WindowsUpdateClient","{945A8954-C147-4ACD-923F-40C45405A658}","44","1","INFORMATION"," ","1","12","1688111483"," "," ","8304","11224","System","DESKTOP-TC5H5CS","S-1-5-18","<Event xmlns='http://schemas.microsoft.com/win/2004/08/events/event'><System><Provider Name='Microsoft-Windows-WindowsUpdateClient' Guid='{945a8954-c147-4acd-923f-40c45405a658}'/><EventID>44</EventID><Version>1</Version><Level>4</Level><Task>1</Task><Opcode>12</Opcode><Keywords>0x8000000000002004</Keywords><TimeCreated SystemTime='2023-06-30T07:51:23.0882952Z'/><EventRecordID>593</EventRecordID><Correlation/><Execution ProcessID='8304' ThreadID='11224'/><Channel>System</Channel><Computer>DESKTOP-TC5H5CS</Computer><Security UserID='S-1-5-18'/></System><EventData><Data Name='updateTitle'>9WZDNCRFJ3Q2-Microsoft.BingWeather</Data><Data Name='updateGuid'>{48714e5a-fe31-405b-83c8-e7a92b26a09f}</Data><Data Name='updateRevisionNumber'>1</Data></EventData></Event>"
