﻿"1601","User32","{B0AA8734-56F7-41CC-B2F4-DE228E98B946}","2147484722","0","INFORMATION"," ","0","0","1689154446"," "," ","440","564","System","DESKTOP-TC5H5CS","S-1-5-18","<Event xmlns='http://schemas.microsoft.com/win/2004/08/events/event'><System><Provider Name='User32' Guid='{b0aa8734-56f7-41cc-b2f4-de228e98b946}' EventSourceName='User32'/><EventID Qualifiers='32768'>1074</EventID><Version>0</Version><Level>4</Level><Task>0</Task><Opcode>0</Opcode><Keywords>0x8080000000000000</Keywords><TimeCreated SystemTime='2023-07-12T09:34:06.8319369Z'/><EventRecordID>1601</EventRecordID><Correlation/><Execution ProcessID='440' ThreadID='564'/><Channel>System</Channel><Computer>DESKTOP-TC5H5CS</Computer><Security UserID='S-1-5-18'/></System><EventData><Data Name='param1'>C:\Windows\system32\svchost.exe (DESKTOP-TC5H5CS)</Data><Data Name='param2'>DESKTOP-TC5H5CS</Data><Data Name='param3'>@~t: Service Pack (p)</Data><Data Name='param4'>0x80020010</Data><Data Name='param5'>sҰ</Data><Data Name='param6'></Data><Data Name='param7'>NT AUTHORITY\SYSTEM</Data></EventData></Event>"
﻿"1602","Microsoft-Windows-DistributedCOM","{1B562E86-B7AA-4131-BADC-B6F3A001407E}","10010","0","ERROR"," ","0","0","1689154456","{F81A32A9-0AE6-48C7-A636-9D2600484721}"," ","904","3536","System","DESKTOP-TC5H5CS","S-1-5-21-2081973557-1603719640-2355346784-1001","<Event xmlns='http://schemas.microsoft.com/win/2004/08/events/event'><System><Provider Name='Microsoft-Windows-DistributedCOM' Guid='{1B562E86-B7AA-4131-BADC-B6F3A001407E}' EventSourceName='DCOM'/><EventID Qualifiers='0'>10010</EventID><Version>0</Version><Level>2</Level><Task>0</Task><Opcode>0</Opcode><Keywords>0x8080000000000000</Keywords><TimeCreated SystemTime='2023-07-12T09:34:16.7692398Z'/><EventRecordID>1602</EventRecordID><Correlation ActivityID='{f81a32a9-0ae6-48c7-a636-9d2600484721}'/><Execution ProcessID='904' ThreadID='3536'/><Channel>System</Channel><Computer>DESKTOP-TC5H5CS</Computer><Security UserID='S-1-5-21-2081973557-1603719640-2355346784-1001'/></System><EventData><Data Name='param1'>{9BA05972-F6A8-11CF-A442-00A0C90A8F39}</Data></EventData></Event>"
﻿"1603","Microsoft-Windows-Winlogon","{DBE9B383-7CF3-4331-91CC-A3CB16A3B538}","7002","0","INFORMATION"," ","1102","0","1689154458"," "," ","4700","4864","System","DESKTOP-TC5H5CS","S-1-5-18","<Event xmlns='http://schemas.microsoft.com/win/2004/08/events/event'><System><Provider Name='Microsoft-Windows-Winlogon' Guid='{dbe9b383-7cf3-4331-91cc-a3cb16a3b538}'/><EventID>7002</EventID><Version>0</Version><Level>4</Level><Task>1102</Task><Opcode>0</Opcode><Keywords>0x2000200000000000</Keywords><TimeCreated SystemTime='2023-07-12T09:34:18.6077776Z'/><EventRecordID>1603</EventRecordID><Correlation/><Execution ProcessID='4700' ThreadID='4864'/><Channel>System</Channel><Computer>DESKTOP-TC5H5CS</Computer><Security UserID='S-1-5-18'/></System><EventData><Data Name='TSId'>2</Data><Data Name='UserSid'>S-1-5-21-2081973557-1603719640-2355346784-1001</Data></EventData></Event>"
﻿"1604","EventLog"," ","2147489654","0","INFORMATION"," ","0","0","1689154544"," "," ","0","0","System","DESKTOP-TC5H5CS"," ","<Event xmlns='http://schemas.microsoft.com/win/2004/08/events/event'><System><Provider Name='EventLog'/><EventID Qualifiers='32768'>6006</EventID><Version>0</Version><Level>4</Level><Task>0</Task><Opcode>0</Opcode><Keywords>0x80000000000000</Keywords><TimeCreated SystemTime='2023-07-12T09:35:44.0360722Z'/><EventRecordID>1604</EventRecordID><Correlation/><Execution ProcessID='0' ThreadID='0'/><Channel>System</Channel><Computer>DESKTOP-TC5H5CS</Computer><Security/></System><EventData><Binary>0100000003000000</Binary></EventData></Event>"
﻿"1605","Microsoft-Windows-Dhcp-Client","{15A7A4F8-0072-4EAB-ABAD-F98A4D666AED}","50104","0","INFORMATION"," ","4","129","1689154543"," "," ","1608","1612","System","DESKTOP-TC5H5CS","S-1-5-19","<Event xmlns='http://schemas.microsoft.com/win/2004/08/events/event'><System><Provider Name='Microsoft-Windows-Dhcp-Client' Guid='{15a7a4f8-0072-4eab-abad-f98a4d666aed}'/><EventID>50104</EventID><Version>0</Version><Level>4</Level><Task>4</Task><Opcode>129</Opcode><Keywords>0x2000000000000000</Keywords><TimeCreated SystemTime='2023-07-12T09:35:43.8577284Z'/><EventRecordID>1605</EventRecordID><Correlation/><Execution ProcessID='1608' ThreadID='1612'/><Channel>System</Channel><Computer>DESKTOP-TC5H5CS</Computer><Security UserID='S-1-5-19'/></System><EventData></EventData></Event>"
﻿"1606","Microsoft-Windows-Dhcp-Client","{15A7A4F8-0072-4EAB-ABAD-F98A4D666AED}","50105","0","INFORMATION"," ","4","129","1689154543"," "," ","1608","1672","System","DESKTOP-TC5H5CS","S-1-5-19","<Event xmlns='http://schemas.microsoft.com/win/2004/08/events/event'><System><Provider Name='Microsoft-Windows-Dhcp-Client' Guid='{15a7a4f8-0072-4eab-abad-f98a4d666aed}'/><EventID>50105</EventID><Version>0</Version><Level>4</Level><Task>4</Task><Opcode>129</Opcode><Keywords>0x2000000000000000</Keywords><TimeCreated SystemTime='2023-07-12T09:35:43.8990753Z'/><EventRecordID>1606</EventRecordID><Correlation/><Execution ProcessID='1608' ThreadID='1672'/><Channel>System</Channel><Computer>DESKTOP-TC5H5CS</Computer><Security UserID='S-1-5-19'/></System><EventData></EventData></Event>"
﻿"1607","Microsoft-Windows-DHCPv6-Client","{6A1F2B00-6A90-4C38-95A5-5CAB3B056778}","51047","0","INFORMATION"," ","4","63","1689154543"," "," ","1608","1716","System","DESKTOP-TC5H5CS","S-1-5-19","<Event xmlns='http://schemas.microsoft.com/win/2004/08/events/event'><System><Provider Name='Microsoft-Windows-DHCPv6-Client' Guid='{6a1f2b00-6a90-4c38-95a5-5cab3b056778}'/><EventID>51047</EventID><Version>0</Version><Level>4</Level><Task>4</Task><Opcode>63</Opcode><Keywords>0x2000000000000000</Keywords><TimeCreated SystemTime='2023-07-12T09:35:43.9273938Z'/><EventRecordID>1607</EventRecordID><Correlation/><Execution ProcessID='1608' ThreadID='1716'/><Channel>System</Channel><Computer>DESKTOP-TC5H5CS</Computer><Security UserID='S-1-5-19'/></System><EventData><Data Name='DwordVal'>1</Data></EventData></Event>"
﻿"1608","Microsoft-Windows-DHCPv6-Client","{6A1F2B00-6A90-4C38-95A5-5CAB3B056778}","51057","0","INFORMATION"," ","4","104","1689154543"," "," ","1608","1716","System","DESKTOP-TC5H5CS","S-1-5-19","<Event xmlns='http://schemas.microsoft.com/win/2004/08/events/event'><System><Provider Name='Microsoft-Windows-DHCPv6-Client' Guid='{6a1f2b00-6a90-4c38-95a5-5cab3b056778}'/><EventID>51057</EventID><Version>0</Version><Level>4</Level><Task>4</Task><Opcode>104</Opcode><Keywords>0x2000000000000000</Keywords><TimeCreated SystemTime='2023-07-12T09:35:43.9273953Z'/><EventRecordID>1608</EventRecordID><Correlation/><Execution ProcessID='1608' ThreadID='1716'/><Channel>System</Channel><Computer>DESKTOP-TC5H5CS</Computer><Security UserID='S-1-5-19'/></System><EventData><Data Name='DwordVal'>1</Data></EventData></Event>"
﻿"1609","Microsoft-Windows-Dhcp-Client","{15A7A4F8-0072-4EAB-ABAD-F98A4D666AED}","50106","0","INFORMATION"," ","4","129","1689154543"," "," ","1608","1672","System","DESKTOP-TC5H5CS","S-1-5-19","<Event xmlns='http://schemas.microsoft.com/win/2004/08/events/event'><System><Provider Name='Microsoft-Windows-Dhcp-Client' Guid='{15a7a4f8-0072-4eab-abad-f98a4d666aed}'/><EventID>50106</EventID><Version>0</Version><Level>4</Level><Task>4</Task><Opcode>129</Opcode><Keywords>0x2000000000000000</Keywords><TimeCreated SystemTime='2023-07-12T09:35:43.9430245Z'/><EventRecordID>1609</EventRecordID><Correlation/><Execution ProcessID='1608' ThreadID='1672'/><Channel>System</Channel><Computer>DESKTOP-TC5H5CS</Computer><Security UserID='S-1-5-19'/></System><EventData></EventData></Event>"
﻿"1610","Microsoft-Windows-Dhcp-Client","{15A7A4F8-0072-4EAB-ABAD-F98A4D666AED}","50037","0","INFORMATION"," ","4","69","1689154543"," "," ","1608","1672","System","DESKTOP-TC5H5CS","S-1-5-19","<Event xmlns='http://schemas.microsoft.com/win/2004/08/events/event'><System><Provider Name='Microsoft-Windows-Dhcp-Client' Guid='{15a7a4f8-0072-4eab-abad-f98a4d666aed}'/><EventID>50037</EventID><Version>0</Version><Level>4</Level><Task>4</Task><Opcode>69</Opcode><Keywords>0x2000000000000000</Keywords><TimeCreated SystemTime='2023-07-12T09:35:43.9430396Z'/><EventRecordID>1610</EventRecordID><Correlation/><Execution ProcessID='1608' ThreadID='1672'/><Channel>System</Channel><Computer>DESKTOP-TC5H5CS</Computer><Security UserID='S-1-5-19'/></System><EventData><Data Name='DwordVal'>1</Data></EventData></Event>"
﻿"1611","Microsoft-Windows-Kernel-Power","{331C3B3A-2005-44C2-AC5E-77220C37D6B4}","109","0","INFORMATION"," ","103","0","1689154548"," "," ","528","532","System","DESKTOP-TC5H5CS"," ","<Event xmlns='http://schemas.microsoft.com/win/2004/08/events/event'><System><Provider Name='Microsoft-Windows-Kernel-Power' Guid='{331c3b3a-2005-44c2-ac5e-77220c37d6b4}'/><EventID>109</EventID><Version>0</Version><Level>4</Level><Task>103</Task><Opcode>0</Opcode><Keywords>0x8000400000000404</Keywords><TimeCreated SystemTime='2023-07-12T09:35:48.8088122Z'/><EventRecordID>1611</EventRecordID><Correlation/><Execution ProcessID='528' ThreadID='532'/><Channel>System</Channel><Computer>DESKTOP-TC5H5CS</Computer><Security/></System><EventData><Data Name='ShutdownActionType'>5</Data><Data Name='ShutdownEventCode'>0</Data><Data Name='ShutdownReason'>5</Data></EventData></Event>"
﻿"1612","EventLog"," ","2147489657","0","INFORMATION"," ","0","0","1689154587"," "," ","0","0","System","DESKTOP-TC5H5CS"," ","<Event xmlns='http://schemas.microsoft.com/win/2004/08/events/event'><System><Provider Name='EventLog'/><EventID Qualifiers='32768'>6009</EventID><Version>0</Version><Level>4</Level><Task>0</Task><Opcode>0</Opcode><Keywords>0x80000000000000</Keywords><TimeCreated SystemTime='2023-07-12T09:36:27.5603417Z'/><EventRecordID>1612</EventRecordID><Correlation/><Execution ProcessID='0' ThreadID='0'/><Channel>System</Channel><Computer>DESKTOP-TC5H5CS</Computer><Security/></System><EventData><Data>10.00.</Data><Data>19045</Data><Data></Data><Data>Multiprocessor Free</Data><Data>0</Data></EventData></Event>"
﻿"1613","EventLog"," ","2147489653","0","INFORMATION"," ","0","0","1689154587"," "," ","0","0","System","DESKTOP-TC5H5CS"," ","<Event xmlns='http://schemas.microsoft.com/win/2004/08/events/event'><System><Provider Name='EventLog'/><EventID Qualifiers='32768'>6005</EventID><Version>0</Version><Level>4</Level><Task>0</Task><Opcode>0</Opcode><Keywords>0x80000000000000</Keywords><TimeCreated SystemTime='2023-07-12T09:36:27.5603417Z'/><EventRecordID>1613</EventRecordID><Correlation/><Execution ProcessID='0' ThreadID='0'/><Channel>System</Channel><Computer>DESKTOP-TC5H5CS</Computer><Security/></System><EventData><Binary>E707070003000C00090024001B0030020000000000000000</Binary></EventData></Event>"
﻿"1614","EventLog"," ","2147489661","0","INFORMATION"," ","0","0","1689154587"," "," ","0","0","System","DESKTOP-TC5H5CS"," ","<Event xmlns='http://schemas.microsoft.com/win/2004/08/events/event'><System><Provider Name='EventLog'/><EventID Qualifiers='32768'>6013</EventID><Version>0</Version><Level>4</Level><Task>0</Task><Opcode>0</Opcode><Keywords>0x80000000000000</Keywords><TimeCreated SystemTime='2023-07-12T09:36:27.5603417Z'/><EventRecordID>1614</EventRecordID><Correlation/><Execution ProcessID='0' ThreadID='0'/><Channel>System</Channel><Computer>DESKTOP-TC5H5CS</Computer><Security/></System><EventData><Data></Data><Data></Data><Data></Data><Data></Data><Data>28</Data><Data>60</Data><Data>-480 x_зǮɶ</Data><Binary>31002E003100000030000000570069006E0064006F00770073002000310030002000500072006F000000310030002E0030002E003100390030003400350020004200750069006C0064002000310039003000340035002000200000004D0075006C0074006900700072006F0063006500730073006F007200200046007200650065000000310039003000340031002E00760062005F00720065006C0065006100730065002E003100390031003200300036002D00310034003000360000003600340039006500360038003200390000004E006F007400200041007600610069006C00610062006C00650000004E006F007400200041007600610069006C00610062006C006500000039000000320000003800310039003200000034003000340000004400450053004B0054004F0050002D00540043003500480035004300530000000000</Binary></EventData></Event>"
﻿"1615","Microsoft-Windows-Kernel-General","{A68CA8B7-004F-D7B6-A698-07E2DE0F1F5D}","13","0","INFORMATION"," ","2","0","1689154549"," "," ","4","1884","System","DESKTOP-TC5H5CS"," ","<Event xmlns='http://schemas.microsoft.com/win/2004/08/events/event'><System><Provider Name='Microsoft-Windows-Kernel-General' Guid='{a68ca8b7-004f-d7b6-a698-07e2de0f1f5d}'/><EventID>13</EventID><Version>0</Version><Level>4</Level><Task>2</Task><Opcode>0</Opcode><Keywords>0x8000000000000080</Keywords><TimeCreated SystemTime='2023-07-12T09:35:49.8460939Z'/><EventRecordID>1615</EventRecordID><Correlation/><Execution ProcessID='4' ThreadID='1884'/><Channel>System</Channel><Computer>DESKTOP-TC5H5CS</Computer><Security/></System><EventData><Data Name='StopTime'>2023-07-12T09:35:49.8460920Z</Data></EventData></Event>"
﻿"1616","Microsoft-Windows-Kernel-General","{A68CA8B7-004F-D7B6-A698-07E2DE0F1F5D}","12","0","INFORMATION"," ","1","0","1689154559"," "," ","4","8","System","DESKTOP-TC5H5CS","S-1-5-18","<Event xmlns='http://schemas.microsoft.com/win/2004/08/events/event'><System><Provider Name='Microsoft-Windows-Kernel-General' Guid='{a68ca8b7-004f-d7b6-a698-07e2de0f1f5d}'/><EventID>12</EventID><Version>0</Version><Level>4</Level><Task>1</Task><Opcode>0</Opcode><Keywords>0x8000000000000080</Keywords><TimeCreated SystemTime='2023-07-12T09:35:59.6807171Z'/><EventRecordID>1616</EventRecordID><Correlation/><Execution ProcessID='4' ThreadID='8'/><Channel>System</Channel><Computer>DESKTOP-TC5H5CS</Computer><Security UserID='S-1-5-18'/></System><EventData><Data Name='MajorVersion'>10</Data><Data Name='MinorVersion'>0</Data><Data Name='BuildVersion'>19041</Data><Data Name='QfeVersion'>3208</Data><Data Name='ServiceVersion'>0</Data><Data Name='BootMode'>0</Data><Data Name='StartTime'>2023-07-12T09:35:59.5000000Z</Data></EventData></Event>"
﻿"1617","Microsoft-Windows-Kernel-Boot","{15CA44FF-4D7A-4BAA-BBA5-0998955E531E}","153","0","INFORMATION"," ","62","0","1689154559"," "," ","4","8","System","DESKTOP-TC5H5CS","S-1-5-18","<Event xmlns='http://schemas.microsoft.com/win/2004/08/events/event'><System><Provider Name='Microsoft-Windows-Kernel-Boot' Guid='{15ca44ff-4d7a-4baa-bba5-0998955e531e}'/><EventID>153</EventID><Version>0</Version><Level>4</Level><Task>62</Task><Opcode>0</Opcode><Keywords>0x8000000000000000</Keywords><TimeCreated SystemTime='2023-07-12T09:35:59.6807759Z'/><EventRecordID>1617</EventRecordID><Correlation/><Execution ProcessID='4' ThreadID='8'/><Channel>System</Channel><Computer>DESKTOP-TC5H5CS</Computer><Security UserID='S-1-5-18'/></System><EventData><Data Name='Status'>0</Data><Data Name='EnableDisableReason'>0</Data><Data Name='VsmPolicy'>0</Data></EventData></Event>"
﻿"1618","Microsoft-Windows-Kernel-Boot","{15CA44FF-4D7A-4BAA-BBA5-0998955E531E}","20","1","INFORMATION"," ","31","0","1689154559"," "," ","4","8","System","DESKTOP-TC5H5CS","S-1-5-18","<Event xmlns='http://schemas.microsoft.com/win/2004/08/events/event'><System><Provider Name='Microsoft-Windows-Kernel-Boot' Guid='{15ca44ff-4d7a-4baa-bba5-0998955e531e}'/><EventID>20</EventID><Version>1</Version><Level>4</Level><Task>31</Task><Opcode>0</Opcode><Keywords>0x8000000000000000</Keywords><TimeCreated SystemTime='2023-07-12T09:35:59.6808582Z'/><EventRecordID>1618</EventRecordID><Correlation/><Execution ProcessID='4' ThreadID='8'/><Channel>System</Channel><Computer>DESKTOP-TC5H5CS</Computer><Security UserID='S-1-5-18'/></System><EventData><Data Name='LastShutdownGood'>true</Data><Data Name='LastBootGood'>true</Data><Data Name='LastBootId'>9</Data><Data Name='BootStatusPolicy'>2</Data></EventData></Event>"
﻿"1619","Microsoft-Windows-Kernel-Boot","{15CA44FF-4D7A-4BAA-BBA5-0998955E531E}","25","0","INFORMATION"," ","32","0","1689154559"," "," ","4","8","System","DESKTOP-TC5H5CS","S-1-5-18","<Event xmlns='http://schemas.microsoft.com/win/2004/08/events/event'><System><Provider Name='Microsoft-Windows-Kernel-Boot' Guid='{15ca44ff-4d7a-4baa-bba5-0998955e531e}'/><EventID>25</EventID><Version>0</Version><Level>4</Level><Task>32</Task><Opcode>0</Opcode><Keywords>0x8000000000000000</Keywords><TimeCreated SystemTime='2023-07-12T09:35:59.6809130Z'/><EventRecordID>1619</EventRecordID><Correlation/><Execution ProcessID='4' ThreadID='8'/><Channel>System</Channel><Computer>DESKTOP-TC5H5CS</Computer><Security UserID='S-1-5-18'/></System><EventData><Data Name='BootMenuPolicy'>1</Data></EventData></Event>"
﻿"1620","Microsoft-Windows-Kernel-Boot","{15CA44FF-4D7A-4BAA-BBA5-0998955E531E}","27","1","INFORMATION"," ","33","0","1689154559"," "," ","4","8","System","DESKTOP-TC5H5CS","S-1-5-18","<Event xmlns='http://schemas.microsoft.com/win/2004/08/events/event'><System><Provider Name='Microsoft-Windows-Kernel-Boot' Guid='{15ca44ff-4d7a-4baa-bba5-0998955e531e}'/><EventID>27</EventID><Version>1</Version><Level>4</Level><Task>33</Task><Opcode>0</Opcode><Keywords>0x8000000000000000</Keywords><TimeCreated SystemTime='2023-07-12T09:35:59.6809135Z'/><EventRecordID>1620</EventRecordID><Correlation/><Execution ProcessID='4' ThreadID='8'/><Channel>System</Channel><Computer>DESKTOP-TC5H5CS</Computer><Security UserID='S-1-5-18'/></System><EventData><Data Name='BootType'>0</Data><Data Name='LoadOptions'> NOEXECUTE=OPTIN</Data></EventData></Event>"
﻿"1621","Microsoft-Windows-Kernel-Boot","{15CA44FF-4D7A-4BAA-BBA5-0998955E531E}","18","0","INFORMATION"," ","57","0","1689154559"," "," ","4","8","System","DESKTOP-TC5H5CS","S-1-5-18","<Event xmlns='http://schemas.microsoft.com/win/2004/08/events/event'><System><Provider Name='Microsoft-Windows-Kernel-Boot' Guid='{15ca44ff-4d7a-4baa-bba5-0998955e531e}'/><EventID>18</EventID><Version>0</Version><Level>4</Level><Task>57</Task><Opcode>0</Opcode><Keywords>0x8000000000000000</Keywords><TimeCreated SystemTime='2023-07-12T09:35:59.6809659Z'/><EventRecordID>1621</EventRecordID><Correlation/><Execution ProcessID='4' ThreadID='8'/><Channel>System</Channel><Computer>DESKTOP-TC5H5CS</Computer><Security UserID='S-1-5-18'/></System><EventData><Data Name='EntryCount'>1</Data></EventData></Event>"
﻿"1622","Microsoft-Windows-Kernel-Boot","{15CA44FF-4D7A-4BAA-BBA5-0998955E531E}","32","0","INFORMATION"," ","58","0","1689154559"," "," ","4","8","System","DESKTOP-TC5H5CS","S-1-5-18","<Event xmlns='http://schemas.microsoft.com/win/2004/08/events/event'><System><Provider Name='Microsoft-Windows-Kernel-Boot' Guid='{15ca44ff-4d7a-4baa-bba5-0998955e531e}'/><EventID>32</EventID><Version>0</Version><Level>4</Level><Task>58</Task><Opcode>0</Opcode><Keywords>0x8000000000000000</Keywords><TimeCreated SystemTime='2023-07-12T09:35:59.6809900Z'/><EventRecordID>1622</EventRecordID><Correlation/><Execution ProcessID='4' ThreadID='8'/><Channel>System</Channel><Computer>DESKTOP-TC5H5CS</Computer><Security UserID='S-1-5-18'/></System><EventData><Data Name='BitlockerUserInputTime'>0</Data></EventData></Event>"
﻿"1623","Microsoft-Windows-Kernel-General","{A68CA8B7-004F-D7B6-A698-07E2DE0F1F5D}","20","0","INFORMATION"," ","6","0","1689154559"," "," ","4","8","System","DESKTOP-TC5H5CS","S-1-5-18","<Event xmlns='http://schemas.microsoft.com/win/2004/08/events/event'><System><Provider Name='Microsoft-Windows-Kernel-General' Guid='{a68ca8b7-004f-d7b6-a698-07e2de0f1f5d}'/><EventID>20</EventID><Version>0</Version><Level>4</Level><Task>6</Task><Opcode>0</Opcode><Keywords>0x8000000000000010</Keywords><TimeCreated SystemTime='2023-07-12T09:35:59.6836297Z'/><EventRecordID>1623</EventRecordID><Correlation/><Execution ProcessID='4' ThreadID='8'/><Channel>System</Channel><Computer>DESKTOP-TC5H5CS</Computer><Security UserID='S-1-5-18'/></System><EventData><Data Name='UpdateReason'>0</Data><Data Name='EnabledNew'>true</Data><Data Name='CountNew'>0</Data><Data Name='CountOld'>0</Data></EventData></Event>"
﻿"1624","Microsoft-Windows-HAL","{63D1E632-95CC-4443-9312-AF927761D52A}","16","0","INFORMATION"," ","0","0","1689154559"," "," ","4","8","System","DESKTOP-TC5H5CS","S-1-5-18","<Event xmlns='http://schemas.microsoft.com/win/2004/08/events/event'><System><Provider Name='Microsoft-Windows-HAL' Guid='{63d1e632-95cc-4443-9312-af927761d52a}'/><EventID>16</EventID><Version>0</Version><Level>4</Level><Task>0</Task><Opcode>0</Opcode><Keywords>0x8000000000000000</Keywords><TimeCreated SystemTime='2023-07-12T09:35:59.7516316Z'/><EventRecordID>1624</EventRecordID><Correlation/><Execution ProcessID='4' ThreadID='8'/><Channel>System</Channel><Computer>DESKTOP-TC5H5CS</Computer><Security UserID='S-1-5-18'/></System><EventData></EventData></Event>"
﻿"1625","vmci"," ","1074266115","0","INFORMATION"," ","0","0","1689154561"," "," ","4","188","System","DESKTOP-TC5H5CS"," ","<Event xmlns='http://schemas.microsoft.com/win/2004/08/events/event'><System><Provider Name='vmci'/><EventID Qualifiers='16392'>3</EventID><Version>0</Version><Level>4</Level><Task>0</Task><Opcode>0</Opcode><Keywords>0x80000000000000</Keywords><TimeCreated SystemTime='2023-07-12T09:36:01.4316525Z'/><EventRecordID>1625</EventRecordID><Correlation/><Execution ProcessID='4' ThreadID='188'/><Channel>System</Channel><Computer>DESKTOP-TC5H5CS</Computer><Security/></System><EventData><Data></Data><Data>VMCI: Using capabilities (0xc).
</Data><Binary>00000000020028000000000003000840030008400000000000000000000000000000000000000000</Binary></EventData></Event>"
﻿"1626","Microsoft-Windows-FilterManager","{F3C5E28E-63F6-49C7-A204-E48A1BC4B09D}","6","0","INFORMATION"," ","0","0","1689154563"," "," ","4","8","System","DESKTOP-TC5H5CS","S-1-5-18","<Event xmlns='http://schemas.microsoft.com/win/2004/08/events/event'><System><Provider Name='Microsoft-Windows-FilterManager' Guid='{f3c5e28e-63f6-49c7-a204-e48a1bc4b09d}'/><EventID>6</EventID><Version>0</Version><Level>4</Level><Task>0</Task><Opcode>0</Opcode><Keywords>0x8000000000000000</Keywords><TimeCreated SystemTime='2023-07-12T09:36:03.4048245Z'/><EventRecordID>1626</EventRecordID><Correlation/><Execution ProcessID='4' ThreadID='8'/><Channel>System</Channel><Computer>DESKTOP-TC5H5CS</Computer><Security UserID='S-1-5-18'/></System><EventData><Data Name='FinalStatus'>0x0</Data><Data Name='DeviceVersionMajor'>10</Data><Data Name='DeviceVersionMinor'>0</Data><Data Name='DeviceNameLength'>8</Data><Data Name='DeviceName'>FileInfo</Data><Data Name='DeviceTime'>2062-12-23T13:21:06.0000000Z</Data></EventData></Event>"
﻿"1627","Microsoft-Windows-FilterManager","{F3C5E28E-63F6-49C7-A204-E48A1BC4B09D}","6","0","INFORMATION"," ","0","0","1689154563"," "," ","4","8","System","DESKTOP-TC5H5CS","S-1-5-18","<Event xmlns='http://schemas.microsoft.com/win/2004/08/events/event'><System><Provider Name='Microsoft-Windows-FilterManager' Guid='{f3c5e28e-63f6-49c7-a204-e48a1bc4b09d}'/><EventID>6</EventID><Version>0</Version><Level>4</Level><Task>0</Task><Opcode>0</Opcode><Keywords>0x8000000000000000</Keywords><TimeCreated SystemTime='2023-07-12T09:36:03.4054584Z'/><EventRecordID>1627</EventRecordID><Correlation/><Execution ProcessID='4' ThreadID='8'/><Channel>System</Channel><Computer>DESKTOP-TC5H5CS</Computer><Security UserID='S-1-5-18'/></System><EventData><Data Name='FinalStatus'>0x0</Data><Data Name='DeviceVersionMajor'>10</Data><Data Name='DeviceVersionMinor'>0</Data><Data Name='DeviceNameLength'>3</Data><Data Name='DeviceName'>Wof</Data><Data Name='DeviceTime'>2023-04-23T10:17:53.0000000Z</Data></EventData></Event>"
﻿"1628","Microsoft-Windows-FilterManager","{F3C5E28E-63F6-49C7-A204-E48A1BC4B09D}","6","0","INFORMATION"," ","0","0","1689154563"," "," ","4","8","System","DESKTOP-TC5H5CS","S-1-5-18","<Event xmlns='http://schemas.microsoft.com/win/2004/08/events/event'><System><Provider Name='Microsoft-Windows-FilterManager' Guid='{f3c5e28e-63f6-49c7-a204-e48a1bc4b09d}'/><EventID>6</EventID><Version>0</Version><Level>4</Level><Task>0</Task><Opcode>0</Opcode><Keywords>0x8000000000000000</Keywords><TimeCreated SystemTime='2023-07-12T09:36:03.4062894Z'/><EventRecordID>1628</EventRecordID><Correlation/><Execution ProcessID='4' ThreadID='8'/><Channel>System</Channel><Computer>DESKTOP-TC5H5CS</Computer><Security UserID='S-1-5-18'/></System><EventData><Data Name='FinalStatus'>0x0</Data><Data Name='DeviceVersionMajor'>10</Data><Data Name='DeviceVersionMinor'>0</Data><Data Name='DeviceNameLength'>8</Data><Data Name='DeviceName'>WdFilter</Data><Data Name='DeviceTime'>2075-05-14T20:41:17.0000000Z</Data></EventData></Event>"
﻿"1629","Microsoft-Windows-Ntfs","{3FF37A1C-A68D-4D6E-8C9B-F79E8B16C482}","98","0","INFORMATION"," ","0","0","1689154565"," "," ","4","264","System","DESKTOP-TC5H5CS","S-1-5-18","<Event xmlns='http://schemas.microsoft.com/win/2004/08/events/event'><System><Provider Name='Microsoft-Windows-Ntfs' Guid='{3ff37a1c-a68d-4d6e-8c9b-f79e8b16c482}'/><EventID>98</EventID><Version>0</Version><Level>4</Level><Task>0</Task><Opcode>0</Opcode><Keywords>0x8000000000000002</Keywords><TimeCreated SystemTime='2023-07-12T09:36:05.5694049Z'/><EventRecordID>1629</EventRecordID><Correlation/><Execution ProcessID='4' ThreadID='264'/><Channel>System</Channel><Computer>DESKTOP-TC5H5CS</Computer><Security UserID='S-1-5-18'/></System><EventData><Data Name='DriveName'>C:</Data><Data Name='DeviceName'>\Device\HarddiskVolume2</Data><Data Name='CorruptionActionState'>0</Data></EventData></Event>"
﻿"1630","Microsoft-Windows-DriverFrameworks-UserMode","{2E35AAEB-857F-4BEB-A418-2E6C0E54D988}","10118","1","INFORMATION"," ","101","0","1689154567"," "," ","4","112","System","DESKTOP-TC5H5CS","S-1-5-18","<Event xmlns='http://schemas.microsoft.com/win/2004/08/events/event'><System><Provider Name='Microsoft-Windows-DriverFrameworks-UserMode' Guid='{2e35aaeb-857f-4beb-a418-2e6c0e54d988}'/><EventID>10118</EventID><Version>1</Version><Level>4</Level><Task>101</Task><Opcode>0</Opcode><Keywords>0x2000000000000000</Keywords><TimeCreated SystemTime='2023-07-12T09:36:07.3279371Z'/><EventRecordID>1630</EventRecordID><Correlation/><Execution ProcessID='4' ThreadID='112'/><Channel>System</Channel><Computer>DESKTOP-TC5H5CS</Computer><Security UserID='S-1-5-18'/></System><EventData></EventData></Event>"
﻿"1631","Microsoft-Windows-Kernel-PnP","{9C205A39-1250-487D-ABD7-E831C6290539}","219","0","WARNING"," ","212","0","1689154567"," "," ","4","112","System","DESKTOP-TC5H5CS","S-1-5-18","<Event xmlns='http://schemas.microsoft.com/win/2004/08/events/event'><System><Provider Name='Microsoft-Windows-Kernel-PnP' Guid='{9c205a39-1250-487d-abd7-e831c6290539}'/><EventID>219</EventID><Version>0</Version><Level>3</Level><Task>212</Task><Opcode>0</Opcode><Keywords>0x8000000000000000</Keywords><TimeCreated SystemTime='2023-07-12T09:36:07.3281353Z'/><EventRecordID>1631</EventRecordID><Correlation/><Execution ProcessID='4' ThreadID='112'/><Channel>System</Channel><Computer>DESKTOP-TC5H5CS</Computer><Security UserID='S-1-5-18'/></System><EventData><Data Name='DriverNameLength'>13</Data><Data Name='DriverName'>ROOT\WPD\0000</Data><Data Name='Status'>3221226341</Data><Data Name='FailureNameLength'>14</Data><Data Name='FailureName'>\Driver\WudfRd</Data><Data Name='Version'>0</Data></EventData></Event>"
﻿"1632","Microsoft-Windows-Kernel-Processor-Power","{0F67E49F-FE51-4E9F-B490-6F2948CC6027}","55","0","INFORMATION"," ","47","0","1689154567"," "," ","4","112","System","DESKTOP-TC5H5CS","S-1-5-18","<Event xmlns='http://schemas.microsoft.com/win/2004/08/events/event'><System><Provider Name='Microsoft-Windows-Kernel-Processor-Power' Guid='{0f67e49f-fe51-4e9f-b490-6f2948cc6027}'/><EventID>55</EventID><Version>0</Version><Level>4</Level><Task>47</Task><Opcode>0</Opcode><Keywords>0x8000000000000000</Keywords><TimeCreated SystemTime='2023-07-12T09:36:07.9963176Z'/><EventRecordID>1632</EventRecordID><Correlation/><Execution ProcessID='4' ThreadID='112'/><Channel>System</Channel><Computer>DESKTOP-TC5H5CS</Computer><Security UserID='S-1-5-18'/></System><EventData><Data Name='Group'>0</Data><Data Name='Number'>0</Data><Data Name='IdleStateCount'>1</Data><Data Name='IdleImplementation'>1</Data><Data Name='NominalFrequency'>2195</Data><Data Name='MaximumPerformancePercent'>100</Data><Data Name='MinimumPerformancePercent'>100</Data><Data Name='MinimumThrottlePercent'>12</Data><Data Name='PerformanceImplementation'>1</Data></EventData></Event>"
﻿"1633","Microsoft-Windows-Kernel-Processor-Power","{0F67E49F-FE51-4E9F-B490-6F2948CC6027}","55","0","INFORMATION"," ","47","0","1689154567"," "," ","4","112","System","DESKTOP-TC5H5CS","S-1-5-18","<Event xmlns='http://schemas.microsoft.com/win/2004/08/events/event'><System><Provider Name='Microsoft-Windows-Kernel-Processor-Power' Guid='{0f67e49f-fe51-4e9f-b490-6f2948cc6027}'/><EventID>55</EventID><Version>0</Version><Level>4</Level><Task>47</Task><Opcode>0</Opcode><Keywords>0x8000000000000000</Keywords><TimeCreated SystemTime='2023-07-12T09:36:07.9980494Z'/><EventRecordID>1633</EventRecordID><Correlation/><Execution ProcessID='4' ThreadID='112'/><Channel>System</Channel><Computer>DESKTOP-TC5H5CS</Computer><Security UserID='S-1-5-18'/></System><EventData><Data Name='Group'>0</Data><Data Name='Number'>1</Data><Data Name='IdleStateCount'>1</Data><Data Name='IdleImplementation'>1</Data><Data Name='NominalFrequency'>2195</Data><Data Name='MaximumPerformancePercent'>100</Data><Data Name='MinimumPerformancePercent'>100</Data><Data Name='MinimumThrottlePercent'>12</Data><Data Name='PerformanceImplementation'>1</Data></EventData></Event>"
﻿"1634","e1i65x64"," ","1610874912","0","INFORMATION"," ","0","0","1689154568"," "," ","4","264","System","DESKTOP-TC5H5CS"," ","<Event xmlns='http://schemas.microsoft.com/win/2004/08/events/event'><System><Provider Name='e1i65x64'/><EventID Qualifiers='24580'>32</EventID><Version>0</Version><Level>4</Level><Task>0</Task><Opcode>0</Opcode><Keywords>0x80000000000000</Keywords><TimeCreated SystemTime='2023-07-12T09:36:08.1010385Z'/><EventRecordID>1634</EventRecordID><Correlation/><Execution ProcessID='4' ThreadID='264'/><Channel>System</Channel><Computer>DESKTOP-TC5H5CS</Computer><Security/></System><EventData><Data></Data><Data>Intel(R) 82574L Gigabit Network Connection</Data><Binary>0000040002003000000000002000046000000000000000000000000000000000000000000000000020000460</Binary></EventData></Event>"
﻿"1635","Microsoft-Windows-FilterManager","{F3C5E28E-63F6-49C7-A204-E48A1BC4B09D}","6","0","INFORMATION"," ","0","0","1689154568"," "," ","4","8","System","DESKTOP-TC5H5CS","S-1-5-18","<Event xmlns='http://schemas.microsoft.com/win/2004/08/events/event'><System><Provider Name='Microsoft-Windows-FilterManager' Guid='{f3c5e28e-63f6-49c7-a204-e48a1bc4b09d}'/><EventID>6</EventID><Version>0</Version><Level>4</Level><Task>0</Task><Opcode>0</Opcode><Keywords>0x8000000000000000</Keywords><TimeCreated SystemTime='2023-07-12T09:36:08.1234226Z'/><EventRecordID>1635</EventRecordID><Correlation/><Execution ProcessID='4' ThreadID='8'/><Channel>System</Channel><Computer>DESKTOP-TC5H5CS</Computer><Security UserID='S-1-5-18'/></System><EventData><Data Name='FinalStatus'>0x0</Data><Data Name='DeviceVersionMajor'>10</Data><Data Name='DeviceVersionMinor'>0</Data><Data Name='DeviceNameLength'>9</Data><Data Name='DeviceName'>FileCrypt</Data><Data Name='DeviceTime'>2002-03-01T19:12:42.0000000Z</Data></EventData></Event>"
﻿"1636","Microsoft-Windows-FilterManager","{F3C5E28E-63F6-49C7-A204-E48A1BC4B09D}","6","0","INFORMATION"," ","0","0","1689154568"," "," ","4","8","System","DESKTOP-TC5H5CS","S-1-5-18","<Event xmlns='http://schemas.microsoft.com/win/2004/08/events/event'><System><Provider Name='Microsoft-Windows-FilterManager' Guid='{f3c5e28e-63f6-49c7-a204-e48a1bc4b09d}'/><EventID>6</EventID><Version>0</Version><Level>4</Level><Task>0</Task><Opcode>0</Opcode><Keywords>0x8000000000000000</Keywords><TimeCreated SystemTime='2023-07-12T09:36:08.3036287Z'/><EventRecordID>1636</EventRecordID><Correlation/><Execution ProcessID='4' ThreadID='8'/><Channel>System</Channel><Computer>DESKTOP-TC5H5CS</Computer><Security UserID='S-1-5-18'/></System><EventData><Data Name='FinalStatus'>0x0</Data><Data Name='DeviceVersionMajor'>10</Data><Data Name='DeviceVersionMinor'>0</Data><Data Name='DeviceNameLength'>9</Data><Data Name='DeviceName'>npsvctrig</Data><Data Name='DeviceTime'>2025-01-06T10:41:12.0000000Z</Data></EventData></Event>"
﻿"1637","Microsoft-Windows-Ntfs","{3FF37A1C-A68D-4D6E-8C9B-F79E8B16C482}","98","0","INFORMATION"," ","0","0","1689154568"," "," ","4","112","System","DESKTOP-TC5H5CS","S-1-5-18","<Event xmlns='http://schemas.microsoft.com/win/2004/08/events/event'><System><Provider Name='Microsoft-Windows-Ntfs' Guid='{3ff37a1c-a68d-4d6e-8c9b-f79e8b16c482}'/><EventID>98</EventID><Version>0</Version><Level>4</Level><Task>0</Task><Opcode>0</Opcode><Keywords>0x8000000000000002</Keywords><TimeCreated SystemTime='2023-07-12T09:36:08.3970497Z'/><EventRecordID>1637</EventRecordID><Correlation/><Execution ProcessID='4' ThreadID='112'/><Channel>System</Channel><Computer>DESKTOP-TC5H5CS</Computer><Security UserID='S-1-5-18'/></System><EventData><Data Name='DriveName'>\\?\Volume{47a18612-0000-0000-0000-100000000000}</Data><Data Name='DeviceName'>\Device\HarddiskVolume1</Data><Data Name='CorruptionActionState'>0</Data></EventData></Event>"
﻿"1638","Microsoft-Windows-Kernel-Power","{331C3B3A-2005-44C2-AC5E-77220C37D6B4}","172","0","INFORMATION"," ","203","0","1689154568"," "," ","4","112","System","DESKTOP-TC5H5CS","S-1-5-18","<Event xmlns='http://schemas.microsoft.com/win/2004/08/events/event'><System><Provider Name='Microsoft-Windows-Kernel-Power' Guid='{331c3b3a-2005-44c2-ac5e-77220c37d6b4}'/><EventID>172</EventID><Version>0</Version><Level>4</Level><Task>203</Task><Opcode>0</Opcode><Keywords>0x8000000000000404</Keywords><TimeCreated SystemTime='2023-07-12T09:36:08.4437344Z'/><EventRecordID>1638</EventRecordID><Correlation/><Execution ProcessID='4' ThreadID='112'/><Channel>System</Channel><Computer>DESKTOP-TC5H5CS</Computer><Security UserID='S-1-5-18'/></System><EventData><Data Name='State'>2</Data><Data Name='Reason'>6</Data></EventData></Event>"
﻿"1639","Microsoft-Windows-Ntfs","{3FF37A1C-A68D-4D6E-8C9B-F79E8B16C482}","98","0","INFORMATION"," ","0","0","1689154580"," "," ","4","300","System","DESKTOP-TC5H5CS","S-1-5-18","<Event xmlns='http://schemas.microsoft.com/win/2004/08/events/event'><System><Provider Name='Microsoft-Windows-Ntfs' Guid='{3ff37a1c-a68d-4d6e-8c9b-f79e8b16c482}'/><EventID>98</EventID><Version>0</Version><Level>4</Level><Task>0</Task><Opcode>0</Opcode><Keywords>0x8000000000000002</Keywords><TimeCreated SystemTime='2023-07-12T09:36:20.5413429Z'/><EventRecordID>1639</EventRecordID><Correlation/><Execution ProcessID='4' ThreadID='300'/><Channel>System</Channel><Computer>DESKTOP-TC5H5CS</Computer><Security UserID='S-1-5-18'/></System><EventData><Data Name='DriveName'>\\?\Volume{47a18612-0000-0000-0000-30db1f000000}</Data><Data Name='DeviceName'>\Device\HarddiskVolume3</Data><Data Name='CorruptionActionState'>0</Data></EventData></Event>"
﻿"1640","Microsoft-Windows-Kernel-General","{A68CA8B7-004F-D7B6-A698-07E2DE0F1F5D}","24","0","INFORMATION"," ","11","0","1689154581"," "," ","92","420","System","DESKTOP-TC5H5CS","S-1-5-18","<Event xmlns='http://schemas.microsoft.com/win/2004/08/events/event'><System><Provider Name='Microsoft-Windows-Kernel-General' Guid='{a68ca8b7-004f-d7b6-a698-07e2de0f1f5d}'/><EventID>24</EventID><Version>0</Version><Level>4</Level><Task>11</Task><Opcode>0</Opcode><Keywords>0x8000000000000010</Keywords><TimeCreated SystemTime='2023-07-12T09:36:21.6925650Z'/><EventRecordID>1640</EventRecordID><Correlation/><Execution ProcessID='92' ThreadID='420'/><Channel>System</Channel><Computer>DESKTOP-TC5H5CS</Computer><Security UserID='S-1-5-18'/></System><EventData><Data Name='ExitReason'>0</Data><Data Name='CurrentBias'>-480</Data><Data Name='CurrentTimeZoneID'>0</Data><Data Name='TimeZoneInfoCacheUpdated'>0</Data><Data Name='FirstRefresh'>0</Data></EventData></Event>"
﻿"1641","Microsoft-Windows-Wininit","{206F6DEA-D3C5-4D10-BC72-989F03C8B84B}","14","0","INFORMATION"," ","0","0","1689154582"," "," ","512","516","System","DESKTOP-TC5H5CS","S-1-5-18","<Event xmlns='http://schemas.microsoft.com/win/2004/08/events/event'><System><Provider Name='Microsoft-Windows-Wininit' Guid='{206f6dea-d3c5-4d10-bc72-989f03c8b84b}'/><EventID>14</EventID><Version>0</Version><Level>4</Level><Task>0</Task><Opcode>0</Opcode><Keywords>0x4000000000000000</Keywords><TimeCreated SystemTime='2023-07-12T09:36:22.1076965Z'/><EventRecordID>1641</EventRecordID><Correlation/><Execution ProcessID='512' ThreadID='516'/><Channel>System</Channel><Computer>DESKTOP-TC5H5CS</Computer><Security UserID='S-1-5-18'/></System><EventData><Data Name='Config'>0</Data><Data Name='IsTestConfig'>0</Data></EventData></Event>"
﻿"1642","Microsoft-Windows-Directory-Services-SAM","{0D4FDC09-8C27-494A-BDA0-505E4FD8ADAE}","16962","0","INFORMATION"," ","0","0","1689154582","{4438C5BA-B4A4-0000-9BC6-3844A4B4D901}"," ","660","664","System","DESKTOP-TC5H5CS","S-1-5-18","<Event xmlns='http://schemas.microsoft.com/win/2004/08/events/event'><System><Provider Name='Microsoft-Windows-Directory-Services-SAM' Guid='{0d4fdc09-8c27-494a-bda0-505e4fd8adae}'/><EventID>16962</EventID><Version>0</Version><Level>4</Level><Task>0</Task><Opcode>0</Opcode><Keywords>0x8000000000000000</Keywords><TimeCreated SystemTime='2023-07-12T09:36:22.5292402Z'/><EventRecordID>1642</EventRecordID><Correlation ActivityID='{4438c5ba-b4a4-0000-9bc6-3844a4b4d901}'/><Execution ProcessID='660' ThreadID='664'/><Channel>System</Channel><Computer>DESKTOP-TC5H5CS</Computer><Security UserID='S-1-5-18'/></System><EventData Name='SAMMSG_RESTRICT_REMOTE_SAM_DEFAULT_SD'><Data Name='Default SD String:'>O:SYG:SYD:(A;;RC;;;BA)</Data></EventData></Event>"
﻿"1643","Microsoft-Windows-Directory-Services-SAM","{0D4FDC09-8C27-494A-BDA0-505E4FD8ADAE}","16977","0","INFORMATION"," ","0","0","1689154582","{4438C5BA-B4A4-0000-9BC6-3844A4B4D901}"," ","660","664","System","DESKTOP-TC5H5CS","S-1-5-18","<Event xmlns='http://schemas.microsoft.com/win/2004/08/events/event'><System><Provider Name='Microsoft-Windows-Directory-Services-SAM' Guid='{0d4fdc09-8c27-494a-bda0-505e4fd8adae}'/><EventID>16977</EventID><Version>0</Version><Level>4</Level><Task>0</Task><Opcode>0</Opcode><Keywords>0x8000000000000000</Keywords><TimeCreated SystemTime='2023-07-12T09:36:22.5352163Z'/><EventRecordID>1643</EventRecordID><Correlation ActivityID='{4438c5ba-b4a4-0000-9bc6-3844a4b4d901}'/><Execution ProcessID='660' ThreadID='664'/><Channel>System</Channel><Computer>DESKTOP-TC5H5CS</Computer><Security UserID='S-1-5-18'/></System><EventData Name='SAMMSG_MINPWDLEN_SETTINGS_IN_EFFECT'><Data Name='MinimumPasswordLength'>0</Data><Data Name='RelaxMinimumPasswordLengthLimits'>0</Data><Data Name='MinimumPasswordLengthAudit'>-1</Data></EventData></Event>"
﻿"1644","Microsoft-Windows-Directory-Services-SAM","{0D4FDC09-8C27-494A-BDA0-505E4FD8ADAE}","16983","0","INFORMATION"," ","0","0","1689154582","{4438C5BA-B4A4-0000-9BC6-3844A4B4D901}"," ","660","664","System","DESKTOP-TC5H5CS","S-1-5-18","<Event xmlns='http://schemas.microsoft.com/win/2004/08/events/event'><System><Provider Name='Microsoft-Windows-Directory-Services-SAM' Guid='{0d4fdc09-8c27-494a-bda0-505e4fd8adae}'/><EventID>16983</EventID><Version>0</Version><Level>4</Level><Task>0</Task><Opcode>0</Opcode><Keywords>0x8000000000000000</Keywords><TimeCreated SystemTime='2023-07-12T09:36:22.5352206Z'/><EventRecordID>1644</EventRecordID><Correlation ActivityID='{4438c5ba-b4a4-0000-9bc6-3844a4b4d901}'/><Execution ProcessID='660' ThreadID='664'/><Channel>System</Channel><Computer>DESKTOP-TC5H5CS</Computer><Security UserID='S-1-5-18'/></System><EventData Name='SAMMSG_AUDIT_LEGACY_PWD_RPC_METHODS_OFF'></EventData></Event>"
﻿"1645","Microsoft-Windows-FilterManager","{F3C5E28E-63F6-49C7-A204-E48A1BC4B09D}","6","0","INFORMATION"," ","0","0","1689154586"," "," ","4","32","System","DESKTOP-TC5H5CS","S-1-5-18","<Event xmlns='http://schemas.microsoft.com/win/2004/08/events/event'><System><Provider Name='Microsoft-Windows-FilterManager' Guid='{f3c5e28e-63f6-49c7-a204-e48a1bc4b09d}'/><EventID>6</EventID><Version>0</Version><Level>4</Level><Task>0</Task><Opcode>0</Opcode><Keywords>0x8000000000000000</Keywords><TimeCreated SystemTime='2023-07-12T09:36:26.5173931Z'/><EventRecordID>1645</EventRecordID><Correlation/><Execution ProcessID='4' ThreadID='32'/><Channel>System</Channel><Computer>DESKTOP-TC5H5CS</Computer><Security UserID='S-1-5-18'/></System><EventData><Data Name='FinalStatus'>0x0</Data><Data Name='DeviceVersionMajor'>10</Data><Data Name='DeviceVersionMinor'>0</Data><Data Name='DeviceNameLength'>5</Data><Data Name='DeviceName'>wcifs</Data><Data Name='DeviceTime'>2102-01-13T13:06:12.0000000Z</Data></EventData></Event>"
﻿"1646","Microsoft-Windows-FilterManager","{F3C5E28E-63F6-49C7-A204-E48A1BC4B09D}","6","0","INFORMATION"," ","0","0","1689154586"," "," ","4","300","System","DESKTOP-TC5H5CS","S-1-5-18","<Event xmlns='http://schemas.microsoft.com/win/2004/08/events/event'><System><Provider Name='Microsoft-Windows-FilterManager' Guid='{f3c5e28e-63f6-49c7-a204-e48a1bc4b09d}'/><EventID>6</EventID><Version>0</Version><Level>4</Level><Task>0</Task><Opcode>0</Opcode><Keywords>0x8000000000000000</Keywords><TimeCreated SystemTime='2023-07-12T09:36:26.9045479Z'/><EventRecordID>1646</EventRecordID><Correlation/><Execution ProcessID='4' ThreadID='300'/><Channel>System</Channel><Computer>DESKTOP-TC5H5CS</Computer><Security UserID='S-1-5-18'/></System><EventData><Data Name='FinalStatus'>0x0</Data><Data Name='DeviceVersionMajor'>10</Data><Data Name='DeviceVersionMinor'>0</Data><Data Name='DeviceNameLength'>5</Data><Data Name='DeviceName'>luafv</Data><Data Name='DeviceTime'>1986-08-14T04:58:59.0000000Z</Data></EventData></Event>"
﻿"1647","Microsoft-Windows-FilterManager","{F3C5E28E-63F6-49C7-A204-E48A1BC4B09D}","6","0","INFORMATION"," ","0","0","1689154587"," "," ","4","300","System","DESKTOP-TC5H5CS","S-1-5-18","<Event xmlns='http://schemas.microsoft.com/win/2004/08/events/event'><System><Provider Name='Microsoft-Windows-FilterManager' Guid='{f3c5e28e-63f6-49c7-a204-e48a1bc4b09d}'/><EventID>6</EventID><Version>0</Version><Level>4</Level><Task>0</Task><Opcode>0</Opcode><Keywords>0x8000000000000000</Keywords><TimeCreated SystemTime='2023-07-12T09:36:27.0118188Z'/><EventRecordID>1647</EventRecordID><Correlation/><Execution ProcessID='4' ThreadID='300'/><Channel>System</Channel><Computer>DESKTOP-TC5H5CS</Computer><Security UserID='S-1-5-18'/></System><EventData><Data Name='FinalStatus'>0x0</Data><Data Name='DeviceVersionMajor'>10</Data><Data Name='DeviceVersionMinor'>0</Data><Data Name='DeviceNameLength'>6</Data><Data Name='DeviceName'>CldFlt</Data><Data Name='DeviceTime'>2097-04-12T15:24:50.0000000Z</Data></EventData></Event>"
﻿"1648","Microsoft-Windows-FilterManager","{F3C5E28E-63F6-49C7-A204-E48A1BC4B09D}","1","0","INFORMATION"," ","0","0","1689154587"," "," ","4","300","System","DESKTOP-TC5H5CS","S-1-5-18","<Event xmlns='http://schemas.microsoft.com/win/2004/08/events/event'><System><Provider Name='Microsoft-Windows-FilterManager' Guid='{f3c5e28e-63f6-49c7-a204-e48a1bc4b09d}'/><EventID>1</EventID><Version>0</Version><Level>4</Level><Task>0</Task><Opcode>0</Opcode><Keywords>0x8000000000000000</Keywords><TimeCreated SystemTime='2023-07-12T09:36:27.0118293Z'/><EventRecordID>1648</EventRecordID><Correlation/><Execution ProcessID='4' ThreadID='300'/><Channel>System</Channel><Computer>DESKTOP-TC5H5CS</Computer><Security UserID='S-1-5-18'/></System><EventData><Data Name='FinalStatus'>0x0</Data><Data Name='DeviceVersionMajor'>10</Data><Data Name='DeviceVersionMinor'>0</Data><Data Name='DeviceNameLength'>6</Data><Data Name='DeviceName'>CldFlt</Data><Data Name='DeviceTime'>2097-04-12T15:24:50.0000000Z</Data></EventData></Event>"
﻿"1649","Microsoft-Windows-FilterManager","{F3C5E28E-63F6-49C7-A204-E48A1BC4B09D}","6","0","INFORMATION"," ","0","0","1689154587"," "," ","4","300","System","DESKTOP-TC5H5CS","S-1-5-18","<Event xmlns='http://schemas.microsoft.com/win/2004/08/events/event'><System><Provider Name='Microsoft-Windows-FilterManager' Guid='{f3c5e28e-63f6-49c7-a204-e48a1bc4b09d}'/><EventID>6</EventID><Version>0</Version><Level>4</Level><Task>0</Task><Opcode>0</Opcode><Keywords>0x8000000000000000</Keywords><TimeCreated SystemTime='2023-07-12T09:36:27.0118814Z'/><EventRecordID>1649</EventRecordID><Correlation/><Execution ProcessID='4' ThreadID='300'/><Channel>System</Channel><Computer>DESKTOP-TC5H5CS</Computer><Security UserID='S-1-5-18'/></System><EventData><Data Name='FinalStatus'>0x0</Data><Data Name='DeviceVersionMajor'>10</Data><Data Name='DeviceVersionMinor'>0</Data><Data Name='DeviceNameLength'>6</Data><Data Name='DeviceName'>CldFlt</Data><Data Name='DeviceTime'>2097-04-12T15:24:50.0000000Z</Data></EventData></Event>"
﻿"1650","Microsoft-Windows-FilterManager","{F3C5E28E-63F6-49C7-A204-E48A1BC4B09D}","6","0","INFORMATION"," ","0","0","1689154587"," "," ","4","300","System","DESKTOP-TC5H5CS","S-1-5-18","<Event xmlns='http://schemas.microsoft.com/win/2004/08/events/event'><System><Provider Name='Microsoft-Windows-FilterManager' Guid='{f3c5e28e-63f6-49c7-a204-e48a1bc4b09d}'/><EventID>6</EventID><Version>0</Version><Level>4</Level><Task>0</Task><Opcode>0</Opcode><Keywords>0x8000000000000000</Keywords><TimeCreated SystemTime='2023-07-12T09:36:27.1058604Z'/><EventRecordID>1650</EventRecordID><Correlation/><Execution ProcessID='4' ThreadID='300'/><Channel>System</Channel><Computer>DESKTOP-TC5H5CS</Computer><Security UserID='S-1-5-18'/></System><EventData><Data Name='FinalStatus'>0x0</Data><Data Name='DeviceVersionMajor'>10</Data><Data Name='DeviceVersionMinor'>0</Data><Data Name='DeviceNameLength'>10</Data><Data Name='DeviceName'>storqosflt</Data><Data Name='DeviceTime'>2007-04-10T02:08:30.0000000Z</Data></EventData></Event>"
﻿"1651","Microsoft-Windows-FilterManager","{F3C5E28E-63F6-49C7-A204-E48A1BC4B09D}","6","0","INFORMATION"," ","0","0","1689154587"," "," ","4","300","System","DESKTOP-TC5H5CS","S-1-5-18","<Event xmlns='http://schemas.microsoft.com/win/2004/08/events/event'><System><Provider Name='Microsoft-Windows-FilterManager' Guid='{f3c5e28e-63f6-49c7-a204-e48a1bc4b09d}'/><EventID>6</EventID><Version>0</Version><Level>4</Level><Task>0</Task><Opcode>0</Opcode><Keywords>0x8000000000000000</Keywords><TimeCreated SystemTime='2023-07-12T09:36:27.1109232Z'/><EventRecordID>1651</EventRecordID><Correlation/><Execution ProcessID='4' ThreadID='300'/><Channel>System</Channel><Computer>DESKTOP-TC5H5CS</Computer><Security UserID='S-1-5-18'/></System><EventData><Data Name='FinalStatus'>0x0</Data><Data Name='DeviceVersionMajor'>10</Data><Data Name='DeviceVersionMinor'>0</Data><Data Name='DeviceNameLength'>7</Data><Data Name='DeviceName'>bindflt</Data><Data Name='DeviceTime'>2005-08-09T04:17:00.0000000Z</Data></EventData></Event>"
﻿"1652","Microsoft-Windows-Dhcp-Client","{15A7A4F8-0072-4EAB-ABAD-F98A4D666AED}","50036","0","INFORMATION"," ","4","68","1689154587"," "," ","1556","1576","System","DESKTOP-TC5H5CS","S-1-5-19","<Event xmlns='http://schemas.microsoft.com/win/2004/08/events/event'><System><Provider Name='Microsoft-Windows-Dhcp-Client' Guid='{15a7a4f8-0072-4eab-abad-f98a4d666aed}'/><EventID>50036</EventID><Version>0</Version><Level>4</Level><Task>4</Task><Opcode>68</Opcode><Keywords>0x2000000000000000</Keywords><TimeCreated SystemTime='2023-07-12T09:36:27.6357976Z'/><EventRecordID>1652</EventRecordID><Correlation/><Execution ProcessID='1556' ThreadID='1576'/><Channel>System</Channel><Computer>DESKTOP-TC5H5CS</Computer><Security UserID='S-1-5-19'/></System><EventData></EventData></Event>"
﻿"1653","Microsoft-Windows-Dhcp-Client","{15A7A4F8-0072-4EAB-ABAD-F98A4D666AED}","50103","0","INFORMATION"," ","4","129","1689154587"," "," ","1556","1576","System","DESKTOP-TC5H5CS","S-1-5-19","<Event xmlns='http://schemas.microsoft.com/win/2004/08/events/event'><System><Provider Name='Microsoft-Windows-Dhcp-Client' Guid='{15a7a4f8-0072-4eab-abad-f98a4d666aed}'/><EventID>50103</EventID><Version>0</Version><Level>4</Level><Task>4</Task><Opcode>129</Opcode><Keywords>0x2000000000000000</Keywords><TimeCreated SystemTime='2023-07-12T09:36:27.6358344Z'/><EventRecordID>1653</EventRecordID><Correlation/><Execution ProcessID='1556' ThreadID='1576'/><Channel>System</Channel><Computer>DESKTOP-TC5H5CS</Computer><Security UserID='S-1-5-19'/></System><EventData></EventData></Event>"
﻿"1654","Microsoft-Windows-DHCPv6-Client","{6A1F2B00-6A90-4C38-95A5-5CAB3B056778}","51046","0","INFORMATION"," ","4","62","1689154587"," "," ","1556","1588","System","DESKTOP-TC5H5CS","S-1-5-19","<Event xmlns='http://schemas.microsoft.com/win/2004/08/events/event'><System><Provider Name='Microsoft-Windows-DHCPv6-Client' Guid='{6a1f2b00-6a90-4c38-95a5-5cab3b056778}'/><EventID>51046</EventID><Version>0</Version><Level>4</Level><Task>4</Task><Opcode>62</Opcode><Keywords>0x2000000000000000</Keywords><TimeCreated SystemTime='2023-07-12T09:36:27.6419836Z'/><EventRecordID>1654</EventRecordID><Correlation/><Execution ProcessID='1556' ThreadID='1588'/><Channel>System</Channel><Computer>DESKTOP-TC5H5CS</Computer><Security UserID='S-1-5-19'/></System><EventData></EventData></Event>"
﻿"1655","Service Control Manager","{555908D1-A6D7-4695-8E1E-26931D2012F4}","3221232498","0","INFORMATION"," ","0","0","1689154592"," "," ","644","648","System","DESKTOP-TC5H5CS"," ","<Event xmlns='http://schemas.microsoft.com/win/2004/08/events/event'><System><Provider Name='Service Control Manager' Guid='{555908d1-a6d7-4695-8e1e-26931d2012f4}' EventSourceName='Service Control Manager'/><EventID Qualifiers='49152'>7026</EventID><Version>0</Version><Level>4</Level><Task>0</Task><Opcode>0</Opcode><Keywords>0x8080000000000000</Keywords><TimeCreated SystemTime='2023-07-12T09:36:32.2478403Z'/><EventRecordID>1655</EventRecordID><Correlation/><Execution ProcessID='644' ThreadID='648'/><Channel>System</Channel><Computer>DESKTOP-TC5H5CS</Computer><Security/></System><EventData><Data Name='param1'>
dam</Data></EventData></Event>"
