﻿"644","Microsoft-Windows-WindowsUpdateClient","{945A8954-C147-4ACD-923F-40C45405A658}","44","1","INFORMATION"," ","1","12","1688111670","{7BA622C1-AB14-0000-47EB-A87B14ABD901}"," ","8304","9352","System","DESKTOP-TC5H5CS","S-1-5-18","<Event xmlns='http://schemas.microsoft.com/win/2004/08/events/event'><System><Provider Name='Microsoft-Windows-WindowsUpdateClient' Guid='{945a8954-c147-4acd-923f-40c45405a658}'/><EventID>44</EventID><Version>1</Version><Level>4</Level><Task>1</Task><Opcode>12</Opcode><Keywords>0x8000000000002004</Keywords><TimeCreated SystemTime='2023-06-30T07:54:30.7412141Z'/><EventRecordID>644</EventRecordID><Correlation ActivityID='{7ba622c1-ab14-0000-47eb-a87b14abd901}'/><Execution ProcessID='8304' ThreadID='9352'/><Channel>System</Channel><Computer>DESKTOP-TC5H5CS</Computer><Security UserID='S-1-5-18'/></System><EventData><Data Name='updateTitle'>9P5VK8KZB5QZ-Microsoft.UI.Xaml.2.7</Data><Data Name='updateGuid'>{6f84e08f-e2c0-417a-926a-e23dace58b7b}</Data><Data Name='updateRevisionNumber'>1</Data></EventData></Event>"
﻿"645","Microsoft-Windows-WindowsUpdateClient","{945A8954-C147-4ACD-923F-40C45405A658}","44","1","INFORMATION"," ","1","12","1688111670","{7BA622C1-AB14-0000-47EB-A87B14ABD901}"," ","8304","9352","System","DESKTOP-TC5H5CS","S-1-5-18","<Event xmlns='http://schemas.microsoft.com/win/2004/08/events/event'><System><Provider Name='Microsoft-Windows-WindowsUpdateClient' Guid='{945a8954-c147-4acd-923f-40c45405a658}'/><EventID>44</EventID><Version>1</Version><Level>4</Level><Task>1</Task><Opcode>12</Opcode><Keywords>0x8000000000002004</Keywords><TimeCreated SystemTime='2023-06-30T07:54:30.7412157Z'/><EventRecordID>645</EventRecordID><Correlation ActivityID='{7ba622c1-ab14-0000-47eb-a87b14abd901}'/><Execution ProcessID='8304' ThreadID='9352'/><Channel>System</Channel><Computer>DESKTOP-TC5H5CS</Computer><Security UserID='S-1-5-18'/></System><EventData><Data Name='updateTitle'>9P5VK8KZB5QZ-Microsoft.UI.Xaml.2.7</Data><Data Name='updateGuid'>{6f84e08f-e2c0-417a-926a-e23dace58b7b}</Data><Data Name='updateRevisionNumber'>1</Data></EventData></Event>"
﻿"646","Microsoft-Windows-WindowsUpdateClient","{945A8954-C147-4ACD-923F-40C45405A658}","19","1","INFORMATION"," ","1","13","1688111670","{7BA622C1-AB14-0000-47EB-A87B14ABD901}"," ","8304","9352","System","DESKTOP-TC5H5CS","S-1-5-18","<Event xmlns='http://schemas.microsoft.com/win/2004/08/events/event'><System><Provider Name='Microsoft-Windows-WindowsUpdateClient' Guid='{945a8954-c147-4acd-923f-40c45405a658}'/><EventID>19</EventID><Version>1</Version><Level>4</Level><Task>1</Task><Opcode>13</Opcode><Keywords>0x8000000000000018</Keywords><TimeCreated SystemTime='2023-06-30T07:54:30.7412174Z'/><EventRecordID>646</EventRecordID><Correlation ActivityID='{7ba622c1-ab14-0000-47eb-a87b14abd901}'/><Execution ProcessID='8304' ThreadID='9352'/><Channel>System</Channel><Computer>DESKTOP-TC5H5CS</Computer><Security UserID='S-1-5-18'/></System><EventData><Data Name='updateTitle'>9PKRS2FVRWBT-Microsoft.UI.Xaml.2.3</Data><Data Name='updateGuid'>{3c209796-523b-410f-a0b5-9c7df78138dc}</Data><Data Name='updateRevisionNumber'>1</Data><Data Name='serviceGuid'>{855e8a7c-ecb4-4ca3-b045-1dfa50104289}</Data></EventData></Event>"
﻿"647","Microsoft-Windows-WindowsUpdateClient","{945A8954-C147-4ACD-923F-40C45405A658}","43","1","INFORMATION"," ","1","13","1688111670","{7BA622C1-AB14-0000-47EB-A87B14ABD901}"," ","8304","9352","System","DESKTOP-TC5H5CS","S-1-5-18","<Event xmlns='http://schemas.microsoft.com/win/2004/08/events/event'><System><Provider Name='Microsoft-Windows-WindowsUpdateClient' Guid='{945a8954-c147-4acd-923f-40c45405a658}'/><EventID>43</EventID><Version>1</Version><Level>4</Level><Task>1</Task><Opcode>13</Opcode><Keywords>0x8000000000002008</Keywords><TimeCreated SystemTime='2023-06-30T07:54:30.7594757Z'/><EventRecordID>647</EventRecordID><Correlation ActivityID='{7ba622c1-ab14-0000-47eb-a87b14abd901}'/><Execution ProcessID='8304' ThreadID='9352'/><Channel>System</Channel><Computer>DESKTOP-TC5H5CS</Computer><Security UserID='S-1-5-18'/></System><EventData><Data Name='updateTitle'>9WZDNCRFHWKN-MICROSOFT.WINDOWSSOUNDRECORDER</Data><Data Name='updateGuid'>{c5845bef-3097-4707-84b0-c462f96be157}</Data><Data Name='updateRevisionNumber'>1</Data></EventData></Event>"
﻿"648","Microsoft-Windows-Kernel-General","{A68CA8B7-004F-D7B6-A698-07E2DE0F1F5D}","16","0","INFORMATION"," ","0","0","1688111672"," "," ","8148","3792","System","DESKTOP-TC5H5CS","S-1-5-21-2081973557-1603719640-2355346784-1001","<Event xmlns='http://schemas.microsoft.com/win/2004/08/events/event'><System><Provider Name='Microsoft-Windows-Kernel-General' Guid='{a68ca8b7-004f-d7b6-a698-07e2de0f1f5d}'/><EventID>16</EventID><Version>0</Version><Level>4</Level><Task>0</Task><Opcode>0</Opcode><Keywords>0x8000000000000000</Keywords><TimeCreated SystemTime='2023-06-30T07:54:32.2686166Z'/><EventRecordID>648</EventRecordID><Correlation/><Execution ProcessID='8148' ThreadID='3792'/><Channel>System</Channel><Computer>DESKTOP-TC5H5CS</Computer><Security UserID='S-1-5-21-2081973557-1603719640-2355346784-1001'/></System><EventData><Data Name='HiveNameLength'>107</Data><Data Name='HiveName'>\??\C:\Users\test\AppData\Local\Packages\Microsoft.WindowsSoundRecorder_8wekyb3d8bbwe\Settings\settings.dat</Data><Data Name='KeysUpdated'>3</Data><Data Name='DirtyPages'>1</Data></EventData></Event>"
﻿"649","Microsoft-Windows-WindowsUpdateClient","{945A8954-C147-4ACD-923F-40C45405A658}","44","1","INFORMATION"," ","1","12","1688111674","{7BA622C1-AB14-0000-7BEB-A87B14ABD901}"," ","8304","9352","System","DESKTOP-TC5H5CS","S-1-5-18","<Event xmlns='http://schemas.microsoft.com/win/2004/08/events/event'><System><Provider Name='Microsoft-Windows-WindowsUpdateClient' Guid='{945a8954-c147-4acd-923f-40c45405a658}'/><EventID>44</EventID><Version>1</Version><Level>4</Level><Task>1</Task><Opcode>12</Opcode><Keywords>0x8000000000002004</Keywords><TimeCreated SystemTime='2023-06-30T07:54:34.4233580Z'/><EventRecordID>649</EventRecordID><Correlation ActivityID='{7ba622c1-ab14-0000-7beb-a87b14abd901}'/><Execution ProcessID='8304' ThreadID='9352'/><Channel>System</Channel><Computer>DESKTOP-TC5H5CS</Computer><Security UserID='S-1-5-18'/></System><EventData><Data Name='updateTitle'>9NBLGGH3FRZM-Microsoft.VCLibs.140.00</Data><Data Name='updateGuid'>{8644822b-523b-4979-9bec-0331672ba155}</Data><Data Name='updateRevisionNumber'>1</Data></EventData></Event>"
﻿"650","Microsoft-Windows-WindowsUpdateClient","{945A8954-C147-4ACD-923F-40C45405A658}","44","1","INFORMATION"," ","1","12","1688111674","{7BA622C1-AB14-0000-7BEB-A87B14ABD901}"," ","8304","9352","System","DESKTOP-TC5H5CS","S-1-5-18","<Event xmlns='http://schemas.microsoft.com/win/2004/08/events/event'><System><Provider Name='Microsoft-Windows-WindowsUpdateClient' Guid='{945a8954-c147-4acd-923f-40c45405a658}'/><EventID>44</EventID><Version>1</Version><Level>4</Level><Task>1</Task><Opcode>12</Opcode><Keywords>0x8000000000002004</Keywords><TimeCreated SystemTime='2023-06-30T07:54:34.4233598Z'/><EventRecordID>650</EventRecordID><Correlation ActivityID='{7ba622c1-ab14-0000-7beb-a87b14abd901}'/><Execution ProcessID='8304' ThreadID='9352'/><Channel>System</Channel><Computer>DESKTOP-TC5H5CS</Computer><Security UserID='S-1-5-18'/></System><EventData><Data Name='updateTitle'>9NBLGGH3FRZM-Microsoft.VCLibs.140.00</Data><Data Name='updateGuid'>{8644822b-523b-4979-9bec-0331672ba155}</Data><Data Name='updateRevisionNumber'>1</Data></EventData></Event>"
﻿"651","Microsoft-Windows-WindowsUpdateClient","{945A8954-C147-4ACD-923F-40C45405A658}","44","1","INFORMATION"," ","1","12","1688111674","{7BA622C1-AB14-0000-7BEB-A87B14ABD901}"," ","8304","9352","System","DESKTOP-TC5H5CS","S-1-5-18","<Event xmlns='http://schemas.microsoft.com/win/2004/08/events/event'><System><Provider Name='Microsoft-Windows-WindowsUpdateClient' Guid='{945a8954-c147-4acd-923f-40c45405a658}'/><EventID>44</EventID><Version>1</Version><Level>4</Level><Task>1</Task><Opcode>12</Opcode><Keywords>0x8000000000002004</Keywords><TimeCreated SystemTime='2023-06-30T07:54:34.4233609Z'/><EventRecordID>651</EventRecordID><Correlation ActivityID='{7ba622c1-ab14-0000-7beb-a87b14abd901}'/><Execution ProcessID='8304' ThreadID='9352'/><Channel>System</Channel><Computer>DESKTOP-TC5H5CS</Computer><Security UserID='S-1-5-18'/></System><EventData><Data Name='updateTitle'>9NBLGGH4NNS1-Microsoft.DesktopAppInstaller</Data><Data Name='updateGuid'>{b7a87bf0-78be-46c0-aeb5-a9cf22b2cbd7}</Data><Data Name='updateRevisionNumber'>1</Data></EventData></Event>"
﻿"652","Microsoft-Windows-WindowsUpdateClient","{945A8954-C147-4ACD-923F-40C45405A658}","19","1","INFORMATION"," ","1","13","1688111674","{7BA622C1-AB14-0000-7BEB-A87B14ABD901}"," ","8304","9352","System","DESKTOP-TC5H5CS","S-1-5-18","<Event xmlns='http://schemas.microsoft.com/win/2004/08/events/event'><System><Provider Name='Microsoft-Windows-WindowsUpdateClient' Guid='{945a8954-c147-4acd-923f-40c45405a658}'/><EventID>19</EventID><Version>1</Version><Level>4</Level><Task>1</Task><Opcode>13</Opcode><Keywords>0x8000000000000018</Keywords><TimeCreated SystemTime='2023-06-30T07:54:34.4234503Z'/><EventRecordID>652</EventRecordID><Correlation ActivityID='{7ba622c1-ab14-0000-7beb-a87b14abd901}'/><Execution ProcessID='8304' ThreadID='9352'/><Channel>System</Channel><Computer>DESKTOP-TC5H5CS</Computer><Security UserID='S-1-5-18'/></System><EventData><Data Name='updateTitle'>9WZDNCRFHWKN-MICROSOFT.WINDOWSSOUNDRECORDER</Data><Data Name='updateGuid'>{c5845bef-3097-4707-84b0-c462f96be157}</Data><Data Name='updateRevisionNumber'>1</Data><Data Name='serviceGuid'>{855e8a7c-ecb4-4ca3-b045-1dfa50104289}</Data></EventData></Event>"
﻿"653","Microsoft-Windows-WindowsUpdateClient","{945A8954-C147-4ACD-923F-40C45405A658}","44","1","INFORMATION"," ","1","12","1688111678"," "," ","8304","11224","System","DESKTOP-TC5H5CS","S-1-5-18","<Event xmlns='http://schemas.microsoft.com/win/2004/08/events/event'><System><Provider Name='Microsoft-Windows-WindowsUpdateClient' Guid='{945a8954-c147-4acd-923f-40c45405a658}'/><EventID>44</EventID><Version>1</Version><Level>4</Level><Task>1</Task><Opcode>12</Opcode><Keywords>0x8000000000002004</Keywords><TimeCreated SystemTime='2023-06-30T07:54:38.5828107Z'/><EventRecordID>653</EventRecordID><Correlation/><Execution ProcessID='8304' ThreadID='11224'/><Channel>System</Channel><Computer>DESKTOP-TC5H5CS</Computer><Security UserID='S-1-5-18'/></System><EventData><Data Name='updateTitle'>9NBLGGH4RV3K-Microsoft.VCLibs.140.00.UWPDesktop</Data><Data Name='updateGuid'>{bcff1d0a-afdd-4ab4-b247-ce1562c3678f}</Data><Data Name='updateRevisionNumber'>1</Data></EventData></Event>"
﻿"654","Microsoft-Windows-WindowsUpdateClient","{945A8954-C147-4ACD-923F-40C45405A658}","44","1","INFORMATION"," ","1","12","1688111678"," "," ","8304","11224","System","DESKTOP-TC5H5CS","S-1-5-18","<Event xmlns='http://schemas.microsoft.com/win/2004/08/events/event'><System><Provider Name='Microsoft-Windows-WindowsUpdateClient' Guid='{945a8954-c147-4acd-923f-40c45405a658}'/><EventID>44</EventID><Version>1</Version><Level>4</Level><Task>1</Task><Opcode>12</Opcode><Keywords>0x8000000000002004</Keywords><TimeCreated SystemTime='2023-06-30T07:54:38.5828122Z'/><EventRecordID>654</EventRecordID><Correlation/><Execution ProcessID='8304' ThreadID='11224'/><Channel>System</Channel><Computer>DESKTOP-TC5H5CS</Computer><Security UserID='S-1-5-18'/></System><EventData><Data Name='updateTitle'>9PLL735RFDSM-Microsoft.NET.Native.Runtime.2.2</Data><Data Name='updateGuid'>{78d00b8d-c973-4e6d-bab8-6d829f76fb3d}</Data><Data Name='updateRevisionNumber'>1</Data></EventData></Event>"
﻿"655","Microsoft-Windows-WindowsUpdateClient","{945A8954-C147-4ACD-923F-40C45405A658}","44","1","INFORMATION"," ","1","12","1688111678"," "," ","8304","11224","System","DESKTOP-TC5H5CS","S-1-5-18","<Event xmlns='http://schemas.microsoft.com/win/2004/08/events/event'><System><Provider Name='Microsoft-Windows-WindowsUpdateClient' Guid='{945a8954-c147-4acd-923f-40c45405a658}'/><EventID>44</EventID><Version>1</Version><Level>4</Level><Task>1</Task><Opcode>12</Opcode><Keywords>0x8000000000002004</Keywords><TimeCreated SystemTime='2023-06-30T07:54:38.5828132Z'/><EventRecordID>655</EventRecordID><Correlation/><Execution ProcessID='8304' ThreadID='11224'/><Channel>System</Channel><Computer>DESKTOP-TC5H5CS</Computer><Security UserID='S-1-5-18'/></System><EventData><Data Name='updateTitle'>9NBLGGH4RV3K-Microsoft.VCLibs.140.00.UWPDesktop</Data><Data Name='updateGuid'>{bcff1d0a-afdd-4ab4-b247-ce1562c3678f}</Data><Data Name='updateRevisionNumber'>1</Data></EventData></Event>"
﻿"656","Microsoft-Windows-WindowsUpdateClient","{945A8954-C147-4ACD-923F-40C45405A658}","44","1","INFORMATION"," ","1","12","1688111682"," "," ","8304","11224","System","DESKTOP-TC5H5CS","S-1-5-18","<Event xmlns='http://schemas.microsoft.com/win/2004/08/events/event'><System><Provider Name='Microsoft-Windows-WindowsUpdateClient' Guid='{945a8954-c147-4acd-923f-40c45405a658}'/><EventID>44</EventID><Version>1</Version><Level>4</Level><Task>1</Task><Opcode>12</Opcode><Keywords>0x8000000000002004</Keywords><TimeCreated SystemTime='2023-06-30T07:54:42.4481593Z'/><EventRecordID>656</EventRecordID><Correlation/><Execution ProcessID='8304' ThreadID='11224'/><Channel>System</Channel><Computer>DESKTOP-TC5H5CS</Computer><Security UserID='S-1-5-18'/></System><EventData><Data Name='updateTitle'>9PLL735RFDSM-Microsoft.NET.Native.Runtime.2.2</Data><Data Name='updateGuid'>{78d00b8d-c973-4e6d-bab8-6d829f76fb3d}</Data><Data Name='updateRevisionNumber'>1</Data></EventData></Event>"
﻿"657","Microsoft-Windows-WindowsUpdateClient","{945A8954-C147-4ACD-923F-40C45405A658}","44","1","INFORMATION"," ","1","12","1688111682"," "," ","8304","11224","System","DESKTOP-TC5H5CS","S-1-5-18","<Event xmlns='http://schemas.microsoft.com/win/2004/08/events/event'><System><Provider Name='Microsoft-Windows-WindowsUpdateClient' Guid='{945a8954-c147-4acd-923f-40c45405a658}'/><EventID>44</EventID><Version>1</Version><Level>4</Level><Task>1</Task><Opcode>12</Opcode><Keywords>0x8000000000002004</Keywords><TimeCreated SystemTime='2023-06-30T07:54:42.4481611Z'/><EventRecordID>657</EventRecordID><Correlation/><Execution ProcessID='8304' ThreadID='11224'/><Channel>System</Channel><Computer>DESKTOP-TC5H5CS</Computer><Security UserID='S-1-5-18'/></System><EventData><Data Name='updateTitle'>9MW2LKJ0TPJF-Microsoft.NET.Native.Framework.2.2</Data><Data Name='updateGuid'>{2bfc90df-c5e5-4c06-b503-16647503bf6a}</Data><Data Name='updateRevisionNumber'>1</Data></EventData></Event>"
﻿"658","Microsoft-Windows-WindowsUpdateClient","{945A8954-C147-4ACD-923F-40C45405A658}","44","1","INFORMATION"," ","1","12","1688111682"," "," ","8304","11224","System","DESKTOP-TC5H5CS","S-1-5-18","<Event xmlns='http://schemas.microsoft.com/win/2004/08/events/event'><System><Provider Name='Microsoft-Windows-WindowsUpdateClient' Guid='{945a8954-c147-4acd-923f-40c45405a658}'/><EventID>44</EventID><Version>1</Version><Level>4</Level><Task>1</Task><Opcode>12</Opcode><Keywords>0x8000000000002004</Keywords><TimeCreated SystemTime='2023-06-30T07:54:42.4481634Z'/><EventRecordID>658</EventRecordID><Correlation/><Execution ProcessID='8304' ThreadID='11224'/><Channel>System</Channel><Computer>DESKTOP-TC5H5CS</Computer><Security UserID='S-1-5-18'/></System><EventData><Data Name='updateTitle'>9MW2LKJ0TPJF-Microsoft.NET.Native.Framework.2.2</Data><Data Name='updateGuid'>{2bfc90df-c5e5-4c06-b503-16647503bf6a}</Data><Data Name='updateRevisionNumber'>1</Data></EventData></Event>"
﻿"659","Microsoft-Windows-WindowsUpdateClient","{945A8954-C147-4ACD-923F-40C45405A658}","43","1","INFORMATION"," ","1","13","1688111684"," "," ","8304","3196","System","DESKTOP-TC5H5CS","S-1-5-18","<Event xmlns='http://schemas.microsoft.com/win/2004/08/events/event'><System><Provider Name='Microsoft-Windows-WindowsUpdateClient' Guid='{945a8954-c147-4acd-923f-40c45405a658}'/><EventID>43</EventID><Version>1</Version><Level>4</Level><Task>1</Task><Opcode>13</Opcode><Keywords>0x8000000000002008</Keywords><TimeCreated SystemTime='2023-06-30T07:54:44.8535259Z'/><EventRecordID>659</EventRecordID><Correlation/><Execution ProcessID='8304' ThreadID='3196'/><Channel>System</Channel><Computer>DESKTOP-TC5H5CS</Computer><Security UserID='S-1-5-18'/></System><EventData><Data Name='updateTitle'>9WZDNCRFJ3PT-MICROSOFT.ZUNEMUSIC</Data><Data Name='updateGuid'>{9de5c38c-6257-4b5b-a6cc-228ed01fe4d9}</Data><Data Name='updateRevisionNumber'>1</Data></EventData></Event>"
﻿"660","Microsoft-Windows-Kernel-General","{A68CA8B7-004F-D7B6-A698-07E2DE0F1F5D}","16","0","INFORMATION"," ","0","0","1688111685"," "," ","8148","1192","System","DESKTOP-TC5H5CS","S-1-5-21-2081973557-1603719640-2355346784-1001","<Event xmlns='http://schemas.microsoft.com/win/2004/08/events/event'><System><Provider Name='Microsoft-Windows-Kernel-General' Guid='{a68ca8b7-004f-d7b6-a698-07e2de0f1f5d}'/><EventID>16</EventID><Version>0</Version><Level>4</Level><Task>0</Task><Opcode>0</Opcode><Keywords>0x8000000000000000</Keywords><TimeCreated SystemTime='2023-06-30T07:54:45.9448650Z'/><EventRecordID>660</EventRecordID><Correlation/><Execution ProcessID='8148' ThreadID='1192'/><Channel>System</Channel><Computer>DESKTOP-TC5H5CS</Computer><Security UserID='S-1-5-21-2081973557-1603719640-2355346784-1001'/></System><EventData><Data Name='HiveNameLength'>96</Data><Data Name='HiveName'>\??\C:\Users\test\AppData\Local\Packages\Microsoft.ZuneMusic_8wekyb3d8bbwe\Settings\settings.dat</Data><Data Name='KeysUpdated'>3</Data><Data Name='DirtyPages'>1</Data></EventData></Event>"
﻿"661","Microsoft-Windows-WindowsUpdateClient","{945A8954-C147-4ACD-923F-40C45405A658}","44","1","INFORMATION"," ","1","12","1688111688","{7BA622C1-AB14-0001-7FC1-A87B14ABD901}"," ","8304","3196","System","DESKTOP-TC5H5CS","S-1-5-18","<Event xmlns='http://schemas.microsoft.com/win/2004/08/events/event'><System><Provider Name='Microsoft-Windows-WindowsUpdateClient' Guid='{945a8954-c147-4acd-923f-40c45405a658}'/><EventID>44</EventID><Version>1</Version><Level>4</Level><Task>1</Task><Opcode>12</Opcode><Keywords>0x8000000000002004</Keywords><TimeCreated SystemTime='2023-06-30T07:54:48.2966814Z'/><EventRecordID>661</EventRecordID><Correlation ActivityID='{7ba622c1-ab14-0001-7fc1-a87b14abd901}'/><Execution ProcessID='8304' ThreadID='3196'/><Channel>System</Channel><Computer>DESKTOP-TC5H5CS</Computer><Security UserID='S-1-5-18'/></System><EventData><Data Name='updateTitle'>9NBLGGH3FRZM-Microsoft.VCLibs.140.00</Data><Data Name='updateGuid'>{8644822b-523b-4979-9bec-0331672ba155}</Data><Data Name='updateRevisionNumber'>1</Data></EventData></Event>"
﻿"662","Microsoft-Windows-WindowsUpdateClient","{945A8954-C147-4ACD-923F-40C45405A658}","19","1","INFORMATION"," ","1","13","1688111688","{7BA622C1-AB14-0001-7FC1-A87B14ABD901}"," ","8304","3196","System","DESKTOP-TC5H5CS","S-1-5-18","<Event xmlns='http://schemas.microsoft.com/win/2004/08/events/event'><System><Provider Name='Microsoft-Windows-WindowsUpdateClient' Guid='{945a8954-c147-4acd-923f-40c45405a658}'/><EventID>19</EventID><Version>1</Version><Level>4</Level><Task>1</Task><Opcode>13</Opcode><Keywords>0x8000000000000018</Keywords><TimeCreated SystemTime='2023-06-30T07:54:48.2966837Z'/><EventRecordID>662</EventRecordID><Correlation ActivityID='{7ba622c1-ab14-0001-7fc1-a87b14abd901}'/><Execution ProcessID='8304' ThreadID='3196'/><Channel>System</Channel><Computer>DESKTOP-TC5H5CS</Computer><Security UserID='S-1-5-18'/></System><EventData><Data Name='updateTitle'>9WZDNCRFJ3PT-MICROSOFT.ZUNEMUSIC</Data><Data Name='updateGuid'>{9de5c38c-6257-4b5b-a6cc-228ed01fe4d9}</Data><Data Name='updateRevisionNumber'>1</Data><Data Name='serviceGuid'>{855e8a7c-ecb4-4ca3-b045-1dfa50104289}</Data></EventData></Event>"
﻿"663","Microsoft-Windows-WindowsUpdateClient","{945A8954-C147-4ACD-923F-40C45405A658}","44","1","INFORMATION"," ","1","12","1688111694"," "," ","8304","11224","System","DESKTOP-TC5H5CS","S-1-5-18","<Event xmlns='http://schemas.microsoft.com/win/2004/08/events/event'><System><Provider Name='Microsoft-Windows-WindowsUpdateClient' Guid='{945a8954-c147-4acd-923f-40c45405a658}'/><EventID>44</EventID><Version>1</Version><Level>4</Level><Task>1</Task><Opcode>12</Opcode><Keywords>0x8000000000002004</Keywords><TimeCreated SystemTime='2023-06-30T07:54:54.5592575Z'/><EventRecordID>663</EventRecordID><Correlation/><Execution ProcessID='8304' ThreadID='11224'/><Channel>System</Channel><Computer>DESKTOP-TC5H5CS</Computer><Security UserID='S-1-5-18'/></System><EventData><Data Name='updateTitle'>9N4D0MSMP0PT-Microsoft.VP9VideoExtensions</Data><Data Name='updateGuid'>{19c51b2e-8fac-41ce-983b-285f7dab7b95}</Data><Data Name='updateRevisionNumber'>1</Data></EventData></Event>"
﻿"664","Microsoft-Windows-WindowsUpdateClient","{945A8954-C147-4ACD-923F-40C45405A658}","44","1","INFORMATION"," ","1","12","1688111694"," "," ","8304","11224","System","DESKTOP-TC5H5CS","S-1-5-18","<Event xmlns='http://schemas.microsoft.com/win/2004/08/events/event'><System><Provider Name='Microsoft-Windows-WindowsUpdateClient' Guid='{945a8954-c147-4acd-923f-40c45405a658}'/><EventID>44</EventID><Version>1</Version><Level>4</Level><Task>1</Task><Opcode>12</Opcode><Keywords>0x8000000000002004</Keywords><TimeCreated SystemTime='2023-06-30T07:54:54.5592597Z'/><EventRecordID>664</EventRecordID><Correlation/><Execution ProcessID='8304' ThreadID='11224'/><Channel>System</Channel><Computer>DESKTOP-TC5H5CS</Computer><Security UserID='S-1-5-18'/></System><EventData><Data Name='updateTitle'>9WZDNCRD29V9-MICROSOFT.MICROSOFTOFFICEHUB</Data><Data Name='updateGuid'>{9814c868-8f88-4bc9-bd78-ccc98eb0809e}</Data><Data Name='updateRevisionNumber'>1</Data></EventData></Event>"
﻿"665","Microsoft-Windows-WindowsUpdateClient","{945A8954-C147-4ACD-923F-40C45405A658}","44","1","INFORMATION"," ","1","12","1688111694"," "," ","8304","11224","System","DESKTOP-TC5H5CS","S-1-5-18","<Event xmlns='http://schemas.microsoft.com/win/2004/08/events/event'><System><Provider Name='Microsoft-Windows-WindowsUpdateClient' Guid='{945a8954-c147-4acd-923f-40c45405a658}'/><EventID>44</EventID><Version>1</Version><Level>4</Level><Task>1</Task><Opcode>12</Opcode><Keywords>0x8000000000002004</Keywords><TimeCreated SystemTime='2023-06-30T07:54:54.5592622Z'/><EventRecordID>665</EventRecordID><Correlation/><Execution ProcessID='8304' ThreadID='11224'/><Channel>System</Channel><Computer>DESKTOP-TC5H5CS</Computer><Security UserID='S-1-5-18'/></System><EventData><Data Name='updateTitle'>9NBLGGH3FRZM-Microsoft.VCLibs.140.00</Data><Data Name='updateGuid'>{8644822b-523b-4979-9bec-0331672ba155}</Data><Data Name='updateRevisionNumber'>1</Data></EventData></Event>"
﻿"666","Microsoft-Windows-WindowsUpdateClient","{945A8954-C147-4ACD-923F-40C45405A658}","44","1","INFORMATION"," ","1","12","1688111703"," "," ","8304","11224","System","DESKTOP-TC5H5CS","S-1-5-18","<Event xmlns='http://schemas.microsoft.com/win/2004/08/events/event'><System><Provider Name='Microsoft-Windows-WindowsUpdateClient' Guid='{945a8954-c147-4acd-923f-40c45405a658}'/><EventID>44</EventID><Version>1</Version><Level>4</Level><Task>1</Task><Opcode>12</Opcode><Keywords>0x8000000000002004</Keywords><TimeCreated SystemTime='2023-06-30T07:55:03.7244251Z'/><EventRecordID>666</EventRecordID><Correlation/><Execution ProcessID='8304' ThreadID='11224'/><Channel>System</Channel><Computer>DESKTOP-TC5H5CS</Computer><Security UserID='S-1-5-18'/></System><EventData><Data Name='updateTitle'>9N5TDP8VCMHS-Microsoft.WebMediaExtensions</Data><Data Name='updateGuid'>{04c1ef79-36d3-40f0-85cc-157a91349c60}</Data><Data Name='updateRevisionNumber'>1</Data></EventData></Event>"
﻿"667","Microsoft-Windows-WindowsUpdateClient","{945A8954-C147-4ACD-923F-40C45405A658}","43","1","INFORMATION"," ","1","13","1688111705"," "," ","8304","6388","System","DESKTOP-TC5H5CS","S-1-5-18","<Event xmlns='http://schemas.microsoft.com/win/2004/08/events/event'><System><Provider Name='Microsoft-Windows-WindowsUpdateClient' Guid='{945a8954-c147-4acd-923f-40c45405a658}'/><EventID>43</EventID><Version>1</Version><Level>4</Level><Task>1</Task><Opcode>13</Opcode><Keywords>0x8000000000002008</Keywords><TimeCreated SystemTime='2023-06-30T07:55:05.6556013Z'/><EventRecordID>667</EventRecordID><Correlation/><Execution ProcessID='8304' ThreadID='6388'/><Channel>System</Channel><Computer>DESKTOP-TC5H5CS</Computer><Security UserID='S-1-5-18'/></System><EventData><Data Name='updateTitle'>9N4D0MSMP0PT-Microsoft.VP9VideoExtensions</Data><Data Name='updateGuid'>{19c51b2e-8fac-41ce-983b-285f7dab7b95}</Data><Data Name='updateRevisionNumber'>1</Data></EventData></Event>"
﻿"668","Microsoft-Windows-Kernel-General","{A68CA8B7-004F-D7B6-A698-07E2DE0F1F5D}","16","0","INFORMATION"," ","0","0","1688111706"," "," ","8148","1192","System","DESKTOP-TC5H5CS","S-1-5-21-2081973557-1603719640-2355346784-1001","<Event xmlns='http://schemas.microsoft.com/win/2004/08/events/event'><System><Provider Name='Microsoft-Windows-Kernel-General' Guid='{a68ca8b7-004f-d7b6-a698-07e2de0f1f5d}'/><EventID>16</EventID><Version>0</Version><Level>4</Level><Task>0</Task><Opcode>0</Opcode><Keywords>0x8000000000000000</Keywords><TimeCreated SystemTime='2023-06-30T07:55:06.3093827Z'/><EventRecordID>668</EventRecordID><Correlation/><Execution ProcessID='8148' ThreadID='1192'/><Channel>System</Channel><Computer>DESKTOP-TC5H5CS</Computer><Security UserID='S-1-5-21-2081973557-1603719640-2355346784-1001'/></System><EventData><Data Name='HiveNameLength'>105</Data><Data Name='HiveName'>\??\C:\Users\test\AppData\Local\Packages\Microsoft.VP9VideoExtensions_8wekyb3d8bbwe\Settings\settings.dat</Data><Data Name='KeysUpdated'>3</Data><Data Name='DirtyPages'>1</Data></EventData></Event>"
﻿"669","Microsoft-Windows-WindowsUpdateClient","{945A8954-C147-4ACD-923F-40C45405A658}","19","1","INFORMATION"," ","1","13","1688111707","{7BA622C1-AB14-0000-EBF1-A87B14ABD901}"," ","8304","6388","System","DESKTOP-TC5H5CS","S-1-5-18","<Event xmlns='http://schemas.microsoft.com/win/2004/08/events/event'><System><Provider Name='Microsoft-Windows-WindowsUpdateClient' Guid='{945a8954-c147-4acd-923f-40c45405a658}'/><EventID>19</EventID><Version>1</Version><Level>4</Level><Task>1</Task><Opcode>13</Opcode><Keywords>0x8000000000000018</Keywords><TimeCreated SystemTime='2023-06-30T07:55:07.6351449Z'/><EventRecordID>669</EventRecordID><Correlation ActivityID='{7ba622c1-ab14-0000-ebf1-a87b14abd901}'/><Execution ProcessID='8304' ThreadID='6388'/><Channel>System</Channel><Computer>DESKTOP-TC5H5CS</Computer><Security UserID='S-1-5-18'/></System><EventData><Data Name='updateTitle'>9N4D0MSMP0PT-Microsoft.VP9VideoExtensions</Data><Data Name='updateGuid'>{19c51b2e-8fac-41ce-983b-285f7dab7b95}</Data><Data Name='updateRevisionNumber'>1</Data><Data Name='serviceGuid'>{855e8a7c-ecb4-4ca3-b045-1dfa50104289}</Data></EventData></Event>"
﻿"670","Microsoft-Windows-Kernel-General","{A68CA8B7-004F-D7B6-A698-07E2DE0F1F5D}","16","0","INFORMATION"," ","0","0","1688111712"," "," ","8148","4232","System","DESKTOP-TC5H5CS","S-1-5-18","<Event xmlns='http://schemas.microsoft.com/win/2004/08/events/event'><System><Provider Name='Microsoft-Windows-Kernel-General' Guid='{a68ca8b7-004f-d7b6-a698-07e2de0f1f5d}'/><EventID>16</EventID><Version>0</Version><Level>4</Level><Task>0</Task><Opcode>0</Opcode><Keywords>0x8000000000000000</Keywords><TimeCreated SystemTime='2023-06-30T07:55:12.2787482Z'/><EventRecordID>670</EventRecordID><Correlation/><Execution ProcessID='8148' ThreadID='4232'/><Channel>System</Channel><Computer>DESKTOP-TC5H5CS</Computer><Security UserID='S-1-5-18'/></System><EventData><Data Name='HiveNameLength'>139</Data><Data Name='HiveName'>\??\C:\ProgramData\Microsoft\Windows\AppRepository\Packages\Microsoft.WebMediaExtensions_1.0.61591.0_x64__8wekyb3d8bbwe\ActivationStore.dat</Data><Data Name='KeysUpdated'>0</Data><Data Name='DirtyPages'>0</Data></EventData></Event>"
﻿"671","Microsoft-Windows-WindowsUpdateClient","{945A8954-C147-4ACD-923F-40C45405A658}","44","1","INFORMATION"," ","1","12","1688111714"," "," ","8304","10936","System","DESKTOP-TC5H5CS","S-1-5-18","<Event xmlns='http://schemas.microsoft.com/win/2004/08/events/event'><System><Provider Name='Microsoft-Windows-WindowsUpdateClient' Guid='{945a8954-c147-4acd-923f-40c45405a658}'/><EventID>44</EventID><Version>1</Version><Level>4</Level><Task>1</Task><Opcode>12</Opcode><Keywords>0x8000000000002004</Keywords><TimeCreated SystemTime='2023-06-30T07:55:14.7978926Z'/><EventRecordID>671</EventRecordID><Correlation/><Execution ProcessID='8304' ThreadID='10936'/><Channel>System</Channel><Computer>DESKTOP-TC5H5CS</Computer><Security UserID='S-1-5-18'/></System><EventData><Data Name='updateTitle'>9NBLGGH3FRZM-Microsoft.VCLibs.140.00</Data><Data Name='updateGuid'>{8644822b-523b-4979-9bec-0331672ba155}</Data><Data Name='updateRevisionNumber'>1</Data></EventData></Event>"
﻿"672","Microsoft-Windows-WindowsUpdateClient","{945A8954-C147-4ACD-923F-40C45405A658}","44","1","INFORMATION"," ","1","12","1688111714"," "," ","8304","10936","System","DESKTOP-TC5H5CS","S-1-5-18","<Event xmlns='http://schemas.microsoft.com/win/2004/08/events/event'><System><Provider Name='Microsoft-Windows-WindowsUpdateClient' Guid='{945a8954-c147-4acd-923f-40c45405a658}'/><EventID>44</EventID><Version>1</Version><Level>4</Level><Task>1</Task><Opcode>12</Opcode><Keywords>0x8000000000002004</Keywords><TimeCreated SystemTime='2023-06-30T07:55:14.7978943Z'/><EventRecordID>672</EventRecordID><Correlation/><Execution ProcessID='8304' ThreadID='10936'/><Channel>System</Channel><Computer>DESKTOP-TC5H5CS</Computer><Security UserID='S-1-5-18'/></System><EventData><Data Name='updateTitle'>9N5TDP8VCMHS-Microsoft.WebMediaExtensions</Data><Data Name='updateGuid'>{04c1ef79-36d3-40f0-85cc-157a91349c60}</Data><Data Name='updateRevisionNumber'>1</Data></EventData></Event>"
﻿"673","Microsoft-Windows-WindowsUpdateClient","{945A8954-C147-4ACD-923F-40C45405A658}","44","1","INFORMATION"," ","1","12","1688111714"," "," ","8304","10936","System","DESKTOP-TC5H5CS","S-1-5-18","<Event xmlns='http://schemas.microsoft.com/win/2004/08/events/event'><System><Provider Name='Microsoft-Windows-WindowsUpdateClient' Guid='{945a8954-c147-4acd-923f-40c45405a658}'/><EventID>44</EventID><Version>1</Version><Level>4</Level><Task>1</Task><Opcode>12</Opcode><Keywords>0x8000000000002004</Keywords><TimeCreated SystemTime='2023-06-30T07:55:14.7978957Z'/><EventRecordID>673</EventRecordID><Correlation/><Execution ProcessID='8304' ThreadID='10936'/><Channel>System</Channel><Computer>DESKTOP-TC5H5CS</Computer><Security UserID='S-1-5-18'/></System><EventData><Data Name='updateTitle'>9NBLGGH3FRZM-Microsoft.VCLibs.140.00</Data><Data Name='updateGuid'>{8644822b-523b-4979-9bec-0331672ba155}</Data><Data Name='updateRevisionNumber'>1</Data></EventData></Event>"
﻿"674","Microsoft-Windows-WindowsUpdateClient","{945A8954-C147-4ACD-923F-40C45405A658}","44","1","INFORMATION"," ","1","12","1688111714"," "," ","8304","10936","System","DESKTOP-TC5H5CS","S-1-5-18","<Event xmlns='http://schemas.microsoft.com/win/2004/08/events/event'><System><Provider Name='Microsoft-Windows-WindowsUpdateClient' Guid='{945a8954-c147-4acd-923f-40c45405a658}'/><EventID>44</EventID><Version>1</Version><Level>4</Level><Task>1</Task><Opcode>12</Opcode><Keywords>0x8000000000002004</Keywords><TimeCreated SystemTime='2023-06-30T07:55:14.7978968Z'/><EventRecordID>674</EventRecordID><Correlation/><Execution ProcessID='8304' ThreadID='10936'/><Channel>System</Channel><Computer>DESKTOP-TC5H5CS</Computer><Security UserID='S-1-5-18'/></System><EventData><Data Name='updateTitle'>9N5TDP8VCMHS-Microsoft.WebMediaExtensions</Data><Data Name='updateGuid'>{04c1ef79-36d3-40f0-85cc-157a91349c60}</Data><Data Name='updateRevisionNumber'>1</Data></EventData></Event>"
﻿"675","Microsoft-Windows-WindowsUpdateClient","{945A8954-C147-4ACD-923F-40C45405A658}","43","1","INFORMATION"," ","1","13","1688111714"," "," ","8304","10936","System","DESKTOP-TC5H5CS","S-1-5-18","<Event xmlns='http://schemas.microsoft.com/win/2004/08/events/event'><System><Provider Name='Microsoft-Windows-WindowsUpdateClient' Guid='{945a8954-c147-4acd-923f-40c45405a658}'/><EventID>43</EventID><Version>1</Version><Level>4</Level><Task>1</Task><Opcode>13</Opcode><Keywords>0x8000000000002008</Keywords><TimeCreated SystemTime='2023-06-30T07:55:14.7979975Z'/><EventRecordID>675</EventRecordID><Correlation/><Execution ProcessID='8304' ThreadID='10936'/><Channel>System</Channel><Computer>DESKTOP-TC5H5CS</Computer><Security UserID='S-1-5-18'/></System><EventData><Data Name='updateTitle'>9N5TDP8VCMHS-Microsoft.WebMediaExtensions</Data><Data Name='updateGuid'>{04c1ef79-36d3-40f0-85cc-157a91349c60}</Data><Data Name='updateRevisionNumber'>1</Data></EventData></Event>"
﻿"676","Microsoft-Windows-Kernel-General","{A68CA8B7-004F-D7B6-A698-07E2DE0F1F5D}","16","0","INFORMATION"," ","0","0","1688111715"," "," ","8148","4232","System","DESKTOP-TC5H5CS","S-1-5-21-2081973557-1603719640-2355346784-1001","<Event xmlns='http://schemas.microsoft.com/win/2004/08/events/event'><System><Provider Name='Microsoft-Windows-Kernel-General' Guid='{a68ca8b7-004f-d7b6-a698-07e2de0f1f5d}'/><EventID>16</EventID><Version>0</Version><Level>4</Level><Task>0</Task><Opcode>0</Opcode><Keywords>0x8000000000000000</Keywords><TimeCreated SystemTime='2023-06-30T07:55:15.3235840Z'/><EventRecordID>676</EventRecordID><Correlation/><Execution ProcessID='8148' ThreadID='4232'/><Channel>System</Channel><Computer>DESKTOP-TC5H5CS</Computer><Security UserID='S-1-5-21-2081973557-1603719640-2355346784-1001'/></System><EventData><Data Name='HiveNameLength'>105</Data><Data Name='HiveName'>\??\C:\Users\test\AppData\Local\Packages\Microsoft.WebMediaExtensions_8wekyb3d8bbwe\Settings\settings.dat</Data><Data Name='KeysUpdated'>3</Data><Data Name='DirtyPages'>1</Data></EventData></Event>"
﻿"677","Microsoft-Windows-WindowsUpdateClient","{945A8954-C147-4ACD-923F-40C45405A658}","44","1","INFORMATION"," ","1","12","1688111718","{7BA622C1-AB14-0000-EDF4-A87B14ABD901}"," ","8304","10936","System","DESKTOP-TC5H5CS","S-1-5-18","<Event xmlns='http://schemas.microsoft.com/win/2004/08/events/event'><System><Provider Name='Microsoft-Windows-WindowsUpdateClient' Guid='{945a8954-c147-4acd-923f-40c45405a658}'/><EventID>44</EventID><Version>1</Version><Level>4</Level><Task>1</Task><Opcode>12</Opcode><Keywords>0x8000000000002004</Keywords><TimeCreated SystemTime='2023-06-30T07:55:18.2218582Z'/><EventRecordID>677</EventRecordID><Correlation ActivityID='{7ba622c1-ab14-0000-edf4-a87b14abd901}'/><Execution ProcessID='8304' ThreadID='10936'/><Channel>System</Channel><Computer>DESKTOP-TC5H5CS</Computer><Security UserID='S-1-5-18'/></System><EventData><Data Name='updateTitle'>9PLL735RFDSM-Microsoft.NET.Native.Runtime.2.2</Data><Data Name='updateGuid'>{78d00b8d-c973-4e6d-bab8-6d829f76fb3d}</Data><Data Name='updateRevisionNumber'>1</Data></EventData></Event>"
﻿"678","Microsoft-Windows-WindowsUpdateClient","{945A8954-C147-4ACD-923F-40C45405A658}","44","1","INFORMATION"," ","1","12","1688111718","{7BA622C1-AB14-0000-EDF4-A87B14ABD901}"," ","8304","10936","System","DESKTOP-TC5H5CS","S-1-5-18","<Event xmlns='http://schemas.microsoft.com/win/2004/08/events/event'><System><Provider Name='Microsoft-Windows-WindowsUpdateClient' Guid='{945a8954-c147-4acd-923f-40c45405a658}'/><EventID>44</EventID><Version>1</Version><Level>4</Level><Task>1</Task><Opcode>12</Opcode><Keywords>0x8000000000002004</Keywords><TimeCreated SystemTime='2023-06-30T07:55:18.2218599Z'/><EventRecordID>678</EventRecordID><Correlation ActivityID='{7ba622c1-ab14-0000-edf4-a87b14abd901}'/><Execution ProcessID='8304' ThreadID='10936'/><Channel>System</Channel><Computer>DESKTOP-TC5H5CS</Computer><Security UserID='S-1-5-18'/></System><EventData><Data Name='updateTitle'>9PLL735RFDSM-Microsoft.NET.Native.Runtime.2.2</Data><Data Name='updateGuid'>{78d00b8d-c973-4e6d-bab8-6d829f76fb3d}</Data><Data Name='updateRevisionNumber'>1</Data></EventData></Event>"
﻿"679","Microsoft-Windows-WindowsUpdateClient","{945A8954-C147-4ACD-923F-40C45405A658}","19","1","INFORMATION"," ","1","13","1688111718","{7BA622C1-AB14-0000-EDF4-A87B14ABD901}"," ","8304","10936","System","DESKTOP-TC5H5CS","S-1-5-18","<Event xmlns='http://schemas.microsoft.com/win/2004/08/events/event'><System><Provider Name='Microsoft-Windows-WindowsUpdateClient' Guid='{945a8954-c147-4acd-923f-40c45405a658}'/><EventID>19</EventID><Version>1</Version><Level>4</Level><Task>1</Task><Opcode>13</Opcode><Keywords>0x8000000000000018</Keywords><TimeCreated SystemTime='2023-06-30T07:55:18.2218612Z'/><EventRecordID>679</EventRecordID><Correlation ActivityID='{7ba622c1-ab14-0000-edf4-a87b14abd901}'/><Execution ProcessID='8304' ThreadID='10936'/><Channel>System</Channel><Computer>DESKTOP-TC5H5CS</Computer><Security UserID='S-1-5-18'/></System><EventData><Data Name='updateTitle'>9N5TDP8VCMHS-Microsoft.WebMediaExtensions</Data><Data Name='updateGuid'>{04c1ef79-36d3-40f0-85cc-157a91349c60}</Data><Data Name='updateRevisionNumber'>1</Data><Data Name='serviceGuid'>{855e8a7c-ecb4-4ca3-b045-1dfa50104289}</Data></EventData></Event>"
﻿"680","Microsoft-Windows-WindowsUpdateClient","{945A8954-C147-4ACD-923F-40C45405A658}","44","1","INFORMATION"," ","1","12","1688111724"," "," ","8304","11224","System","DESKTOP-TC5H5CS","S-1-5-18","<Event xmlns='http://schemas.microsoft.com/win/2004/08/events/event'><System><Provider Name='Microsoft-Windows-WindowsUpdateClient' Guid='{945a8954-c147-4acd-923f-40c45405a658}'/><EventID>44</EventID><Version>1</Version><Level>4</Level><Task>1</Task><Opcode>12</Opcode><Keywords>0x8000000000002004</Keywords><TimeCreated SystemTime='2023-06-30T07:55:24.3971947Z'/><EventRecordID>680</EventRecordID><Correlation/><Execution ProcessID='8304' ThreadID='11224'/><Channel>System</Channel><Computer>DESKTOP-TC5H5CS</Computer><Security UserID='S-1-5-18'/></System><EventData><Data Name='updateTitle'>9PLL735RFDSM-Microsoft.NET.Native.Runtime.2.2</Data><Data Name='updateGuid'>{78d00b8d-c973-4e6d-bab8-6d829f76fb3d}</Data><Data Name='updateRevisionNumber'>1</Data></EventData></Event>"
﻿"681","Microsoft-Windows-WindowsUpdateClient","{945A8954-C147-4ACD-923F-40C45405A658}","44","1","INFORMATION"," ","1","12","1688111724"," "," ","8304","11224","System","DESKTOP-TC5H5CS","S-1-5-18","<Event xmlns='http://schemas.microsoft.com/win/2004/08/events/event'><System><Provider Name='Microsoft-Windows-WindowsUpdateClient' Guid='{945a8954-c147-4acd-923f-40c45405a658}'/><EventID>44</EventID><Version>1</Version><Level>4</Level><Task>1</Task><Opcode>12</Opcode><Keywords>0x8000000000002004</Keywords><TimeCreated SystemTime='2023-06-30T07:55:24.3971970Z'/><EventRecordID>681</EventRecordID><Correlation/><Execution ProcessID='8304' ThreadID='11224'/><Channel>System</Channel><Computer>DESKTOP-TC5H5CS</Computer><Security UserID='S-1-5-18'/></System><EventData><Data Name='updateTitle'>9PLL735RFDSM-Microsoft.NET.Native.Runtime.2.2</Data><Data Name='updateGuid'>{78d00b8d-c973-4e6d-bab8-6d829f76fb3d}</Data><Data Name='updateRevisionNumber'>1</Data></EventData></Event>"
﻿"682","Microsoft-Windows-WindowsUpdateClient","{945A8954-C147-4ACD-923F-40C45405A658}","44","1","INFORMATION"," ","1","12","1688111728"," "," ","8304","11224","System","DESKTOP-TC5H5CS","S-1-5-18","<Event xmlns='http://schemas.microsoft.com/win/2004/08/events/event'><System><Provider Name='Microsoft-Windows-WindowsUpdateClient' Guid='{945a8954-c147-4acd-923f-40c45405a658}'/><EventID>44</EventID><Version>1</Version><Level>4</Level><Task>1</Task><Opcode>12</Opcode><Keywords>0x8000000000002004</Keywords><TimeCreated SystemTime='2023-06-30T07:55:28.0962613Z'/><EventRecordID>682</EventRecordID><Correlation/><Execution ProcessID='8304' ThreadID='11224'/><Channel>System</Channel><Computer>DESKTOP-TC5H5CS</Computer><Security UserID='S-1-5-18'/></System><EventData><Data Name='updateTitle'>9MW2LKJ0TPJF-Microsoft.NET.Native.Framework.2.2</Data><Data Name='updateGuid'>{2bfc90df-c5e5-4c06-b503-16647503bf6a}</Data><Data Name='updateRevisionNumber'>1</Data></EventData></Event>"
﻿"683","Microsoft-Windows-WindowsUpdateClient","{945A8954-C147-4ACD-923F-40C45405A658}","44","1","INFORMATION"," ","1","12","1688111728"," "," ","8304","11224","System","DESKTOP-TC5H5CS","S-1-5-18","<Event xmlns='http://schemas.microsoft.com/win/2004/08/events/event'><System><Provider Name='Microsoft-Windows-WindowsUpdateClient' Guid='{945a8954-c147-4acd-923f-40c45405a658}'/><EventID>44</EventID><Version>1</Version><Level>4</Level><Task>1</Task><Opcode>12</Opcode><Keywords>0x8000000000002004</Keywords><TimeCreated SystemTime='2023-06-30T07:55:28.0962625Z'/><EventRecordID>683</EventRecordID><Correlation/><Execution ProcessID='8304' ThreadID='11224'/><Channel>System</Channel><Computer>DESKTOP-TC5H5CS</Computer><Security UserID='S-1-5-18'/></System><EventData><Data Name='updateTitle'>9NSTH9KHZDLQ-Microsoft.UI.Xaml.2.8</Data><Data Name='updateGuid'>{3c8c0d52-86a1-4d52-8b5c-364415187227}</Data><Data Name='updateRevisionNumber'>1</Data></EventData></Event>"
﻿"684","Microsoft-Windows-WindowsUpdateClient","{945A8954-C147-4ACD-923F-40C45405A658}","44","1","INFORMATION"," ","1","12","1688111728"," "," ","8304","11224","System","DESKTOP-TC5H5CS","S-1-5-18","<Event xmlns='http://schemas.microsoft.com/win/2004/08/events/event'><System><Provider Name='Microsoft-Windows-WindowsUpdateClient' Guid='{945a8954-c147-4acd-923f-40c45405a658}'/><EventID>44</EventID><Version>1</Version><Level>4</Level><Task>1</Task><Opcode>12</Opcode><Keywords>0x8000000000002004</Keywords><TimeCreated SystemTime='2023-06-30T07:55:28.0962641Z'/><EventRecordID>684</EventRecordID><Correlation/><Execution ProcessID='8304' ThreadID='11224'/><Channel>System</Channel><Computer>DESKTOP-TC5H5CS</Computer><Security UserID='S-1-5-18'/></System><EventData><Data Name='updateTitle'>9NSTH9KHZDLQ-Microsoft.UI.Xaml.2.8</Data><Data Name='updateGuid'>{3c8c0d52-86a1-4d52-8b5c-364415187227}</Data><Data Name='updateRevisionNumber'>1</Data></EventData></Event>"
﻿"685","Microsoft-Windows-Kernel-General","{A68CA8B7-004F-D7B6-A698-07E2DE0F1F5D}","16","0","INFORMATION"," ","0","0","1688111729"," "," ","8148","3792","System","DESKTOP-TC5H5CS","S-1-5-18","<Event xmlns='http://schemas.microsoft.com/win/2004/08/events/event'><System><Provider Name='Microsoft-Windows-Kernel-General' Guid='{a68ca8b7-004f-d7b6-a698-07e2de0f1f5d}'/><EventID>16</EventID><Version>0</Version><Level>4</Level><Task>0</Task><Opcode>0</Opcode><Keywords>0x8000000000000000</Keywords><TimeCreated SystemTime='2023-06-30T07:55:29.2480083Z'/><EventRecordID>685</EventRecordID><Correlation/><Execution ProcessID='8148' ThreadID='3792'/><Channel>System</Channel><Computer>DESKTOP-TC5H5CS</Computer><Security UserID='S-1-5-18'/></System><EventData><Data Name='HiveNameLength'>142</Data><Data Name='HiveName'>\??\C:\ProgramData\Microsoft\Windows\AppRepository\Packages\Microsoft.MicrosoftOfficeHub_18.2305.1222.0_x64__8wekyb3d8bbwe\ActivationStore.dat</Data><Data Name='KeysUpdated'>0</Data><Data Name='DirtyPages'>0</Data></EventData></Event>"
﻿"686","Microsoft-Windows-WindowsUpdateClient","{945A8954-C147-4ACD-923F-40C45405A658}","44","1","INFORMATION"," ","1","12","1688111731"," "," ","8304","11224","System","DESKTOP-TC5H5CS","S-1-5-18","<Event xmlns='http://schemas.microsoft.com/win/2004/08/events/event'><System><Provider Name='Microsoft-Windows-WindowsUpdateClient' Guid='{945a8954-c147-4acd-923f-40c45405a658}'/><EventID>44</EventID><Version>1</Version><Level>4</Level><Task>1</Task><Opcode>12</Opcode><Keywords>0x8000000000002004</Keywords><TimeCreated SystemTime='2023-06-30T07:55:31.9691701Z'/><EventRecordID>686</EventRecordID><Correlation/><Execution ProcessID='8304' ThreadID='11224'/><Channel>System</Channel><Computer>DESKTOP-TC5H5CS</Computer><Security UserID='S-1-5-18'/></System><EventData><Data Name='updateTitle'>9MW2LKJ0TPJF-Microsoft.NET.Native.Framework.2.2</Data><Data Name='updateGuid'>{2bfc90df-c5e5-4c06-b503-16647503bf6a}</Data><Data Name='updateRevisionNumber'>1</Data></EventData></Event>"
﻿"687","Microsoft-Windows-WindowsUpdateClient","{945A8954-C147-4ACD-923F-40C45405A658}","44","1","INFORMATION"," ","1","12","1688111731"," "," ","8304","11224","System","DESKTOP-TC5H5CS","S-1-5-18","<Event xmlns='http://schemas.microsoft.com/win/2004/08/events/event'><System><Provider Name='Microsoft-Windows-WindowsUpdateClient' Guid='{945a8954-c147-4acd-923f-40c45405a658}'/><EventID>44</EventID><Version>1</Version><Level>4</Level><Task>1</Task><Opcode>12</Opcode><Keywords>0x8000000000002004</Keywords><TimeCreated SystemTime='2023-06-30T07:55:31.9691742Z'/><EventRecordID>687</EventRecordID><Correlation/><Execution ProcessID='8304' ThreadID='11224'/><Channel>System</Channel><Computer>DESKTOP-TC5H5CS</Computer><Security UserID='S-1-5-18'/></System><EventData><Data Name='updateTitle'>9P5VK8KZB5QZ-Microsoft.UI.Xaml.2.7</Data><Data Name='updateGuid'>{6f84e08f-e2c0-417a-926a-e23dace58b7b}</Data><Data Name='updateRevisionNumber'>1</Data></EventData></Event>"
﻿"688","Microsoft-Windows-WindowsUpdateClient","{945A8954-C147-4ACD-923F-40C45405A658}","44","1","INFORMATION"," ","1","12","1688111731"," "," ","8304","11224","System","DESKTOP-TC5H5CS","S-1-5-18","<Event xmlns='http://schemas.microsoft.com/win/2004/08/events/event'><System><Provider Name='Microsoft-Windows-WindowsUpdateClient' Guid='{945a8954-c147-4acd-923f-40c45405a658}'/><EventID>44</EventID><Version>1</Version><Level>4</Level><Task>1</Task><Opcode>12</Opcode><Keywords>0x8000000000002004</Keywords><TimeCreated SystemTime='2023-06-30T07:55:31.9691753Z'/><EventRecordID>688</EventRecordID><Correlation/><Execution ProcessID='8304' ThreadID='11224'/><Channel>System</Channel><Computer>DESKTOP-TC5H5CS</Computer><Security UserID='S-1-5-18'/></System><EventData><Data Name='updateTitle'>9P5VK8KZB5QZ-Microsoft.UI.Xaml.2.7</Data><Data Name='updateGuid'>{6f84e08f-e2c0-417a-926a-e23dace58b7b}</Data><Data Name='updateRevisionNumber'>1</Data></EventData></Event>"
﻿"689","Microsoft-Windows-WindowsUpdateClient","{945A8954-C147-4ACD-923F-40C45405A658}","44","1","INFORMATION"," ","1","12","1688111736"," "," ","8304","11224","System","DESKTOP-TC5H5CS","S-1-5-18","<Event xmlns='http://schemas.microsoft.com/win/2004/08/events/event'><System><Provider Name='Microsoft-Windows-WindowsUpdateClient' Guid='{945a8954-c147-4acd-923f-40c45405a658}'/><EventID>44</EventID><Version>1</Version><Level>4</Level><Task>1</Task><Opcode>12</Opcode><Keywords>0x8000000000002004</Keywords><TimeCreated SystemTime='2023-06-30T07:55:36.4098818Z'/><EventRecordID>689</EventRecordID><Correlation/><Execution ProcessID='8304' ThreadID='11224'/><Channel>System</Channel><Computer>DESKTOP-TC5H5CS</Computer><Security UserID='S-1-5-18'/></System><EventData><Data Name='updateTitle'>9NBLGGH4RV3K-Microsoft.VCLibs.140.00.UWPDesktop</Data><Data Name='updateGuid'>{bcff1d0a-afdd-4ab4-b247-ce1562c3678f}</Data><Data Name='updateRevisionNumber'>1</Data></EventData></Event>"
﻿"690","Microsoft-Windows-WindowsUpdateClient","{945A8954-C147-4ACD-923F-40C45405A658}","44","1","INFORMATION"," ","1","12","1688111736"," "," ","8304","11224","System","DESKTOP-TC5H5CS","S-1-5-18","<Event xmlns='http://schemas.microsoft.com/win/2004/08/events/event'><System><Provider Name='Microsoft-Windows-WindowsUpdateClient' Guid='{945a8954-c147-4acd-923f-40c45405a658}'/><EventID>44</EventID><Version>1</Version><Level>4</Level><Task>1</Task><Opcode>12</Opcode><Keywords>0x8000000000002004</Keywords><TimeCreated SystemTime='2023-06-30T07:55:36.4098834Z'/><EventRecordID>690</EventRecordID><Correlation/><Execution ProcessID='8304' ThreadID='11224'/><Channel>System</Channel><Computer>DESKTOP-TC5H5CS</Computer><Security UserID='S-1-5-18'/></System><EventData><Data Name='updateTitle'>9NBLGGH4RV3K-Microsoft.VCLibs.140.00.UWPDesktop</Data><Data Name='updateGuid'>{bcff1d0a-afdd-4ab4-b247-ce1562c3678f}</Data><Data Name='updateRevisionNumber'>1</Data></EventData></Event>"
﻿"691","Microsoft-Windows-WindowsUpdateClient","{945A8954-C147-4ACD-923F-40C45405A658}","44","1","INFORMATION"," ","1","12","1688111738"," "," ","8304","11224","System","DESKTOP-TC5H5CS","S-1-5-18","<Event xmlns='http://schemas.microsoft.com/win/2004/08/events/event'><System><Provider Name='Microsoft-Windows-WindowsUpdateClient' Guid='{945a8954-c147-4acd-923f-40c45405a658}'/><EventID>44</EventID><Version>1</Version><Level>4</Level><Task>1</Task><Opcode>12</Opcode><Keywords>0x8000000000002004</Keywords><TimeCreated SystemTime='2023-06-30T07:55:38.8212792Z'/><EventRecordID>691</EventRecordID><Correlation/><Execution ProcessID='8304' ThreadID='11224'/><Channel>System</Channel><Computer>DESKTOP-TC5H5CS</Computer><Security UserID='S-1-5-18'/></System><EventData><Data Name='updateTitle'>9NBLGGH3FRZM-Microsoft.VCLibs.140.00</Data><Data Name='updateGuid'>{8644822b-523b-4979-9bec-0331672ba155}</Data><Data Name='updateRevisionNumber'>1</Data></EventData></Event>"
﻿"692","Microsoft-Windows-WindowsUpdateClient","{945A8954-C147-4ACD-923F-40C45405A658}","43","1","INFORMATION"," ","1","13","1688111738"," "," ","8304","1056","System","DESKTOP-TC5H5CS","S-1-5-18","<Event xmlns='http://schemas.microsoft.com/win/2004/08/events/event'><System><Provider Name='Microsoft-Windows-WindowsUpdateClient' Guid='{945a8954-c147-4acd-923f-40c45405a658}'/><EventID>43</EventID><Version>1</Version><Level>4</Level><Task>1</Task><Opcode>13</Opcode><Keywords>0x8000000000002008</Keywords><TimeCreated SystemTime='2023-06-30T07:55:38.8487396Z'/><EventRecordID>692</EventRecordID><Correlation/><Execution ProcessID='8304' ThreadID='1056'/><Channel>System</Channel><Computer>DESKTOP-TC5H5CS</Computer><Security UserID='S-1-5-18'/></System><EventData><Data Name='updateTitle'>9WZDNCRD29V9-MICROSOFT.MICROSOFTOFFICEHUB</Data><Data Name='updateGuid'>{9814c868-8f88-4bc9-bd78-ccc98eb0809e}</Data><Data Name='updateRevisionNumber'>1</Data></EventData></Event>"
