﻿"987","Microsoft-Windows-Kernel-General","{A68CA8B7-004F-D7B6-A698-07E2DE0F1F5D}","1","2","INFORMATION"," ","5","0","1688334161"," "," ","2168","9244","System","DESKTOP-TC5H5CS","S-1-5-19","<Event xmlns='http://schemas.microsoft.com/win/2004/08/events/event'><System><Provider Name='Microsoft-Windows-Kernel-General' Guid='{a68ca8b7-004f-d7b6-a698-07e2de0f1f5d}'/><EventID>1</EventID><Version>2</Version><Level>4</Level><Task>5</Task><Opcode>0</Opcode><Keywords>0x8000000000000010</Keywords><TimeCreated SystemTime='2023-07-02T21:42:41.2399882Z'/><EventRecordID>987</EventRecordID><Correlation/><Execution ProcessID='2168' ThreadID='9244'/><Channel>System</Channel><Computer>DESKTOP-TC5H5CS</Computer><Security UserID='S-1-5-19'/></System><EventData><Data Name='NewTime'>2023-07-02T21:42:41.2396659Z</Data><Data Name='OldTime'>2023-07-02T21:42:38.8418885Z</Data><Data Name='Reason'>1</Data><Data Name='ProcessName'>\Device\HarddiskVolume2\Windows\System32\svchost.exe</Data><Data Name='ProcessID'>2168</Data></EventData></Event>"
﻿"988","Microsoft-Windows-Time-Service","{06EDCFEB-0FD0-4E53-ACCA-A6F8BBF81BCB}","35","0","INFORMATION"," ","0","0","1688334161"," "," ","2168","4312","System","DESKTOP-TC5H5CS","S-1-5-19","<Event xmlns='http://schemas.microsoft.com/win/2004/08/events/event'><System><Provider Name='Microsoft-Windows-Time-Service' Guid='{06edcfeb-0fd0-4e53-acca-a6f8bbf81bcb}'/><EventID>35</EventID><Version>0</Version><Level>4</Level><Task>0</Task><Opcode>0</Opcode><Keywords>0x8000000000000000</Keywords><TimeCreated SystemTime='2023-07-02T21:42:41.2439187Z'/><EventRecordID>988</EventRecordID><Correlation/><Execution ProcessID='2168' ThreadID='4312'/><Channel>System</Channel><Computer>DESKTOP-TC5H5CS</Computer><Security UserID='S-1-5-19'/></System><EventData Name='TMP_EVENT_TIME_SOURCE_CHOSEN'><Data Name='TimeSource'>time.windows.com,0x9 (ntp.m|0x9|0.0.0.0:123-&gt;20.189.79.72:123)</Data><Data Name='TimeSourceRefId'>1213185300</Data><Data Name='CurrentStratumNumber'>4</Data></EventData></Event>"
﻿"989","Microsoft-Windows-Kernel-General","{A68CA8B7-004F-D7B6-A698-07E2DE0F1F5D}","24","0","INFORMATION"," ","11","0","1688334161"," "," ","2168","9244","System","DESKTOP-TC5H5CS","S-1-5-19","<Event xmlns='http://schemas.microsoft.com/win/2004/08/events/event'><System><Provider Name='Microsoft-Windows-Kernel-General' Guid='{a68ca8b7-004f-d7b6-a698-07e2de0f1f5d}'/><EventID>24</EventID><Version>0</Version><Level>4</Level><Task>11</Task><Opcode>0</Opcode><Keywords>0x8000000000000010</Keywords><TimeCreated SystemTime='2023-07-02T21:42:41.2443807Z'/><EventRecordID>989</EventRecordID><Correlation/><Execution ProcessID='2168' ThreadID='9244'/><Channel>System</Channel><Computer>DESKTOP-TC5H5CS</Computer><Security UserID='S-1-5-19'/></System><EventData><Data Name='ExitReason'>0</Data><Data Name='CurrentBias'>-480</Data><Data Name='CurrentTimeZoneID'>0</Data><Data Name='TimeZoneInfoCacheUpdated'>0</Data><Data Name='FirstRefresh'>0</Data></EventData></Event>"
﻿"990","Microsoft-Windows-Kernel-General","{A68CA8B7-004F-D7B6-A698-07E2DE0F1F5D}","1","2","INFORMATION"," ","5","0","1688334161"," "," ","2168","9244","System","DESKTOP-TC5H5CS","S-1-5-19","<Event xmlns='http://schemas.microsoft.com/win/2004/08/events/event'><System><Provider Name='Microsoft-Windows-Kernel-General' Guid='{a68ca8b7-004f-d7b6-a698-07e2de0f1f5d}'/><EventID>1</EventID><Version>2</Version><Level>4</Level><Task>5</Task><Opcode>0</Opcode><Keywords>0x8000000000000010</Keywords><TimeCreated SystemTime='2023-07-02T21:42:41.2444569Z'/><EventRecordID>990</EventRecordID><Correlation/><Execution ProcessID='2168' ThreadID='9244'/><Channel>System</Channel><Computer>DESKTOP-TC5H5CS</Computer><Security UserID='S-1-5-19'/></System><EventData><Data Name='NewTime'>2023-07-02T21:42:41.2441976Z</Data><Data Name='OldTime'>2023-07-02T21:42:41.2396659Z</Data><Data Name='Reason'>1</Data><Data Name='ProcessName'>\Device\HarddiskVolume2\Windows\System32\svchost.exe</Data><Data Name='ProcessID'>2168</Data></EventData></Event>"
﻿"991","Microsoft-Windows-Kernel-General","{A68CA8B7-004F-D7B6-A698-07E2DE0F1F5D}","24","0","INFORMATION"," ","11","0","1688334161"," "," ","2168","9244","System","DESKTOP-TC5H5CS","S-1-5-19","<Event xmlns='http://schemas.microsoft.com/win/2004/08/events/event'><System><Provider Name='Microsoft-Windows-Kernel-General' Guid='{a68ca8b7-004f-d7b6-a698-07e2de0f1f5d}'/><EventID>24</EventID><Version>0</Version><Level>4</Level><Task>11</Task><Opcode>0</Opcode><Keywords>0x8000000000000010</Keywords><TimeCreated SystemTime='2023-07-02T21:42:41.2476307Z'/><EventRecordID>991</EventRecordID><Correlation/><Execution ProcessID='2168' ThreadID='9244'/><Channel>System</Channel><Computer>DESKTOP-TC5H5CS</Computer><Security UserID='S-1-5-19'/></System><EventData><Data Name='ExitReason'>0</Data><Data Name='CurrentBias'>-480</Data><Data Name='CurrentTimeZoneID'>0</Data><Data Name='TimeZoneInfoCacheUpdated'>0</Data><Data Name='FirstRefresh'>0</Data></EventData></Event>"
﻿"992","Microsoft-Windows-Kernel-General","{A68CA8B7-004F-D7B6-A698-07E2DE0F1F5D}","1","2","INFORMATION"," ","5","0","1688334161"," "," ","2168","9244","System","DESKTOP-TC5H5CS","S-1-5-19","<Event xmlns='http://schemas.microsoft.com/win/2004/08/events/event'><System><Provider Name='Microsoft-Windows-Kernel-General' Guid='{a68ca8b7-004f-d7b6-a698-07e2de0f1f5d}'/><EventID>1</EventID><Version>2</Version><Level>4</Level><Task>5</Task><Opcode>0</Opcode><Keywords>0x8000000000000010</Keywords><TimeCreated SystemTime='2023-07-02T21:42:41.2477033Z'/><EventRecordID>992</EventRecordID><Correlation/><Execution ProcessID='2168' ThreadID='9244'/><Channel>System</Channel><Computer>DESKTOP-TC5H5CS</Computer><Security UserID='S-1-5-19'/></System><EventData><Data Name='NewTime'>2023-07-02T21:42:41.2474515Z</Data><Data Name='OldTime'>2023-07-02T21:42:41.2464927Z</Data><Data Name='Reason'>1</Data><Data Name='ProcessName'>\Device\HarddiskVolume2\Windows\System32\svchost.exe</Data><Data Name='ProcessID'>2168</Data></EventData></Event>"
﻿"993","Microsoft-Windows-WindowsUpdateClient","{945A8954-C147-4ACD-923F-40C45405A658}","44","1","INFORMATION"," ","1","12","1688335972"," "," ","5432","3624","System","DESKTOP-TC5H5CS","S-1-5-18","<Event xmlns='http://schemas.microsoft.com/win/2004/08/events/event'><System><Provider Name='Microsoft-Windows-WindowsUpdateClient' Guid='{945a8954-c147-4acd-923f-40c45405a658}'/><EventID>44</EventID><Version>1</Version><Level>4</Level><Task>1</Task><Opcode>12</Opcode><Keywords>0x8000000000002004</Keywords><TimeCreated SystemTime='2023-07-02T22:12:52.7235996Z'/><EventRecordID>993</EventRecordID><Correlation/><Execution ProcessID='5432' ThreadID='3624'/><Channel>System</Channel><Computer>DESKTOP-TC5H5CS</Computer><Security UserID='S-1-5-18'/></System><EventData><Data Name='updateTitle'>Microsoft Defender Antivirus ws - KB2267602 ] 1.391.3352.0^</Data><Data Name='updateGuid'>{92021d60-c7bc-4cc6-abc4-3e8f2e82e229}</Data><Data Name='updateRevisionNumber'>200</Data></EventData></Event>"
﻿"994","Microsoft-Windows-WindowsUpdateClient","{945A8954-C147-4ACD-923F-40C45405A658}","43","1","INFORMATION"," ","1","13","1688335972"," "," ","5432","3624","System","DESKTOP-TC5H5CS","S-1-5-18","<Event xmlns='http://schemas.microsoft.com/win/2004/08/events/event'><System><Provider Name='Microsoft-Windows-WindowsUpdateClient' Guid='{945a8954-c147-4acd-923f-40c45405a658}'/><EventID>43</EventID><Version>1</Version><Level>4</Level><Task>1</Task><Opcode>13</Opcode><Keywords>0x8000000000002008</Keywords><TimeCreated SystemTime='2023-07-02T22:12:52.7236034Z'/><EventRecordID>994</EventRecordID><Correlation/><Execution ProcessID='5432' ThreadID='3624'/><Channel>System</Channel><Computer>DESKTOP-TC5H5CS</Computer><Security UserID='S-1-5-18'/></System><EventData><Data Name='updateTitle'>Microsoft Defender Antivirus ws - KB2267602 ] 1.391.3352.0^</Data><Data Name='updateGuid'>{92021d60-c7bc-4cc6-abc4-3e8f2e82e229}</Data><Data Name='updateRevisionNumber'>200</Data></EventData></Event>"
﻿"995","Microsoft-Windows-WindowsUpdateClient","{945A8954-C147-4ACD-923F-40C45405A658}","19","1","INFORMATION"," ","1","13","1688335985"," "," ","5432","3624","System","DESKTOP-TC5H5CS","S-1-5-18","<Event xmlns='http://schemas.microsoft.com/win/2004/08/events/event'><System><Provider Name='Microsoft-Windows-WindowsUpdateClient' Guid='{945a8954-c147-4acd-923f-40c45405a658}'/><EventID>19</EventID><Version>1</Version><Level>4</Level><Task>1</Task><Opcode>13</Opcode><Keywords>0x8000000000000018</Keywords><TimeCreated SystemTime='2023-07-02T22:13:05.2295531Z'/><EventRecordID>995</EventRecordID><Correlation/><Execution ProcessID='5432' ThreadID='3624'/><Channel>System</Channel><Computer>DESKTOP-TC5H5CS</Computer><Security UserID='S-1-5-18'/></System><EventData><Data Name='updateTitle'>Microsoft Defender Antivirus ws - KB2267602 ] 1.391.3352.0^</Data><Data Name='updateGuid'>{92021d60-c7bc-4cc6-abc4-3e8f2e82e229}</Data><Data Name='updateRevisionNumber'>200</Data><Data Name='serviceGuid'>{9482f4b4-e343-43b6-b170-9a65bc822c77}</Data></EventData></Event>"
﻿"996","EventLog"," ","2147489661","0","INFORMATION"," ","0","0","1688356800"," "," ","0","0","System","DESKTOP-TC5H5CS"," ","<Event xmlns='http://schemas.microsoft.com/win/2004/08/events/event'><System><Provider Name='EventLog'/><EventID Qualifiers='32768'>6013</EventID><Version>0</Version><Level>4</Level><Task>0</Task><Opcode>0</Opcode><Keywords>0x80000000000000</Keywords><TimeCreated SystemTime='2023-07-03T04:00:00.2527383Z'/><EventRecordID>996</EventRecordID><Correlation/><Execution ProcessID='0' ThreadID='0'/><Channel>System</Channel><Computer>DESKTOP-TC5H5CS</Computer><Security/></System><EventData><Data></Data><Data></Data><Data></Data><Data></Data><Data>217083</Data><Data>60</Data><Data>-480 x_зǮɶ</Data><Binary>31002E003100000030000000570069006E0064006F00770073002000310030002000500072006F000000310030002E0030002E003100390030003400350020004200750069006C0064002000310039003000340035002000200000004D0075006C0074006900700072006F0063006500730073006F007200200046007200650065000000310039003000340031002E00760062005F00720065006C0065006100730065002E003100390031003200300036002D00310034003000360000003600340039006500360038003200390000004E006F007400200041007600610069006C00610062006C00650000004E006F007400200041007600610069006C00610062006C006500000039000000320000003800310039003200000034003000340000004400450053004B0054004F0050002D00540043003500480035004300530000000000</Binary></EventData></Event>"
﻿"997","Service Control Manager","{555908D1-A6D7-4695-8E1E-26931D2012F4}","1073748864","0","INFORMATION"," ","0","0","1688361906"," "," ","636","4704","System","DESKTOP-TC5H5CS","S-1-5-18","<Event xmlns='http://schemas.microsoft.com/win/2004/08/events/event'><System><Provider Name='Service Control Manager' Guid='{555908d1-a6d7-4695-8e1e-26931d2012f4}' EventSourceName='Service Control Manager'/><EventID Qualifiers='16384'>7040</EventID><Version>0</Version><Level>4</Level><Task>0</Task><Opcode>0</Opcode><Keywords>0x8080000000000000</Keywords><TimeCreated SystemTime='2023-07-03T05:25:06.9960708Z'/><EventRecordID>997</EventRecordID><Correlation/><Execution ProcessID='636' ThreadID='4704'/><Channel>System</Channel><Computer>DESKTOP-TC5H5CS</Computer><Security UserID='S-1-5-18'/></System><EventData><Data Name='param1'>Background Intelligent Transfer Service</Data><Data Name='param2'>wҰ</Data><Data Name='param3'>۰ʱҰ</Data><Data Name='param4'>BITS</Data></EventData></Event>"
﻿"998","Service Control Manager","{555908D1-A6D7-4695-8E1E-26931D2012F4}","1073748864","0","INFORMATION"," ","0","0","1688362039"," "," ","636","3224","System","DESKTOP-TC5H5CS","S-1-5-18","<Event xmlns='http://schemas.microsoft.com/win/2004/08/events/event'><System><Provider Name='Service Control Manager' Guid='{555908d1-a6d7-4695-8e1e-26931d2012f4}' EventSourceName='Service Control Manager'/><EventID Qualifiers='16384'>7040</EventID><Version>0</Version><Level>4</Level><Task>0</Task><Opcode>0</Opcode><Keywords>0x8080000000000000</Keywords><TimeCreated SystemTime='2023-07-03T05:27:19.9511821Z'/><EventRecordID>998</EventRecordID><Correlation/><Execution ProcessID='636' ThreadID='3224'/><Channel>System</Channel><Computer>DESKTOP-TC5H5CS</Computer><Security UserID='S-1-5-18'/></System><EventData><Data Name='param1'>Background Intelligent Transfer Service</Data><Data Name='param2'>۰ʱҰ</Data><Data Name='param3'>wҰ</Data><Data Name='param4'>BITS</Data></EventData></Event>"
﻿"999","Service Control Manager","{555908D1-A6D7-4695-8E1E-26931D2012F4}","1073748864","0","INFORMATION"," ","0","0","1688362290"," "," ","636","8012","System","DESKTOP-TC5H5CS","S-1-5-18","<Event xmlns='http://schemas.microsoft.com/win/2004/08/events/event'><System><Provider Name='Service Control Manager' Guid='{555908d1-a6d7-4695-8e1e-26931d2012f4}' EventSourceName='Service Control Manager'/><EventID Qualifiers='16384'>7040</EventID><Version>0</Version><Level>4</Level><Task>0</Task><Opcode>0</Opcode><Keywords>0x8080000000000000</Keywords><TimeCreated SystemTime='2023-07-03T05:31:30.7786619Z'/><EventRecordID>999</EventRecordID><Correlation/><Execution ProcessID='636' ThreadID='8012'/><Channel>System</Channel><Computer>DESKTOP-TC5H5CS</Computer><Security UserID='S-1-5-18'/></System><EventData><Data Name='param1'>Windows Modules Installer</Data><Data Name='param2'>wҰ</Data><Data Name='param3'>۰ʱҰ</Data><Data Name='param4'>TrustedInstaller</Data></EventData></Event>"
﻿"1000","Service Control Manager","{555908D1-A6D7-4695-8E1E-26931D2012F4}","1073748864","0","INFORMATION"," ","0","0","1688362295"," "," ","636","8012","System","DESKTOP-TC5H5CS","S-1-5-18","<Event xmlns='http://schemas.microsoft.com/win/2004/08/events/event'><System><Provider Name='Service Control Manager' Guid='{555908d1-a6d7-4695-8e1e-26931d2012f4}' EventSourceName='Service Control Manager'/><EventID Qualifiers='16384'>7040</EventID><Version>0</Version><Level>4</Level><Task>0</Task><Opcode>0</Opcode><Keywords>0x8080000000000000</Keywords><TimeCreated SystemTime='2023-07-03T05:31:35.7474304Z'/><EventRecordID>1000</EventRecordID><Correlation/><Execution ProcessID='636' ThreadID='8012'/><Channel>System</Channel><Computer>DESKTOP-TC5H5CS</Computer><Security UserID='S-1-5-18'/></System><EventData><Data Name='param1'>Windows Modules Installer</Data><Data Name='param2'>۰ʱҰ</Data><Data Name='param3'>wҰ</Data><Data Name='param4'>TrustedInstaller</Data></EventData></Event>"
﻿"1001","Service Control Manager","{555908D1-A6D7-4695-8E1E-26931D2012F4}","1073748864","0","INFORMATION"," ","0","0","1688362701"," "," ","636","7460","System","DESKTOP-TC5H5CS","S-1-5-18","<Event xmlns='http://schemas.microsoft.com/win/2004/08/events/event'><System><Provider Name='Service Control Manager' Guid='{555908d1-a6d7-4695-8e1e-26931d2012f4}' EventSourceName='Service Control Manager'/><EventID Qualifiers='16384'>7040</EventID><Version>0</Version><Level>4</Level><Task>0</Task><Opcode>0</Opcode><Keywords>0x8080000000000000</Keywords><TimeCreated SystemTime='2023-07-03T05:38:21.4106014Z'/><EventRecordID>1001</EventRecordID><Correlation/><Execution ProcessID='636' ThreadID='7460'/><Channel>System</Channel><Computer>DESKTOP-TC5H5CS</Computer><Security UserID='S-1-5-18'/></System><EventData><Data Name='param1'>Background Intelligent Transfer Service</Data><Data Name='param2'>wҰ</Data><Data Name='param3'>۰ʱҰ</Data><Data Name='param4'>BITS</Data></EventData></Event>"
﻿"1002","Service Control Manager","{555908D1-A6D7-4695-8E1E-26931D2012F4}","1073748864","0","INFORMATION"," ","0","0","1688362860"," "," ","636","7460","System","DESKTOP-TC5H5CS","S-1-5-18","<Event xmlns='http://schemas.microsoft.com/win/2004/08/events/event'><System><Provider Name='Service Control Manager' Guid='{555908d1-a6d7-4695-8e1e-26931d2012f4}' EventSourceName='Service Control Manager'/><EventID Qualifiers='16384'>7040</EventID><Version>0</Version><Level>4</Level><Task>0</Task><Opcode>0</Opcode><Keywords>0x8080000000000000</Keywords><TimeCreated SystemTime='2023-07-03T05:41:00.6651084Z'/><EventRecordID>1002</EventRecordID><Correlation/><Execution ProcessID='636' ThreadID='7460'/><Channel>System</Channel><Computer>DESKTOP-TC5H5CS</Computer><Security UserID='S-1-5-18'/></System><EventData><Data Name='param1'>Background Intelligent Transfer Service</Data><Data Name='param2'>۰ʱҰ</Data><Data Name='param3'>wҰ</Data><Data Name='param4'>BITS</Data></EventData></Event>"
﻿"1003","Service Control Manager","{555908D1-A6D7-4695-8E1E-26931D2012F4}","1073748864","0","INFORMATION"," ","0","0","1688364903"," "," ","636","4188","System","DESKTOP-TC5H5CS","S-1-5-18","<Event xmlns='http://schemas.microsoft.com/win/2004/08/events/event'><System><Provider Name='Service Control Manager' Guid='{555908d1-a6d7-4695-8e1e-26931d2012f4}' EventSourceName='Service Control Manager'/><EventID Qualifiers='16384'>7040</EventID><Version>0</Version><Level>4</Level><Task>0</Task><Opcode>0</Opcode><Keywords>0x8080000000000000</Keywords><TimeCreated SystemTime='2023-07-03T06:15:03.2929716Z'/><EventRecordID>1003</EventRecordID><Correlation/><Execution ProcessID='636' ThreadID='4188'/><Channel>System</Channel><Computer>DESKTOP-TC5H5CS</Computer><Security UserID='S-1-5-18'/></System><EventData><Data Name='param1'>Background Intelligent Transfer Service</Data><Data Name='param2'>wҰ</Data><Data Name='param3'>۰ʱҰ</Data><Data Name='param4'>BITS</Data></EventData></Event>"
﻿"1004","Service Control Manager","{555908D1-A6D7-4695-8E1E-26931D2012F4}","1073748864","0","INFORMATION"," ","0","0","1688365052"," "," ","636","8720","System","DESKTOP-TC5H5CS","S-1-5-18","<Event xmlns='http://schemas.microsoft.com/win/2004/08/events/event'><System><Provider Name='Service Control Manager' Guid='{555908d1-a6d7-4695-8e1e-26931d2012f4}' EventSourceName='Service Control Manager'/><EventID Qualifiers='16384'>7040</EventID><Version>0</Version><Level>4</Level><Task>0</Task><Opcode>0</Opcode><Keywords>0x8080000000000000</Keywords><TimeCreated SystemTime='2023-07-03T06:17:32.1987468Z'/><EventRecordID>1004</EventRecordID><Correlation/><Execution ProcessID='636' ThreadID='8720'/><Channel>System</Channel><Computer>DESKTOP-TC5H5CS</Computer><Security UserID='S-1-5-18'/></System><EventData><Data Name='param1'>Background Intelligent Transfer Service</Data><Data Name='param2'>۰ʱҰ</Data><Data Name='param3'>wҰ</Data><Data Name='param4'>BITS</Data></EventData></Event>"
﻿"1005","Service Control Manager","{555908D1-A6D7-4695-8E1E-26931D2012F4}","1073748869","0","INFORMATION"," ","0","0","1688366057"," "," ","636","8648","System","DESKTOP-TC5H5CS","S-1-5-18","<Event xmlns='http://schemas.microsoft.com/win/2004/08/events/event'><System><Provider Name='Service Control Manager' Guid='{555908d1-a6d7-4695-8e1e-26931d2012f4}' EventSourceName='Service Control Manager'/><EventID Qualifiers='16384'>7045</EventID><Version>0</Version><Level>4</Level><Task>0</Task><Opcode>0</Opcode><Keywords>0x8080000000000000</Keywords><TimeCreated SystemTime='2023-07-03T06:34:17.4655020Z'/><EventRecordID>1005</EventRecordID><Correlation/><Execution ProcessID='636' ThreadID='8648'/><Channel>System</Channel><Computer>DESKTOP-TC5H5CS</Computer><Security UserID='S-1-5-18'/></System><EventData><Data Name='ServiceName'>Visual Studio Standard Collector Service 150</Data><Data Name='ImagePath'>"C:\Program Files (x86)\Microsoft Visual Studio\Shared\Common\DiagnosticsHub.Collection.Service\StandardCollector.Service.exe"</Data><Data Name='ServiceType'>ϥΪ̼ҦA</Data><Data Name='StartType'>wҰ</Data><Data Name='AccountName'>LocalSystem</Data></EventData></Event>"
﻿"1006","Service Control Manager","{555908D1-A6D7-4695-8E1E-26931D2012F4}","1073748864","0","INFORMATION"," ","0","0","1688366311"," "," ","636","7276","System","DESKTOP-TC5H5CS","S-1-5-18","<Event xmlns='http://schemas.microsoft.com/win/2004/08/events/event'><System><Provider Name='Service Control Manager' Guid='{555908d1-a6d7-4695-8e1e-26931d2012f4}' EventSourceName='Service Control Manager'/><EventID Qualifiers='16384'>7040</EventID><Version>0</Version><Level>4</Level><Task>0</Task><Opcode>0</Opcode><Keywords>0x8080000000000000</Keywords><TimeCreated SystemTime='2023-07-03T06:38:31.1551357Z'/><EventRecordID>1006</EventRecordID><Correlation/><Execution ProcessID='636' ThreadID='7276'/><Channel>System</Channel><Computer>DESKTOP-TC5H5CS</Computer><Security UserID='S-1-5-18'/></System><EventData><Data Name='param1'>Windows Modules Installer</Data><Data Name='param2'>wҰ</Data><Data Name='param3'>۰ʱҰ</Data><Data Name='param4'>TrustedInstaller</Data></EventData></Event>"
﻿"1007","Service Control Manager","{555908D1-A6D7-4695-8E1E-26931D2012F4}","1073748864","0","INFORMATION"," ","0","0","1688366325"," "," ","636","8616","System","DESKTOP-TC5H5CS","S-1-5-18","<Event xmlns='http://schemas.microsoft.com/win/2004/08/events/event'><System><Provider Name='Service Control Manager' Guid='{555908d1-a6d7-4695-8e1e-26931d2012f4}' EventSourceName='Service Control Manager'/><EventID Qualifiers='16384'>7040</EventID><Version>0</Version><Level>4</Level><Task>0</Task><Opcode>0</Opcode><Keywords>0x8080000000000000</Keywords><TimeCreated SystemTime='2023-07-03T06:38:45.1549763Z'/><EventRecordID>1007</EventRecordID><Correlation/><Execution ProcessID='636' ThreadID='8616'/><Channel>System</Channel><Computer>DESKTOP-TC5H5CS</Computer><Security UserID='S-1-5-18'/></System><EventData><Data Name='param1'>Background Intelligent Transfer Service</Data><Data Name='param2'>wҰ</Data><Data Name='param3'>۰ʱҰ</Data><Data Name='param4'>BITS</Data></EventData></Event>"
﻿"1008","Microsoft-Windows-WindowsUpdateClient","{945A8954-C147-4ACD-923F-40C45405A658}","44","1","INFORMATION"," ","1","12","1688366336"," "," ","8224","3796","System","DESKTOP-TC5H5CS","S-1-5-18","<Event xmlns='http://schemas.microsoft.com/win/2004/08/events/event'><System><Provider Name='Microsoft-Windows-WindowsUpdateClient' Guid='{945a8954-c147-4acd-923f-40c45405a658}'/><EventID>44</EventID><Version>1</Version><Level>4</Level><Task>1</Task><Opcode>12</Opcode><Keywords>0x8000000000002004</Keywords><TimeCreated SystemTime='2023-07-03T06:38:56.6604468Z'/><EventRecordID>1008</EventRecordID><Correlation/><Execution ProcessID='8224' ThreadID='3796'/><Channel>System</Channel><Computer>DESKTOP-TC5H5CS</Computer><Security UserID='S-1-5-18'/></System><EventData><Data Name='updateTitle'>2023-06 ֿns Windows 10 Version 22H2 AΩ x64 t (KB5027215)</Data><Data Name='updateGuid'>{e13a175c-c175-4c3b-b782-611490757416}</Data><Data Name='updateRevisionNumber'>1</Data></EventData></Event>"
﻿"1009","Service Control Manager","{555908D1-A6D7-4695-8E1E-26931D2012F4}","1073748864","0","INFORMATION"," ","0","0","1688366452"," "," ","636","8616","System","DESKTOP-TC5H5CS","S-1-5-18","<Event xmlns='http://schemas.microsoft.com/win/2004/08/events/event'><System><Provider Name='Service Control Manager' Guid='{555908d1-a6d7-4695-8e1e-26931d2012f4}' EventSourceName='Service Control Manager'/><EventID Qualifiers='16384'>7040</EventID><Version>0</Version><Level>4</Level><Task>0</Task><Opcode>0</Opcode><Keywords>0x8080000000000000</Keywords><TimeCreated SystemTime='2023-07-03T06:40:52.2951786Z'/><EventRecordID>1009</EventRecordID><Correlation/><Execution ProcessID='636' ThreadID='8616'/><Channel>System</Channel><Computer>DESKTOP-TC5H5CS</Computer><Security UserID='S-1-5-18'/></System><EventData><Data Name='param1'>Background Intelligent Transfer Service</Data><Data Name='param2'>۰ʱҰ</Data><Data Name='param3'>wҰ</Data><Data Name='param4'>BITS</Data></EventData></Event>"
﻿"1010","Service Control Manager","{555908D1-A6D7-4695-8E1E-26931D2012F4}","1073748864","0","INFORMATION"," ","0","0","1688366491"," "," ","636","3952","System","DESKTOP-TC5H5CS","S-1-5-18","<Event xmlns='http://schemas.microsoft.com/win/2004/08/events/event'><System><Provider Name='Service Control Manager' Guid='{555908d1-a6d7-4695-8e1e-26931d2012f4}' EventSourceName='Service Control Manager'/><EventID Qualifiers='16384'>7040</EventID><Version>0</Version><Level>4</Level><Task>0</Task><Opcode>0</Opcode><Keywords>0x8080000000000000</Keywords><TimeCreated SystemTime='2023-07-03T06:41:31.6184570Z'/><EventRecordID>1010</EventRecordID><Correlation/><Execution ProcessID='636' ThreadID='3952'/><Channel>System</Channel><Computer>DESKTOP-TC5H5CS</Computer><Security UserID='S-1-5-18'/></System><EventData><Data Name='param1'>Windows Modules Installer</Data><Data Name='param2'>۰ʱҰ</Data><Data Name='param3'>wҰ</Data><Data Name='param4'>TrustedInstaller</Data></EventData></Event>"
﻿"1011","Service Control Manager","{555908D1-A6D7-4695-8E1E-26931D2012F4}","1073748864","0","INFORMATION"," ","0","0","1688366512"," "," ","636","3952","System","DESKTOP-TC5H5CS","S-1-5-18","<Event xmlns='http://schemas.microsoft.com/win/2004/08/events/event'><System><Provider Name='Service Control Manager' Guid='{555908d1-a6d7-4695-8e1e-26931d2012f4}' EventSourceName='Service Control Manager'/><EventID Qualifiers='16384'>7040</EventID><Version>0</Version><Level>4</Level><Task>0</Task><Opcode>0</Opcode><Keywords>0x8080000000000000</Keywords><TimeCreated SystemTime='2023-07-03T06:41:52.7630777Z'/><EventRecordID>1011</EventRecordID><Correlation/><Execution ProcessID='636' ThreadID='3952'/><Channel>System</Channel><Computer>DESKTOP-TC5H5CS</Computer><Security UserID='S-1-5-18'/></System><EventData><Data Name='param1'>Windows Modules Installer</Data><Data Name='param2'>wҰ</Data><Data Name='param3'>۰ʱҰ</Data><Data Name='param4'>TrustedInstaller</Data></EventData></Event>"
﻿"1012","Service Control Manager","{555908D1-A6D7-4695-8E1E-26931D2012F4}","1073748864","0","INFORMATION"," ","0","0","1688366547"," "," ","636","8616","System","DESKTOP-TC5H5CS","S-1-5-18","<Event xmlns='http://schemas.microsoft.com/win/2004/08/events/event'><System><Provider Name='Service Control Manager' Guid='{555908d1-a6d7-4695-8e1e-26931d2012f4}' EventSourceName='Service Control Manager'/><EventID Qualifiers='16384'>7040</EventID><Version>0</Version><Level>4</Level><Task>0</Task><Opcode>0</Opcode><Keywords>0x8080000000000000</Keywords><TimeCreated SystemTime='2023-07-03T06:42:27.2302421Z'/><EventRecordID>1012</EventRecordID><Correlation/><Execution ProcessID='636' ThreadID='8616'/><Channel>System</Channel><Computer>DESKTOP-TC5H5CS</Computer><Security UserID='S-1-5-18'/></System><EventData><Data Name='param1'>Windows Modules Installer</Data><Data Name='param2'>۰ʱҰ</Data><Data Name='param3'>wҰ</Data><Data Name='param4'>TrustedInstaller</Data></EventData></Event>"
﻿"1013","Service Control Manager","{555908D1-A6D7-4695-8E1E-26931D2012F4}","1073748864","0","INFORMATION"," ","0","0","1688382903"," "," ","636","7704","System","DESKTOP-TC5H5CS","S-1-5-18","<Event xmlns='http://schemas.microsoft.com/win/2004/08/events/event'><System><Provider Name='Service Control Manager' Guid='{555908d1-a6d7-4695-8e1e-26931d2012f4}' EventSourceName='Service Control Manager'/><EventID Qualifiers='16384'>7040</EventID><Version>0</Version><Level>4</Level><Task>0</Task><Opcode>0</Opcode><Keywords>0x8080000000000000</Keywords><TimeCreated SystemTime='2023-07-03T11:15:03.3772980Z'/><EventRecordID>1013</EventRecordID><Correlation/><Execution ProcessID='636' ThreadID='7704'/><Channel>System</Channel><Computer>DESKTOP-TC5H5CS</Computer><Security UserID='S-1-5-18'/></System><EventData><Data Name='param1'>Background Intelligent Transfer Service</Data><Data Name='param2'>wҰ</Data><Data Name='param3'>۰ʱҰ</Data><Data Name='param4'>BITS</Data></EventData></Event>"
﻿"1014","Service Control Manager","{555908D1-A6D7-4695-8E1E-26931D2012F4}","1073748864","0","INFORMATION"," ","0","0","1688383039"," "," ","636","2448","System","DESKTOP-TC5H5CS","S-1-5-18","<Event xmlns='http://schemas.microsoft.com/win/2004/08/events/event'><System><Provider Name='Service Control Manager' Guid='{555908d1-a6d7-4695-8e1e-26931d2012f4}' EventSourceName='Service Control Manager'/><EventID Qualifiers='16384'>7040</EventID><Version>0</Version><Level>4</Level><Task>0</Task><Opcode>0</Opcode><Keywords>0x8080000000000000</Keywords><TimeCreated SystemTime='2023-07-03T11:17:19.6864503Z'/><EventRecordID>1014</EventRecordID><Correlation/><Execution ProcessID='636' ThreadID='2448'/><Channel>System</Channel><Computer>DESKTOP-TC5H5CS</Computer><Security UserID='S-1-5-18'/></System><EventData><Data Name='param1'>Background Intelligent Transfer Service</Data><Data Name='param2'>۰ʱҰ</Data><Data Name='param3'>wҰ</Data><Data Name='param4'>BITS</Data></EventData></Event>"
﻿"1015","Microsoft-Windows-WindowsUpdateClient","{945A8954-C147-4ACD-923F-40C45405A658}","44","1","INFORMATION"," ","1","12","1688399597"," "," ","6632","7980","System","DESKTOP-TC5H5CS","S-1-5-18","<Event xmlns='http://schemas.microsoft.com/win/2004/08/events/event'><System><Provider Name='Microsoft-Windows-WindowsUpdateClient' Guid='{945a8954-c147-4acd-923f-40c45405a658}'/><EventID>44</EventID><Version>1</Version><Level>4</Level><Task>1</Task><Opcode>12</Opcode><Keywords>0x8000000000002004</Keywords><TimeCreated SystemTime='2023-07-03T15:53:17.0355844Z'/><EventRecordID>1015</EventRecordID><Correlation/><Execution ProcessID='6632' ThreadID='7980'/><Channel>System</Channel><Computer>DESKTOP-TC5H5CS</Computer><Security UserID='S-1-5-18'/></System><EventData><Data Name='updateTitle'>Microsoft Defender Antivirus ws - KB2267602 ] 1.391.3440.0^</Data><Data Name='updateGuid'>{3d54c94d-653c-498e-9430-720863685778}</Data><Data Name='updateRevisionNumber'>200</Data></EventData></Event>"
﻿"1016","Microsoft-Windows-WindowsUpdateClient","{945A8954-C147-4ACD-923F-40C45405A658}","43","1","INFORMATION"," ","1","13","1688399597"," "," ","6632","7980","System","DESKTOP-TC5H5CS","S-1-5-18","<Event xmlns='http://schemas.microsoft.com/win/2004/08/events/event'><System><Provider Name='Microsoft-Windows-WindowsUpdateClient' Guid='{945a8954-c147-4acd-923f-40c45405a658}'/><EventID>43</EventID><Version>1</Version><Level>4</Level><Task>1</Task><Opcode>13</Opcode><Keywords>0x8000000000002008</Keywords><TimeCreated SystemTime='2023-07-03T15:53:17.0355873Z'/><EventRecordID>1016</EventRecordID><Correlation/><Execution ProcessID='6632' ThreadID='7980'/><Channel>System</Channel><Computer>DESKTOP-TC5H5CS</Computer><Security UserID='S-1-5-18'/></System><EventData><Data Name='updateTitle'>Microsoft Defender Antivirus ws - KB2267602 ] 1.391.3440.0^</Data><Data Name='updateGuid'>{3d54c94d-653c-498e-9430-720863685778}</Data><Data Name='updateRevisionNumber'>200</Data></EventData></Event>"
﻿"1017","Microsoft-Windows-WindowsUpdateClient","{945A8954-C147-4ACD-923F-40C45405A658}","19","1","INFORMATION"," ","1","13","1688399610"," "," ","6632","7980","System","DESKTOP-TC5H5CS","S-1-5-18","<Event xmlns='http://schemas.microsoft.com/win/2004/08/events/event'><System><Provider Name='Microsoft-Windows-WindowsUpdateClient' Guid='{945a8954-c147-4acd-923f-40c45405a658}'/><EventID>19</EventID><Version>1</Version><Level>4</Level><Task>1</Task><Opcode>13</Opcode><Keywords>0x8000000000000018</Keywords><TimeCreated SystemTime='2023-07-03T15:53:30.2675365Z'/><EventRecordID>1017</EventRecordID><Correlation/><Execution ProcessID='6632' ThreadID='7980'/><Channel>System</Channel><Computer>DESKTOP-TC5H5CS</Computer><Security UserID='S-1-5-18'/></System><EventData><Data Name='updateTitle'>Microsoft Defender Antivirus ws - KB2267602 ] 1.391.3440.0^</Data><Data Name='updateGuid'>{3d54c94d-653c-498e-9430-720863685778}</Data><Data Name='updateRevisionNumber'>200</Data><Data Name='serviceGuid'>{9482f4b4-e343-43b6-b170-9a65bc822c77}</Data></EventData></Event>"
﻿"1018","Service Control Manager","{555908D1-A6D7-4695-8E1E-26931D2012F4}","1073748864","0","INFORMATION"," ","0","0","1688418903"," "," ","636","32","System","DESKTOP-TC5H5CS","S-1-5-18","<Event xmlns='http://schemas.microsoft.com/win/2004/08/events/event'><System><Provider Name='Service Control Manager' Guid='{555908d1-a6d7-4695-8e1e-26931d2012f4}' EventSourceName='Service Control Manager'/><EventID Qualifiers='16384'>7040</EventID><Version>0</Version><Level>4</Level><Task>0</Task><Opcode>0</Opcode><Keywords>0x8080000000000000</Keywords><TimeCreated SystemTime='2023-07-03T21:15:03.2010668Z'/><EventRecordID>1018</EventRecordID><Correlation/><Execution ProcessID='636' ThreadID='32'/><Channel>System</Channel><Computer>DESKTOP-TC5H5CS</Computer><Security UserID='S-1-5-18'/></System><EventData><Data Name='param1'>Background Intelligent Transfer Service</Data><Data Name='param2'>wҰ</Data><Data Name='param3'>۰ʱҰ</Data><Data Name='param4'>BITS</Data></EventData></Event>"
﻿"1019","Service Control Manager","{555908D1-A6D7-4695-8E1E-26931D2012F4}","1073748864","0","INFORMATION"," ","0","0","1688419039"," "," ","636","5008","System","DESKTOP-TC5H5CS","S-1-5-18","<Event xmlns='http://schemas.microsoft.com/win/2004/08/events/event'><System><Provider Name='Service Control Manager' Guid='{555908d1-a6d7-4695-8e1e-26931d2012f4}' EventSourceName='Service Control Manager'/><EventID Qualifiers='16384'>7040</EventID><Version>0</Version><Level>4</Level><Task>0</Task><Opcode>0</Opcode><Keywords>0x8080000000000000</Keywords><TimeCreated SystemTime='2023-07-03T21:17:19.4511587Z'/><EventRecordID>1019</EventRecordID><Correlation/><Execution ProcessID='636' ThreadID='5008'/><Channel>System</Channel><Computer>DESKTOP-TC5H5CS</Computer><Security UserID='S-1-5-18'/></System><EventData><Data Name='param1'>Background Intelligent Transfer Service</Data><Data Name='param2'>۰ʱҰ</Data><Data Name='param3'>wҰ</Data><Data Name='param4'>BITS</Data></EventData></Event>"
﻿"1020","Microsoft-Windows-Time-Service","{06EDCFEB-0FD0-4E53-ACCA-A6F8BBF81BCB}","37","0","INFORMATION"," ","0","0","1688420548"," "," ","8188","1788","System","DESKTOP-TC5H5CS","S-1-5-19","<Event xmlns='http://schemas.microsoft.com/win/2004/08/events/event'><System><Provider Name='Microsoft-Windows-Time-Service' Guid='{06edcfeb-0fd0-4e53-acca-a6f8bbf81bcb}'/><EventID>37</EventID><Version>0</Version><Level>4</Level><Task>0</Task><Opcode>0</Opcode><Keywords>0x8000000000000000</Keywords><TimeCreated SystemTime='2023-07-03T21:42:28.7734315Z'/><EventRecordID>1020</EventRecordID><Correlation/><Execution ProcessID='8188' ThreadID='1788'/><Channel>System</Channel><Computer>DESKTOP-TC5H5CS</Computer><Security UserID='S-1-5-19'/></System><EventData Name='TMP_EVENT_TIME_SOURCE_REACHABLE'><Data Name='TimeSource'>time.windows.com,0x9 (ntp.m|0x9|0.0.0.0:123-&gt;20.189.79.72:123)</Data></EventData></Event>"
﻿"1021","Microsoft-Windows-Kernel-General","{A68CA8B7-004F-D7B6-A698-07E2DE0F1F5D}","24","0","INFORMATION"," ","11","0","1688420565"," "," ","8188","3000","System","DESKTOP-TC5H5CS","S-1-5-19","<Event xmlns='http://schemas.microsoft.com/win/2004/08/events/event'><System><Provider Name='Microsoft-Windows-Kernel-General' Guid='{a68ca8b7-004f-d7b6-a698-07e2de0f1f5d}'/><EventID>24</EventID><Version>0</Version><Level>4</Level><Task>11</Task><Opcode>0</Opcode><Keywords>0x8000000000000010</Keywords><TimeCreated SystemTime='2023-07-03T21:42:45.5372157Z'/><EventRecordID>1021</EventRecordID><Correlation/><Execution ProcessID='8188' ThreadID='3000'/><Channel>System</Channel><Computer>DESKTOP-TC5H5CS</Computer><Security UserID='S-1-5-19'/></System><EventData><Data Name='ExitReason'>0</Data><Data Name='CurrentBias'>-480</Data><Data Name='CurrentTimeZoneID'>0</Data><Data Name='TimeZoneInfoCacheUpdated'>0</Data><Data Name='FirstRefresh'>0</Data></EventData></Event>"
﻿"1022","Microsoft-Windows-Kernel-General","{A68CA8B7-004F-D7B6-A698-07E2DE0F1F5D}","1","2","INFORMATION"," ","5","0","1688420565"," "," ","8188","3000","System","DESKTOP-TC5H5CS","S-1-5-19","<Event xmlns='http://schemas.microsoft.com/win/2004/08/events/event'><System><Provider Name='Microsoft-Windows-Kernel-General' Guid='{a68ca8b7-004f-d7b6-a698-07e2de0f1f5d}'/><EventID>1</EventID><Version>2</Version><Level>4</Level><Task>5</Task><Opcode>0</Opcode><Keywords>0x8000000000000010</Keywords><TimeCreated SystemTime='2023-07-03T21:42:45.5373094Z'/><EventRecordID>1022</EventRecordID><Correlation/><Execution ProcessID='8188' ThreadID='3000'/><Channel>System</Channel><Computer>DESKTOP-TC5H5CS</Computer><Security UserID='S-1-5-19'/></System><EventData><Data Name='NewTime'>2023-07-03T21:42:45.5370027Z</Data><Data Name='OldTime'>2023-07-03T21:42:43.2488561Z</Data><Data Name='Reason'>1</Data><Data Name='ProcessName'>\Device\HarddiskVolume2\Windows\System32\svchost.exe</Data><Data Name='ProcessID'>8188</Data></EventData></Event>"
﻿"1023","Microsoft-Windows-Time-Service","{06EDCFEB-0FD0-4E53-ACCA-A6F8BBF81BCB}","35","0","INFORMATION"," ","0","0","1688420565"," "," ","8188","9760","System","DESKTOP-TC5H5CS","S-1-5-19","<Event xmlns='http://schemas.microsoft.com/win/2004/08/events/event'><System><Provider Name='Microsoft-Windows-Time-Service' Guid='{06edcfeb-0fd0-4e53-acca-a6f8bbf81bcb}'/><EventID>35</EventID><Version>0</Version><Level>4</Level><Task>0</Task><Opcode>0</Opcode><Keywords>0x8000000000000000</Keywords><TimeCreated SystemTime='2023-07-03T21:42:45.5426381Z'/><EventRecordID>1023</EventRecordID><Correlation/><Execution ProcessID='8188' ThreadID='9760'/><Channel>System</Channel><Computer>DESKTOP-TC5H5CS</Computer><Security UserID='S-1-5-19'/></System><EventData Name='TMP_EVENT_TIME_SOURCE_CHOSEN'><Data Name='TimeSource'>time.windows.com,0x9 (ntp.m|0x9|0.0.0.0:123-&gt;20.189.79.72:123)</Data><Data Name='TimeSourceRefId'>1213185300</Data><Data Name='CurrentStratumNumber'>4</Data></EventData></Event>"
﻿"1024","Microsoft-Windows-Kernel-General","{A68CA8B7-004F-D7B6-A698-07E2DE0F1F5D}","24","0","INFORMATION"," ","11","0","1688420565"," "," ","8188","3000","System","DESKTOP-TC5H5CS","S-1-5-19","<Event xmlns='http://schemas.microsoft.com/win/2004/08/events/event'><System><Provider Name='Microsoft-Windows-Kernel-General' Guid='{a68ca8b7-004f-d7b6-a698-07e2de0f1f5d}'/><EventID>24</EventID><Version>0</Version><Level>4</Level><Task>11</Task><Opcode>0</Opcode><Keywords>0x8000000000000010</Keywords><TimeCreated SystemTime='2023-07-03T21:42:45.5795392Z'/><EventRecordID>1024</EventRecordID><Correlation/><Execution ProcessID='8188' ThreadID='3000'/><Channel>System</Channel><Computer>DESKTOP-TC5H5CS</Computer><Security UserID='S-1-5-19'/></System><EventData><Data Name='ExitReason'>0</Data><Data Name='CurrentBias'>-480</Data><Data Name='CurrentTimeZoneID'>0</Data><Data Name='TimeZoneInfoCacheUpdated'>0</Data><Data Name='FirstRefresh'>0</Data></EventData></Event>"
﻿"1025","Microsoft-Windows-Kernel-General","{A68CA8B7-004F-D7B6-A698-07E2DE0F1F5D}","1","2","INFORMATION"," ","5","0","1688420565"," "," ","8188","3000","System","DESKTOP-TC5H5CS","S-1-5-19","<Event xmlns='http://schemas.microsoft.com/win/2004/08/events/event'><System><Provider Name='Microsoft-Windows-Kernel-General' Guid='{a68ca8b7-004f-d7b6-a698-07e2de0f1f5d}'/><EventID>1</EventID><Version>2</Version><Level>4</Level><Task>5</Task><Opcode>0</Opcode><Keywords>0x8000000000000010</Keywords><TimeCreated SystemTime='2023-07-03T21:42:45.5796255Z'/><EventRecordID>1025</EventRecordID><Correlation/><Execution ProcessID='8188' ThreadID='3000'/><Channel>System</Channel><Computer>DESKTOP-TC5H5CS</Computer><Security UserID='S-1-5-19'/></System><EventData><Data Name='NewTime'>2023-07-03T21:42:45.5793475Z</Data><Data Name='OldTime'>2023-07-03T21:42:45.5750422Z</Data><Data Name='Reason'>1</Data><Data Name='ProcessName'>\Device\HarddiskVolume2\Windows\System32\svchost.exe</Data><Data Name='ProcessID'>8188</Data></EventData></Event>"
﻿"1026","Microsoft-Windows-Kernel-General","{A68CA8B7-004F-D7B6-A698-07E2DE0F1F5D}","24","0","INFORMATION"," ","11","0","1688420565"," "," ","8188","3000","System","DESKTOP-TC5H5CS","S-1-5-19","<Event xmlns='http://schemas.microsoft.com/win/2004/08/events/event'><System><Provider Name='Microsoft-Windows-Kernel-General' Guid='{a68ca8b7-004f-d7b6-a698-07e2de0f1f5d}'/><EventID>24</EventID><Version>0</Version><Level>4</Level><Task>11</Task><Opcode>0</Opcode><Keywords>0x8000000000000010</Keywords><TimeCreated SystemTime='2023-07-03T21:42:45.5840193Z'/><EventRecordID>1026</EventRecordID><Correlation/><Execution ProcessID='8188' ThreadID='3000'/><Channel>System</Channel><Computer>DESKTOP-TC5H5CS</Computer><Security UserID='S-1-5-19'/></System><EventData><Data Name='ExitReason'>0</Data><Data Name='CurrentBias'>-480</Data><Data Name='CurrentTimeZoneID'>0</Data><Data Name='TimeZoneInfoCacheUpdated'>0</Data><Data Name='FirstRefresh'>0</Data></EventData></Event>"
﻿"1027","Microsoft-Windows-Kernel-General","{A68CA8B7-004F-D7B6-A698-07E2DE0F1F5D}","1","2","INFORMATION"," ","5","0","1688420565"," "," ","8188","3000","System","DESKTOP-TC5H5CS","S-1-5-19","<Event xmlns='http://schemas.microsoft.com/win/2004/08/events/event'><System><Provider Name='Microsoft-Windows-Kernel-General' Guid='{a68ca8b7-004f-d7b6-a698-07e2de0f1f5d}'/><EventID>1</EventID><Version>2</Version><Level>4</Level><Task>5</Task><Opcode>0</Opcode><Keywords>0x8000000000000010</Keywords><TimeCreated SystemTime='2023-07-03T21:42:45.5841029Z'/><EventRecordID>1027</EventRecordID><Correlation/><Execution ProcessID='8188' ThreadID='3000'/><Channel>System</Channel><Computer>DESKTOP-TC5H5CS</Computer><Security UserID='S-1-5-19'/></System><EventData><Data Name='NewTime'>2023-07-03T21:42:45.5838400Z</Data><Data Name='OldTime'>2023-07-03T21:42:45.5830174Z</Data><Data Name='Reason'>1</Data><Data Name='ProcessName'>\Device\HarddiskVolume2\Windows\System32\svchost.exe</Data><Data Name='ProcessID'>8188</Data></EventData></Event>"
﻿"1028","Microsoft-Windows-Kernel-General","{A68CA8B7-004F-D7B6-A698-07E2DE0F1F5D}","12","0","INFORMATION"," ","1","0","1688436965"," "," ","4","8","System","DESKTOP-TC5H5CS","S-1-5-18","<Event xmlns='http://schemas.microsoft.com/win/2004/08/events/event'><System><Provider Name='Microsoft-Windows-Kernel-General' Guid='{a68ca8b7-004f-d7b6-a698-07e2de0f1f5d}'/><EventID>12</EventID><Version>0</Version><Level>4</Level><Task>1</Task><Opcode>0</Opcode><Keywords>0x8000000000000080</Keywords><TimeCreated SystemTime='2023-07-04T02:16:05.6938373Z'/><EventRecordID>1028</EventRecordID><Correlation/><Execution ProcessID='4' ThreadID='8'/><Channel>System</Channel><Computer>DESKTOP-TC5H5CS</Computer><Security UserID='S-1-5-18'/></System><EventData><Data Name='MajorVersion'>10</Data><Data Name='MinorVersion'>0</Data><Data Name='BuildVersion'>19041</Data><Data Name='QfeVersion'>3086</Data><Data Name='ServiceVersion'>0</Data><Data Name='BootMode'>0</Data><Data Name='StartTime'>2023-07-04T02:16:05.5000000Z</Data></EventData></Event>"
﻿"1029","Microsoft-Windows-Kernel-Boot","{15CA44FF-4D7A-4BAA-BBA5-0998955E531E}","153","0","INFORMATION"," ","62","0","1688436965"," "," ","4","8","System","DESKTOP-TC5H5CS","S-1-5-18","<Event xmlns='http://schemas.microsoft.com/win/2004/08/events/event'><System><Provider Name='Microsoft-Windows-Kernel-Boot' Guid='{15ca44ff-4d7a-4baa-bba5-0998955e531e}'/><EventID>153</EventID><Version>0</Version><Level>4</Level><Task>62</Task><Opcode>0</Opcode><Keywords>0x8000000000000000</Keywords><TimeCreated SystemTime='2023-07-04T02:16:05.6938976Z'/><EventRecordID>1029</EventRecordID><Correlation/><Execution ProcessID='4' ThreadID='8'/><Channel>System</Channel><Computer>DESKTOP-TC5H5CS</Computer><Security UserID='S-1-5-18'/></System><EventData><Data Name='Status'>0</Data><Data Name='EnableDisableReason'>0</Data><Data Name='VsmPolicy'>0</Data></EventData></Event>"
﻿"1030","Microsoft-Windows-Kernel-Boot","{15CA44FF-4D7A-4BAA-BBA5-0998955E531E}","20","1","INFORMATION"," ","31","0","1688436965"," "," ","4","8","System","DESKTOP-TC5H5CS","S-1-5-18","<Event xmlns='http://schemas.microsoft.com/win/2004/08/events/event'><System><Provider Name='Microsoft-Windows-Kernel-Boot' Guid='{15ca44ff-4d7a-4baa-bba5-0998955e531e}'/><EventID>20</EventID><Version>1</Version><Level>4</Level><Task>31</Task><Opcode>0</Opcode><Keywords>0x8000000000000000</Keywords><TimeCreated SystemTime='2023-07-04T02:16:05.6939796Z'/><EventRecordID>1030</EventRecordID><Correlation/><Execution ProcessID='4' ThreadID='8'/><Channel>System</Channel><Computer>DESKTOP-TC5H5CS</Computer><Security UserID='S-1-5-18'/></System><EventData><Data Name='LastShutdownGood'>false</Data><Data Name='LastBootGood'>true</Data><Data Name='LastBootId'>4</Data><Data Name='BootStatusPolicy'>2</Data></EventData></Event>"
﻿"1031","Microsoft-Windows-Kernel-Boot","{15CA44FF-4D7A-4BAA-BBA5-0998955E531E}","25","0","INFORMATION"," ","32","0","1688436965"," "," ","4","8","System","DESKTOP-TC5H5CS","S-1-5-18","<Event xmlns='http://schemas.microsoft.com/win/2004/08/events/event'><System><Provider Name='Microsoft-Windows-Kernel-Boot' Guid='{15ca44ff-4d7a-4baa-bba5-0998955e531e}'/><EventID>25</EventID><Version>0</Version><Level>4</Level><Task>32</Task><Opcode>0</Opcode><Keywords>0x8000000000000000</Keywords><TimeCreated SystemTime='2023-07-04T02:16:05.6940706Z'/><EventRecordID>1031</EventRecordID><Correlation/><Execution ProcessID='4' ThreadID='8'/><Channel>System</Channel><Computer>DESKTOP-TC5H5CS</Computer><Security UserID='S-1-5-18'/></System><EventData><Data Name='BootMenuPolicy'>1</Data></EventData></Event>"
﻿"1032","Microsoft-Windows-Kernel-Boot","{15CA44FF-4D7A-4BAA-BBA5-0998955E531E}","27","1","INFORMATION"," ","33","0","1688436965"," "," ","4","8","System","DESKTOP-TC5H5CS","S-1-5-18","<Event xmlns='http://schemas.microsoft.com/win/2004/08/events/event'><System><Provider Name='Microsoft-Windows-Kernel-Boot' Guid='{15ca44ff-4d7a-4baa-bba5-0998955e531e}'/><EventID>27</EventID><Version>1</Version><Level>4</Level><Task>33</Task><Opcode>0</Opcode><Keywords>0x8000000000000000</Keywords><TimeCreated SystemTime='2023-07-04T02:16:05.6940711Z'/><EventRecordID>1032</EventRecordID><Correlation/><Execution ProcessID='4' ThreadID='8'/><Channel>System</Channel><Computer>DESKTOP-TC5H5CS</Computer><Security UserID='S-1-5-18'/></System><EventData><Data Name='BootType'>0</Data><Data Name='LoadOptions'> NOEXECUTE=OPTIN</Data></EventData></Event>"
﻿"1033","Microsoft-Windows-Kernel-Boot","{15CA44FF-4D7A-4BAA-BBA5-0998955E531E}","18","0","INFORMATION"," ","57","0","1688436965"," "," ","4","8","System","DESKTOP-TC5H5CS","S-1-5-18","<Event xmlns='http://schemas.microsoft.com/win/2004/08/events/event'><System><Provider Name='Microsoft-Windows-Kernel-Boot' Guid='{15ca44ff-4d7a-4baa-bba5-0998955e531e}'/><EventID>18</EventID><Version>0</Version><Level>4</Level><Task>57</Task><Opcode>0</Opcode><Keywords>0x8000000000000000</Keywords><TimeCreated SystemTime='2023-07-04T02:16:05.6941386Z'/><EventRecordID>1033</EventRecordID><Correlation/><Execution ProcessID='4' ThreadID='8'/><Channel>System</Channel><Computer>DESKTOP-TC5H5CS</Computer><Security UserID='S-1-5-18'/></System><EventData><Data Name='EntryCount'>1</Data></EventData></Event>"
﻿"1034","Microsoft-Windows-Kernel-Boot","{15CA44FF-4D7A-4BAA-BBA5-0998955E531E}","32","0","INFORMATION"," ","58","0","1688436965"," "," ","4","8","System","DESKTOP-TC5H5CS","S-1-5-18","<Event xmlns='http://schemas.microsoft.com/win/2004/08/events/event'><System><Provider Name='Microsoft-Windows-Kernel-Boot' Guid='{15ca44ff-4d7a-4baa-bba5-0998955e531e}'/><EventID>32</EventID><Version>0</Version><Level>4</Level><Task>58</Task><Opcode>0</Opcode><Keywords>0x8000000000000000</Keywords><TimeCreated SystemTime='2023-07-04T02:16:05.6941633Z'/><EventRecordID>1034</EventRecordID><Correlation/><Execution ProcessID='4' ThreadID='8'/><Channel>System</Channel><Computer>DESKTOP-TC5H5CS</Computer><Security UserID='S-1-5-18'/></System><EventData><Data Name='BitlockerUserInputTime'>0</Data></EventData></Event>"
﻿"1035","Microsoft-Windows-Kernel-General","{A68CA8B7-004F-D7B6-A698-07E2DE0F1F5D}","20","0","INFORMATION"," ","6","0","1688436965"," "," ","4","8","System","DESKTOP-TC5H5CS","S-1-5-18","<Event xmlns='http://schemas.microsoft.com/win/2004/08/events/event'><System><Provider Name='Microsoft-Windows-Kernel-General' Guid='{a68ca8b7-004f-d7b6-a698-07e2de0f1f5d}'/><EventID>20</EventID><Version>0</Version><Level>4</Level><Task>6</Task><Opcode>0</Opcode><Keywords>0x8000000000000010</Keywords><TimeCreated SystemTime='2023-07-04T02:16:05.6971932Z'/><EventRecordID>1035</EventRecordID><Correlation/><Execution ProcessID='4' ThreadID='8'/><Channel>System</Channel><Computer>DESKTOP-TC5H5CS</Computer><Security UserID='S-1-5-18'/></System><EventData><Data Name='UpdateReason'>0</Data><Data Name='EnabledNew'>true</Data><Data Name='CountNew'>0</Data><Data Name='CountOld'>0</Data></EventData></Event>"
﻿"1036","EventLog"," ","2147489656","0","ERROR"," ","0","0","1688437280"," "," ","0","0","System","DESKTOP-TC5H5CS"," ","<Event xmlns='http://schemas.microsoft.com/win/2004/08/events/event'><System><Provider Name='EventLog'/><EventID Qualifiers='32768'>6008</EventID><Version>0</Version><Level>2</Level><Task>0</Task><Opcode>0</Opcode><Keywords>0x80000000000000</Keywords><TimeCreated SystemTime='2023-07-04T02:21:20.1291182Z'/><EventRecordID>1036</EventRecordID><Correlation/><Execution ProcessID='0' ThreadID='0'/><Channel>System</Channel><Computer>DESKTOP-TC5H5CS</Computer><Security/></System><EventData><Data>W 09:42:26</Data><Data>?2023/?7/?4</Data><Data></Data><Data></Data><Data>295227</Data><Data></Data><Data></Data><Binary>E70707000200040009002A001A003501E70707000200040001002A001A003501600900003C000000010000006009000001000000B00400000100000007000000</Binary></EventData></Event>"
﻿"1037","EventLog"," ","2147489657","0","INFORMATION"," ","0","0","1688437280"," "," ","0","0","System","DESKTOP-TC5H5CS"," ","<Event xmlns='http://schemas.microsoft.com/win/2004/08/events/event'><System><Provider Name='EventLog'/><EventID Qualifiers='32768'>6009</EventID><Version>0</Version><Level>4</Level><Task>0</Task><Opcode>0</Opcode><Keywords>0x80000000000000</Keywords><TimeCreated SystemTime='2023-07-04T02:21:20.1291182Z'/><EventRecordID>1037</EventRecordID><Correlation/><Execution ProcessID='0' ThreadID='0'/><Channel>System</Channel><Computer>DESKTOP-TC5H5CS</Computer><Security/></System><EventData><Data>10.00.</Data><Data>19045</Data><Data></Data><Data>Multiprocessor Free</Data><Data>0</Data></EventData></Event>"
