﻿"1299","Microsoft-Windows-HttpEvent","{7B6BC78C-898B-4170-BBF8-1A469EA43FC5}","2147498949","0","WARNING"," ","0","0","1688627393"," "," ","4","8740","System","DESKTOP-TC5H5CS"," ","<Event xmlns='http://schemas.microsoft.com/win/2004/08/events/event'><System><Provider Name='Microsoft-Windows-HttpEvent' Guid='{7b6bc78c-898b-4170-bbf8-1a469ea43fc5}' EventSourceName='HTTP'/><EventID Qualifiers='32768'>15301</EventID><Version>0</Version><Level>3</Level><Task>0</Task><Opcode>0</Opcode><Keywords>0x80000000000000</Keywords><TimeCreated SystemTime='2023-07-06T07:09:53.7284258Z'/><EventRecordID>1299</EventRecordID><Correlation/><Execution ProcessID='4' ThreadID='8740'/><Channel>System</Channel><Computer>DESKTOP-TC5H5CS</Computer><Security/></System><EventData><Data Name='DeviceObject'></Data><Data Name='Endpoint'>0.0.0.0:44360</Data></EventData></Event>"
﻿"1300","Microsoft-Windows-HttpEvent","{7B6BC78C-898B-4170-BBF8-1A469EA43FC5}","2147498949","0","WARNING"," ","0","0","1688627393"," "," ","4","8740","System","DESKTOP-TC5H5CS"," ","<Event xmlns='http://schemas.microsoft.com/win/2004/08/events/event'><System><Provider Name='Microsoft-Windows-HttpEvent' Guid='{7b6bc78c-898b-4170-bbf8-1a469ea43fc5}' EventSourceName='HTTP'/><EventID Qualifiers='32768'>15301</EventID><Version>0</Version><Level>3</Level><Task>0</Task><Opcode>0</Opcode><Keywords>0x80000000000000</Keywords><TimeCreated SystemTime='2023-07-06T07:09:53.7324239Z'/><EventRecordID>1300</EventRecordID><Correlation/><Execution ProcessID='4' ThreadID='8740'/><Channel>System</Channel><Computer>DESKTOP-TC5H5CS</Computer><Security/></System><EventData><Data Name='DeviceObject'></Data><Data Name='Endpoint'>0.0.0.0:44361</Data></EventData></Event>"
﻿"1301","Microsoft-Windows-HttpEvent","{7B6BC78C-898B-4170-BBF8-1A469EA43FC5}","2147498949","0","WARNING"," ","0","0","1688627393"," "," ","4","8148","System","DESKTOP-TC5H5CS"," ","<Event xmlns='http://schemas.microsoft.com/win/2004/08/events/event'><System><Provider Name='Microsoft-Windows-HttpEvent' Guid='{7b6bc78c-898b-4170-bbf8-1a469ea43fc5}' EventSourceName='HTTP'/><EventID Qualifiers='32768'>15301</EventID><Version>0</Version><Level>3</Level><Task>0</Task><Opcode>0</Opcode><Keywords>0x80000000000000</Keywords><TimeCreated SystemTime='2023-07-06T07:09:53.7344257Z'/><EventRecordID>1301</EventRecordID><Correlation/><Execution ProcessID='4' ThreadID='8148'/><Channel>System</Channel><Computer>DESKTOP-TC5H5CS</Computer><Security/></System><EventData><Data Name='DeviceObject'></Data><Data Name='Endpoint'>0.0.0.0:44362</Data></EventData></Event>"
﻿"1302","Microsoft-Windows-HttpEvent","{7B6BC78C-898B-4170-BBF8-1A469EA43FC5}","2147498949","0","WARNING"," ","0","0","1688627393"," "," ","4","8740","System","DESKTOP-TC5H5CS"," ","<Event xmlns='http://schemas.microsoft.com/win/2004/08/events/event'><System><Provider Name='Microsoft-Windows-HttpEvent' Guid='{7b6bc78c-898b-4170-bbf8-1a469ea43fc5}' EventSourceName='HTTP'/><EventID Qualifiers='32768'>15301</EventID><Version>0</Version><Level>3</Level><Task>0</Task><Opcode>0</Opcode><Keywords>0x80000000000000</Keywords><TimeCreated SystemTime='2023-07-06T07:09:53.7374231Z'/><EventRecordID>1302</EventRecordID><Correlation/><Execution ProcessID='4' ThreadID='8740'/><Channel>System</Channel><Computer>DESKTOP-TC5H5CS</Computer><Security/></System><EventData><Data Name='DeviceObject'></Data><Data Name='Endpoint'>0.0.0.0:44363</Data></EventData></Event>"
﻿"1303","Microsoft-Windows-HttpEvent","{7B6BC78C-898B-4170-BBF8-1A469EA43FC5}","2147498949","0","WARNING"," ","0","0","1688627393"," "," ","4","8740","System","DESKTOP-TC5H5CS"," ","<Event xmlns='http://schemas.microsoft.com/win/2004/08/events/event'><System><Provider Name='Microsoft-Windows-HttpEvent' Guid='{7b6bc78c-898b-4170-bbf8-1a469ea43fc5}' EventSourceName='HTTP'/><EventID Qualifiers='32768'>15301</EventID><Version>0</Version><Level>3</Level><Task>0</Task><Opcode>0</Opcode><Keywords>0x80000000000000</Keywords><TimeCreated SystemTime='2023-07-06T07:09:53.7404275Z'/><EventRecordID>1303</EventRecordID><Correlation/><Execution ProcessID='4' ThreadID='8740'/><Channel>System</Channel><Computer>DESKTOP-TC5H5CS</Computer><Security/></System><EventData><Data Name='DeviceObject'></Data><Data Name='Endpoint'>0.0.0.0:44364</Data></EventData></Event>"
﻿"1304","Microsoft-Windows-HttpEvent","{7B6BC78C-898B-4170-BBF8-1A469EA43FC5}","2147498949","0","WARNING"," ","0","0","1688627393"," "," ","4","8148","System","DESKTOP-TC5H5CS"," ","<Event xmlns='http://schemas.microsoft.com/win/2004/08/events/event'><System><Provider Name='Microsoft-Windows-HttpEvent' Guid='{7b6bc78c-898b-4170-bbf8-1a469ea43fc5}' EventSourceName='HTTP'/><EventID Qualifiers='32768'>15301</EventID><Version>0</Version><Level>3</Level><Task>0</Task><Opcode>0</Opcode><Keywords>0x80000000000000</Keywords><TimeCreated SystemTime='2023-07-06T07:09:53.7444250Z'/><EventRecordID>1304</EventRecordID><Correlation/><Execution ProcessID='4' ThreadID='8148'/><Channel>System</Channel><Computer>DESKTOP-TC5H5CS</Computer><Security/></System><EventData><Data Name='DeviceObject'></Data><Data Name='Endpoint'>0.0.0.0:44365</Data></EventData></Event>"
﻿"1305","Microsoft-Windows-HttpEvent","{7B6BC78C-898B-4170-BBF8-1A469EA43FC5}","2147498949","0","WARNING"," ","0","0","1688627393"," "," ","4","8148","System","DESKTOP-TC5H5CS"," ","<Event xmlns='http://schemas.microsoft.com/win/2004/08/events/event'><System><Provider Name='Microsoft-Windows-HttpEvent' Guid='{7b6bc78c-898b-4170-bbf8-1a469ea43fc5}' EventSourceName='HTTP'/><EventID Qualifiers='32768'>15301</EventID><Version>0</Version><Level>3</Level><Task>0</Task><Opcode>0</Opcode><Keywords>0x80000000000000</Keywords><TimeCreated SystemTime='2023-07-06T07:09:53.7474247Z'/><EventRecordID>1305</EventRecordID><Correlation/><Execution ProcessID='4' ThreadID='8148'/><Channel>System</Channel><Computer>DESKTOP-TC5H5CS</Computer><Security/></System><EventData><Data Name='DeviceObject'></Data><Data Name='Endpoint'>0.0.0.0:44366</Data></EventData></Event>"
﻿"1306","Microsoft-Windows-HttpEvent","{7B6BC78C-898B-4170-BBF8-1A469EA43FC5}","2147498949","0","WARNING"," ","0","0","1688627393"," "," ","4","8148","System","DESKTOP-TC5H5CS"," ","<Event xmlns='http://schemas.microsoft.com/win/2004/08/events/event'><System><Provider Name='Microsoft-Windows-HttpEvent' Guid='{7b6bc78c-898b-4170-bbf8-1a469ea43fc5}' EventSourceName='HTTP'/><EventID Qualifiers='32768'>15301</EventID><Version>0</Version><Level>3</Level><Task>0</Task><Opcode>0</Opcode><Keywords>0x80000000000000</Keywords><TimeCreated SystemTime='2023-07-06T07:09:53.7504249Z'/><EventRecordID>1306</EventRecordID><Correlation/><Execution ProcessID='4' ThreadID='8148'/><Channel>System</Channel><Computer>DESKTOP-TC5H5CS</Computer><Security/></System><EventData><Data Name='DeviceObject'></Data><Data Name='Endpoint'>0.0.0.0:44367</Data></EventData></Event>"
﻿"1307","Microsoft-Windows-HttpEvent","{7B6BC78C-898B-4170-BBF8-1A469EA43FC5}","2147498949","0","WARNING"," ","0","0","1688627393"," "," ","4","8148","System","DESKTOP-TC5H5CS"," ","<Event xmlns='http://schemas.microsoft.com/win/2004/08/events/event'><System><Provider Name='Microsoft-Windows-HttpEvent' Guid='{7b6bc78c-898b-4170-bbf8-1a469ea43fc5}' EventSourceName='HTTP'/><EventID Qualifiers='32768'>15301</EventID><Version>0</Version><Level>3</Level><Task>0</Task><Opcode>0</Opcode><Keywords>0x80000000000000</Keywords><TimeCreated SystemTime='2023-07-06T07:09:53.7534243Z'/><EventRecordID>1307</EventRecordID><Correlation/><Execution ProcessID='4' ThreadID='8148'/><Channel>System</Channel><Computer>DESKTOP-TC5H5CS</Computer><Security/></System><EventData><Data Name='DeviceObject'></Data><Data Name='Endpoint'>0.0.0.0:44368</Data></EventData></Event>"
﻿"1308","Microsoft-Windows-HttpEvent","{7B6BC78C-898B-4170-BBF8-1A469EA43FC5}","2147498949","0","WARNING"," ","0","0","1688627393"," "," ","4","8740","System","DESKTOP-TC5H5CS"," ","<Event xmlns='http://schemas.microsoft.com/win/2004/08/events/event'><System><Provider Name='Microsoft-Windows-HttpEvent' Guid='{7b6bc78c-898b-4170-bbf8-1a469ea43fc5}' EventSourceName='HTTP'/><EventID Qualifiers='32768'>15301</EventID><Version>0</Version><Level>3</Level><Task>0</Task><Opcode>0</Opcode><Keywords>0x80000000000000</Keywords><TimeCreated SystemTime='2023-07-06T07:09:53.7564283Z'/><EventRecordID>1308</EventRecordID><Correlation/><Execution ProcessID='4' ThreadID='8740'/><Channel>System</Channel><Computer>DESKTOP-TC5H5CS</Computer><Security/></System><EventData><Data Name='DeviceObject'></Data><Data Name='Endpoint'>0.0.0.0:44369</Data></EventData></Event>"
﻿"1309","Microsoft-Windows-HttpEvent","{7B6BC78C-898B-4170-BBF8-1A469EA43FC5}","2147498949","0","WARNING"," ","0","0","1688627393"," "," ","4","8148","System","DESKTOP-TC5H5CS"," ","<Event xmlns='http://schemas.microsoft.com/win/2004/08/events/event'><System><Provider Name='Microsoft-Windows-HttpEvent' Guid='{7b6bc78c-898b-4170-bbf8-1a469ea43fc5}' EventSourceName='HTTP'/><EventID Qualifiers='32768'>15301</EventID><Version>0</Version><Level>3</Level><Task>0</Task><Opcode>0</Opcode><Keywords>0x80000000000000</Keywords><TimeCreated SystemTime='2023-07-06T07:09:53.7594277Z'/><EventRecordID>1309</EventRecordID><Correlation/><Execution ProcessID='4' ThreadID='8148'/><Channel>System</Channel><Computer>DESKTOP-TC5H5CS</Computer><Security/></System><EventData><Data Name='DeviceObject'></Data><Data Name='Endpoint'>0.0.0.0:44370</Data></EventData></Event>"
﻿"1310","Microsoft-Windows-HttpEvent","{7B6BC78C-898B-4170-BBF8-1A469EA43FC5}","2147498949","0","WARNING"," ","0","0","1688627393"," "," ","4","8740","System","DESKTOP-TC5H5CS"," ","<Event xmlns='http://schemas.microsoft.com/win/2004/08/events/event'><System><Provider Name='Microsoft-Windows-HttpEvent' Guid='{7b6bc78c-898b-4170-bbf8-1a469ea43fc5}' EventSourceName='HTTP'/><EventID Qualifiers='32768'>15301</EventID><Version>0</Version><Level>3</Level><Task>0</Task><Opcode>0</Opcode><Keywords>0x80000000000000</Keywords><TimeCreated SystemTime='2023-07-06T07:09:53.7624283Z'/><EventRecordID>1310</EventRecordID><Correlation/><Execution ProcessID='4' ThreadID='8740'/><Channel>System</Channel><Computer>DESKTOP-TC5H5CS</Computer><Security/></System><EventData><Data Name='DeviceObject'></Data><Data Name='Endpoint'>0.0.0.0:44371</Data></EventData></Event>"
﻿"1311","Microsoft-Windows-HttpEvent","{7B6BC78C-898B-4170-BBF8-1A469EA43FC5}","2147498949","0","WARNING"," ","0","0","1688627393"," "," ","4","8148","System","DESKTOP-TC5H5CS"," ","<Event xmlns='http://schemas.microsoft.com/win/2004/08/events/event'><System><Provider Name='Microsoft-Windows-HttpEvent' Guid='{7b6bc78c-898b-4170-bbf8-1a469ea43fc5}' EventSourceName='HTTP'/><EventID Qualifiers='32768'>15301</EventID><Version>0</Version><Level>3</Level><Task>0</Task><Opcode>0</Opcode><Keywords>0x80000000000000</Keywords><TimeCreated SystemTime='2023-07-06T07:09:53.7654275Z'/><EventRecordID>1311</EventRecordID><Correlation/><Execution ProcessID='4' ThreadID='8148'/><Channel>System</Channel><Computer>DESKTOP-TC5H5CS</Computer><Security/></System><EventData><Data Name='DeviceObject'></Data><Data Name='Endpoint'>0.0.0.0:44372</Data></EventData></Event>"
﻿"1312","Microsoft-Windows-HttpEvent","{7B6BC78C-898B-4170-BBF8-1A469EA43FC5}","2147498949","0","WARNING"," ","0","0","1688627393"," "," ","4","8740","System","DESKTOP-TC5H5CS"," ","<Event xmlns='http://schemas.microsoft.com/win/2004/08/events/event'><System><Provider Name='Microsoft-Windows-HttpEvent' Guid='{7b6bc78c-898b-4170-bbf8-1a469ea43fc5}' EventSourceName='HTTP'/><EventID Qualifiers='32768'>15301</EventID><Version>0</Version><Level>3</Level><Task>0</Task><Opcode>0</Opcode><Keywords>0x80000000000000</Keywords><TimeCreated SystemTime='2023-07-06T07:09:53.7684281Z'/><EventRecordID>1312</EventRecordID><Correlation/><Execution ProcessID='4' ThreadID='8740'/><Channel>System</Channel><Computer>DESKTOP-TC5H5CS</Computer><Security/></System><EventData><Data Name='DeviceObject'></Data><Data Name='Endpoint'>0.0.0.0:44373</Data></EventData></Event>"
﻿"1313","Microsoft-Windows-HttpEvent","{7B6BC78C-898B-4170-BBF8-1A469EA43FC5}","2147498949","0","WARNING"," ","0","0","1688627393"," "," ","4","8148","System","DESKTOP-TC5H5CS"," ","<Event xmlns='http://schemas.microsoft.com/win/2004/08/events/event'><System><Provider Name='Microsoft-Windows-HttpEvent' Guid='{7b6bc78c-898b-4170-bbf8-1a469ea43fc5}' EventSourceName='HTTP'/><EventID Qualifiers='32768'>15301</EventID><Version>0</Version><Level>3</Level><Task>0</Task><Opcode>0</Opcode><Keywords>0x80000000000000</Keywords><TimeCreated SystemTime='2023-07-06T07:09:53.7714273Z'/><EventRecordID>1313</EventRecordID><Correlation/><Execution ProcessID='4' ThreadID='8148'/><Channel>System</Channel><Computer>DESKTOP-TC5H5CS</Computer><Security/></System><EventData><Data Name='DeviceObject'></Data><Data Name='Endpoint'>0.0.0.0:44374</Data></EventData></Event>"
﻿"1314","Microsoft-Windows-HttpEvent","{7B6BC78C-898B-4170-BBF8-1A469EA43FC5}","2147498949","0","WARNING"," ","0","0","1688627393"," "," ","4","8148","System","DESKTOP-TC5H5CS"," ","<Event xmlns='http://schemas.microsoft.com/win/2004/08/events/event'><System><Provider Name='Microsoft-Windows-HttpEvent' Guid='{7b6bc78c-898b-4170-bbf8-1a469ea43fc5}' EventSourceName='HTTP'/><EventID Qualifiers='32768'>15301</EventID><Version>0</Version><Level>3</Level><Task>0</Task><Opcode>0</Opcode><Keywords>0x80000000000000</Keywords><TimeCreated SystemTime='2023-07-06T07:09:53.7754242Z'/><EventRecordID>1314</EventRecordID><Correlation/><Execution ProcessID='4' ThreadID='8148'/><Channel>System</Channel><Computer>DESKTOP-TC5H5CS</Computer><Security/></System><EventData><Data Name='DeviceObject'></Data><Data Name='Endpoint'>0.0.0.0:44375</Data></EventData></Event>"
﻿"1315","Microsoft-Windows-HttpEvent","{7B6BC78C-898B-4170-BBF8-1A469EA43FC5}","2147498949","0","WARNING"," ","0","0","1688627393"," "," ","4","8148","System","DESKTOP-TC5H5CS"," ","<Event xmlns='http://schemas.microsoft.com/win/2004/08/events/event'><System><Provider Name='Microsoft-Windows-HttpEvent' Guid='{7b6bc78c-898b-4170-bbf8-1a469ea43fc5}' EventSourceName='HTTP'/><EventID Qualifiers='32768'>15301</EventID><Version>0</Version><Level>3</Level><Task>0</Task><Opcode>0</Opcode><Keywords>0x80000000000000</Keywords><TimeCreated SystemTime='2023-07-06T07:09:53.7794233Z'/><EventRecordID>1315</EventRecordID><Correlation/><Execution ProcessID='4' ThreadID='8148'/><Channel>System</Channel><Computer>DESKTOP-TC5H5CS</Computer><Security/></System><EventData><Data Name='DeviceObject'></Data><Data Name='Endpoint'>0.0.0.0:44376</Data></EventData></Event>"
﻿"1316","Microsoft-Windows-HttpEvent","{7B6BC78C-898B-4170-BBF8-1A469EA43FC5}","2147498949","0","WARNING"," ","0","0","1688627393"," "," ","4","8740","System","DESKTOP-TC5H5CS"," ","<Event xmlns='http://schemas.microsoft.com/win/2004/08/events/event'><System><Provider Name='Microsoft-Windows-HttpEvent' Guid='{7b6bc78c-898b-4170-bbf8-1a469ea43fc5}' EventSourceName='HTTP'/><EventID Qualifiers='32768'>15301</EventID><Version>0</Version><Level>3</Level><Task>0</Task><Opcode>0</Opcode><Keywords>0x80000000000000</Keywords><TimeCreated SystemTime='2023-07-06T07:09:53.7824234Z'/><EventRecordID>1316</EventRecordID><Correlation/><Execution ProcessID='4' ThreadID='8740'/><Channel>System</Channel><Computer>DESKTOP-TC5H5CS</Computer><Security/></System><EventData><Data Name='DeviceObject'></Data><Data Name='Endpoint'>0.0.0.0:44377</Data></EventData></Event>"
﻿"1317","Microsoft-Windows-HttpEvent","{7B6BC78C-898B-4170-BBF8-1A469EA43FC5}","2147498949","0","WARNING"," ","0","0","1688627393"," "," ","4","8740","System","DESKTOP-TC5H5CS"," ","<Event xmlns='http://schemas.microsoft.com/win/2004/08/events/event'><System><Provider Name='Microsoft-Windows-HttpEvent' Guid='{7b6bc78c-898b-4170-bbf8-1a469ea43fc5}' EventSourceName='HTTP'/><EventID Qualifiers='32768'>15301</EventID><Version>0</Version><Level>3</Level><Task>0</Task><Opcode>0</Opcode><Keywords>0x80000000000000</Keywords><TimeCreated SystemTime='2023-07-06T07:09:53.7854270Z'/><EventRecordID>1317</EventRecordID><Correlation/><Execution ProcessID='4' ThreadID='8740'/><Channel>System</Channel><Computer>DESKTOP-TC5H5CS</Computer><Security/></System><EventData><Data Name='DeviceObject'></Data><Data Name='Endpoint'>0.0.0.0:44378</Data></EventData></Event>"
﻿"1318","Microsoft-Windows-HttpEvent","{7B6BC78C-898B-4170-BBF8-1A469EA43FC5}","2147498949","0","WARNING"," ","0","0","1688627393"," "," ","4","8148","System","DESKTOP-TC5H5CS"," ","<Event xmlns='http://schemas.microsoft.com/win/2004/08/events/event'><System><Provider Name='Microsoft-Windows-HttpEvent' Guid='{7b6bc78c-898b-4170-bbf8-1a469ea43fc5}' EventSourceName='HTTP'/><EventID Qualifiers='32768'>15301</EventID><Version>0</Version><Level>3</Level><Task>0</Task><Opcode>0</Opcode><Keywords>0x80000000000000</Keywords><TimeCreated SystemTime='2023-07-06T07:09:53.7894291Z'/><EventRecordID>1318</EventRecordID><Correlation/><Execution ProcessID='4' ThreadID='8148'/><Channel>System</Channel><Computer>DESKTOP-TC5H5CS</Computer><Security/></System><EventData><Data Name='DeviceObject'></Data><Data Name='Endpoint'>0.0.0.0:44379</Data></EventData></Event>"
﻿"1319","Microsoft-Windows-HttpEvent","{7B6BC78C-898B-4170-BBF8-1A469EA43FC5}","2147498949","0","WARNING"," ","0","0","1688627393"," "," ","4","8740","System","DESKTOP-TC5H5CS"," ","<Event xmlns='http://schemas.microsoft.com/win/2004/08/events/event'><System><Provider Name='Microsoft-Windows-HttpEvent' Guid='{7b6bc78c-898b-4170-bbf8-1a469ea43fc5}' EventSourceName='HTTP'/><EventID Qualifiers='32768'>15301</EventID><Version>0</Version><Level>3</Level><Task>0</Task><Opcode>0</Opcode><Keywords>0x80000000000000</Keywords><TimeCreated SystemTime='2023-07-06T07:09:53.7924291Z'/><EventRecordID>1319</EventRecordID><Correlation/><Execution ProcessID='4' ThreadID='8740'/><Channel>System</Channel><Computer>DESKTOP-TC5H5CS</Computer><Security/></System><EventData><Data Name='DeviceObject'></Data><Data Name='Endpoint'>0.0.0.0:44380</Data></EventData></Event>"
﻿"1320","Microsoft-Windows-HttpEvent","{7B6BC78C-898B-4170-BBF8-1A469EA43FC5}","2147498949","0","WARNING"," ","0","0","1688627393"," "," ","4","8148","System","DESKTOP-TC5H5CS"," ","<Event xmlns='http://schemas.microsoft.com/win/2004/08/events/event'><System><Provider Name='Microsoft-Windows-HttpEvent' Guid='{7b6bc78c-898b-4170-bbf8-1a469ea43fc5}' EventSourceName='HTTP'/><EventID Qualifiers='32768'>15301</EventID><Version>0</Version><Level>3</Level><Task>0</Task><Opcode>0</Opcode><Keywords>0x80000000000000</Keywords><TimeCreated SystemTime='2023-07-06T07:09:53.7954269Z'/><EventRecordID>1320</EventRecordID><Correlation/><Execution ProcessID='4' ThreadID='8148'/><Channel>System</Channel><Computer>DESKTOP-TC5H5CS</Computer><Security/></System><EventData><Data Name='DeviceObject'></Data><Data Name='Endpoint'>0.0.0.0:44381</Data></EventData></Event>"
﻿"1321","Microsoft-Windows-HttpEvent","{7B6BC78C-898B-4170-BBF8-1A469EA43FC5}","2147498949","0","WARNING"," ","0","0","1688627393"," "," ","4","8740","System","DESKTOP-TC5H5CS"," ","<Event xmlns='http://schemas.microsoft.com/win/2004/08/events/event'><System><Provider Name='Microsoft-Windows-HttpEvent' Guid='{7b6bc78c-898b-4170-bbf8-1a469ea43fc5}' EventSourceName='HTTP'/><EventID Qualifiers='32768'>15301</EventID><Version>0</Version><Level>3</Level><Task>0</Task><Opcode>0</Opcode><Keywords>0x80000000000000</Keywords><TimeCreated SystemTime='2023-07-06T07:09:53.7994340Z'/><EventRecordID>1321</EventRecordID><Correlation/><Execution ProcessID='4' ThreadID='8740'/><Channel>System</Channel><Computer>DESKTOP-TC5H5CS</Computer><Security/></System><EventData><Data Name='DeviceObject'></Data><Data Name='Endpoint'>0.0.0.0:44382</Data></EventData></Event>"
﻿"1322","Microsoft-Windows-HttpEvent","{7B6BC78C-898B-4170-BBF8-1A469EA43FC5}","2147498949","0","WARNING"," ","0","0","1688627393"," "," ","4","8148","System","DESKTOP-TC5H5CS"," ","<Event xmlns='http://schemas.microsoft.com/win/2004/08/events/event'><System><Provider Name='Microsoft-Windows-HttpEvent' Guid='{7b6bc78c-898b-4170-bbf8-1a469ea43fc5}' EventSourceName='HTTP'/><EventID Qualifiers='32768'>15301</EventID><Version>0</Version><Level>3</Level><Task>0</Task><Opcode>0</Opcode><Keywords>0x80000000000000</Keywords><TimeCreated SystemTime='2023-07-06T07:09:53.8024270Z'/><EventRecordID>1322</EventRecordID><Correlation/><Execution ProcessID='4' ThreadID='8148'/><Channel>System</Channel><Computer>DESKTOP-TC5H5CS</Computer><Security/></System><EventData><Data Name='DeviceObject'></Data><Data Name='Endpoint'>0.0.0.0:44383</Data></EventData></Event>"
﻿"1323","Microsoft-Windows-HttpEvent","{7B6BC78C-898B-4170-BBF8-1A469EA43FC5}","2147498949","0","WARNING"," ","0","0","1688627393"," "," ","4","8740","System","DESKTOP-TC5H5CS"," ","<Event xmlns='http://schemas.microsoft.com/win/2004/08/events/event'><System><Provider Name='Microsoft-Windows-HttpEvent' Guid='{7b6bc78c-898b-4170-bbf8-1a469ea43fc5}' EventSourceName='HTTP'/><EventID Qualifiers='32768'>15301</EventID><Version>0</Version><Level>3</Level><Task>0</Task><Opcode>0</Opcode><Keywords>0x80000000000000</Keywords><TimeCreated SystemTime='2023-07-06T07:09:53.8054228Z'/><EventRecordID>1323</EventRecordID><Correlation/><Execution ProcessID='4' ThreadID='8740'/><Channel>System</Channel><Computer>DESKTOP-TC5H5CS</Computer><Security/></System><EventData><Data Name='DeviceObject'></Data><Data Name='Endpoint'>0.0.0.0:44384</Data></EventData></Event>"
﻿"1324","Microsoft-Windows-HttpEvent","{7B6BC78C-898B-4170-BBF8-1A469EA43FC5}","2147498949","0","WARNING"," ","0","0","1688627393"," "," ","4","8740","System","DESKTOP-TC5H5CS"," ","<Event xmlns='http://schemas.microsoft.com/win/2004/08/events/event'><System><Provider Name='Microsoft-Windows-HttpEvent' Guid='{7b6bc78c-898b-4170-bbf8-1a469ea43fc5}' EventSourceName='HTTP'/><EventID Qualifiers='32768'>15301</EventID><Version>0</Version><Level>3</Level><Task>0</Task><Opcode>0</Opcode><Keywords>0x80000000000000</Keywords><TimeCreated SystemTime='2023-07-06T07:09:53.8094215Z'/><EventRecordID>1324</EventRecordID><Correlation/><Execution ProcessID='4' ThreadID='8740'/><Channel>System</Channel><Computer>DESKTOP-TC5H5CS</Computer><Security/></System><EventData><Data Name='DeviceObject'></Data><Data Name='Endpoint'>0.0.0.0:44385</Data></EventData></Event>"
﻿"1325","Microsoft-Windows-HttpEvent","{7B6BC78C-898B-4170-BBF8-1A469EA43FC5}","2147498949","0","WARNING"," ","0","0","1688627393"," "," ","4","8148","System","DESKTOP-TC5H5CS"," ","<Event xmlns='http://schemas.microsoft.com/win/2004/08/events/event'><System><Provider Name='Microsoft-Windows-HttpEvent' Guid='{7b6bc78c-898b-4170-bbf8-1a469ea43fc5}' EventSourceName='HTTP'/><EventID Qualifiers='32768'>15301</EventID><Version>0</Version><Level>3</Level><Task>0</Task><Opcode>0</Opcode><Keywords>0x80000000000000</Keywords><TimeCreated SystemTime='2023-07-06T07:09:53.8124238Z'/><EventRecordID>1325</EventRecordID><Correlation/><Execution ProcessID='4' ThreadID='8148'/><Channel>System</Channel><Computer>DESKTOP-TC5H5CS</Computer><Security/></System><EventData><Data Name='DeviceObject'></Data><Data Name='Endpoint'>0.0.0.0:44386</Data></EventData></Event>"
﻿"1326","Microsoft-Windows-HttpEvent","{7B6BC78C-898B-4170-BBF8-1A469EA43FC5}","2147498949","0","WARNING"," ","0","0","1688627393"," "," ","4","8740","System","DESKTOP-TC5H5CS"," ","<Event xmlns='http://schemas.microsoft.com/win/2004/08/events/event'><System><Provider Name='Microsoft-Windows-HttpEvent' Guid='{7b6bc78c-898b-4170-bbf8-1a469ea43fc5}' EventSourceName='HTTP'/><EventID Qualifiers='32768'>15301</EventID><Version>0</Version><Level>3</Level><Task>0</Task><Opcode>0</Opcode><Keywords>0x80000000000000</Keywords><TimeCreated SystemTime='2023-07-06T07:09:53.8154230Z'/><EventRecordID>1326</EventRecordID><Correlation/><Execution ProcessID='4' ThreadID='8740'/><Channel>System</Channel><Computer>DESKTOP-TC5H5CS</Computer><Security/></System><EventData><Data Name='DeviceObject'></Data><Data Name='Endpoint'>0.0.0.0:44387</Data></EventData></Event>"
﻿"1327","Microsoft-Windows-HttpEvent","{7B6BC78C-898B-4170-BBF8-1A469EA43FC5}","2147498949","0","WARNING"," ","0","0","1688627393"," "," ","4","8148","System","DESKTOP-TC5H5CS"," ","<Event xmlns='http://schemas.microsoft.com/win/2004/08/events/event'><System><Provider Name='Microsoft-Windows-HttpEvent' Guid='{7b6bc78c-898b-4170-bbf8-1a469ea43fc5}' EventSourceName='HTTP'/><EventID Qualifiers='32768'>15301</EventID><Version>0</Version><Level>3</Level><Task>0</Task><Opcode>0</Opcode><Keywords>0x80000000000000</Keywords><TimeCreated SystemTime='2023-07-06T07:09:53.8184223Z'/><EventRecordID>1327</EventRecordID><Correlation/><Execution ProcessID='4' ThreadID='8148'/><Channel>System</Channel><Computer>DESKTOP-TC5H5CS</Computer><Security/></System><EventData><Data Name='DeviceObject'></Data><Data Name='Endpoint'>0.0.0.0:44388</Data></EventData></Event>"
﻿"1328","Microsoft-Windows-HttpEvent","{7B6BC78C-898B-4170-BBF8-1A469EA43FC5}","2147498949","0","WARNING"," ","0","0","1688627393"," "," ","4","8740","System","DESKTOP-TC5H5CS"," ","<Event xmlns='http://schemas.microsoft.com/win/2004/08/events/event'><System><Provider Name='Microsoft-Windows-HttpEvent' Guid='{7b6bc78c-898b-4170-bbf8-1a469ea43fc5}' EventSourceName='HTTP'/><EventID Qualifiers='32768'>15301</EventID><Version>0</Version><Level>3</Level><Task>0</Task><Opcode>0</Opcode><Keywords>0x80000000000000</Keywords><TimeCreated SystemTime='2023-07-06T07:09:53.8214225Z'/><EventRecordID>1328</EventRecordID><Correlation/><Execution ProcessID='4' ThreadID='8740'/><Channel>System</Channel><Computer>DESKTOP-TC5H5CS</Computer><Security/></System><EventData><Data Name='DeviceObject'></Data><Data Name='Endpoint'>0.0.0.0:44389</Data></EventData></Event>"
﻿"1329","Microsoft-Windows-HttpEvent","{7B6BC78C-898B-4170-BBF8-1A469EA43FC5}","2147498949","0","WARNING"," ","0","0","1688627393"," "," ","4","8148","System","DESKTOP-TC5H5CS"," ","<Event xmlns='http://schemas.microsoft.com/win/2004/08/events/event'><System><Provider Name='Microsoft-Windows-HttpEvent' Guid='{7b6bc78c-898b-4170-bbf8-1a469ea43fc5}' EventSourceName='HTTP'/><EventID Qualifiers='32768'>15301</EventID><Version>0</Version><Level>3</Level><Task>0</Task><Opcode>0</Opcode><Keywords>0x80000000000000</Keywords><TimeCreated SystemTime='2023-07-06T07:09:53.8244289Z'/><EventRecordID>1329</EventRecordID><Correlation/><Execution ProcessID='4' ThreadID='8148'/><Channel>System</Channel><Computer>DESKTOP-TC5H5CS</Computer><Security/></System><EventData><Data Name='DeviceObject'></Data><Data Name='Endpoint'>0.0.0.0:44390</Data></EventData></Event>"
﻿"1330","Microsoft-Windows-HttpEvent","{7B6BC78C-898B-4170-BBF8-1A469EA43FC5}","2147498949","0","WARNING"," ","0","0","1688627393"," "," ","4","8740","System","DESKTOP-TC5H5CS"," ","<Event xmlns='http://schemas.microsoft.com/win/2004/08/events/event'><System><Provider Name='Microsoft-Windows-HttpEvent' Guid='{7b6bc78c-898b-4170-bbf8-1a469ea43fc5}' EventSourceName='HTTP'/><EventID Qualifiers='32768'>15301</EventID><Version>0</Version><Level>3</Level><Task>0</Task><Opcode>0</Opcode><Keywords>0x80000000000000</Keywords><TimeCreated SystemTime='2023-07-06T07:09:53.8274231Z'/><EventRecordID>1330</EventRecordID><Correlation/><Execution ProcessID='4' ThreadID='8740'/><Channel>System</Channel><Computer>DESKTOP-TC5H5CS</Computer><Security/></System><EventData><Data Name='DeviceObject'></Data><Data Name='Endpoint'>0.0.0.0:44391</Data></EventData></Event>"
﻿"1331","Microsoft-Windows-HttpEvent","{7B6BC78C-898B-4170-BBF8-1A469EA43FC5}","2147498949","0","WARNING"," ","0","0","1688627393"," "," ","4","8148","System","DESKTOP-TC5H5CS"," ","<Event xmlns='http://schemas.microsoft.com/win/2004/08/events/event'><System><Provider Name='Microsoft-Windows-HttpEvent' Guid='{7b6bc78c-898b-4170-bbf8-1a469ea43fc5}' EventSourceName='HTTP'/><EventID Qualifiers='32768'>15301</EventID><Version>0</Version><Level>3</Level><Task>0</Task><Opcode>0</Opcode><Keywords>0x80000000000000</Keywords><TimeCreated SystemTime='2023-07-06T07:09:53.8304228Z'/><EventRecordID>1331</EventRecordID><Correlation/><Execution ProcessID='4' ThreadID='8148'/><Channel>System</Channel><Computer>DESKTOP-TC5H5CS</Computer><Security/></System><EventData><Data Name='DeviceObject'></Data><Data Name='Endpoint'>0.0.0.0:44392</Data></EventData></Event>"
﻿"1332","Microsoft-Windows-HttpEvent","{7B6BC78C-898B-4170-BBF8-1A469EA43FC5}","2147498949","0","WARNING"," ","0","0","1688627393"," "," ","4","8740","System","DESKTOP-TC5H5CS"," ","<Event xmlns='http://schemas.microsoft.com/win/2004/08/events/event'><System><Provider Name='Microsoft-Windows-HttpEvent' Guid='{7b6bc78c-898b-4170-bbf8-1a469ea43fc5}' EventSourceName='HTTP'/><EventID Qualifiers='32768'>15301</EventID><Version>0</Version><Level>3</Level><Task>0</Task><Opcode>0</Opcode><Keywords>0x80000000000000</Keywords><TimeCreated SystemTime='2023-07-06T07:09:53.8334223Z'/><EventRecordID>1332</EventRecordID><Correlation/><Execution ProcessID='4' ThreadID='8740'/><Channel>System</Channel><Computer>DESKTOP-TC5H5CS</Computer><Security/></System><EventData><Data Name='DeviceObject'></Data><Data Name='Endpoint'>0.0.0.0:44393</Data></EventData></Event>"
﻿"1333","Microsoft-Windows-HttpEvent","{7B6BC78C-898B-4170-BBF8-1A469EA43FC5}","2147498949","0","WARNING"," ","0","0","1688627393"," "," ","4","8148","System","DESKTOP-TC5H5CS"," ","<Event xmlns='http://schemas.microsoft.com/win/2004/08/events/event'><System><Provider Name='Microsoft-Windows-HttpEvent' Guid='{7b6bc78c-898b-4170-bbf8-1a469ea43fc5}' EventSourceName='HTTP'/><EventID Qualifiers='32768'>15301</EventID><Version>0</Version><Level>3</Level><Task>0</Task><Opcode>0</Opcode><Keywords>0x80000000000000</Keywords><TimeCreated SystemTime='2023-07-06T07:09:53.8374236Z'/><EventRecordID>1333</EventRecordID><Correlation/><Execution ProcessID='4' ThreadID='8148'/><Channel>System</Channel><Computer>DESKTOP-TC5H5CS</Computer><Security/></System><EventData><Data Name='DeviceObject'></Data><Data Name='Endpoint'>0.0.0.0:44394</Data></EventData></Event>"
﻿"1334","Microsoft-Windows-HttpEvent","{7B6BC78C-898B-4170-BBF8-1A469EA43FC5}","2147498949","0","WARNING"," ","0","0","1688627393"," "," ","4","8148","System","DESKTOP-TC5H5CS"," ","<Event xmlns='http://schemas.microsoft.com/win/2004/08/events/event'><System><Provider Name='Microsoft-Windows-HttpEvent' Guid='{7b6bc78c-898b-4170-bbf8-1a469ea43fc5}' EventSourceName='HTTP'/><EventID Qualifiers='32768'>15301</EventID><Version>0</Version><Level>3</Level><Task>0</Task><Opcode>0</Opcode><Keywords>0x80000000000000</Keywords><TimeCreated SystemTime='2023-07-06T07:09:53.8404254Z'/><EventRecordID>1334</EventRecordID><Correlation/><Execution ProcessID='4' ThreadID='8148'/><Channel>System</Channel><Computer>DESKTOP-TC5H5CS</Computer><Security/></System><EventData><Data Name='DeviceObject'></Data><Data Name='Endpoint'>0.0.0.0:44395</Data></EventData></Event>"
﻿"1335","Microsoft-Windows-HttpEvent","{7B6BC78C-898B-4170-BBF8-1A469EA43FC5}","2147498949","0","WARNING"," ","0","0","1688627393"," "," ","4","8740","System","DESKTOP-TC5H5CS"," ","<Event xmlns='http://schemas.microsoft.com/win/2004/08/events/event'><System><Provider Name='Microsoft-Windows-HttpEvent' Guid='{7b6bc78c-898b-4170-bbf8-1a469ea43fc5}' EventSourceName='HTTP'/><EventID Qualifiers='32768'>15301</EventID><Version>0</Version><Level>3</Level><Task>0</Task><Opcode>0</Opcode><Keywords>0x80000000000000</Keywords><TimeCreated SystemTime='2023-07-06T07:09:53.8444271Z'/><EventRecordID>1335</EventRecordID><Correlation/><Execution ProcessID='4' ThreadID='8740'/><Channel>System</Channel><Computer>DESKTOP-TC5H5CS</Computer><Security/></System><EventData><Data Name='DeviceObject'></Data><Data Name='Endpoint'>0.0.0.0:44396</Data></EventData></Event>"
﻿"1336","Microsoft-Windows-HttpEvent","{7B6BC78C-898B-4170-BBF8-1A469EA43FC5}","2147498949","0","WARNING"," ","0","0","1688627393"," "," ","4","8148","System","DESKTOP-TC5H5CS"," ","<Event xmlns='http://schemas.microsoft.com/win/2004/08/events/event'><System><Provider Name='Microsoft-Windows-HttpEvent' Guid='{7b6bc78c-898b-4170-bbf8-1a469ea43fc5}' EventSourceName='HTTP'/><EventID Qualifiers='32768'>15301</EventID><Version>0</Version><Level>3</Level><Task>0</Task><Opcode>0</Opcode><Keywords>0x80000000000000</Keywords><TimeCreated SystemTime='2023-07-06T07:09:53.8474269Z'/><EventRecordID>1336</EventRecordID><Correlation/><Execution ProcessID='4' ThreadID='8148'/><Channel>System</Channel><Computer>DESKTOP-TC5H5CS</Computer><Security/></System><EventData><Data Name='DeviceObject'></Data><Data Name='Endpoint'>0.0.0.0:44397</Data></EventData></Event>"
﻿"1337","Microsoft-Windows-HttpEvent","{7B6BC78C-898B-4170-BBF8-1A469EA43FC5}","2147498949","0","WARNING"," ","0","0","1688627393"," "," ","4","8148","System","DESKTOP-TC5H5CS"," ","<Event xmlns='http://schemas.microsoft.com/win/2004/08/events/event'><System><Provider Name='Microsoft-Windows-HttpEvent' Guid='{7b6bc78c-898b-4170-bbf8-1a469ea43fc5}' EventSourceName='HTTP'/><EventID Qualifiers='32768'>15301</EventID><Version>0</Version><Level>3</Level><Task>0</Task><Opcode>0</Opcode><Keywords>0x80000000000000</Keywords><TimeCreated SystemTime='2023-07-06T07:09:53.8504232Z'/><EventRecordID>1337</EventRecordID><Correlation/><Execution ProcessID='4' ThreadID='8148'/><Channel>System</Channel><Computer>DESKTOP-TC5H5CS</Computer><Security/></System><EventData><Data Name='DeviceObject'></Data><Data Name='Endpoint'>0.0.0.0:44398</Data></EventData></Event>"
﻿"1338","Microsoft-Windows-HttpEvent","{7B6BC78C-898B-4170-BBF8-1A469EA43FC5}","2147498949","0","WARNING"," ","0","0","1688627393"," "," ","4","8740","System","DESKTOP-TC5H5CS"," ","<Event xmlns='http://schemas.microsoft.com/win/2004/08/events/event'><System><Provider Name='Microsoft-Windows-HttpEvent' Guid='{7b6bc78c-898b-4170-bbf8-1a469ea43fc5}' EventSourceName='HTTP'/><EventID Qualifiers='32768'>15301</EventID><Version>0</Version><Level>3</Level><Task>0</Task><Opcode>0</Opcode><Keywords>0x80000000000000</Keywords><TimeCreated SystemTime='2023-07-06T07:09:53.8534238Z'/><EventRecordID>1338</EventRecordID><Correlation/><Execution ProcessID='4' ThreadID='8740'/><Channel>System</Channel><Computer>DESKTOP-TC5H5CS</Computer><Security/></System><EventData><Data Name='DeviceObject'></Data><Data Name='Endpoint'>0.0.0.0:44399</Data></EventData></Event>"
﻿"1339","Service Control Manager","{555908D1-A6D7-4695-8E1E-26931D2012F4}","1073748869","0","INFORMATION"," ","0","0","1688627483"," "," ","668","5872","System","DESKTOP-TC5H5CS","S-1-5-18","<Event xmlns='http://schemas.microsoft.com/win/2004/08/events/event'><System><Provider Name='Service Control Manager' Guid='{555908d1-a6d7-4695-8e1e-26931d2012f4}' EventSourceName='Service Control Manager'/><EventID Qualifiers='16384'>7045</EventID><Version>0</Version><Level>4</Level><Task>0</Task><Opcode>0</Opcode><Keywords>0x8080000000000000</Keywords><TimeCreated SystemTime='2023-07-06T07:11:23.3783428Z'/><EventRecordID>1339</EventRecordID><Correlation/><Execution ProcessID='668' ThreadID='5872'/><Channel>System</Channel><Computer>DESKTOP-TC5H5CS</Computer><Security UserID='S-1-5-18'/></System><EventData><Data Name='ServiceName'>Te.Service</Data><Data Name='ImagePath'>"C:\Program Files (x86)\Windows Kits\8.0\Testing\Runtimes\TAEF\Wex.Services.exe"</Data><Data Name='ServiceType'>ϥΪ̼ҦA</Data><Data Name='StartType'>wҰ</Data><Data Name='AccountName'>LocalSystem</Data></EventData></Event>"
﻿"1340","Service Control Manager","{555908D1-A6D7-4695-8E1E-26931D2012F4}","1073748869","0","INFORMATION"," ","0","0","1688627487"," "," ","668","8260","System","DESKTOP-TC5H5CS","S-1-5-18","<Event xmlns='http://schemas.microsoft.com/win/2004/08/events/event'><System><Provider Name='Service Control Manager' Guid='{555908d1-a6d7-4695-8e1e-26931d2012f4}' EventSourceName='Service Control Manager'/><EventID Qualifiers='16384'>7045</EventID><Version>0</Version><Level>4</Level><Task>0</Task><Opcode>0</Opcode><Keywords>0x8080000000000000</Keywords><TimeCreated SystemTime='2023-07-06T07:11:27.3128483Z'/><EventRecordID>1340</EventRecordID><Correlation/><Execution ProcessID='668' ThreadID='8260'/><Channel>System</Channel><Computer>DESKTOP-TC5H5CS</Computer><Security UserID='S-1-5-18'/></System><EventData><Data Name='ServiceName'>Windows App Certification Kit Fast User Switching Utility Service</Data><Data Name='ImagePath'>"C:\Program Files (x86)\Windows Kits\8.0\App Certification Kit\fussvc.exe"</Data><Data Name='ServiceType'>ϥΪ̼ҦA</Data><Data Name='StartType'>wҰ</Data><Data Name='AccountName'>LocalSystem</Data></EventData></Event>"
﻿"1341","Service Control Manager","{555908D1-A6D7-4695-8E1E-26931D2012F4}","1073748869","0","INFORMATION"," ","0","0","1688627499"," "," ","668","8260","System","DESKTOP-TC5H5CS","S-1-5-18","<Event xmlns='http://schemas.microsoft.com/win/2004/08/events/event'><System><Provider Name='Service Control Manager' Guid='{555908d1-a6d7-4695-8e1e-26931d2012f4}' EventSourceName='Service Control Manager'/><EventID Qualifiers='16384'>7045</EventID><Version>0</Version><Level>4</Level><Task>0</Task><Opcode>0</Opcode><Keywords>0x8080000000000000</Keywords><TimeCreated SystemTime='2023-07-06T07:11:39.4674683Z'/><EventRecordID>1341</EventRecordID><Correlation/><Execution ProcessID='668' ThreadID='8260'/><Channel>System</Channel><Computer>DESKTOP-TC5H5CS</Computer><Security UserID='S-1-5-18'/></System><EventData><Data Name='ServiceName'>SQL Server VSS Writer</Data><Data Name='ImagePath'>"C:\Program Files\Microsoft SQL Server\90\Shared\sqlwriter.exe"</Data><Data Name='ServiceType'>ϥΪ̼ҦA</Data><Data Name='StartType'>۰ʱҰ</Data><Data Name='AccountName'>LocalSystem</Data></EventData></Event>"
﻿"1342","User32","{B0AA8734-56F7-41CC-B2F4-DE228E98B946}","2147484722","0","INFORMATION"," ","0","0","1688628353"," "," ","456","1304","System","DESKTOP-TC5H5CS","S-1-5-21-2081973557-1603719640-2355346784-1001","<Event xmlns='http://schemas.microsoft.com/win/2004/08/events/event'><System><Provider Name='User32' Guid='{b0aa8734-56f7-41cc-b2f4-de228e98b946}' EventSourceName='User32'/><EventID Qualifiers='32768'>1074</EventID><Version>0</Version><Level>4</Level><Task>0</Task><Opcode>0</Opcode><Keywords>0x8080000000000000</Keywords><TimeCreated SystemTime='2023-07-06T07:25:53.5862833Z'/><EventRecordID>1342</EventRecordID><Correlation/><Execution ProcessID='456' ThreadID='1304'/><Channel>System</Channel><Computer>DESKTOP-TC5H5CS</Computer><Security UserID='S-1-5-21-2081973557-1603719640-2355346784-1001'/></System><EventData><Data Name='param1'>C:\Windows\System32\RuntimeBroker.exe (DESKTOP-TC5H5CS)</Data><Data Name='param2'>DESKTOP-TC5H5CS</Data><Data Name='param3'>L (bp)</Data><Data Name='param4'>0x0</Data><Data Name='param5'>sҰ</Data><Data Name='param6'></Data><Data Name='param7'>DESKTOP-TC5H5CS\test</Data></EventData></Event>"
﻿"1343","Microsoft-Windows-Winlogon","{DBE9B383-7CF3-4331-91CC-A3CB16A3B538}","7002","0","INFORMATION"," ","1102","0","1688628359"," "," ","3820","9612","System","DESKTOP-TC5H5CS","S-1-5-18","<Event xmlns='http://schemas.microsoft.com/win/2004/08/events/event'><System><Provider Name='Microsoft-Windows-Winlogon' Guid='{dbe9b383-7cf3-4331-91cc-a3cb16a3b538}'/><EventID>7002</EventID><Version>0</Version><Level>4</Level><Task>1102</Task><Opcode>0</Opcode><Keywords>0x2000200000000000</Keywords><TimeCreated SystemTime='2023-07-06T07:25:59.0761714Z'/><EventRecordID>1343</EventRecordID><Correlation/><Execution ProcessID='3820' ThreadID='9612'/><Channel>System</Channel><Computer>DESKTOP-TC5H5CS</Computer><Security UserID='S-1-5-18'/></System><EventData><Data Name='TSId'>2</Data><Data Name='UserSid'>S-1-5-21-2081973557-1603719640-2355346784-1001</Data></EventData></Event>"
﻿"1344","EventLog"," ","2147489654","0","INFORMATION"," ","0","0","1688628361"," "," ","0","0","System","DESKTOP-TC5H5CS"," ","<Event xmlns='http://schemas.microsoft.com/win/2004/08/events/event'><System><Provider Name='EventLog'/><EventID Qualifiers='32768'>6006</EventID><Version>0</Version><Level>4</Level><Task>0</Task><Opcode>0</Opcode><Keywords>0x80000000000000</Keywords><TimeCreated SystemTime='2023-07-06T07:26:01.1022145Z'/><EventRecordID>1344</EventRecordID><Correlation/><Execution ProcessID='0' ThreadID='0'/><Channel>System</Channel><Computer>DESKTOP-TC5H5CS</Computer><Security/></System><EventData><Binary>01000000F6000000</Binary></EventData></Event>"
﻿"1345","Microsoft-Windows-Dhcp-Client","{15A7A4F8-0072-4EAB-ABAD-F98A4D666AED}","50104","0","INFORMATION"," ","4","129","1688628360"," "," ","1796","1800","System","DESKTOP-TC5H5CS","S-1-5-19","<Event xmlns='http://schemas.microsoft.com/win/2004/08/events/event'><System><Provider Name='Microsoft-Windows-Dhcp-Client' Guid='{15a7a4f8-0072-4eab-abad-f98a4d666aed}'/><EventID>50104</EventID><Version>0</Version><Level>4</Level><Task>4</Task><Opcode>129</Opcode><Keywords>0x2000000000000000</Keywords><TimeCreated SystemTime='2023-07-06T07:26:00.8985169Z'/><EventRecordID>1345</EventRecordID><Correlation/><Execution ProcessID='1796' ThreadID='1800'/><Channel>System</Channel><Computer>DESKTOP-TC5H5CS</Computer><Security UserID='S-1-5-19'/></System><EventData></EventData></Event>"
﻿"1346","Microsoft-Windows-Dhcp-Client","{15A7A4F8-0072-4EAB-ABAD-F98A4D666AED}","50105","0","INFORMATION"," ","4","129","1688628360"," "," ","1796","1828","System","DESKTOP-TC5H5CS","S-1-5-19","<Event xmlns='http://schemas.microsoft.com/win/2004/08/events/event'><System><Provider Name='Microsoft-Windows-Dhcp-Client' Guid='{15a7a4f8-0072-4eab-abad-f98a4d666aed}'/><EventID>50105</EventID><Version>0</Version><Level>4</Level><Task>4</Task><Opcode>129</Opcode><Keywords>0x2000000000000000</Keywords><TimeCreated SystemTime='2023-07-06T07:26:00.8987152Z'/><EventRecordID>1346</EventRecordID><Correlation/><Execution ProcessID='1796' ThreadID='1828'/><Channel>System</Channel><Computer>DESKTOP-TC5H5CS</Computer><Security UserID='S-1-5-19'/></System><EventData></EventData></Event>"
﻿"1347","Microsoft-Windows-Dhcp-Client","{15A7A4F8-0072-4EAB-ABAD-F98A4D666AED}","50106","0","INFORMATION"," ","4","129","1688628360"," "," ","1796","1828","System","DESKTOP-TC5H5CS","S-1-5-19","<Event xmlns='http://schemas.microsoft.com/win/2004/08/events/event'><System><Provider Name='Microsoft-Windows-Dhcp-Client' Guid='{15a7a4f8-0072-4eab-abad-f98a4d666aed}'/><EventID>50106</EventID><Version>0</Version><Level>4</Level><Task>4</Task><Opcode>129</Opcode><Keywords>0x2000000000000000</Keywords><TimeCreated SystemTime='2023-07-06T07:26:00.9091088Z'/><EventRecordID>1347</EventRecordID><Correlation/><Execution ProcessID='1796' ThreadID='1828'/><Channel>System</Channel><Computer>DESKTOP-TC5H5CS</Computer><Security UserID='S-1-5-19'/></System><EventData></EventData></Event>"
﻿"1348","Microsoft-Windows-DHCPv6-Client","{6A1F2B00-6A90-4C38-95A5-5CAB3B056778}","51047","0","INFORMATION"," ","4","63","1688628360"," "," ","1796","1840","System","DESKTOP-TC5H5CS","S-1-5-19","<Event xmlns='http://schemas.microsoft.com/win/2004/08/events/event'><System><Provider Name='Microsoft-Windows-DHCPv6-Client' Guid='{6a1f2b00-6a90-4c38-95a5-5cab3b056778}'/><EventID>51047</EventID><Version>0</Version><Level>4</Level><Task>4</Task><Opcode>63</Opcode><Keywords>0x2000000000000000</Keywords><TimeCreated SystemTime='2023-07-06T07:26:00.9759922Z'/><EventRecordID>1348</EventRecordID><Correlation/><Execution ProcessID='1796' ThreadID='1840'/><Channel>System</Channel><Computer>DESKTOP-TC5H5CS</Computer><Security UserID='S-1-5-19'/></System><EventData><Data Name='DwordVal'>1</Data></EventData></Event>"
﻿"1349","Microsoft-Windows-DHCPv6-Client","{6A1F2B00-6A90-4C38-95A5-5CAB3B056778}","51057","0","INFORMATION"," ","4","104","1688628360"," "," ","1796","1840","System","DESKTOP-TC5H5CS","S-1-5-19","<Event xmlns='http://schemas.microsoft.com/win/2004/08/events/event'><System><Provider Name='Microsoft-Windows-DHCPv6-Client' Guid='{6a1f2b00-6a90-4c38-95a5-5cab3b056778}'/><EventID>51057</EventID><Version>0</Version><Level>4</Level><Task>4</Task><Opcode>104</Opcode><Keywords>0x2000000000000000</Keywords><TimeCreated SystemTime='2023-07-06T07:26:00.9759943Z'/><EventRecordID>1349</EventRecordID><Correlation/><Execution ProcessID='1796' ThreadID='1840'/><Channel>System</Channel><Computer>DESKTOP-TC5H5CS</Computer><Security UserID='S-1-5-19'/></System><EventData><Data Name='DwordVal'>1</Data></EventData></Event>"
﻿"1350","Microsoft-Windows-Dhcp-Client","{15A7A4F8-0072-4EAB-ABAD-F98A4D666AED}","50037","0","INFORMATION"," ","4","69","1688628361"," "," ","1796","1828","System","DESKTOP-TC5H5CS","S-1-5-19","<Event xmlns='http://schemas.microsoft.com/win/2004/08/events/event'><System><Provider Name='Microsoft-Windows-Dhcp-Client' Guid='{15a7a4f8-0072-4eab-abad-f98a4d666aed}'/><EventID>50037</EventID><Version>0</Version><Level>4</Level><Task>4</Task><Opcode>69</Opcode><Keywords>0x2000000000000000</Keywords><TimeCreated SystemTime='2023-07-06T07:26:01.0263716Z'/><EventRecordID>1350</EventRecordID><Correlation/><Execution ProcessID='1796' ThreadID='1828'/><Channel>System</Channel><Computer>DESKTOP-TC5H5CS</Computer><Security UserID='S-1-5-19'/></System><EventData><Data Name='DwordVal'>1</Data></EventData></Event>"
﻿"1351","EventLog"," ","2147489657","0","INFORMATION"," ","0","0","1688628400"," "," ","0","0","System","DESKTOP-TC5H5CS"," ","<Event xmlns='http://schemas.microsoft.com/win/2004/08/events/event'><System><Provider Name='EventLog'/><EventID Qualifiers='32768'>6009</EventID><Version>0</Version><Level>4</Level><Task>0</Task><Opcode>0</Opcode><Keywords>0x80000000000000</Keywords><TimeCreated SystemTime='2023-07-06T07:26:40.5091722Z'/><EventRecordID>1351</EventRecordID><Correlation/><Execution ProcessID='0' ThreadID='0'/><Channel>System</Channel><Computer>DESKTOP-TC5H5CS</Computer><Security/></System><EventData><Data>10.00.</Data><Data>19045</Data><Data></Data><Data>Multiprocessor Free</Data><Data>0</Data></EventData></Event>"
﻿"1352","EventLog"," ","2147489653","0","INFORMATION"," ","0","0","1688628400"," "," ","0","0","System","DESKTOP-TC5H5CS"," ","<Event xmlns='http://schemas.microsoft.com/win/2004/08/events/event'><System><Provider Name='EventLog'/><EventID Qualifiers='32768'>6005</EventID><Version>0</Version><Level>4</Level><Task>0</Task><Opcode>0</Opcode><Keywords>0x80000000000000</Keywords><TimeCreated SystemTime='2023-07-06T07:26:40.5091722Z'/><EventRecordID>1352</EventRecordID><Correlation/><Execution ProcessID='0' ThreadID='0'/><Channel>System</Channel><Computer>DESKTOP-TC5H5CS</Computer><Security/></System><EventData><Binary>E70707000400060007001A002800FD010000000000000000</Binary></EventData></Event>"
﻿"1353","EventLog"," ","2147489661","0","INFORMATION"," ","0","0","1688628400"," "," ","0","0","System","DESKTOP-TC5H5CS"," ","<Event xmlns='http://schemas.microsoft.com/win/2004/08/events/event'><System><Provider Name='EventLog'/><EventID Qualifiers='32768'>6013</EventID><Version>0</Version><Level>4</Level><Task>0</Task><Opcode>0</Opcode><Keywords>0x80000000000000</Keywords><TimeCreated SystemTime='2023-07-06T07:26:40.5091722Z'/><EventRecordID>1353</EventRecordID><Correlation/><Execution ProcessID='0' ThreadID='0'/><Channel>System</Channel><Computer>DESKTOP-TC5H5CS</Computer><Security/></System><EventData><Data></Data><Data></Data><Data></Data><Data></Data><Data>21</Data><Data>60</Data><Data>-480 x_зǮɶ</Data><Binary>31002E003100000030000000570069006E0064006F00770073002000310030002000500072006F000000310030002E0030002E003100390030003400350020004200750069006C0064002000310039003000340035002000200000004D0075006C0074006900700072006F0063006500730073006F007200200046007200650065000000310039003000340031002E00760062005F00720065006C0065006100730065002E003100390031003200300036002D00310034003000360000003600340039006500360038003200390000004E006F007400200041007600610069006C00610062006C00650000004E006F007400200041007600610069006C00610062006C006500000039000000320000003800310039003200000034003000340000004400450053004B0054004F0050002D00540043003500480035004300530000000000</Binary></EventData></Event>"
﻿"1354","Microsoft-Windows-Kernel-Power","{331C3B3A-2005-44C2-AC5E-77220C37D6B4}","109","0","INFORMATION"," ","103","0","1688628365"," "," ","556","560","System","DESKTOP-TC5H5CS"," ","<Event xmlns='http://schemas.microsoft.com/win/2004/08/events/event'><System><Provider Name='Microsoft-Windows-Kernel-Power' Guid='{331c3b3a-2005-44c2-ac5e-77220c37d6b4}'/><EventID>109</EventID><Version>0</Version><Level>4</Level><Task>103</Task><Opcode>0</Opcode><Keywords>0x8000400000000404</Keywords><TimeCreated SystemTime='2023-07-06T07:26:05.7972758Z'/><EventRecordID>1354</EventRecordID><Correlation/><Execution ProcessID='556' ThreadID='560'/><Channel>System</Channel><Computer>DESKTOP-TC5H5CS</Computer><Security/></System><EventData><Data Name='ShutdownActionType'>5</Data><Data Name='ShutdownEventCode'>0</Data><Data Name='ShutdownReason'>5</Data></EventData></Event>"
﻿"1355","Microsoft-Windows-Kernel-General","{A68CA8B7-004F-D7B6-A698-07E2DE0F1F5D}","13","0","INFORMATION"," ","2","0","1688628370"," "," ","4","4440","System","DESKTOP-TC5H5CS"," ","<Event xmlns='http://schemas.microsoft.com/win/2004/08/events/event'><System><Provider Name='Microsoft-Windows-Kernel-General' Guid='{a68ca8b7-004f-d7b6-a698-07e2de0f1f5d}'/><EventID>13</EventID><Version>0</Version><Level>4</Level><Task>2</Task><Opcode>0</Opcode><Keywords>0x8000000000000080</Keywords><TimeCreated SystemTime='2023-07-06T07:26:10.0395275Z'/><EventRecordID>1355</EventRecordID><Correlation/><Execution ProcessID='4' ThreadID='4440'/><Channel>System</Channel><Computer>DESKTOP-TC5H5CS</Computer><Security/></System><EventData><Data Name='StopTime'>2023-07-06T07:26:10.0395249Z</Data></EventData></Event>"
