﻿"1705","Microsoft-Windows-Kernel-General","{A68CA8B7-004F-D7B6-A698-07E2DE0F1F5D}","24","0","INFORMATION"," ","11","0","1689284214"," "," ","10840","3340","System","DESKTOP-TC5H5CS","S-1-5-19","<Event xmlns='http://schemas.microsoft.com/win/2004/08/events/event'><System><Provider Name='Microsoft-Windows-Kernel-General' Guid='{a68ca8b7-004f-d7b6-a698-07e2de0f1f5d}'/><EventID>24</EventID><Version>0</Version><Level>4</Level><Task>11</Task><Opcode>0</Opcode><Keywords>0x8000000000000010</Keywords><TimeCreated SystemTime='2023-07-13T21:36:54.3500468Z'/><EventRecordID>1705</EventRecordID><Correlation/><Execution ProcessID='10840' ThreadID='3340'/><Channel>System</Channel><Computer>DESKTOP-TC5H5CS</Computer><Security UserID='S-1-5-19'/></System><EventData><Data Name='ExitReason'>0</Data><Data Name='CurrentBias'>-480</Data><Data Name='CurrentTimeZoneID'>0</Data><Data Name='TimeZoneInfoCacheUpdated'>0</Data><Data Name='FirstRefresh'>0</Data></EventData></Event>"
﻿"1706","Microsoft-Windows-Kernel-General","{A68CA8B7-004F-D7B6-A698-07E2DE0F1F5D}","1","2","INFORMATION"," ","5","0","1689284214"," "," ","10840","3340","System","DESKTOP-TC5H5CS","S-1-5-19","<Event xmlns='http://schemas.microsoft.com/win/2004/08/events/event'><System><Provider Name='Microsoft-Windows-Kernel-General' Guid='{a68ca8b7-004f-d7b6-a698-07e2de0f1f5d}'/><EventID>1</EventID><Version>2</Version><Level>4</Level><Task>5</Task><Opcode>0</Opcode><Keywords>0x8000000000000010</Keywords><TimeCreated SystemTime='2023-07-13T21:36:54.3502650Z'/><EventRecordID>1706</EventRecordID><Correlation/><Execution ProcessID='10840' ThreadID='3340'/><Channel>System</Channel><Computer>DESKTOP-TC5H5CS</Computer><Security UserID='S-1-5-19'/></System><EventData><Data Name='NewTime'>2023-07-13T21:36:54.3498305Z</Data><Data Name='OldTime'>2023-07-13T21:36:54.3493415Z</Data><Data Name='Reason'>1</Data><Data Name='ProcessName'>\Device\HarddiskVolume2\Windows\System32\svchost.exe</Data><Data Name='ProcessID'>10840</Data></EventData></Event>"
﻿"1707","Microsoft-Windows-Kernel-General","{A68CA8B7-004F-D7B6-A698-07E2DE0F1F5D}","24","0","INFORMATION"," ","11","0","1689284214"," "," ","10840","3340","System","DESKTOP-TC5H5CS","S-1-5-19","<Event xmlns='http://schemas.microsoft.com/win/2004/08/events/event'><System><Provider Name='Microsoft-Windows-Kernel-General' Guid='{a68ca8b7-004f-d7b6-a698-07e2de0f1f5d}'/><EventID>24</EventID><Version>0</Version><Level>4</Level><Task>11</Task><Opcode>0</Opcode><Keywords>0x8000000000000010</Keywords><TimeCreated SystemTime='2023-07-13T21:36:54.3552388Z'/><EventRecordID>1707</EventRecordID><Correlation/><Execution ProcessID='10840' ThreadID='3340'/><Channel>System</Channel><Computer>DESKTOP-TC5H5CS</Computer><Security UserID='S-1-5-19'/></System><EventData><Data Name='ExitReason'>0</Data><Data Name='CurrentBias'>-480</Data><Data Name='CurrentTimeZoneID'>0</Data><Data Name='TimeZoneInfoCacheUpdated'>0</Data><Data Name='FirstRefresh'>0</Data></EventData></Event>"
﻿"1708","Microsoft-Windows-Kernel-General","{A68CA8B7-004F-D7B6-A698-07E2DE0F1F5D}","1","2","INFORMATION"," ","5","0","1689284214"," "," ","10840","3340","System","DESKTOP-TC5H5CS","S-1-5-19","<Event xmlns='http://schemas.microsoft.com/win/2004/08/events/event'><System><Provider Name='Microsoft-Windows-Kernel-General' Guid='{a68ca8b7-004f-d7b6-a698-07e2de0f1f5d}'/><EventID>1</EventID><Version>2</Version><Level>4</Level><Task>5</Task><Opcode>0</Opcode><Keywords>0x8000000000000010</Keywords><TimeCreated SystemTime='2023-07-13T21:36:54.3553536Z'/><EventRecordID>1708</EventRecordID><Correlation/><Execution ProcessID='10840' ThreadID='3340'/><Channel>System</Channel><Computer>DESKTOP-TC5H5CS</Computer><Security UserID='S-1-5-19'/></System><EventData><Data Name='NewTime'>2023-07-13T21:36:54.3550138Z</Data><Data Name='OldTime'>2023-07-13T21:36:54.3543199Z</Data><Data Name='Reason'>1</Data><Data Name='ProcessName'>\Device\HarddiskVolume2\Windows\System32\svchost.exe</Data><Data Name='ProcessID'>10840</Data></EventData></Event>"
﻿"1709","Microsoft-Windows-Kernel-General","{A68CA8B7-004F-D7B6-A698-07E2DE0F1F5D}","15","0","INFORMATION"," ","10","0","1689284224"," "," ","4","4660","System","DESKTOP-TC5H5CS","S-1-5-18","<Event xmlns='http://schemas.microsoft.com/win/2004/08/events/event'><System><Provider Name='Microsoft-Windows-Kernel-General' Guid='{a68ca8b7-004f-d7b6-a698-07e2de0f1f5d}'/><EventID>15</EventID><Version>0</Version><Level>4</Level><Task>10</Task><Opcode>0</Opcode><Keywords>0x8000000000000000</Keywords><TimeCreated SystemTime='2023-07-13T21:37:04.1138010Z'/><EventRecordID>1709</EventRecordID><Correlation/><Execution ProcessID='4' ThreadID='4660'/><Channel>System</Channel><Computer>DESKTOP-TC5H5CS</Computer><Security UserID='S-1-5-18'/></System><EventData><Data Name='HiveNameLength'>35</Data><Data Name='HiveName'>\SystemRoot\System32\config\DRIVERS</Data><Data Name='OriginalSize'>4034560</Data><Data Name='NewSize'>3919872</Data></EventData></Event>"
﻿"1710","Microsoft-Windows-Kernel-General","{A68CA8B7-004F-D7B6-A698-07E2DE0F1F5D}","15","0","INFORMATION"," ","10","0","1689284228"," "," ","4848","4452","System","DESKTOP-TC5H5CS","S-1-5-18","<Event xmlns='http://schemas.microsoft.com/win/2004/08/events/event'><System><Provider Name='Microsoft-Windows-Kernel-General' Guid='{a68ca8b7-004f-d7b6-a698-07e2de0f1f5d}'/><EventID>15</EventID><Version>0</Version><Level>4</Level><Task>10</Task><Opcode>0</Opcode><Keywords>0x8000000000000000</Keywords><TimeCreated SystemTime='2023-07-13T21:37:08.4977671Z'/><EventRecordID>1710</EventRecordID><Correlation/><Execution ProcessID='4848' ThreadID='4452'/><Channel>System</Channel><Computer>DESKTOP-TC5H5CS</Computer><Security UserID='S-1-5-18'/></System><EventData><Data Name='HiveNameLength'>41</Data><Data Name='HiveName'>\??\C:\Windows\System32\config\components</Data><Data Name='OriginalSize'>49070080</Data><Data Name='NewSize'>36237312</Data></EventData></Event>"
﻿"1711","Microsoft-Windows-WindowsUpdateClient","{945A8954-C147-4ACD-923F-40C45405A658}","44","1","INFORMATION"," ","1","12","1689284241"," "," ","8780","6588","System","DESKTOP-TC5H5CS","S-1-5-18","<Event xmlns='http://schemas.microsoft.com/win/2004/08/events/event'><System><Provider Name='Microsoft-Windows-WindowsUpdateClient' Guid='{945a8954-c147-4acd-923f-40c45405a658}'/><EventID>44</EventID><Version>1</Version><Level>4</Level><Task>1</Task><Opcode>12</Opcode><Keywords>0x8000000000002004</Keywords><TimeCreated SystemTime='2023-07-13T21:37:21.0473041Z'/><EventRecordID>1711</EventRecordID><Correlation/><Execution ProcessID='8780' ThreadID='6588'/><Channel>System</Channel><Computer>DESKTOP-TC5H5CS</Computer><Security UserID='S-1-5-18'/></System><EventData><Data Name='updateTitle'>9NSTH9KHZDLQ-Microsoft.UI.Xaml.2.8</Data><Data Name='updateGuid'>{ae41cdba-b641-43f5-a35d-e6f33b39ea7b}</Data><Data Name='updateRevisionNumber'>1</Data></EventData></Event>"
﻿"1712","EventLog"," ","2147489661","0","INFORMATION"," ","0","0","1689307200"," "," ","0","0","System","DESKTOP-TC5H5CS"," ","<Event xmlns='http://schemas.microsoft.com/win/2004/08/events/event'><System><Provider Name='EventLog'/><EventID Qualifiers='32768'>6013</EventID><Version>0</Version><Level>4</Level><Task>0</Task><Opcode>0</Opcode><Keywords>0x80000000000000</Keywords><TimeCreated SystemTime='2023-07-14T04:00:00.3770236Z'/><EventRecordID>1712</EventRecordID><Correlation/><Execution ProcessID='0' ThreadID='0'/><Channel>System</Channel><Computer>DESKTOP-TC5H5CS</Computer><Security/></System><EventData><Data></Data><Data></Data><Data></Data><Data></Data><Data>152637</Data><Data>60</Data><Data>-480 x_зǮɶ</Data><Binary>31002E003100000030000000570069006E0064006F00770073002000310030002000500072006F000000310030002E0030002E003100390030003400350020004200750069006C0064002000310039003000340035002000200000004D0075006C0074006900700072006F0063006500730073006F007200200046007200650065000000310039003000340031002E00760062005F00720065006C0065006100730065002E003100390031003200300036002D00310034003000360000003600340039006500360038003200390000004E006F007400200041007600610069006C00610062006C00650000004E006F007400200041007600610069006C00610062006C006500000039000000320000003800310039003200000034003000340000004400450053004B0054004F0050002D00540043003500480035004300530000000000</Binary></EventData></Event>"
﻿"1713","Service Control Manager","{555908D1-A6D7-4695-8E1E-26931D2012F4}","1073748864","0","INFORMATION"," ","0","0","1689312734"," "," ","644","4848","System","DESKTOP-TC5H5CS","S-1-5-18","<Event xmlns='http://schemas.microsoft.com/win/2004/08/events/event'><System><Provider Name='Service Control Manager' Guid='{555908d1-a6d7-4695-8e1e-26931d2012f4}' EventSourceName='Service Control Manager'/><EventID Qualifiers='16384'>7040</EventID><Version>0</Version><Level>4</Level><Task>0</Task><Opcode>0</Opcode><Keywords>0x8080000000000000</Keywords><TimeCreated SystemTime='2023-07-14T05:32:14.0751920Z'/><EventRecordID>1713</EventRecordID><Correlation/><Execution ProcessID='644' ThreadID='4848'/><Channel>System</Channel><Computer>DESKTOP-TC5H5CS</Computer><Security UserID='S-1-5-18'/></System><EventData><Data Name='param1'>Background Intelligent Transfer Service</Data><Data Name='param2'>wҰ</Data><Data Name='param3'>۰ʱҰ</Data><Data Name='param4'>BITS</Data></EventData></Event>"
﻿"1714","Service Control Manager","{555908D1-A6D7-4695-8E1E-26931D2012F4}","1073748864","0","INFORMATION"," ","0","0","1689312863"," "," ","644","4848","System","DESKTOP-TC5H5CS","S-1-5-18","<Event xmlns='http://schemas.microsoft.com/win/2004/08/events/event'><System><Provider Name='Service Control Manager' Guid='{555908d1-a6d7-4695-8e1e-26931d2012f4}' EventSourceName='Service Control Manager'/><EventID Qualifiers='16384'>7040</EventID><Version>0</Version><Level>4</Level><Task>0</Task><Opcode>0</Opcode><Keywords>0x8080000000000000</Keywords><TimeCreated SystemTime='2023-07-14T05:34:23.7186698Z'/><EventRecordID>1714</EventRecordID><Correlation/><Execution ProcessID='644' ThreadID='4848'/><Channel>System</Channel><Computer>DESKTOP-TC5H5CS</Computer><Security UserID='S-1-5-18'/></System><EventData><Data Name='param1'>Background Intelligent Transfer Service</Data><Data Name='param2'>۰ʱҰ</Data><Data Name='param3'>wҰ</Data><Data Name='param4'>BITS</Data></EventData></Event>"
﻿"1715","Microsoft-Windows-Kernel-General","{A68CA8B7-004F-D7B6-A698-07E2DE0F1F5D}","16","0","INFORMATION"," ","0","0","1689313214"," "," ","10940","3688","System","DESKTOP-TC5H5CS","S-1-5-18","<Event xmlns='http://schemas.microsoft.com/win/2004/08/events/event'><System><Provider Name='Microsoft-Windows-Kernel-General' Guid='{a68ca8b7-004f-d7b6-a698-07e2de0f1f5d}'/><EventID>16</EventID><Version>0</Version><Level>4</Level><Task>0</Task><Opcode>0</Opcode><Keywords>0x8000000000000000</Keywords><TimeCreated SystemTime='2023-07-14T05:40:14.0953722Z'/><EventRecordID>1715</EventRecordID><Correlation/><Execution ProcessID='10940' ThreadID='3688'/><Channel>System</Channel><Computer>DESKTOP-TC5H5CS</Computer><Security UserID='S-1-5-18'/></System><EventData><Data Name='HiveNameLength'>117</Data><Data Name='HiveName'>\??\C:\Users\test\AppData\Local\Packages\Microsoft.Windows.ContentDeliveryManager_cw5n1h2txyewy\Settings\settings.dat</Data><Data Name='KeysUpdated'>318</Data><Data Name='DirtyPages'>35</Data></EventData></Event>"
﻿"1716","Microsoft-Windows-Kernel-General","{A68CA8B7-004F-D7B6-A698-07E2DE0F1F5D}","16","0","INFORMATION"," ","0","0","1689313214"," "," ","8188","7940","System","DESKTOP-TC5H5CS","S-1-5-18","<Event xmlns='http://schemas.microsoft.com/win/2004/08/events/event'><System><Provider Name='Microsoft-Windows-Kernel-General' Guid='{a68ca8b7-004f-d7b6-a698-07e2de0f1f5d}'/><EventID>16</EventID><Version>0</Version><Level>4</Level><Task>0</Task><Opcode>0</Opcode><Keywords>0x8000000000000000</Keywords><TimeCreated SystemTime='2023-07-14T05:40:14.5941020Z'/><EventRecordID>1716</EventRecordID><Correlation/><Execution ProcessID='8188' ThreadID='7940'/><Channel>System</Channel><Computer>DESKTOP-TC5H5CS</Computer><Security UserID='S-1-5-18'/></System><EventData><Data Name='HiveNameLength'>103</Data><Data Name='HiveName'>\??\C:\Users\test\AppData\Local\Packages\Microsoft.AAD.BrokerPlugin_cw5n1h2txyewy\Settings\settings.dat</Data><Data Name='KeysUpdated'>5</Data><Data Name='DirtyPages'>1</Data></EventData></Event>"
﻿"1717","Service Control Manager","{555908D1-A6D7-4695-8E1E-26931D2012F4}","1073748864","0","INFORMATION"," ","0","0","1689318348"," "," ","644","10168","System","DESKTOP-TC5H5CS","S-1-5-18","<Event xmlns='http://schemas.microsoft.com/win/2004/08/events/event'><System><Provider Name='Service Control Manager' Guid='{555908d1-a6d7-4695-8e1e-26931d2012f4}' EventSourceName='Service Control Manager'/><EventID Qualifiers='16384'>7040</EventID><Version>0</Version><Level>4</Level><Task>0</Task><Opcode>0</Opcode><Keywords>0x8080000000000000</Keywords><TimeCreated SystemTime='2023-07-14T07:05:48.8563561Z'/><EventRecordID>1717</EventRecordID><Correlation/><Execution ProcessID='644' ThreadID='10168'/><Channel>System</Channel><Computer>DESKTOP-TC5H5CS</Computer><Security UserID='S-1-5-18'/></System><EventData><Data Name='param1'>Background Intelligent Transfer Service</Data><Data Name='param2'>wҰ</Data><Data Name='param3'>۰ʱҰ</Data><Data Name='param4'>BITS</Data></EventData></Event>"
﻿"1718","Service Control Manager","{555908D1-A6D7-4695-8E1E-26931D2012F4}","1073748864","0","INFORMATION"," ","0","0","1689318473"," "," ","644","9476","System","DESKTOP-TC5H5CS","S-1-5-18","<Event xmlns='http://schemas.microsoft.com/win/2004/08/events/event'><System><Provider Name='Service Control Manager' Guid='{555908d1-a6d7-4695-8e1e-26931d2012f4}' EventSourceName='Service Control Manager'/><EventID Qualifiers='16384'>7040</EventID><Version>0</Version><Level>4</Level><Task>0</Task><Opcode>0</Opcode><Keywords>0x8080000000000000</Keywords><TimeCreated SystemTime='2023-07-14T07:07:53.7052699Z'/><EventRecordID>1718</EventRecordID><Correlation/><Execution ProcessID='644' ThreadID='9476'/><Channel>System</Channel><Computer>DESKTOP-TC5H5CS</Computer><Security UserID='S-1-5-18'/></System><EventData><Data Name='param1'>Background Intelligent Transfer Service</Data><Data Name='param2'>۰ʱҰ</Data><Data Name='param3'>wҰ</Data><Data Name='param4'>BITS</Data></EventData></Event>"
﻿"1719","Microsoft-Windows-DistributedCOM","{1B562E86-B7AA-4131-BADC-B6F3A001407E}","10016","0","WARNING"," ","0","0","1689319542","{B7C0CC74-EEA7-478B-9964-45B2138ECC45}"," ","924","2612","System","DESKTOP-TC5H5CS","S-1-5-21-2081973557-1603719640-2355346784-1001","<Event xmlns='http://schemas.microsoft.com/win/2004/08/events/event'><System><Provider Name='Microsoft-Windows-DistributedCOM' Guid='{1B562E86-B7AA-4131-BADC-B6F3A001407E}' EventSourceName='DCOM'/><EventID Qualifiers='0'>10016</EventID><Version>0</Version><Level>3</Level><Task>0</Task><Opcode>0</Opcode><Keywords>0x8080000000000000</Keywords><TimeCreated SystemTime='2023-07-14T07:25:42.4837882Z'/><EventRecordID>1719</EventRecordID><Correlation ActivityID='{b7c0cc74-eea7-478b-9964-45b2138ecc45}'/><Execution ProcessID='924' ThreadID='2612'/><Channel>System</Channel><Computer>DESKTOP-TC5H5CS</Computer><Security UserID='S-1-5-21-2081973557-1603719640-2355346784-1001'/></System><EventData><Data Name='param1'>qw]</Data><Data Name='param2'></Data><Data Name='param3'>ҥ</Data><Data Name='param4'>{C2F03A33-21F5-47FA-B4BB-156362A2F239}</Data><Data Name='param5'>{316CDED5-E4AE-4B15-9113-7055D84DCC97}</Data><Data Name='param6'>DESKTOP-TC5H5CS</Data><Data Name='param7'>test</Data><Data Name='param8'>S-1-5-21-2081973557-1603719640-2355346784-1001</Data><Data Name='param9'>LocalHost (ϥ LRPC)</Data><Data Name='param10'>Microsoft.Windows.ShellExperienceHost_10.0.19041.1949_neutral_neutral_cw5n1h2txyewy</Data><Data Name='param11'>S-1-15-2-155514346-2573954481-755741238-1654018636-1233331829-3075935687-2861478708</Data></EventData></Event>"
﻿"1720","Service Control Manager","{555908D1-A6D7-4695-8E1E-26931D2012F4}","1073748869","0","INFORMATION"," ","0","0","1689319581"," "," ","644","4052","System","DESKTOP-TC5H5CS","S-1-5-18","<Event xmlns='http://schemas.microsoft.com/win/2004/08/events/event'><System><Provider Name='Service Control Manager' Guid='{555908d1-a6d7-4695-8e1e-26931d2012f4}' EventSourceName='Service Control Manager'/><EventID Qualifiers='16384'>7045</EventID><Version>0</Version><Level>4</Level><Task>0</Task><Opcode>0</Opcode><Keywords>0x8080000000000000</Keywords><TimeCreated SystemTime='2023-07-14T07:26:21.0377571Z'/><EventRecordID>1720</EventRecordID><Correlation/><Execution ProcessID='644' ThreadID='4052'/><Channel>System</Channel><Computer>DESKTOP-TC5H5CS</Computer><Security UserID='S-1-5-18'/></System><EventData><Data Name='ServiceName'>VMware Alias Manager and Ticket Service</Data><Data Name='ImagePath'>"C:\Program Files\VMware\VMware Tools\VMware VGAuth\VGAuthService.exe"</Data><Data Name='ServiceType'>ϥΪ̼ҦA</Data><Data Name='StartType'>۰ʱҰ</Data><Data Name='AccountName'>LocalSystem</Data></EventData></Event>"
﻿"1721","Service Control Manager","{555908D1-A6D7-4695-8E1E-26931D2012F4}","1073748869","0","INFORMATION"," ","0","0","1689319581"," "," ","644","4052","System","DESKTOP-TC5H5CS","S-1-5-18","<Event xmlns='http://schemas.microsoft.com/win/2004/08/events/event'><System><Provider Name='Service Control Manager' Guid='{555908d1-a6d7-4695-8e1e-26931d2012f4}' EventSourceName='Service Control Manager'/><EventID Qualifiers='16384'>7045</EventID><Version>0</Version><Level>4</Level><Task>0</Task><Opcode>0</Opcode><Keywords>0x8080000000000000</Keywords><TimeCreated SystemTime='2023-07-14T07:26:21.0407542Z'/><EventRecordID>1721</EventRecordID><Correlation/><Execution ProcessID='644' ThreadID='4052'/><Channel>System</Channel><Computer>DESKTOP-TC5H5CS</Computer><Security UserID='S-1-5-18'/></System><EventData><Data Name='ServiceName'>VMware CAF AMQP Communication Service</Data><Data Name='ImagePath'>"C:\Program Files\VMware\VMware Tools\VMware CAF\pme\bin\CommAmqpListener.exe"</Data><Data Name='ServiceType'>ϥΪ̼ҦA</Data><Data Name='StartType'>wҰ</Data><Data Name='AccountName'>LocalSystem</Data></EventData></Event>"
﻿"1722","Service Control Manager","{555908D1-A6D7-4695-8E1E-26931D2012F4}","1073748869","0","INFORMATION"," ","0","0","1689319581"," "," ","644","4052","System","DESKTOP-TC5H5CS","S-1-5-18","<Event xmlns='http://schemas.microsoft.com/win/2004/08/events/event'><System><Provider Name='Service Control Manager' Guid='{555908d1-a6d7-4695-8e1e-26931d2012f4}' EventSourceName='Service Control Manager'/><EventID Qualifiers='16384'>7045</EventID><Version>0</Version><Level>4</Level><Task>0</Task><Opcode>0</Opcode><Keywords>0x8080000000000000</Keywords><TimeCreated SystemTime='2023-07-14T07:26:21.0427540Z'/><EventRecordID>1722</EventRecordID><Correlation/><Execution ProcessID='644' ThreadID='4052'/><Channel>System</Channel><Computer>DESKTOP-TC5H5CS</Computer><Security UserID='S-1-5-18'/></System><EventData><Data Name='ServiceName'>VMware CAF Management Agent Service</Data><Data Name='ImagePath'>"C:\Program Files\VMware\VMware Tools\VMware CAF\pme\bin\ManagementAgentHost.exe"</Data><Data Name='ServiceType'>ϥΪ̼ҦA</Data><Data Name='StartType'>wҰ</Data><Data Name='AccountName'>LocalSystem</Data></EventData></Event>"
﻿"1723","vmci"," ","1074266115","0","INFORMATION"," ","0","0","1689319592"," "," ","4","3940","System","DESKTOP-TC5H5CS"," ","<Event xmlns='http://schemas.microsoft.com/win/2004/08/events/event'><System><Provider Name='vmci'/><EventID Qualifiers='16392'>3</EventID><Version>0</Version><Level>4</Level><Task>0</Task><Opcode>0</Opcode><Keywords>0x80000000000000</Keywords><TimeCreated SystemTime='2023-07-14T07:26:32.2351103Z'/><EventRecordID>1723</EventRecordID><Correlation/><Execution ProcessID='4' ThreadID='3940'/><Channel>System</Channel><Computer>DESKTOP-TC5H5CS</Computer><Security/></System><EventData><Data></Data><Data>VMCI: Using capabilities (0xc).
</Data><Binary>00000000020028000000000003000840030008400000000000000000000000000000000000000000</Binary></EventData></Event>"
﻿"1724","vmci"," ","1074266115","0","INFORMATION"," ","0","0","1689319592"," "," ","4","556","System","DESKTOP-TC5H5CS"," ","<Event xmlns='http://schemas.microsoft.com/win/2004/08/events/event'><System><Provider Name='vmci'/><EventID Qualifiers='16392'>3</EventID><Version>0</Version><Level>4</Level><Task>0</Task><Opcode>0</Opcode><Keywords>0x80000000000000</Keywords><TimeCreated SystemTime='2023-07-14T07:26:32.3918331Z'/><EventRecordID>1724</EventRecordID><Correlation/><Execution ProcessID='4' ThreadID='556'/><Channel>System</Channel><Computer>DESKTOP-TC5H5CS</Computer><Security/></System><EventData><Data></Data><Data>VMCI: Using capabilities (0xc).
</Data><Binary>00000000020028000000000003000840030008400000000000000000000000000000000000000000</Binary></EventData></Event>"
﻿"1725","Service Control Manager","{555908D1-A6D7-4695-8E1E-26931D2012F4}","1073748869","0","INFORMATION"," ","0","0","1689319592"," "," ","644","9704","System","DESKTOP-TC5H5CS","S-1-5-18","<Event xmlns='http://schemas.microsoft.com/win/2004/08/events/event'><System><Provider Name='Service Control Manager' Guid='{555908d1-a6d7-4695-8e1e-26931d2012f4}' EventSourceName='Service Control Manager'/><EventID Qualifiers='16384'>7045</EventID><Version>0</Version><Level>4</Level><Task>0</Task><Opcode>0</Opcode><Keywords>0x8080000000000000</Keywords><TimeCreated SystemTime='2023-07-14T07:26:32.9363760Z'/><EventRecordID>1725</EventRecordID><Correlation/><Execution ProcessID='644' ThreadID='9704'/><Channel>System</Channel><Computer>DESKTOP-TC5H5CS</Computer><Security UserID='S-1-5-18'/></System><EventData><Data Name='ServiceName'>vSockets Virtual Machine Communication Interface Sockets driver</Data><Data Name='ImagePath'>\SystemRoot\system32\DRIVERS\vsock.sys</Data><Data Name='ServiceType'>֤߼ҦXʵ{</Data><Data Name='StartType'>tαҰ</Data><Data Name='AccountName'></Data></EventData></Event>"
﻿"1726","Service Control Manager","{555908D1-A6D7-4695-8E1E-26931D2012F4}","1073748864","0","INFORMATION"," ","0","0","1689319593"," "," ","644","8272","System","DESKTOP-TC5H5CS","S-1-5-18","<Event xmlns='http://schemas.microsoft.com/win/2004/08/events/event'><System><Provider Name='Service Control Manager' Guid='{555908d1-a6d7-4695-8e1e-26931d2012f4}' EventSourceName='Service Control Manager'/><EventID Qualifiers='16384'>7040</EventID><Version>0</Version><Level>4</Level><Task>0</Task><Opcode>0</Opcode><Keywords>0x8080000000000000</Keywords><TimeCreated SystemTime='2023-07-14T07:26:33.0723802Z'/><EventRecordID>1726</EventRecordID><Correlation/><Execution ProcessID='644' ThreadID='8272'/><Channel>System</Channel><Computer>DESKTOP-TC5H5CS</Computer><Security UserID='S-1-5-18'/></System><EventData><Data Name='param1'>Windows qT 2.0 D IFS AȴѪ̤䴩</Data><Data Name='param2'></Data><Data Name='param3'>tαҰ</Data><Data Name='param4'>ws2ifsl</Data></EventData></Event>"
﻿"1727","Service Control Manager","{555908D1-A6D7-4695-8E1E-26931D2012F4}","1073748869","0","INFORMATION"," ","0","0","1689319601"," "," ","644","8272","System","DESKTOP-TC5H5CS","S-1-5-18","<Event xmlns='http://schemas.microsoft.com/win/2004/08/events/event'><System><Provider Name='Service Control Manager' Guid='{555908d1-a6d7-4695-8e1e-26931d2012f4}' EventSourceName='Service Control Manager'/><EventID Qualifiers='16384'>7045</EventID><Version>0</Version><Level>4</Level><Task>0</Task><Opcode>0</Opcode><Keywords>0x8080000000000000</Keywords><TimeCreated SystemTime='2023-07-14T07:26:41.5775838Z'/><EventRecordID>1727</EventRecordID><Correlation/><Execution ProcessID='644' ThreadID='8272'/><Channel>System</Channel><Computer>DESKTOP-TC5H5CS</Computer><Security UserID='S-1-5-18'/></System><EventData><Data Name='ServiceName'>VMware USB Pointing Device</Data><Data Name='ImagePath'>\SystemRoot\System32\drivers\vmusbmouse.sys</Data><Data Name='ServiceType'>֤߼ҦXʵ{</Data><Data Name='StartType'>wҰ</Data><Data Name='AccountName'></Data></EventData></Event>"
﻿"1728","Service Control Manager","{555908D1-A6D7-4695-8E1E-26931D2012F4}","1073748869","0","INFORMATION"," ","0","0","1689319602"," "," ","644","4052","System","DESKTOP-TC5H5CS","S-1-5-18","<Event xmlns='http://schemas.microsoft.com/win/2004/08/events/event'><System><Provider Name='Service Control Manager' Guid='{555908d1-a6d7-4695-8e1e-26931d2012f4}' EventSourceName='Service Control Manager'/><EventID Qualifiers='16384'>7045</EventID><Version>0</Version><Level>4</Level><Task>0</Task><Opcode>0</Opcode><Keywords>0x8080000000000000</Keywords><TimeCreated SystemTime='2023-07-14T07:26:42.7717411Z'/><EventRecordID>1728</EventRecordID><Correlation/><Execution ProcessID='644' ThreadID='4052'/><Channel>System</Channel><Computer>DESKTOP-TC5H5CS</Computer><Security UserID='S-1-5-18'/></System><EventData><Data Name='ServiceName'>VMware Pointing Device</Data><Data Name='ImagePath'>\SystemRoot\System32\drivers\vmmouse.sys</Data><Data Name='ServiceType'>֤߼ҦXʵ{</Data><Data Name='StartType'>wҰ</Data><Data Name='AccountName'></Data></EventData></Event>"
﻿"1729","Service Control Manager","{555908D1-A6D7-4695-8E1E-26931D2012F4}","1073748869","0","INFORMATION"," ","0","0","1689319603"," "," ","644","4052","System","DESKTOP-TC5H5CS","S-1-5-18","<Event xmlns='http://schemas.microsoft.com/win/2004/08/events/event'><System><Provider Name='Service Control Manager' Guid='{555908d1-a6d7-4695-8e1e-26931d2012f4}' EventSourceName='Service Control Manager'/><EventID Qualifiers='16384'>7045</EventID><Version>0</Version><Level>4</Level><Task>0</Task><Opcode>0</Opcode><Keywords>0x8080000000000000</Keywords><TimeCreated SystemTime='2023-07-14T07:26:43.2117716Z'/><EventRecordID>1729</EventRecordID><Correlation/><Execution ProcessID='644' ThreadID='4052'/><Channel>System</Channel><Computer>DESKTOP-TC5H5CS</Computer><Security UserID='S-1-5-18'/></System><EventData><Data Name='ServiceName'>Memory Control Driver</Data><Data Name='ImagePath'>\SystemRoot\system32\DRIVERS\vmmemctl.sys</Data><Data Name='ServiceType'>֤߼ҦXʵ{</Data><Data Name='StartType'>۰ʱҰ</Data><Data Name='AccountName'></Data></EventData></Event>"
﻿"1730","Service Control Manager","{555908D1-A6D7-4695-8E1E-26931D2012F4}","1073748869","0","INFORMATION"," ","0","0","1689319611"," "," ","644","4052","System","DESKTOP-TC5H5CS","S-1-5-18","<Event xmlns='http://schemas.microsoft.com/win/2004/08/events/event'><System><Provider Name='Service Control Manager' Guid='{555908d1-a6d7-4695-8e1e-26931d2012f4}' EventSourceName='Service Control Manager'/><EventID Qualifiers='16384'>7045</EventID><Version>0</Version><Level>4</Level><Task>0</Task><Opcode>0</Opcode><Keywords>0x8080000000000000</Keywords><TimeCreated SystemTime='2023-07-14T07:26:51.7118983Z'/><EventRecordID>1730</EventRecordID><Correlation/><Execution ProcessID='644' ThreadID='4052'/><Channel>System</Channel><Computer>DESKTOP-TC5H5CS</Computer><Security UserID='S-1-5-18'/></System><EventData><Data Name='ServiceName'>vm3dmp</Data><Data Name='ImagePath'>\SystemRoot\system32\DRIVERS\vm3dmp.sys</Data><Data Name='ServiceType'>֤߼ҦXʵ{</Data><Data Name='StartType'>wҰ</Data><Data Name='AccountName'></Data></EventData></Event>"
﻿"1731","Microsoft-Windows-UserPnp","{96F4A050-7E31-453C-88BE-9634F4E02139}","20003","0","INFORMATION"," ","7005","0","1689319611"," "," ","9320","9976","System","DESKTOP-TC5H5CS","S-1-5-18","<Event xmlns='http://schemas.microsoft.com/win/2004/08/events/event'><System><Provider Name='Microsoft-Windows-UserPnp' Guid='{96f4a050-7e31-453c-88be-9634f4e02139}'/><EventID>20003</EventID><Version>0</Version><Level>4</Level><Task>7005</Task><Opcode>0</Opcode><Keywords>0x8000000000000000</Keywords><TimeCreated SystemTime='2023-07-14T07:26:51.7182484Z'/><EventRecordID>1731</EventRecordID><Correlation/><Execution ProcessID='9320' ThreadID='9976'/><Channel>System</Channel><Computer>DESKTOP-TC5H5CS</Computer><Security UserID='S-1-5-18'/></System><UserData><AddServiceID xmlns='http://manifests.microsoft.com/win/2004/08/windows/userpnp'><ServiceName>vm3dmp</ServiceName><DriverFileName>\SystemRoot\system32\DRIVERS\vm3dmp.sys</DriverFileName><DeviceInstanceID>PCI\VEN_15AD&amp;DEV_0405&amp;SUBSYS_040515AD&amp;REV_00\3&amp;61AAA01&amp;0&amp;78</DeviceInstanceID><PrimaryService>false</PrimaryService><UpdateService>false</UpdateService><AddServiceStatus>0</AddServiceStatus></AddServiceID></UserData></Event>"
﻿"1732","Service Control Manager","{555908D1-A6D7-4695-8E1E-26931D2012F4}","1073748869","0","INFORMATION"," ","0","0","1689319611"," "," ","644","4052","System","DESKTOP-TC5H5CS","S-1-5-18","<Event xmlns='http://schemas.microsoft.com/win/2004/08/events/event'><System><Provider Name='Service Control Manager' Guid='{555908d1-a6d7-4695-8e1e-26931d2012f4}' EventSourceName='Service Control Manager'/><EventID Qualifiers='16384'>7045</EventID><Version>0</Version><Level>4</Level><Task>0</Task><Opcode>0</Opcode><Keywords>0x8080000000000000</Keywords><TimeCreated SystemTime='2023-07-14T07:26:51.7198991Z'/><EventRecordID>1732</EventRecordID><Correlation/><Execution ProcessID='644' ThreadID='4052'/><Channel>System</Channel><Computer>DESKTOP-TC5H5CS</Computer><Security UserID='S-1-5-18'/></System><EventData><Data Name='ServiceName'>vm3dmp-debug</Data><Data Name='ImagePath'>\SystemRoot\system32\DRIVERS\vm3dmp-debug.sys</Data><Data Name='ServiceType'>֤߼ҦXʵ{</Data><Data Name='StartType'>wҰ</Data><Data Name='AccountName'></Data></EventData></Event>"
﻿"1733","Microsoft-Windows-UserPnp","{96F4A050-7E31-453C-88BE-9634F4E02139}","20003","0","INFORMATION"," ","7005","0","1689319611"," "," ","9320","9976","System","DESKTOP-TC5H5CS","S-1-5-18","<Event xmlns='http://schemas.microsoft.com/win/2004/08/events/event'><System><Provider Name='Microsoft-Windows-UserPnp' Guid='{96f4a050-7e31-453c-88be-9634f4e02139}'/><EventID>20003</EventID><Version>0</Version><Level>4</Level><Task>7005</Task><Opcode>0</Opcode><Keywords>0x8000000000000000</Keywords><TimeCreated SystemTime='2023-07-14T07:26:51.7269464Z'/><EventRecordID>1733</EventRecordID><Correlation/><Execution ProcessID='9320' ThreadID='9976'/><Channel>System</Channel><Computer>DESKTOP-TC5H5CS</Computer><Security UserID='S-1-5-18'/></System><UserData><AddServiceID xmlns='http://manifests.microsoft.com/win/2004/08/windows/userpnp'><ServiceName>vm3dmp-debug</ServiceName><DriverFileName>\SystemRoot\system32\DRIVERS\vm3dmp-debug.sys</DriverFileName><DeviceInstanceID>PCI\VEN_15AD&amp;DEV_0405&amp;SUBSYS_040515AD&amp;REV_00\3&amp;61AAA01&amp;0&amp;78</DeviceInstanceID><PrimaryService>false</PrimaryService><UpdateService>false</UpdateService><AddServiceStatus>0</AddServiceStatus></AddServiceID></UserData></Event>"
﻿"1734","Service Control Manager","{555908D1-A6D7-4695-8E1E-26931D2012F4}","1073748869","0","INFORMATION"," ","0","0","1689319611"," "," ","644","4052","System","DESKTOP-TC5H5CS","S-1-5-18","<Event xmlns='http://schemas.microsoft.com/win/2004/08/events/event'><System><Provider Name='Service Control Manager' Guid='{555908d1-a6d7-4695-8e1e-26931d2012f4}' EventSourceName='Service Control Manager'/><EventID Qualifiers='16384'>7045</EventID><Version>0</Version><Level>4</Level><Task>0</Task><Opcode>0</Opcode><Keywords>0x8080000000000000</Keywords><TimeCreated SystemTime='2023-07-14T07:26:51.7288996Z'/><EventRecordID>1734</EventRecordID><Correlation/><Execution ProcessID='644' ThreadID='4052'/><Channel>System</Channel><Computer>DESKTOP-TC5H5CS</Computer><Security UserID='S-1-5-18'/></System><EventData><Data Name='ServiceName'>vm3dmp-stats</Data><Data Name='ImagePath'>\SystemRoot\system32\DRIVERS\vm3dmp-stats.sys</Data><Data Name='ServiceType'>֤߼ҦXʵ{</Data><Data Name='StartType'>wҰ</Data><Data Name='AccountName'></Data></EventData></Event>"
﻿"1735","Microsoft-Windows-UserPnp","{96F4A050-7E31-453C-88BE-9634F4E02139}","20003","0","INFORMATION"," ","7005","0","1689319611"," "," ","9320","9976","System","DESKTOP-TC5H5CS","S-1-5-18","<Event xmlns='http://schemas.microsoft.com/win/2004/08/events/event'><System><Provider Name='Microsoft-Windows-UserPnp' Guid='{96f4a050-7e31-453c-88be-9634f4e02139}'/><EventID>20003</EventID><Version>0</Version><Level>4</Level><Task>7005</Task><Opcode>0</Opcode><Keywords>0x8000000000000000</Keywords><TimeCreated SystemTime='2023-07-14T07:26:51.7332398Z'/><EventRecordID>1735</EventRecordID><Correlation/><Execution ProcessID='9320' ThreadID='9976'/><Channel>System</Channel><Computer>DESKTOP-TC5H5CS</Computer><Security UserID='S-1-5-18'/></System><UserData><AddServiceID xmlns='http://manifests.microsoft.com/win/2004/08/windows/userpnp'><ServiceName>vm3dmp-stats</ServiceName><DriverFileName>\SystemRoot\system32\DRIVERS\vm3dmp-stats.sys</DriverFileName><DeviceInstanceID>PCI\VEN_15AD&amp;DEV_0405&amp;SUBSYS_040515AD&amp;REV_00\3&amp;61AAA01&amp;0&amp;78</DeviceInstanceID><PrimaryService>false</PrimaryService><UpdateService>false</UpdateService><AddServiceStatus>0</AddServiceStatus></AddServiceID></UserData></Event>"
﻿"1736","Service Control Manager","{555908D1-A6D7-4695-8E1E-26931D2012F4}","1073748869","0","INFORMATION"," ","0","0","1689319611"," "," ","644","4052","System","DESKTOP-TC5H5CS","S-1-5-18","<Event xmlns='http://schemas.microsoft.com/win/2004/08/events/event'><System><Provider Name='Service Control Manager' Guid='{555908d1-a6d7-4695-8e1e-26931d2012f4}' EventSourceName='Service Control Manager'/><EventID Qualifiers='16384'>7045</EventID><Version>0</Version><Level>4</Level><Task>0</Task><Opcode>0</Opcode><Keywords>0x8080000000000000</Keywords><TimeCreated SystemTime='2023-07-14T07:26:51.7348995Z'/><EventRecordID>1736</EventRecordID><Correlation/><Execution ProcessID='644' ThreadID='4052'/><Channel>System</Channel><Computer>DESKTOP-TC5H5CS</Computer><Security UserID='S-1-5-18'/></System><EventData><Data Name='ServiceName'>vm3dmp_loader</Data><Data Name='ImagePath'>\SystemRoot\system32\DRIVERS\vm3dmp_loader.sys</Data><Data Name='ServiceType'>֤߼ҦXʵ{</Data><Data Name='StartType'>wҰ</Data><Data Name='AccountName'></Data></EventData></Event>"
﻿"1737","Microsoft-Windows-UserPnp","{96F4A050-7E31-453C-88BE-9634F4E02139}","20003","0","INFORMATION"," ","7005","0","1689319611"," "," ","9320","9976","System","DESKTOP-TC5H5CS","S-1-5-18","<Event xmlns='http://schemas.microsoft.com/win/2004/08/events/event'><System><Provider Name='Microsoft-Windows-UserPnp' Guid='{96f4a050-7e31-453c-88be-9634f4e02139}'/><EventID>20003</EventID><Version>0</Version><Level>4</Level><Task>7005</Task><Opcode>0</Opcode><Keywords>0x8000000000000000</Keywords><TimeCreated SystemTime='2023-07-14T07:26:51.7394702Z'/><EventRecordID>1737</EventRecordID><Correlation/><Execution ProcessID='9320' ThreadID='9976'/><Channel>System</Channel><Computer>DESKTOP-TC5H5CS</Computer><Security UserID='S-1-5-18'/></System><UserData><AddServiceID xmlns='http://manifests.microsoft.com/win/2004/08/windows/userpnp'><ServiceName>vm3dmp_loader</ServiceName><DriverFileName>\SystemRoot\system32\DRIVERS\vm3dmp_loader.sys</DriverFileName><DeviceInstanceID>PCI\VEN_15AD&amp;DEV_0405&amp;SUBSYS_040515AD&amp;REV_00\3&amp;61AAA01&amp;0&amp;78</DeviceInstanceID><PrimaryService>true</PrimaryService><UpdateService>false</UpdateService><AddServiceStatus>0</AddServiceStatus></AddServiceID></UserData></Event>"
﻿"1738","Service Control Manager","{555908D1-A6D7-4695-8E1E-26931D2012F4}","1073748864","0","INFORMATION"," ","0","0","1689319615"," "," ","644","4052","System","DESKTOP-TC5H5CS","S-1-5-18","<Event xmlns='http://schemas.microsoft.com/win/2004/08/events/event'><System><Provider Name='Service Control Manager' Guid='{555908d1-a6d7-4695-8e1e-26931d2012f4}' EventSourceName='Service Control Manager'/><EventID Qualifiers='16384'>7040</EventID><Version>0</Version><Level>4</Level><Task>0</Task><Opcode>0</Opcode><Keywords>0x8080000000000000</Keywords><TimeCreated SystemTime='2023-07-14T07:26:55.8622341Z'/><EventRecordID>1738</EventRecordID><Correlation/><Execution ProcessID='644' ThreadID='4052'/><Channel>System</Channel><Computer>DESKTOP-TC5H5CS</Computer><Security UserID='S-1-5-18'/></System><EventData><Data Name='param1'>Background Intelligent Transfer Service</Data><Data Name='param2'>wҰ</Data><Data Name='param3'>۰ʱҰ</Data><Data Name='param4'>BITS</Data></EventData></Event>"
﻿"1739","Service Control Manager","{555908D1-A6D7-4695-8E1E-26931D2012F4}","1073748869","0","INFORMATION"," ","0","0","1689319626"," "," ","644","9704","System","DESKTOP-TC5H5CS","S-1-5-18","<Event xmlns='http://schemas.microsoft.com/win/2004/08/events/event'><System><Provider Name='Service Control Manager' Guid='{555908d1-a6d7-4695-8e1e-26931d2012f4}' EventSourceName='Service Control Manager'/><EventID Qualifiers='16384'>7045</EventID><Version>0</Version><Level>4</Level><Task>0</Task><Opcode>0</Opcode><Keywords>0x8080000000000000</Keywords><TimeCreated SystemTime='2023-07-14T07:27:06.2063902Z'/><EventRecordID>1739</EventRecordID><Correlation/><Execution ProcessID='644' ThreadID='9704'/><Channel>System</Channel><Computer>DESKTOP-TC5H5CS</Computer><Security UserID='S-1-5-18'/></System><EventData><Data Name='ServiceName'>VMware Tools</Data><Data Name='ImagePath'>"C:\Program Files\VMware\VMware Tools\vmtoolsd.exe"</Data><Data Name='ServiceType'>ϥΪ̼ҦA</Data><Data Name='StartType'>۰ʱҰ</Data><Data Name='AccountName'>LocalSystem</Data></EventData></Event>"
﻿"1740","Service Control Manager","{555908D1-A6D7-4695-8E1E-26931D2012F4}","1073748869","0","INFORMATION"," ","0","0","1689319631"," "," ","644","9704","System","DESKTOP-TC5H5CS","S-1-5-18","<Event xmlns='http://schemas.microsoft.com/win/2004/08/events/event'><System><Provider Name='Service Control Manager' Guid='{555908d1-a6d7-4695-8e1e-26931d2012f4}' EventSourceName='Service Control Manager'/><EventID Qualifiers='16384'>7045</EventID><Version>0</Version><Level>4</Level><Task>0</Task><Opcode>0</Opcode><Keywords>0x8080000000000000</Keywords><TimeCreated SystemTime='2023-07-14T07:27:11.1451074Z'/><EventRecordID>1740</EventRecordID><Correlation/><Execution ProcessID='644' ThreadID='9704'/><Channel>System</Channel><Computer>DESKTOP-TC5H5CS</Computer><Security UserID='S-1-5-18'/></System><EventData><Data Name='ServiceName'>VMware Snapshot Provider</Data><Data Name='ImagePath'>C:\Windows\system32\dllhost.exe /Processid:{2165EAEA-6B97-4469-B68E-C260B2EC62BB}</Data><Data Name='ServiceType'>ϥΪ̼ҦA</Data><Data Name='StartType'>wҰ</Data><Data Name='AccountName'>NT AUTHORITY\LocalService</Data></EventData></Event>"
﻿"1741","Service Control Manager","{555908D1-A6D7-4695-8E1E-26931D2012F4}","1073748864","0","INFORMATION"," ","0","0","1689319862"," "," ","644","8272","System","DESKTOP-TC5H5CS","S-1-5-18","<Event xmlns='http://schemas.microsoft.com/win/2004/08/events/event'><System><Provider Name='Service Control Manager' Guid='{555908d1-a6d7-4695-8e1e-26931d2012f4}' EventSourceName='Service Control Manager'/><EventID Qualifiers='16384'>7040</EventID><Version>0</Version><Level>4</Level><Task>0</Task><Opcode>0</Opcode><Keywords>0x8080000000000000</Keywords><TimeCreated SystemTime='2023-07-14T07:31:02.0394777Z'/><EventRecordID>1741</EventRecordID><Correlation/><Execution ProcessID='644' ThreadID='8272'/><Channel>System</Channel><Computer>DESKTOP-TC5H5CS</Computer><Security UserID='S-1-5-18'/></System><EventData><Data Name='param1'>Background Intelligent Transfer Service</Data><Data Name='param2'>۰ʱҰ</Data><Data Name='param3'>wҰ</Data><Data Name='param4'>BITS</Data></EventData></Event>"
﻿"1742","Microsoft-Windows-Kernel-General","{A68CA8B7-004F-D7B6-A698-07E2DE0F1F5D}","16","0","INFORMATION"," ","0","0","1689320009"," "," ","748","2400","System","DESKTOP-TC5H5CS","S-1-5-18","<Event xmlns='http://schemas.microsoft.com/win/2004/08/events/event'><System><Provider Name='Microsoft-Windows-Kernel-General' Guid='{a68ca8b7-004f-d7b6-a698-07e2de0f1f5d}'/><EventID>16</EventID><Version>0</Version><Level>4</Level><Task>0</Task><Opcode>0</Opcode><Keywords>0x8000000000000000</Keywords><TimeCreated SystemTime='2023-07-14T07:33:29.8432446Z'/><EventRecordID>1742</EventRecordID><Correlation/><Execution ProcessID='748' ThreadID='2400'/><Channel>System</Channel><Computer>DESKTOP-TC5H5CS</Computer><Security UserID='S-1-5-18'/></System><EventData><Data Name='HiveNameLength'>161</Data><Data Name='HiveName'>\??\C:\ProgramData\Packages\Microsoft.SkypeApp_kzf8qxf38zg5c\S-1-5-21-2081973557-1603719640-2355346784-1001\SystemAppData\Helium\Cache\bfa653e396d91961_COM15.dat</Data><Data Name='KeysUpdated'>1</Data><Data Name='DirtyPages'>1</Data></EventData></Event>"
﻿"1743","Service Control Manager","{555908D1-A6D7-4695-8E1E-26931D2012F4}","1073748864","0","INFORMATION"," ","0","0","1689321998"," "," ","644","1756","System","DESKTOP-TC5H5CS","S-1-5-18","<Event xmlns='http://schemas.microsoft.com/win/2004/08/events/event'><System><Provider Name='Service Control Manager' Guid='{555908d1-a6d7-4695-8e1e-26931d2012f4}' EventSourceName='Service Control Manager'/><EventID Qualifiers='16384'>7040</EventID><Version>0</Version><Level>4</Level><Task>0</Task><Opcode>0</Opcode><Keywords>0x8080000000000000</Keywords><TimeCreated SystemTime='2023-07-14T08:06:38.4806409Z'/><EventRecordID>1743</EventRecordID><Correlation/><Execution ProcessID='644' ThreadID='1756'/><Channel>System</Channel><Computer>DESKTOP-TC5H5CS</Computer><Security UserID='S-1-5-18'/></System><EventData><Data Name='param1'>Background Intelligent Transfer Service</Data><Data Name='param2'>wҰ</Data><Data Name='param3'>۰ʱҰ</Data><Data Name='param4'>BITS</Data></EventData></Event>"
﻿"1744","Service Control Manager","{555908D1-A6D7-4695-8E1E-26931D2012F4}","1073748864","0","INFORMATION"," ","0","0","1689322141"," "," ","644","11464","System","DESKTOP-TC5H5CS","S-1-5-18","<Event xmlns='http://schemas.microsoft.com/win/2004/08/events/event'><System><Provider Name='Service Control Manager' Guid='{555908d1-a6d7-4695-8e1e-26931d2012f4}' EventSourceName='Service Control Manager'/><EventID Qualifiers='16384'>7040</EventID><Version>0</Version><Level>4</Level><Task>0</Task><Opcode>0</Opcode><Keywords>0x8080000000000000</Keywords><TimeCreated SystemTime='2023-07-14T08:09:01.6606000Z'/><EventRecordID>1744</EventRecordID><Correlation/><Execution ProcessID='644' ThreadID='11464'/><Channel>System</Channel><Computer>DESKTOP-TC5H5CS</Computer><Security UserID='S-1-5-18'/></System><EventData><Data Name='param1'>Background Intelligent Transfer Service</Data><Data Name='param2'>۰ʱҰ</Data><Data Name='param3'>wҰ</Data><Data Name='param4'>BITS</Data></EventData></Event>"
﻿"1745","Service Control Manager","{555908D1-A6D7-4695-8E1E-26931D2012F4}","1073748864","0","INFORMATION"," ","0","0","1689325521"," "," ","644","9832","System","DESKTOP-TC5H5CS","S-1-5-18","<Event xmlns='http://schemas.microsoft.com/win/2004/08/events/event'><System><Provider Name='Service Control Manager' Guid='{555908d1-a6d7-4695-8e1e-26931d2012f4}' EventSourceName='Service Control Manager'/><EventID Qualifiers='16384'>7040</EventID><Version>0</Version><Level>4</Level><Task>0</Task><Opcode>0</Opcode><Keywords>0x8080000000000000</Keywords><TimeCreated SystemTime='2023-07-14T09:05:21.2397929Z'/><EventRecordID>1745</EventRecordID><Correlation/><Execution ProcessID='644' ThreadID='9832'/><Channel>System</Channel><Computer>DESKTOP-TC5H5CS</Computer><Security UserID='S-1-5-18'/></System><EventData><Data Name='param1'>Background Intelligent Transfer Service</Data><Data Name='param2'>wҰ</Data><Data Name='param3'>۰ʱҰ</Data><Data Name='param4'>BITS</Data></EventData></Event>"
﻿"1746","Service Control Manager","{555908D1-A6D7-4695-8E1E-26931D2012F4}","1073748864","0","INFORMATION"," ","0","0","1689325646"," "," ","644","9832","System","DESKTOP-TC5H5CS","S-1-5-18","<Event xmlns='http://schemas.microsoft.com/win/2004/08/events/event'><System><Provider Name='Service Control Manager' Guid='{555908d1-a6d7-4695-8e1e-26931d2012f4}' EventSourceName='Service Control Manager'/><EventID Qualifiers='16384'>7040</EventID><Version>0</Version><Level>4</Level><Task>0</Task><Opcode>0</Opcode><Keywords>0x8080000000000000</Keywords><TimeCreated SystemTime='2023-07-14T09:07:26.5025908Z'/><EventRecordID>1746</EventRecordID><Correlation/><Execution ProcessID='644' ThreadID='9832'/><Channel>System</Channel><Computer>DESKTOP-TC5H5CS</Computer><Security UserID='S-1-5-18'/></System><EventData><Data Name='param1'>Background Intelligent Transfer Service</Data><Data Name='param2'>۰ʱҰ</Data><Data Name='param3'>wҰ</Data><Data Name='param4'>BITS</Data></EventData></Event>"
﻿"1747","Microsoft-Windows-WindowsUpdateClient","{945A8954-C147-4ACD-923F-40C45405A658}","44","1","INFORMATION"," ","1","12","1689328062"," "," ","11232","6672","System","DESKTOP-TC5H5CS","S-1-5-18","<Event xmlns='http://schemas.microsoft.com/win/2004/08/events/event'><System><Provider Name='Microsoft-Windows-WindowsUpdateClient' Guid='{945a8954-c147-4acd-923f-40c45405a658}'/><EventID>44</EventID><Version>1</Version><Level>4</Level><Task>1</Task><Opcode>12</Opcode><Keywords>0x8000000000002004</Keywords><TimeCreated SystemTime='2023-07-14T09:47:42.7891280Z'/><EventRecordID>1747</EventRecordID><Correlation/><Execution ProcessID='11232' ThreadID='6672'/><Channel>System</Channel><Computer>DESKTOP-TC5H5CS</Computer><Security UserID='S-1-5-18'/></System><EventData><Data Name='updateTitle'>Microsoft Defender Antivirus ws - KB2267602 ] 1.393.304.0^</Data><Data Name='updateGuid'>{7525a82b-f323-467b-b0bb-6cbd5a4e27a3}</Data><Data Name='updateRevisionNumber'>200</Data></EventData></Event>"
﻿"1748","Microsoft-Windows-WindowsUpdateClient","{945A8954-C147-4ACD-923F-40C45405A658}","43","1","INFORMATION"," ","1","13","1689328062"," "," ","11232","6672","System","DESKTOP-TC5H5CS","S-1-5-18","<Event xmlns='http://schemas.microsoft.com/win/2004/08/events/event'><System><Provider Name='Microsoft-Windows-WindowsUpdateClient' Guid='{945a8954-c147-4acd-923f-40c45405a658}'/><EventID>43</EventID><Version>1</Version><Level>4</Level><Task>1</Task><Opcode>13</Opcode><Keywords>0x8000000000002008</Keywords><TimeCreated SystemTime='2023-07-14T09:47:42.7891307Z'/><EventRecordID>1748</EventRecordID><Correlation/><Execution ProcessID='11232' ThreadID='6672'/><Channel>System</Channel><Computer>DESKTOP-TC5H5CS</Computer><Security UserID='S-1-5-18'/></System><EventData><Data Name='updateTitle'>Microsoft Defender Antivirus ws - KB2267602 ] 1.393.304.0^</Data><Data Name='updateGuid'>{7525a82b-f323-467b-b0bb-6cbd5a4e27a3}</Data><Data Name='updateRevisionNumber'>200</Data></EventData></Event>"
﻿"1749","Microsoft-Windows-WindowsUpdateClient","{945A8954-C147-4ACD-923F-40C45405A658}","19","1","INFORMATION"," ","1","13","1689328076"," "," ","11232","6672","System","DESKTOP-TC5H5CS","S-1-5-18","<Event xmlns='http://schemas.microsoft.com/win/2004/08/events/event'><System><Provider Name='Microsoft-Windows-WindowsUpdateClient' Guid='{945a8954-c147-4acd-923f-40c45405a658}'/><EventID>19</EventID><Version>1</Version><Level>4</Level><Task>1</Task><Opcode>13</Opcode><Keywords>0x8000000000000018</Keywords><TimeCreated SystemTime='2023-07-14T09:47:56.5028967Z'/><EventRecordID>1749</EventRecordID><Correlation/><Execution ProcessID='11232' ThreadID='6672'/><Channel>System</Channel><Computer>DESKTOP-TC5H5CS</Computer><Security UserID='S-1-5-18'/></System><EventData><Data Name='updateTitle'>Microsoft Defender Antivirus ws - KB2267602 ] 1.393.304.0^</Data><Data Name='updateGuid'>{7525a82b-f323-467b-b0bb-6cbd5a4e27a3}</Data><Data Name='updateRevisionNumber'>200</Data><Data Name='serviceGuid'>{9482f4b4-e343-43b6-b170-9a65bc822c77}</Data></EventData></Event>"
﻿"1750","Service Control Manager","{555908D1-A6D7-4695-8E1E-26931D2012F4}","1073748864","0","INFORMATION"," ","0","0","1689329112"," "," ","644","12140","System","DESKTOP-TC5H5CS","S-1-5-18","<Event xmlns='http://schemas.microsoft.com/win/2004/08/events/event'><System><Provider Name='Service Control Manager' Guid='{555908d1-a6d7-4695-8e1e-26931d2012f4}' EventSourceName='Service Control Manager'/><EventID Qualifiers='16384'>7040</EventID><Version>0</Version><Level>4</Level><Task>0</Task><Opcode>0</Opcode><Keywords>0x8080000000000000</Keywords><TimeCreated SystemTime='2023-07-14T10:05:12.2037512Z'/><EventRecordID>1750</EventRecordID><Correlation/><Execution ProcessID='644' ThreadID='12140'/><Channel>System</Channel><Computer>DESKTOP-TC5H5CS</Computer><Security UserID='S-1-5-18'/></System><EventData><Data Name='param1'>Background Intelligent Transfer Service</Data><Data Name='param2'>wҰ</Data><Data Name='param3'>۰ʱҰ</Data><Data Name='param4'>BITS</Data></EventData></Event>"
﻿"1751","Service Control Manager","{555908D1-A6D7-4695-8E1E-26931D2012F4}","1073748864","0","INFORMATION"," ","0","0","1689329237"," "," ","644","5076","System","DESKTOP-TC5H5CS","S-1-5-18","<Event xmlns='http://schemas.microsoft.com/win/2004/08/events/event'><System><Provider Name='Service Control Manager' Guid='{555908d1-a6d7-4695-8e1e-26931d2012f4}' EventSourceName='Service Control Manager'/><EventID Qualifiers='16384'>7040</EventID><Version>0</Version><Level>4</Level><Task>0</Task><Opcode>0</Opcode><Keywords>0x8080000000000000</Keywords><TimeCreated SystemTime='2023-07-14T10:07:17.7184507Z'/><EventRecordID>1751</EventRecordID><Correlation/><Execution ProcessID='644' ThreadID='5076'/><Channel>System</Channel><Computer>DESKTOP-TC5H5CS</Computer><Security UserID='S-1-5-18'/></System><EventData><Data Name='param1'>Background Intelligent Transfer Service</Data><Data Name='param2'>۰ʱҰ</Data><Data Name='param3'>wҰ</Data><Data Name='param4'>BITS</Data></EventData></Event>"
