﻿"742","Microsoft-Windows-WindowsUpdateClient","{945A8954-C147-4ACD-923F-40C45405A658}","44","1","INFORMATION"," ","1","12","1688111850"," "," ","8304","11224","System","DESKTOP-TC5H5CS","S-1-5-18","<Event xmlns='http://schemas.microsoft.com/win/2004/08/events/event'><System><Provider Name='Microsoft-Windows-WindowsUpdateClient' Guid='{945a8954-c147-4acd-923f-40c45405a658}'/><EventID>44</EventID><Version>1</Version><Level>4</Level><Task>1</Task><Opcode>12</Opcode><Keywords>0x8000000000002004</Keywords><TimeCreated SystemTime='2023-06-30T07:57:30.7396495Z'/><EventRecordID>742</EventRecordID><Correlation/><Execution ProcessID='8304' ThreadID='11224'/><Channel>System</Channel><Computer>DESKTOP-TC5H5CS</Computer><Security UserID='S-1-5-18'/></System><EventData><Data Name='updateTitle'>9NBLGGH4RV3K-Microsoft.VCLibs.140.00.UWPDesktop</Data><Data Name='updateGuid'>{bcff1d0a-afdd-4ab4-b247-ce1562c3678f}</Data><Data Name='updateRevisionNumber'>1</Data></EventData></Event>"
﻿"743","Microsoft-Windows-WindowsUpdateClient","{945A8954-C147-4ACD-923F-40C45405A658}","44","1","INFORMATION"," ","1","12","1688111855"," "," ","8304","11224","System","DESKTOP-TC5H5CS","S-1-5-18","<Event xmlns='http://schemas.microsoft.com/win/2004/08/events/event'><System><Provider Name='Microsoft-Windows-WindowsUpdateClient' Guid='{945a8954-c147-4acd-923f-40c45405a658}'/><EventID>44</EventID><Version>1</Version><Level>4</Level><Task>1</Task><Opcode>12</Opcode><Keywords>0x8000000000002004</Keywords><TimeCreated SystemTime='2023-06-30T07:57:35.0183660Z'/><EventRecordID>743</EventRecordID><Correlation/><Execution ProcessID='8304' ThreadID='11224'/><Channel>System</Channel><Computer>DESKTOP-TC5H5CS</Computer><Security UserID='S-1-5-18'/></System><EventData><Data Name='updateTitle'>9NBLGGH3FRZM-Microsoft.VCLibs.140.00</Data><Data Name='updateGuid'>{8644822b-523b-4979-9bec-0331672ba155}</Data><Data Name='updateRevisionNumber'>1</Data></EventData></Event>"
﻿"744","Microsoft-Windows-WindowsUpdateClient","{945A8954-C147-4ACD-923F-40C45405A658}","44","1","INFORMATION"," ","1","12","1688111855"," "," ","8304","11224","System","DESKTOP-TC5H5CS","S-1-5-18","<Event xmlns='http://schemas.microsoft.com/win/2004/08/events/event'><System><Provider Name='Microsoft-Windows-WindowsUpdateClient' Guid='{945a8954-c147-4acd-923f-40c45405a658}'/><EventID>44</EventID><Version>1</Version><Level>4</Level><Task>1</Task><Opcode>12</Opcode><Keywords>0x8000000000002004</Keywords><TimeCreated SystemTime='2023-06-30T07:57:35.0183685Z'/><EventRecordID>744</EventRecordID><Correlation/><Execution ProcessID='8304' ThreadID='11224'/><Channel>System</Channel><Computer>DESKTOP-TC5H5CS</Computer><Security UserID='S-1-5-18'/></System><EventData><Data Name='updateTitle'>9NBLGGH3FRZM-Microsoft.VCLibs.140.00</Data><Data Name='updateGuid'>{8644822b-523b-4979-9bec-0331672ba155}</Data><Data Name='updateRevisionNumber'>1</Data></EventData></Event>"
﻿"745","Microsoft-Windows-WindowsUpdateClient","{945A8954-C147-4ACD-923F-40C45405A658}","44","1","INFORMATION"," ","1","12","1688111856"," "," ","8304","11224","System","DESKTOP-TC5H5CS","S-1-5-18","<Event xmlns='http://schemas.microsoft.com/win/2004/08/events/event'><System><Provider Name='Microsoft-Windows-WindowsUpdateClient' Guid='{945a8954-c147-4acd-923f-40c45405a658}'/><EventID>44</EventID><Version>1</Version><Level>4</Level><Task>1</Task><Opcode>12</Opcode><Keywords>0x8000000000002004</Keywords><TimeCreated SystemTime='2023-06-30T07:57:36.9307066Z'/><EventRecordID>745</EventRecordID><Correlation/><Execution ProcessID='8304' ThreadID='11224'/><Channel>System</Channel><Computer>DESKTOP-TC5H5CS</Computer><Security UserID='S-1-5-18'/></System><EventData><Data Name='updateTitle'>9P105T65H4Z5-Microsoft.WindowsAppRuntime.1.3</Data><Data Name='updateGuid'>{dda16d9f-1ae1-4be9-a32f-634017237c89}</Data><Data Name='updateRevisionNumber'>1</Data></EventData></Event>"
﻿"746","Microsoft-Windows-WindowsUpdateClient","{945A8954-C147-4ACD-923F-40C45405A658}","44","1","INFORMATION"," ","1","12","1688111856"," "," ","8304","11224","System","DESKTOP-TC5H5CS","S-1-5-18","<Event xmlns='http://schemas.microsoft.com/win/2004/08/events/event'><System><Provider Name='Microsoft-Windows-WindowsUpdateClient' Guid='{945a8954-c147-4acd-923f-40c45405a658}'/><EventID>44</EventID><Version>1</Version><Level>4</Level><Task>1</Task><Opcode>12</Opcode><Keywords>0x8000000000002004</Keywords><TimeCreated SystemTime='2023-06-30T07:57:36.9307097Z'/><EventRecordID>746</EventRecordID><Correlation/><Execution ProcessID='8304' ThreadID='11224'/><Channel>System</Channel><Computer>DESKTOP-TC5H5CS</Computer><Security UserID='S-1-5-18'/></System><EventData><Data Name='updateTitle'>9WZDNCRFHVQM-MICROSOFT.WINDOWSCOMMUNICATIONSAPPS</Data><Data Name='updateGuid'>{5bb19df4-1b93-48b3-89d1-d866092b2592}</Data><Data Name='updateRevisionNumber'>1</Data></EventData></Event>"
﻿"747","Microsoft-Windows-Kernel-General","{A68CA8B7-004F-D7B6-A698-07E2DE0F1F5D}","16","0","INFORMATION"," ","0","0","1688111881"," "," ","8148","1192","System","DESKTOP-TC5H5CS","S-1-5-18","<Event xmlns='http://schemas.microsoft.com/win/2004/08/events/event'><System><Provider Name='Microsoft-Windows-Kernel-General' Guid='{a68ca8b7-004f-d7b6-a698-07e2de0f1f5d}'/><EventID>16</EventID><Version>0</Version><Level>4</Level><Task>0</Task><Opcode>0</Opcode><Keywords>0x8000000000000000</Keywords><TimeCreated SystemTime='2023-06-30T07:58:01.9273614Z'/><EventRecordID>747</EventRecordID><Correlation/><Execution ProcessID='8148' ThreadID='1192'/><Channel>System</Channel><Computer>DESKTOP-TC5H5CS</Computer><Security UserID='S-1-5-18'/></System><EventData><Data Name='HiveNameLength'>130</Data><Data Name='HiveName'>\??\C:\ProgramData\Microsoft\Windows\AppRepository\Packages\Microsoft.SkypeApp_15.99.3202.0_x64__kzf8qxf38zg5c\ActivationStore.dat</Data><Data Name='KeysUpdated'>0</Data><Data Name='DirtyPages'>0</Data></EventData></Event>"
﻿"748","Microsoft-Windows-Kernel-General","{A68CA8B7-004F-D7B6-A698-07E2DE0F1F5D}","16","0","INFORMATION"," ","0","0","1688111882"," "," ","8148","3792","System","DESKTOP-TC5H5CS","S-1-5-18","<Event xmlns='http://schemas.microsoft.com/win/2004/08/events/event'><System><Provider Name='Microsoft-Windows-Kernel-General' Guid='{a68ca8b7-004f-d7b6-a698-07e2de0f1f5d}'/><EventID>16</EventID><Version>0</Version><Level>4</Level><Task>0</Task><Opcode>0</Opcode><Keywords>0x8000000000000000</Keywords><TimeCreated SystemTime='2023-06-30T07:58:02.0653627Z'/><EventRecordID>748</EventRecordID><Correlation/><Execution ProcessID='8148' ThreadID='3792'/><Channel>System</Channel><Computer>DESKTOP-TC5H5CS</Computer><Security UserID='S-1-5-18'/></System><EventData><Data Name='HiveNameLength'>146</Data><Data Name='HiveName'>\??\C:\ProgramData\Microsoft\Windows\AppRepository\Packages\Microsoft.WindowsAppRuntime.1.3_3000.882.2207.0_x64__8wekyb3d8bbwe\ActivationStore.dat</Data><Data Name='KeysUpdated'>0</Data><Data Name='DirtyPages'>0</Data></EventData></Event>"
﻿"749","Microsoft-Windows-WindowsUpdateClient","{945A8954-C147-4ACD-923F-40C45405A658}","43","1","INFORMATION"," ","1","13","1688111885"," "," ","8304","8280","System","DESKTOP-TC5H5CS","S-1-5-18","<Event xmlns='http://schemas.microsoft.com/win/2004/08/events/event'><System><Provider Name='Microsoft-Windows-WindowsUpdateClient' Guid='{945a8954-c147-4acd-923f-40c45405a658}'/><EventID>43</EventID><Version>1</Version><Level>4</Level><Task>1</Task><Opcode>13</Opcode><Keywords>0x8000000000002008</Keywords><TimeCreated SystemTime='2023-06-30T07:58:05.4219363Z'/><EventRecordID>749</EventRecordID><Correlation/><Execution ProcessID='8304' ThreadID='8280'/><Channel>System</Channel><Computer>DESKTOP-TC5H5CS</Computer><Security UserID='S-1-5-18'/></System><EventData><Data Name='updateTitle'>9WZDNCRFJ364-MICROSOFT.SKYPEAPP</Data><Data Name='updateGuid'>{92791363-ed40-4a38-8785-4579eb9f4915}</Data><Data Name='updateRevisionNumber'>1</Data></EventData></Event>"
﻿"750","Microsoft-Windows-WindowsUpdateClient","{945A8954-C147-4ACD-923F-40C45405A658}","20","1","ERROR"," ","1","13","1688111886","{7BA622C1-AB14-0001-BFDC-A87B14ABD901}"," ","8304","8280","System","DESKTOP-TC5H5CS","S-1-5-18","<Event xmlns='http://schemas.microsoft.com/win/2004/08/events/event'><System><Provider Name='Microsoft-Windows-WindowsUpdateClient' Guid='{945a8954-c147-4acd-923f-40c45405a658}'/><EventID>20</EventID><Version>1</Version><Level>2</Level><Task>1</Task><Opcode>13</Opcode><Keywords>0x8000000000000028</Keywords><TimeCreated SystemTime='2023-06-30T07:58:06.1728394Z'/><EventRecordID>750</EventRecordID><Correlation ActivityID='{7ba622c1-ab14-0001-bfdc-a87b14abd901}'/><Execution ProcessID='8304' ThreadID='8280'/><Channel>System</Channel><Computer>DESKTOP-TC5H5CS</Computer><Security UserID='S-1-5-18'/></System><EventData><Data Name='errorCode'>0x80073d02</Data><Data Name='updateTitle'>9WZDNCRFJ364-MICROSOFT.SKYPEAPP</Data><Data Name='updateGuid'>{92791363-ed40-4a38-8785-4579eb9f4915}</Data><Data Name='updateRevisionNumber'>1</Data><Data Name='serviceGuid'>{855e8a7c-ecb4-4ca3-b045-1dfa50104289}</Data></EventData></Event>"
﻿"751","Microsoft-Windows-Kernel-General","{A68CA8B7-004F-D7B6-A698-07E2DE0F1F5D}","16","0","INFORMATION"," ","0","0","1688111888"," "," ","8148","3792","System","DESKTOP-TC5H5CS","S-1-5-18","<Event xmlns='http://schemas.microsoft.com/win/2004/08/events/event'><System><Provider Name='Microsoft-Windows-Kernel-General' Guid='{a68ca8b7-004f-d7b6-a698-07e2de0f1f5d}'/><EventID>16</EventID><Version>0</Version><Level>4</Level><Task>0</Task><Opcode>0</Opcode><Keywords>0x8000000000000000</Keywords><TimeCreated SystemTime='2023-06-30T07:58:08.5943159Z'/><EventRecordID>751</EventRecordID><Correlation/><Execution ProcessID='8148' ThreadID='3792'/><Channel>System</Channel><Computer>DESKTOP-TC5H5CS</Computer><Security UserID='S-1-5-18'/></System><EventData><Data Name='HiveNameLength'>146</Data><Data Name='HiveName'>\??\C:\ProgramData\Microsoft\Windows\AppRepository\Packages\Microsoft.WindowsAppRuntime.1.3_3000.882.2207.0_x86__8wekyb3d8bbwe\ActivationStore.dat</Data><Data Name='KeysUpdated'>0</Data><Data Name='DirtyPages'>0</Data></EventData></Event>"
﻿"752","Microsoft-Windows-Kernel-General","{A68CA8B7-004F-D7B6-A698-07E2DE0F1F5D}","16","0","INFORMATION"," ","0","0","1688111892"," "," ","8148","3792","System","DESKTOP-TC5H5CS","S-1-5-18","<Event xmlns='http://schemas.microsoft.com/win/2004/08/events/event'><System><Provider Name='Microsoft-Windows-Kernel-General' Guid='{a68ca8b7-004f-d7b6-a698-07e2de0f1f5d}'/><EventID>16</EventID><Version>0</Version><Level>4</Level><Task>0</Task><Opcode>0</Opcode><Keywords>0x8000000000000000</Keywords><TimeCreated SystemTime='2023-06-30T07:58:12.9849264Z'/><EventRecordID>752</EventRecordID><Correlation/><Execution ProcessID='8148' ThreadID='3792'/><Channel>System</Channel><Computer>DESKTOP-TC5H5CS</Computer><Security UserID='S-1-5-18'/></System><EventData><Data Name='HiveNameLength'>135</Data><Data Name='HiveName'>\??\C:\ProgramData\Microsoft\Windows\AppRepository\Packages\Microsoft.UI.Xaml.2.0_2.1810.18004.0_x86__8wekyb3d8bbwe\ActivationStore.dat</Data><Data Name='KeysUpdated'>0</Data><Data Name='DirtyPages'>0</Data></EventData></Event>"
﻿"753","Microsoft-Windows-WindowsUpdateClient","{945A8954-C147-4ACD-923F-40C45405A658}","44","1","INFORMATION"," ","1","12","1688111893"," "," ","8304","11224","System","DESKTOP-TC5H5CS","S-1-5-18","<Event xmlns='http://schemas.microsoft.com/win/2004/08/events/event'><System><Provider Name='Microsoft-Windows-WindowsUpdateClient' Guid='{945a8954-c147-4acd-923f-40c45405a658}'/><EventID>44</EventID><Version>1</Version><Level>4</Level><Task>1</Task><Opcode>12</Opcode><Keywords>0x8000000000002004</Keywords><TimeCreated SystemTime='2023-06-30T07:58:13.9782829Z'/><EventRecordID>753</EventRecordID><Correlation/><Execution ProcessID='8304' ThreadID='11224'/><Channel>System</Channel><Computer>DESKTOP-TC5H5CS</Computer><Security UserID='S-1-5-18'/></System><EventData><Data Name='updateTitle'>9N00JJ7S3L39-Microsoft.UI.Xaml.2.0</Data><Data Name='updateGuid'>{337a3b79-2ca8-4d9c-a597-c4e2d8e95852}</Data><Data Name='updateRevisionNumber'>1</Data></EventData></Event>"
﻿"754","Microsoft-Windows-WindowsUpdateClient","{945A8954-C147-4ACD-923F-40C45405A658}","44","1","INFORMATION"," ","1","12","1688111893"," "," ","8304","11224","System","DESKTOP-TC5H5CS","S-1-5-18","<Event xmlns='http://schemas.microsoft.com/win/2004/08/events/event'><System><Provider Name='Microsoft-Windows-WindowsUpdateClient' Guid='{945a8954-c147-4acd-923f-40c45405a658}'/><EventID>44</EventID><Version>1</Version><Level>4</Level><Task>1</Task><Opcode>12</Opcode><Keywords>0x8000000000002004</Keywords><TimeCreated SystemTime='2023-06-30T07:58:13.9782865Z'/><EventRecordID>754</EventRecordID><Correlation/><Execution ProcessID='8304' ThreadID='11224'/><Channel>System</Channel><Computer>DESKTOP-TC5H5CS</Computer><Security UserID='S-1-5-18'/></System><EventData><Data Name='updateTitle'>9NMPJ99VJBWV-Microsoft.YourPhone</Data><Data Name='updateGuid'>{9d020806-0c91-4e2a-aa61-009cf98da656}</Data><Data Name='updateRevisionNumber'>1</Data></EventData></Event>"
﻿"755","Microsoft-Windows-WindowsUpdateClient","{945A8954-C147-4ACD-923F-40C45405A658}","44","1","INFORMATION"," ","1","12","1688111898"," "," ","8304","11224","System","DESKTOP-TC5H5CS","S-1-5-18","<Event xmlns='http://schemas.microsoft.com/win/2004/08/events/event'><System><Provider Name='Microsoft-Windows-WindowsUpdateClient' Guid='{945a8954-c147-4acd-923f-40c45405a658}'/><EventID>44</EventID><Version>1</Version><Level>4</Level><Task>1</Task><Opcode>12</Opcode><Keywords>0x8000000000002004</Keywords><TimeCreated SystemTime='2023-06-30T07:58:18.7752754Z'/><EventRecordID>755</EventRecordID><Correlation/><Execution ProcessID='8304' ThreadID='11224'/><Channel>System</Channel><Computer>DESKTOP-TC5H5CS</Computer><Security UserID='S-1-5-18'/></System><EventData><Data Name='updateTitle'>9NMPJ99VJBWV-Microsoft.YourPhone</Data><Data Name='updateGuid'>{9d020806-0c91-4e2a-aa61-009cf98da656}</Data><Data Name='updateRevisionNumber'>1</Data></EventData></Event>"
﻿"756","Microsoft-Windows-WindowsUpdateClient","{945A8954-C147-4ACD-923F-40C45405A658}","44","1","INFORMATION"," ","1","12","1688111898"," "," ","8304","11224","System","DESKTOP-TC5H5CS","S-1-5-18","<Event xmlns='http://schemas.microsoft.com/win/2004/08/events/event'><System><Provider Name='Microsoft-Windows-WindowsUpdateClient' Guid='{945a8954-c147-4acd-923f-40c45405a658}'/><EventID>44</EventID><Version>1</Version><Level>4</Level><Task>1</Task><Opcode>12</Opcode><Keywords>0x8000000000002004</Keywords><TimeCreated SystemTime='2023-06-30T07:58:18.7752773Z'/><EventRecordID>756</EventRecordID><Correlation/><Execution ProcessID='8304' ThreadID='11224'/><Channel>System</Channel><Computer>DESKTOP-TC5H5CS</Computer><Security UserID='S-1-5-18'/></System><EventData><Data Name='updateTitle'>9NBLGGH3FRZM-Microsoft.VCLibs.140.00</Data><Data Name='updateGuid'>{8644822b-523b-4979-9bec-0331672ba155}</Data><Data Name='updateRevisionNumber'>1</Data></EventData></Event>"
﻿"757","Microsoft-Windows-WindowsUpdateClient","{945A8954-C147-4ACD-923F-40C45405A658}","44","1","INFORMATION"," ","1","12","1688111898"," "," ","8304","11224","System","DESKTOP-TC5H5CS","S-1-5-18","<Event xmlns='http://schemas.microsoft.com/win/2004/08/events/event'><System><Provider Name='Microsoft-Windows-WindowsUpdateClient' Guid='{945a8954-c147-4acd-923f-40c45405a658}'/><EventID>44</EventID><Version>1</Version><Level>4</Level><Task>1</Task><Opcode>12</Opcode><Keywords>0x8000000000002004</Keywords><TimeCreated SystemTime='2023-06-30T07:58:18.7752796Z'/><EventRecordID>757</EventRecordID><Correlation/><Execution ProcessID='8304' ThreadID='11224'/><Channel>System</Channel><Computer>DESKTOP-TC5H5CS</Computer><Security UserID='S-1-5-18'/></System><EventData><Data Name='updateTitle'>9WZDNCRFHVQM-MICROSOFT.WINDOWSCOMMUNICATIONSAPPS</Data><Data Name='updateGuid'>{5bb19df4-1b93-48b3-89d1-d866092b2592}</Data><Data Name='updateRevisionNumber'>1</Data></EventData></Event>"
﻿"758","Microsoft-Windows-WindowsUpdateClient","{945A8954-C147-4ACD-923F-40C45405A658}","44","1","INFORMATION"," ","1","12","1688111901"," "," ","8304","11224","System","DESKTOP-TC5H5CS","S-1-5-18","<Event xmlns='http://schemas.microsoft.com/win/2004/08/events/event'><System><Provider Name='Microsoft-Windows-WindowsUpdateClient' Guid='{945a8954-c147-4acd-923f-40c45405a658}'/><EventID>44</EventID><Version>1</Version><Level>4</Level><Task>1</Task><Opcode>12</Opcode><Keywords>0x8000000000002004</Keywords><TimeCreated SystemTime='2023-06-30T07:58:21.2084399Z'/><EventRecordID>758</EventRecordID><Correlation/><Execution ProcessID='8304' ThreadID='11224'/><Channel>System</Channel><Computer>DESKTOP-TC5H5CS</Computer><Security UserID='S-1-5-18'/></System><EventData><Data Name='updateTitle'>9NMPJ99VJBWV-Microsoft.YourPhone</Data><Data Name='updateGuid'>{9d020806-0c91-4e2a-aa61-009cf98da656}</Data><Data Name='updateRevisionNumber'>1</Data></EventData></Event>"
﻿"759","Microsoft-Windows-WindowsUpdateClient","{945A8954-C147-4ACD-923F-40C45405A658}","44","1","INFORMATION"," ","1","12","1688111901"," "," ","8304","11224","System","DESKTOP-TC5H5CS","S-1-5-18","<Event xmlns='http://schemas.microsoft.com/win/2004/08/events/event'><System><Provider Name='Microsoft-Windows-WindowsUpdateClient' Guid='{945a8954-c147-4acd-923f-40c45405a658}'/><EventID>44</EventID><Version>1</Version><Level>4</Level><Task>1</Task><Opcode>12</Opcode><Keywords>0x8000000000002004</Keywords><TimeCreated SystemTime='2023-06-30T07:58:21.2084421Z'/><EventRecordID>759</EventRecordID><Correlation/><Execution ProcessID='8304' ThreadID='11224'/><Channel>System</Channel><Computer>DESKTOP-TC5H5CS</Computer><Security UserID='S-1-5-18'/></System><EventData><Data Name='updateTitle'>9NBLGGH3FRZM-Microsoft.VCLibs.140.00</Data><Data Name='updateGuid'>{8644822b-523b-4979-9bec-0331672ba155}</Data><Data Name='updateRevisionNumber'>1</Data></EventData></Event>"
﻿"760","Microsoft-Windows-WindowsUpdateClient","{945A8954-C147-4ACD-923F-40C45405A658}","44","1","INFORMATION"," ","1","12","1688111901"," "," ","8304","11224","System","DESKTOP-TC5H5CS","S-1-5-18","<Event xmlns='http://schemas.microsoft.com/win/2004/08/events/event'><System><Provider Name='Microsoft-Windows-WindowsUpdateClient' Guid='{945a8954-c147-4acd-923f-40c45405a658}'/><EventID>44</EventID><Version>1</Version><Level>4</Level><Task>1</Task><Opcode>12</Opcode><Keywords>0x8000000000002004</Keywords><TimeCreated SystemTime='2023-06-30T07:58:21.2084438Z'/><EventRecordID>760</EventRecordID><Correlation/><Execution ProcessID='8304' ThreadID='11224'/><Channel>System</Channel><Computer>DESKTOP-TC5H5CS</Computer><Security UserID='S-1-5-18'/></System><EventData><Data Name='updateTitle'>9WZDNCRFHVQM-MICROSOFT.WINDOWSCOMMUNICATIONSAPPS</Data><Data Name='updateGuid'>{5bb19df4-1b93-48b3-89d1-d866092b2592}</Data><Data Name='updateRevisionNumber'>1</Data></EventData></Event>"
﻿"761","Microsoft-Windows-WindowsUpdateClient","{945A8954-C147-4ACD-923F-40C45405A658}","44","1","INFORMATION"," ","1","12","1688111903"," "," ","8304","11224","System","DESKTOP-TC5H5CS","S-1-5-18","<Event xmlns='http://schemas.microsoft.com/win/2004/08/events/event'><System><Provider Name='Microsoft-Windows-WindowsUpdateClient' Guid='{945a8954-c147-4acd-923f-40c45405a658}'/><EventID>44</EventID><Version>1</Version><Level>4</Level><Task>1</Task><Opcode>12</Opcode><Keywords>0x8000000000002004</Keywords><TimeCreated SystemTime='2023-06-30T07:58:23.9360437Z'/><EventRecordID>761</EventRecordID><Correlation/><Execution ProcessID='8304' ThreadID='11224'/><Channel>System</Channel><Computer>DESKTOP-TC5H5CS</Computer><Security UserID='S-1-5-18'/></System><EventData><Data Name='updateTitle'>9NBLGGH5FV99-Microsoft.MSPaint</Data><Data Name='updateGuid'>{1336e589-0ea0-466f-a2b1-0be38fdfe348}</Data><Data Name='updateRevisionNumber'>1</Data></EventData></Event>"
﻿"762","Microsoft-Windows-Kernel-General","{A68CA8B7-004F-D7B6-A698-07E2DE0F1F5D}","16","0","INFORMATION"," ","0","0","1688111915"," "," ","8148","4232","System","DESKTOP-TC5H5CS","S-1-5-18","<Event xmlns='http://schemas.microsoft.com/win/2004/08/events/event'><System><Provider Name='Microsoft-Windows-Kernel-General' Guid='{a68ca8b7-004f-d7b6-a698-07e2de0f1f5d}'/><EventID>16</EventID><Version>0</Version><Level>4</Level><Task>0</Task><Opcode>0</Opcode><Keywords>0x8000000000000000</Keywords><TimeCreated SystemTime='2023-06-30T07:58:35.1008741Z'/><EventRecordID>762</EventRecordID><Correlation/><Execution ProcessID='8148' ThreadID='4232'/><Channel>System</Channel><Computer>DESKTOP-TC5H5CS</Computer><Security UserID='S-1-5-18'/></System><EventData><Data Name='HiveNameLength'>154</Data><Data Name='HiveName'>\??\C:\ProgramData\Microsoft\Windows\AppRepository\Packages\microsoft.windowscommunicationsapps_16005.14326.21490.0_x64__8wekyb3d8bbwe\ActivationStore.dat</Data><Data Name='KeysUpdated'>0</Data><Data Name='DirtyPages'>0</Data></EventData></Event>"
﻿"763","Microsoft-Windows-Kernel-General","{A68CA8B7-004F-D7B6-A698-07E2DE0F1F5D}","16","0","INFORMATION"," ","0","0","1688111921"," "," ","8148","1192","System","DESKTOP-TC5H5CS","S-1-5-18","<Event xmlns='http://schemas.microsoft.com/win/2004/08/events/event'><System><Provider Name='Microsoft-Windows-Kernel-General' Guid='{a68ca8b7-004f-d7b6-a698-07e2de0f1f5d}'/><EventID>16</EventID><Version>0</Version><Level>4</Level><Task>0</Task><Opcode>0</Opcode><Keywords>0x8000000000000000</Keywords><TimeCreated SystemTime='2023-06-30T07:58:41.3587633Z'/><EventRecordID>763</EventRecordID><Correlation/><Execution ProcessID='8148' ThreadID='1192'/><Channel>System</Channel><Computer>DESKTOP-TC5H5CS</Computer><Security UserID='S-1-5-18'/></System><EventData><Data Name='HiveNameLength'>131</Data><Data Name='HiveName'>\??\C:\ProgramData\Microsoft\Windows\AppRepository\Packages\Microsoft.MSPaint_6.2305.16087.0_x64__8wekyb3d8bbwe\ActivationStore.dat</Data><Data Name='KeysUpdated'>0</Data><Data Name='DirtyPages'>0</Data></EventData></Event>"
﻿"764","Microsoft-Windows-WindowsUpdateClient","{945A8954-C147-4ACD-923F-40C45405A658}","43","1","INFORMATION"," ","1","13","1688111940"," "," ","8304","11584","System","DESKTOP-TC5H5CS","S-1-5-18","<Event xmlns='http://schemas.microsoft.com/win/2004/08/events/event'><System><Provider Name='Microsoft-Windows-WindowsUpdateClient' Guid='{945a8954-c147-4acd-923f-40c45405a658}'/><EventID>43</EventID><Version>1</Version><Level>4</Level><Task>1</Task><Opcode>13</Opcode><Keywords>0x8000000000002008</Keywords><TimeCreated SystemTime='2023-06-30T07:59:00.5877791Z'/><EventRecordID>764</EventRecordID><Correlation/><Execution ProcessID='8304' ThreadID='11584'/><Channel>System</Channel><Computer>DESKTOP-TC5H5CS</Computer><Security UserID='S-1-5-18'/></System><EventData><Data Name='updateTitle'>9WZDNCRFHVQM-MICROSOFT.WINDOWSCOMMUNICATIONSAPPS</Data><Data Name='updateGuid'>{5bb19df4-1b93-48b3-89d1-d866092b2592}</Data><Data Name='updateRevisionNumber'>1</Data></EventData></Event>"
﻿"765","Microsoft-Windows-WindowsUpdateClient","{945A8954-C147-4ACD-923F-40C45405A658}","44","1","INFORMATION"," ","1","12","1688111946"," "," ","8304","11224","System","DESKTOP-TC5H5CS","S-1-5-18","<Event xmlns='http://schemas.microsoft.com/win/2004/08/events/event'><System><Provider Name='Microsoft-Windows-WindowsUpdateClient' Guid='{945a8954-c147-4acd-923f-40c45405a658}'/><EventID>44</EventID><Version>1</Version><Level>4</Level><Task>1</Task><Opcode>12</Opcode><Keywords>0x8000000000002004</Keywords><TimeCreated SystemTime='2023-06-30T07:59:06.9293856Z'/><EventRecordID>765</EventRecordID><Correlation/><Execution ProcessID='8304' ThreadID='11224'/><Channel>System</Channel><Computer>DESKTOP-TC5H5CS</Computer><Security UserID='S-1-5-18'/></System><EventData><Data Name='updateTitle'>9NZM7B1BB5TR-Microsoft.NET.Native.Framework.1.7</Data><Data Name='updateGuid'>{a04d658c-eb50-4098-97cb-bb4cfaff07a8}</Data><Data Name='updateRevisionNumber'>1</Data></EventData></Event>"
﻿"766","Microsoft-Windows-WindowsUpdateClient","{945A8954-C147-4ACD-923F-40C45405A658}","44","1","INFORMATION"," ","1","12","1688111973"," "," ","8304","11224","System","DESKTOP-TC5H5CS","S-1-5-18","<Event xmlns='http://schemas.microsoft.com/win/2004/08/events/event'><System><Provider Name='Microsoft-Windows-WindowsUpdateClient' Guid='{945a8954-c147-4acd-923f-40c45405a658}'/><EventID>44</EventID><Version>1</Version><Level>4</Level><Task>1</Task><Opcode>12</Opcode><Keywords>0x8000000000002004</Keywords><TimeCreated SystemTime='2023-06-30T07:59:33.4929066Z'/><EventRecordID>766</EventRecordID><Correlation/><Execution ProcessID='8304' ThreadID='11224'/><Channel>System</Channel><Computer>DESKTOP-TC5H5CS</Computer><Security UserID='S-1-5-18'/></System><EventData><Data Name='updateTitle'>9MTW6RN84LVM-Microsoft.NET.Native.Runtime.1.7</Data><Data Name='updateGuid'>{5b23cc34-97ff-441e-92e8-4712ad9d0774}</Data><Data Name='updateRevisionNumber'>1</Data></EventData></Event>"
﻿"767","Microsoft-Windows-WindowsUpdateClient","{945A8954-C147-4ACD-923F-40C45405A658}","19","1","INFORMATION"," ","1","13","1688111976","{7BA622C1-AB14-0001-BDDF-A87B14ABD901}"," ","8304","11584","System","DESKTOP-TC5H5CS","S-1-5-18","<Event xmlns='http://schemas.microsoft.com/win/2004/08/events/event'><System><Provider Name='Microsoft-Windows-WindowsUpdateClient' Guid='{945a8954-c147-4acd-923f-40c45405a658}'/><EventID>19</EventID><Version>1</Version><Level>4</Level><Task>1</Task><Opcode>13</Opcode><Keywords>0x8000000000000018</Keywords><TimeCreated SystemTime='2023-06-30T07:59:36.9103962Z'/><EventRecordID>767</EventRecordID><Correlation ActivityID='{7ba622c1-ab14-0001-bddf-a87b14abd901}'/><Execution ProcessID='8304' ThreadID='11584'/><Channel>System</Channel><Computer>DESKTOP-TC5H5CS</Computer><Security UserID='S-1-5-18'/></System><EventData><Data Name='updateTitle'>9WZDNCRFHVQM-MICROSOFT.WINDOWSCOMMUNICATIONSAPPS</Data><Data Name='updateGuid'>{5bb19df4-1b93-48b3-89d1-d866092b2592}</Data><Data Name='updateRevisionNumber'>1</Data><Data Name='serviceGuid'>{855e8a7c-ecb4-4ca3-b045-1dfa50104289}</Data></EventData></Event>"
﻿"768","Microsoft-Windows-WindowsUpdateClient","{945A8954-C147-4ACD-923F-40C45405A658}","44","1","INFORMATION"," ","1","12","1688111982"," "," ","8304","11224","System","DESKTOP-TC5H5CS","S-1-5-18","<Event xmlns='http://schemas.microsoft.com/win/2004/08/events/event'><System><Provider Name='Microsoft-Windows-WindowsUpdateClient' Guid='{945a8954-c147-4acd-923f-40c45405a658}'/><EventID>44</EventID><Version>1</Version><Level>4</Level><Task>1</Task><Opcode>12</Opcode><Keywords>0x8000000000002004</Keywords><TimeCreated SystemTime='2023-06-30T07:59:42.7162437Z'/><EventRecordID>768</EventRecordID><Correlation/><Execution ProcessID='8304' ThreadID='11224'/><Channel>System</Channel><Computer>DESKTOP-TC5H5CS</Computer><Security UserID='S-1-5-18'/></System><EventData><Data Name='updateTitle'>9NMPJ99VJBWV-Microsoft.YourPhone</Data><Data Name='updateGuid'>{9d020806-0c91-4e2a-aa61-009cf98da656}</Data><Data Name='updateRevisionNumber'>1</Data></EventData></Event>"
﻿"769","Microsoft-Windows-WindowsUpdateClient","{945A8954-C147-4ACD-923F-40C45405A658}","44","1","INFORMATION"," ","1","12","1688111982"," "," ","8304","11224","System","DESKTOP-TC5H5CS","S-1-5-18","<Event xmlns='http://schemas.microsoft.com/win/2004/08/events/event'><System><Provider Name='Microsoft-Windows-WindowsUpdateClient' Guid='{945a8954-c147-4acd-923f-40c45405a658}'/><EventID>44</EventID><Version>1</Version><Level>4</Level><Task>1</Task><Opcode>12</Opcode><Keywords>0x8000000000002004</Keywords><TimeCreated SystemTime='2023-06-30T07:59:42.7162451Z'/><EventRecordID>769</EventRecordID><Correlation/><Execution ProcessID='8304' ThreadID='11224'/><Channel>System</Channel><Computer>DESKTOP-TC5H5CS</Computer><Security UserID='S-1-5-18'/></System><EventData><Data Name='updateTitle'>9NBLGGH3FRZM-Microsoft.VCLibs.140.00</Data><Data Name='updateGuid'>{8644822b-523b-4979-9bec-0331672ba155}</Data><Data Name='updateRevisionNumber'>1</Data></EventData></Event>"
﻿"770","Microsoft-Windows-WindowsUpdateClient","{945A8954-C147-4ACD-923F-40C45405A658}","44","1","INFORMATION"," ","1","12","1688111982"," "," ","8304","11224","System","DESKTOP-TC5H5CS","S-1-5-18","<Event xmlns='http://schemas.microsoft.com/win/2004/08/events/event'><System><Provider Name='Microsoft-Windows-WindowsUpdateClient' Guid='{945a8954-c147-4acd-923f-40c45405a658}'/><EventID>44</EventID><Version>1</Version><Level>4</Level><Task>1</Task><Opcode>12</Opcode><Keywords>0x8000000000002004</Keywords><TimeCreated SystemTime='2023-06-30T07:59:42.7162476Z'/><EventRecordID>770</EventRecordID><Correlation/><Execution ProcessID='8304' ThreadID='11224'/><Channel>System</Channel><Computer>DESKTOP-TC5H5CS</Computer><Security UserID='S-1-5-18'/></System><EventData><Data Name='updateTitle'>9NMPJ99VJBWV-Microsoft.YourPhone</Data><Data Name='updateGuid'>{9d020806-0c91-4e2a-aa61-009cf98da656}</Data><Data Name='updateRevisionNumber'>1</Data></EventData></Event>"
﻿"771","Microsoft-Windows-WindowsUpdateClient","{945A8954-C147-4ACD-923F-40C45405A658}","44","1","INFORMATION"," ","1","12","1688111986"," "," ","8304","11224","System","DESKTOP-TC5H5CS","S-1-5-18","<Event xmlns='http://schemas.microsoft.com/win/2004/08/events/event'><System><Provider Name='Microsoft-Windows-WindowsUpdateClient' Guid='{945a8954-c147-4acd-923f-40c45405a658}'/><EventID>44</EventID><Version>1</Version><Level>4</Level><Task>1</Task><Opcode>12</Opcode><Keywords>0x8000000000002004</Keywords><TimeCreated SystemTime='2023-06-30T07:59:46.2290958Z'/><EventRecordID>771</EventRecordID><Correlation/><Execution ProcessID='8304' ThreadID='11224'/><Channel>System</Channel><Computer>DESKTOP-TC5H5CS</Computer><Security UserID='S-1-5-18'/></System><EventData><Data Name='updateTitle'>9NBLGGH3FRZM-Microsoft.VCLibs.140.00</Data><Data Name='updateGuid'>{8644822b-523b-4979-9bec-0331672ba155}</Data><Data Name='updateRevisionNumber'>1</Data></EventData></Event>"
﻿"772","Microsoft-Windows-WindowsUpdateClient","{945A8954-C147-4ACD-923F-40C45405A658}","44","1","INFORMATION"," ","1","12","1688111989"," "," ","8304","11224","System","DESKTOP-TC5H5CS","S-1-5-18","<Event xmlns='http://schemas.microsoft.com/win/2004/08/events/event'><System><Provider Name='Microsoft-Windows-WindowsUpdateClient' Guid='{945a8954-c147-4acd-923f-40c45405a658}'/><EventID>44</EventID><Version>1</Version><Level>4</Level><Task>1</Task><Opcode>12</Opcode><Keywords>0x8000000000002004</Keywords><TimeCreated SystemTime='2023-06-30T07:59:49.1494531Z'/><EventRecordID>772</EventRecordID><Correlation/><Execution ProcessID='8304' ThreadID='11224'/><Channel>System</Channel><Computer>DESKTOP-TC5H5CS</Computer><Security UserID='S-1-5-18'/></System><EventData><Data Name='updateTitle'>9NMPJ99VJBWV-Microsoft.YourPhone</Data><Data Name='updateGuid'>{9d020806-0c91-4e2a-aa61-009cf98da656}</Data><Data Name='updateRevisionNumber'>1</Data></EventData></Event>"
﻿"773","Microsoft-Windows-WindowsUpdateClient","{945A8954-C147-4ACD-923F-40C45405A658}","44","1","INFORMATION"," ","1","12","1688111989"," "," ","8304","11224","System","DESKTOP-TC5H5CS","S-1-5-18","<Event xmlns='http://schemas.microsoft.com/win/2004/08/events/event'><System><Provider Name='Microsoft-Windows-WindowsUpdateClient' Guid='{945a8954-c147-4acd-923f-40c45405a658}'/><EventID>44</EventID><Version>1</Version><Level>4</Level><Task>1</Task><Opcode>12</Opcode><Keywords>0x8000000000002004</Keywords><TimeCreated SystemTime='2023-06-30T07:59:49.1494549Z'/><EventRecordID>773</EventRecordID><Correlation/><Execution ProcessID='8304' ThreadID='11224'/><Channel>System</Channel><Computer>DESKTOP-TC5H5CS</Computer><Security UserID='S-1-5-18'/></System><EventData><Data Name='updateTitle'>9NBLGGH4RV3K-Microsoft.VCLibs.140.00.UWPDesktop</Data><Data Name='updateGuid'>{bcff1d0a-afdd-4ab4-b247-ce1562c3678f}</Data><Data Name='updateRevisionNumber'>1</Data></EventData></Event>"
﻿"774","Microsoft-Windows-WindowsUpdateClient","{945A8954-C147-4ACD-923F-40C45405A658}","44","1","INFORMATION"," ","1","12","1688111997"," "," ","8304","11224","System","DESKTOP-TC5H5CS","S-1-5-18","<Event xmlns='http://schemas.microsoft.com/win/2004/08/events/event'><System><Provider Name='Microsoft-Windows-WindowsUpdateClient' Guid='{945a8954-c147-4acd-923f-40c45405a658}'/><EventID>44</EventID><Version>1</Version><Level>4</Level><Task>1</Task><Opcode>12</Opcode><Keywords>0x8000000000002004</Keywords><TimeCreated SystemTime='2023-06-30T07:59:57.0520974Z'/><EventRecordID>774</EventRecordID><Correlation/><Execution ProcessID='8304' ThreadID='11224'/><Channel>System</Channel><Computer>DESKTOP-TC5H5CS</Computer><Security UserID='S-1-5-18'/></System><EventData><Data Name='updateTitle'>9WZDNCRFJBD8-Microsoft.XboxApp</Data><Data Name='updateGuid'>{f8dcd6ca-a957-412a-b5ca-62235a709a3d}</Data><Data Name='updateRevisionNumber'>1</Data></EventData></Event>"
﻿"775","Microsoft-Windows-Kernel-General","{A68CA8B7-004F-D7B6-A698-07E2DE0F1F5D}","16","0","INFORMATION"," ","0","0","1688112014"," "," ","8148","3792","System","DESKTOP-TC5H5CS","S-1-5-18","<Event xmlns='http://schemas.microsoft.com/win/2004/08/events/event'><System><Provider Name='Microsoft-Windows-Kernel-General' Guid='{a68ca8b7-004f-d7b6-a698-07e2de0f1f5d}'/><EventID>16</EventID><Version>0</Version><Level>4</Level><Task>0</Task><Opcode>0</Opcode><Keywords>0x8000000000000000</Keywords><TimeCreated SystemTime='2023-06-30T08:00:14.4031722Z'/><EventRecordID>775</EventRecordID><Correlation/><Execution ProcessID='8148' ThreadID='3792'/><Channel>System</Channel><Computer>DESKTOP-TC5H5CS</Computer><Security UserID='S-1-5-18'/></System><EventData><Data Name='HiveNameLength'>132</Data><Data Name='HiveName'>\??\C:\ProgramData\Microsoft\Windows\AppRepository\Packages\Microsoft.YourPhone_1.23052.121.0_x64__8wekyb3d8bbwe\ActivationStore.dat</Data><Data Name='KeysUpdated'>0</Data><Data Name='DirtyPages'>0</Data></EventData></Event>"
﻿"776","Microsoft-Windows-WindowsUpdateClient","{945A8954-C147-4ACD-923F-40C45405A658}","43","1","INFORMATION"," ","1","13","1688112022"," "," ","8304","11044","System","DESKTOP-TC5H5CS","S-1-5-18","<Event xmlns='http://schemas.microsoft.com/win/2004/08/events/event'><System><Provider Name='Microsoft-Windows-WindowsUpdateClient' Guid='{945a8954-c147-4acd-923f-40c45405a658}'/><EventID>43</EventID><Version>1</Version><Level>4</Level><Task>1</Task><Opcode>13</Opcode><Keywords>0x8000000000002008</Keywords><TimeCreated SystemTime='2023-06-30T08:00:22.9364748Z'/><EventRecordID>776</EventRecordID><Correlation/><Execution ProcessID='8304' ThreadID='11044'/><Channel>System</Channel><Computer>DESKTOP-TC5H5CS</Computer><Security UserID='S-1-5-18'/></System><EventData><Data Name='updateTitle'>9P105T65H4Z5-Microsoft.WindowsAppRuntime.1.3</Data><Data Name='updateGuid'>{dda16d9f-1ae1-4be9-a32f-634017237c89}</Data><Data Name='updateRevisionNumber'>1</Data></EventData></Event>"
﻿"777","Microsoft-Windows-Kernel-General","{A68CA8B7-004F-D7B6-A698-07E2DE0F1F5D}","16","0","INFORMATION"," ","0","0","1688112023"," "," ","8148","4232","System","DESKTOP-TC5H5CS","S-1-5-18","<Event xmlns='http://schemas.microsoft.com/win/2004/08/events/event'><System><Provider Name='Microsoft-Windows-Kernel-General' Guid='{a68ca8b7-004f-d7b6-a698-07e2de0f1f5d}'/><EventID>16</EventID><Version>0</Version><Level>4</Level><Task>0</Task><Opcode>0</Opcode><Keywords>0x8000000000000000</Keywords><TimeCreated SystemTime='2023-06-30T08:00:23.1416125Z'/><EventRecordID>777</EventRecordID><Correlation/><Execution ProcessID='8148' ThreadID='4232'/><Channel>System</Channel><Computer>DESKTOP-TC5H5CS</Computer><Security UserID='S-1-5-18'/></System><EventData><Data Name='HiveNameLength'>130</Data><Data Name='HiveName'>\??\C:\ProgramData\Microsoft\Windows\AppRepository\Packages\Microsoft.XboxApp_48.89.25001.0_x64__8wekyb3d8bbwe\ActivationStore.dat</Data><Data Name='KeysUpdated'>0</Data><Data Name='DirtyPages'>0</Data></EventData></Event>"
﻿"778","Microsoft-Windows-WindowsUpdateClient","{945A8954-C147-4ACD-923F-40C45405A658}","19","1","INFORMATION"," ","1","13","1688112024","{7BA622C1-AB14-0000-881E-A97B14ABD901}"," ","8304","11044","System","DESKTOP-TC5H5CS","S-1-5-18","<Event xmlns='http://schemas.microsoft.com/win/2004/08/events/event'><System><Provider Name='Microsoft-Windows-WindowsUpdateClient' Guid='{945a8954-c147-4acd-923f-40c45405a658}'/><EventID>19</EventID><Version>1</Version><Level>4</Level><Task>1</Task><Opcode>13</Opcode><Keywords>0x8000000000000018</Keywords><TimeCreated SystemTime='2023-06-30T08:00:24.5617508Z'/><EventRecordID>778</EventRecordID><Correlation ActivityID='{7ba622c1-ab14-0000-881e-a97b14abd901}'/><Execution ProcessID='8304' ThreadID='11044'/><Channel>System</Channel><Computer>DESKTOP-TC5H5CS</Computer><Security UserID='S-1-5-18'/></System><EventData><Data Name='updateTitle'>9P105T65H4Z5-Microsoft.WindowsAppRuntime.1.3</Data><Data Name='updateGuid'>{dda16d9f-1ae1-4be9-a32f-634017237c89}</Data><Data Name='updateRevisionNumber'>1</Data><Data Name='serviceGuid'>{855e8a7c-ecb4-4ca3-b045-1dfa50104289}</Data></EventData></Event>"
﻿"779","Microsoft-Windows-WindowsUpdateClient","{945A8954-C147-4ACD-923F-40C45405A658}","43","1","INFORMATION"," ","1","13","1688112024","{7BA622C1-AB14-0000-881E-A97B14ABD901}"," ","8304","11044","System","DESKTOP-TC5H5CS","S-1-5-18","<Event xmlns='http://schemas.microsoft.com/win/2004/08/events/event'><System><Provider Name='Microsoft-Windows-WindowsUpdateClient' Guid='{945a8954-c147-4acd-923f-40c45405a658}'/><EventID>43</EventID><Version>1</Version><Level>4</Level><Task>1</Task><Opcode>13</Opcode><Keywords>0x8000000000002008</Keywords><TimeCreated SystemTime='2023-06-30T08:00:24.5847294Z'/><EventRecordID>779</EventRecordID><Correlation ActivityID='{7ba622c1-ab14-0000-881e-a97b14abd901}'/><Execution ProcessID='8304' ThreadID='11044'/><Channel>System</Channel><Computer>DESKTOP-TC5H5CS</Computer><Security UserID='S-1-5-18'/></System><EventData><Data Name='updateTitle'>9NMPJ99VJBWV-Microsoft.YourPhone</Data><Data Name='updateGuid'>{9d020806-0c91-4e2a-aa61-009cf98da656}</Data><Data Name='updateRevisionNumber'>1</Data></EventData></Event>"
﻿"780","Microsoft-Windows-Kernel-General","{A68CA8B7-004F-D7B6-A698-07E2DE0F1F5D}","16","0","INFORMATION"," ","0","0","1688112026"," "," ","8148","3792","System","DESKTOP-TC5H5CS","S-1-5-21-2081973557-1603719640-2355346784-1001","<Event xmlns='http://schemas.microsoft.com/win/2004/08/events/event'><System><Provider Name='Microsoft-Windows-Kernel-General' Guid='{a68ca8b7-004f-d7b6-a698-07e2de0f1f5d}'/><EventID>16</EventID><Version>0</Version><Level>4</Level><Task>0</Task><Opcode>0</Opcode><Keywords>0x8000000000000000</Keywords><TimeCreated SystemTime='2023-06-30T08:00:26.1341825Z'/><EventRecordID>780</EventRecordID><Correlation/><Execution ProcessID='8148' ThreadID='3792'/><Channel>System</Channel><Computer>DESKTOP-TC5H5CS</Computer><Security UserID='S-1-5-21-2081973557-1603719640-2355346784-1001'/></System><EventData><Data Name='HiveNameLength'>96</Data><Data Name='HiveName'>\??\C:\Users\test\AppData\Local\Packages\Microsoft.YourPhone_8wekyb3d8bbwe\Settings\settings.dat</Data><Data Name='KeysUpdated'>3</Data><Data Name='DirtyPages'>1</Data></EventData></Event>"
﻿"781","Microsoft-Windows-WindowsUpdateClient","{945A8954-C147-4ACD-923F-40C45405A658}","19","1","INFORMATION"," ","1","13","1688112027","{7BA622C1-AB14-0000-BF1E-A97B14ABD901}"," ","8304","11044","System","DESKTOP-TC5H5CS","S-1-5-18","<Event xmlns='http://schemas.microsoft.com/win/2004/08/events/event'><System><Provider Name='Microsoft-Windows-WindowsUpdateClient' Guid='{945a8954-c147-4acd-923f-40c45405a658}'/><EventID>19</EventID><Version>1</Version><Level>4</Level><Task>1</Task><Opcode>13</Opcode><Keywords>0x8000000000000018</Keywords><TimeCreated SystemTime='2023-06-30T08:00:27.6631190Z'/><EventRecordID>781</EventRecordID><Correlation ActivityID='{7ba622c1-ab14-0000-bf1e-a97b14abd901}'/><Execution ProcessID='8304' ThreadID='11044'/><Channel>System</Channel><Computer>DESKTOP-TC5H5CS</Computer><Security UserID='S-1-5-18'/></System><EventData><Data Name='updateTitle'>9NMPJ99VJBWV-Microsoft.YourPhone</Data><Data Name='updateGuid'>{9d020806-0c91-4e2a-aa61-009cf98da656}</Data><Data Name='updateRevisionNumber'>1</Data><Data Name='serviceGuid'>{855e8a7c-ecb4-4ca3-b045-1dfa50104289}</Data></EventData></Event>"
﻿"782","Microsoft-Windows-WindowsUpdateClient","{945A8954-C147-4ACD-923F-40C45405A658}","43","1","INFORMATION"," ","1","13","1688112028"," "," ","8304","2900","System","DESKTOP-TC5H5CS","S-1-5-18","<Event xmlns='http://schemas.microsoft.com/win/2004/08/events/event'><System><Provider Name='Microsoft-Windows-WindowsUpdateClient' Guid='{945a8954-c147-4acd-923f-40c45405a658}'/><EventID>43</EventID><Version>1</Version><Level>4</Level><Task>1</Task><Opcode>13</Opcode><Keywords>0x8000000000002008</Keywords><TimeCreated SystemTime='2023-06-30T08:00:28.0166717Z'/><EventRecordID>782</EventRecordID><Correlation/><Execution ProcessID='8304' ThreadID='2900'/><Channel>System</Channel><Computer>DESKTOP-TC5H5CS</Computer><Security UserID='S-1-5-18'/></System><EventData><Data Name='updateTitle'>9NZM7B1BB5TR-Microsoft.NET.Native.Framework.1.7</Data><Data Name='updateGuid'>{a04d658c-eb50-4098-97cb-bb4cfaff07a8}</Data><Data Name='updateRevisionNumber'>1</Data></EventData></Event>"
﻿"783","Microsoft-Windows-WindowsUpdateClient","{945A8954-C147-4ACD-923F-40C45405A658}","19","1","INFORMATION"," ","1","13","1688112030","{7BA622C1-AB14-0000-E11F-A97B14ABD901}"," ","8304","2900","System","DESKTOP-TC5H5CS","S-1-5-18","<Event xmlns='http://schemas.microsoft.com/win/2004/08/events/event'><System><Provider Name='Microsoft-Windows-WindowsUpdateClient' Guid='{945a8954-c147-4acd-923f-40c45405a658}'/><EventID>19</EventID><Version>1</Version><Level>4</Level><Task>1</Task><Opcode>13</Opcode><Keywords>0x8000000000000018</Keywords><TimeCreated SystemTime='2023-06-30T08:00:30.4220758Z'/><EventRecordID>783</EventRecordID><Correlation ActivityID='{7ba622c1-ab14-0000-e11f-a97b14abd901}'/><Execution ProcessID='8304' ThreadID='2900'/><Channel>System</Channel><Computer>DESKTOP-TC5H5CS</Computer><Security UserID='S-1-5-18'/></System><EventData><Data Name='updateTitle'>9NZM7B1BB5TR-Microsoft.NET.Native.Framework.1.7</Data><Data Name='updateGuid'>{a04d658c-eb50-4098-97cb-bb4cfaff07a8}</Data><Data Name='updateRevisionNumber'>1</Data><Data Name='serviceGuid'>{855e8a7c-ecb4-4ca3-b045-1dfa50104289}</Data></EventData></Event>"
﻿"784","Microsoft-Windows-WindowsUpdateClient","{945A8954-C147-4ACD-923F-40C45405A658}","43","1","INFORMATION"," ","1","13","1688112030","{7BA622C1-AB14-0000-E11F-A97B14ABD901}"," ","8304","2900","System","DESKTOP-TC5H5CS","S-1-5-18","<Event xmlns='http://schemas.microsoft.com/win/2004/08/events/event'><System><Provider Name='Microsoft-Windows-WindowsUpdateClient' Guid='{945a8954-c147-4acd-923f-40c45405a658}'/><EventID>43</EventID><Version>1</Version><Level>4</Level><Task>1</Task><Opcode>13</Opcode><Keywords>0x8000000000002008</Keywords><TimeCreated SystemTime='2023-06-30T08:00:30.4483662Z'/><EventRecordID>784</EventRecordID><Correlation ActivityID='{7ba622c1-ab14-0000-e11f-a97b14abd901}'/><Execution ProcessID='8304' ThreadID='2900'/><Channel>System</Channel><Computer>DESKTOP-TC5H5CS</Computer><Security UserID='S-1-5-18'/></System><EventData><Data Name='updateTitle'>9MTW6RN84LVM-Microsoft.NET.Native.Runtime.1.7</Data><Data Name='updateGuid'>{5b23cc34-97ff-441e-92e8-4712ad9d0774}</Data><Data Name='updateRevisionNumber'>1</Data></EventData></Event>"
﻿"785","Microsoft-Windows-WindowsUpdateClient","{945A8954-C147-4ACD-923F-40C45405A658}","19","1","INFORMATION"," ","1","13","1688112031","{7BA622C1-AB14-0001-16EA-A87B14ABD901}"," ","8304","2900","System","DESKTOP-TC5H5CS","S-1-5-18","<Event xmlns='http://schemas.microsoft.com/win/2004/08/events/event'><System><Provider Name='Microsoft-Windows-WindowsUpdateClient' Guid='{945a8954-c147-4acd-923f-40c45405a658}'/><EventID>19</EventID><Version>1</Version><Level>4</Level><Task>1</Task><Opcode>13</Opcode><Keywords>0x8000000000000018</Keywords><TimeCreated SystemTime='2023-06-30T08:00:31.9723049Z'/><EventRecordID>785</EventRecordID><Correlation ActivityID='{7ba622c1-ab14-0001-16ea-a87b14abd901}'/><Execution ProcessID='8304' ThreadID='2900'/><Channel>System</Channel><Computer>DESKTOP-TC5H5CS</Computer><Security UserID='S-1-5-18'/></System><EventData><Data Name='updateTitle'>9MTW6RN84LVM-Microsoft.NET.Native.Runtime.1.7</Data><Data Name='updateGuid'>{5b23cc34-97ff-441e-92e8-4712ad9d0774}</Data><Data Name='updateRevisionNumber'>1</Data><Data Name='serviceGuid'>{855e8a7c-ecb4-4ca3-b045-1dfa50104289}</Data></EventData></Event>"
﻿"786","Microsoft-Windows-WindowsUpdateClient","{945A8954-C147-4ACD-923F-40C45405A658}","43","1","INFORMATION"," ","1","13","1688112032","{7BA622C1-AB14-0001-16EA-A87B14ABD901}"," ","8304","2900","System","DESKTOP-TC5H5CS","S-1-5-18","<Event xmlns='http://schemas.microsoft.com/win/2004/08/events/event'><System><Provider Name='Microsoft-Windows-WindowsUpdateClient' Guid='{945a8954-c147-4acd-923f-40c45405a658}'/><EventID>43</EventID><Version>1</Version><Level>4</Level><Task>1</Task><Opcode>13</Opcode><Keywords>0x8000000000002008</Keywords><TimeCreated SystemTime='2023-06-30T08:00:32.0043283Z'/><EventRecordID>786</EventRecordID><Correlation ActivityID='{7ba622c1-ab14-0001-16ea-a87b14abd901}'/><Execution ProcessID='8304' ThreadID='2900'/><Channel>System</Channel><Computer>DESKTOP-TC5H5CS</Computer><Security UserID='S-1-5-18'/></System><EventData><Data Name='updateTitle'>9WZDNCRFJBD8-Microsoft.XboxApp</Data><Data Name='updateGuid'>{f8dcd6ca-a957-412a-b5ca-62235a709a3d}</Data><Data Name='updateRevisionNumber'>1</Data></EventData></Event>"
﻿"787","Microsoft-Windows-WindowsUpdateClient","{945A8954-C147-4ACD-923F-40C45405A658}","19","1","INFORMATION"," ","1","13","1688112036","{7BA622C1-AB14-0001-52EA-A87B14ABD901}"," ","8304","2900","System","DESKTOP-TC5H5CS","S-1-5-18","<Event xmlns='http://schemas.microsoft.com/win/2004/08/events/event'><System><Provider Name='Microsoft-Windows-WindowsUpdateClient' Guid='{945a8954-c147-4acd-923f-40c45405a658}'/><EventID>19</EventID><Version>1</Version><Level>4</Level><Task>1</Task><Opcode>13</Opcode><Keywords>0x8000000000000018</Keywords><TimeCreated SystemTime='2023-06-30T08:00:36.5234439Z'/><EventRecordID>787</EventRecordID><Correlation ActivityID='{7ba622c1-ab14-0001-52ea-a87b14abd901}'/><Execution ProcessID='8304' ThreadID='2900'/><Channel>System</Channel><Computer>DESKTOP-TC5H5CS</Computer><Security UserID='S-1-5-18'/></System><EventData><Data Name='updateTitle'>9WZDNCRFJBD8-Microsoft.XboxApp</Data><Data Name='updateGuid'>{f8dcd6ca-a957-412a-b5ca-62235a709a3d}</Data><Data Name='updateRevisionNumber'>1</Data><Data Name='serviceGuid'>{855e8a7c-ecb4-4ca3-b045-1dfa50104289}</Data></EventData></Event>"
﻿"788","Microsoft-Windows-DistributedCOM","{1B562E86-B7AA-4131-BADC-B6F3A001407E}","10016","0","WARNING"," ","0","0","1688112132","{8873767E-D6F8-4168-A49D-DDF346C78497}"," ","840","5792","System","DESKTOP-TC5H5CS","S-1-5-21-2081973557-1603719640-2355346784-1001","<Event xmlns='http://schemas.microsoft.com/win/2004/08/events/event'><System><Provider Name='Microsoft-Windows-DistributedCOM' Guid='{1B562E86-B7AA-4131-BADC-B6F3A001407E}' EventSourceName='DCOM'/><EventID Qualifiers='0'>10016</EventID><Version>0</Version><Level>3</Level><Task>0</Task><Opcode>0</Opcode><Keywords>0x8080000000000000</Keywords><TimeCreated SystemTime='2023-06-30T08:02:12.7816137Z'/><EventRecordID>788</EventRecordID><Correlation ActivityID='{8873767e-d6f8-4168-a49d-ddf346c78497}'/><Execution ProcessID='840' ThreadID='5792'/><Channel>System</Channel><Computer>DESKTOP-TC5H5CS</Computer><Security UserID='S-1-5-21-2081973557-1603719640-2355346784-1001'/></System><EventData><Data Name='param1'>qw]</Data><Data Name='param2'></Data><Data Name='param3'>ҥ</Data><Data Name='param4'>{C2F03A33-21F5-47FA-B4BB-156362A2F239}</Data><Data Name='param5'>{316CDED5-E4AE-4B15-9113-7055D84DCC97}</Data><Data Name='param6'>DESKTOP-TC5H5CS</Data><Data Name='param7'>test</Data><Data Name='param8'>S-1-5-21-2081973557-1603719640-2355346784-1001</Data><Data Name='param9'>LocalHost (ϥ LRPC)</Data><Data Name='param10'>Microsoft.Windows.ShellExperienceHost_10.0.19041.1949_neutral_neutral_cw5n1h2txyewy</Data><Data Name='param11'>S-1-15-2-155514346-2573954481-755741238-1654018636-1233331829-3075935687-2861478708</Data></EventData></Event>"
﻿"789","Microsoft-Windows-DistributedCOM","{1B562E86-B7AA-4131-BADC-B6F3A001407E}","10016","0","WARNING"," ","0","0","1688112146","{55A1B755-8985-4483-83D1-D830ED9D2ADE}"," ","840","5792","System","DESKTOP-TC5H5CS","S-1-5-21-2081973557-1603719640-2355346784-1001","<Event xmlns='http://schemas.microsoft.com/win/2004/08/events/event'><System><Provider Name='Microsoft-Windows-DistributedCOM' Guid='{1B562E86-B7AA-4131-BADC-B6F3A001407E}' EventSourceName='DCOM'/><EventID Qualifiers='0'>10016</EventID><Version>0</Version><Level>3</Level><Task>0</Task><Opcode>0</Opcode><Keywords>0x8080000000000000</Keywords><TimeCreated SystemTime='2023-06-30T08:02:26.0680438Z'/><EventRecordID>789</EventRecordID><Correlation ActivityID='{55a1b755-8985-4483-83d1-d830ed9d2ade}'/><Execution ProcessID='840' ThreadID='5792'/><Channel>System</Channel><Computer>DESKTOP-TC5H5CS</Computer><Security UserID='S-1-5-21-2081973557-1603719640-2355346784-1001'/></System><EventData><Data Name='param1'>qw]</Data><Data Name='param2'></Data><Data Name='param3'>ҥ</Data><Data Name='param4'>{C2F03A33-21F5-47FA-B4BB-156362A2F239}</Data><Data Name='param5'>{316CDED5-E4AE-4B15-9113-7055D84DCC97}</Data><Data Name='param6'>DESKTOP-TC5H5CS</Data><Data Name='param7'>test</Data><Data Name='param8'>S-1-5-21-2081973557-1603719640-2355346784-1001</Data><Data Name='param9'>LocalHost (ϥ LRPC)</Data><Data Name='param10'>Microsoft.Windows.ShellExperienceHost_10.0.19041.1949_neutral_neutral_cw5n1h2txyewy</Data><Data Name='param11'>S-1-15-2-155514346-2573954481-755741238-1654018636-1233331829-3075935687-2861478708</Data></EventData></Event>"
