﻿"301","Microsoft-Windows-Kernel-Boot","{15CA44FF-4D7A-4BAA-BBA5-0998955E531E}","153","0","INFORMATION"," ","62","0","1688103244"," "," ","4","8","System","DESKTOP-TC5H5CS","S-1-5-18","<Event xmlns='http://schemas.microsoft.com/win/2004/08/events/event'><System><Provider Name='Microsoft-Windows-Kernel-Boot' Guid='{15ca44ff-4d7a-4baa-bba5-0998955e531e}'/><EventID>153</EventID><Version>0</Version><Level>4</Level><Task>62</Task><Opcode>0</Opcode><Keywords>0x8000000000000000</Keywords><TimeCreated SystemTime='2023-06-30T05:34:04.6899143Z'/><EventRecordID>301</EventRecordID><Correlation/><Execution ProcessID='4' ThreadID='8'/><Channel>System</Channel><Computer>DESKTOP-TC5H5CS</Computer><Security UserID='S-1-5-18'/></System><EventData><Data Name='Status'>0</Data><Data Name='EnableDisableReason'>0</Data><Data Name='VsmPolicy'>0</Data></EventData></Event>"
﻿"302","Microsoft-Windows-Kernel-Boot","{15CA44FF-4D7A-4BAA-BBA5-0998955E531E}","20","1","INFORMATION"," ","31","0","1688103244"," "," ","4","8","System","DESKTOP-TC5H5CS","S-1-5-18","<Event xmlns='http://schemas.microsoft.com/win/2004/08/events/event'><System><Provider Name='Microsoft-Windows-Kernel-Boot' Guid='{15ca44ff-4d7a-4baa-bba5-0998955e531e}'/><EventID>20</EventID><Version>1</Version><Level>4</Level><Task>31</Task><Opcode>0</Opcode><Keywords>0x8000000000000000</Keywords><TimeCreated SystemTime='2023-06-30T05:34:04.6900009Z'/><EventRecordID>302</EventRecordID><Correlation/><Execution ProcessID='4' ThreadID='8'/><Channel>System</Channel><Computer>DESKTOP-TC5H5CS</Computer><Security UserID='S-1-5-18'/></System><EventData><Data Name='LastShutdownGood'>true</Data><Data Name='LastBootGood'>true</Data><Data Name='LastBootId'>2</Data><Data Name='BootStatusPolicy'>2</Data></EventData></Event>"
﻿"303","Microsoft-Windows-Kernel-Boot","{15CA44FF-4D7A-4BAA-BBA5-0998955E531E}","25","0","INFORMATION"," ","32","0","1688103244"," "," ","4","8","System","DESKTOP-TC5H5CS","S-1-5-18","<Event xmlns='http://schemas.microsoft.com/win/2004/08/events/event'><System><Provider Name='Microsoft-Windows-Kernel-Boot' Guid='{15ca44ff-4d7a-4baa-bba5-0998955e531e}'/><EventID>25</EventID><Version>0</Version><Level>4</Level><Task>32</Task><Opcode>0</Opcode><Keywords>0x8000000000000000</Keywords><TimeCreated SystemTime='2023-06-30T05:34:04.6900495Z'/><EventRecordID>303</EventRecordID><Correlation/><Execution ProcessID='4' ThreadID='8'/><Channel>System</Channel><Computer>DESKTOP-TC5H5CS</Computer><Security UserID='S-1-5-18'/></System><EventData><Data Name='BootMenuPolicy'>1</Data></EventData></Event>"
﻿"304","Microsoft-Windows-Kernel-Boot","{15CA44FF-4D7A-4BAA-BBA5-0998955E531E}","27","1","INFORMATION"," ","33","0","1688103244"," "," ","4","8","System","DESKTOP-TC5H5CS","S-1-5-18","<Event xmlns='http://schemas.microsoft.com/win/2004/08/events/event'><System><Provider Name='Microsoft-Windows-Kernel-Boot' Guid='{15ca44ff-4d7a-4baa-bba5-0998955e531e}'/><EventID>27</EventID><Version>1</Version><Level>4</Level><Task>33</Task><Opcode>0</Opcode><Keywords>0x8000000000000000</Keywords><TimeCreated SystemTime='2023-06-30T05:34:04.6900500Z'/><EventRecordID>304</EventRecordID><Correlation/><Execution ProcessID='4' ThreadID='8'/><Channel>System</Channel><Computer>DESKTOP-TC5H5CS</Computer><Security UserID='S-1-5-18'/></System><EventData><Data Name='BootType'>0</Data><Data Name='LoadOptions'> NOEXECUTE=OPTIN</Data></EventData></Event>"
﻿"305","Microsoft-Windows-Kernel-Boot","{15CA44FF-4D7A-4BAA-BBA5-0998955E531E}","18","0","INFORMATION"," ","57","0","1688103244"," "," ","4","8","System","DESKTOP-TC5H5CS","S-1-5-18","<Event xmlns='http://schemas.microsoft.com/win/2004/08/events/event'><System><Provider Name='Microsoft-Windows-Kernel-Boot' Guid='{15ca44ff-4d7a-4baa-bba5-0998955e531e}'/><EventID>18</EventID><Version>0</Version><Level>4</Level><Task>57</Task><Opcode>0</Opcode><Keywords>0x8000000000000000</Keywords><TimeCreated SystemTime='2023-06-30T05:34:04.6901011Z'/><EventRecordID>305</EventRecordID><Correlation/><Execution ProcessID='4' ThreadID='8'/><Channel>System</Channel><Computer>DESKTOP-TC5H5CS</Computer><Security UserID='S-1-5-18'/></System><EventData><Data Name='EntryCount'>1</Data></EventData></Event>"
﻿"306","Microsoft-Windows-Kernel-Boot","{15CA44FF-4D7A-4BAA-BBA5-0998955E531E}","32","0","INFORMATION"," ","58","0","1688103244"," "," ","4","8","System","DESKTOP-TC5H5CS","S-1-5-18","<Event xmlns='http://schemas.microsoft.com/win/2004/08/events/event'><System><Provider Name='Microsoft-Windows-Kernel-Boot' Guid='{15ca44ff-4d7a-4baa-bba5-0998955e531e}'/><EventID>32</EventID><Version>0</Version><Level>4</Level><Task>58</Task><Opcode>0</Opcode><Keywords>0x8000000000000000</Keywords><TimeCreated SystemTime='2023-06-30T05:34:04.6901267Z'/><EventRecordID>306</EventRecordID><Correlation/><Execution ProcessID='4' ThreadID='8'/><Channel>System</Channel><Computer>DESKTOP-TC5H5CS</Computer><Security UserID='S-1-5-18'/></System><EventData><Data Name='BitlockerUserInputTime'>0</Data></EventData></Event>"
﻿"307","Microsoft-Windows-Kernel-General","{A68CA8B7-004F-D7B6-A698-07E2DE0F1F5D}","20","0","INFORMATION"," ","6","0","1688103244"," "," ","4","8","System","DESKTOP-TC5H5CS","S-1-5-18","<Event xmlns='http://schemas.microsoft.com/win/2004/08/events/event'><System><Provider Name='Microsoft-Windows-Kernel-General' Guid='{a68ca8b7-004f-d7b6-a698-07e2de0f1f5d}'/><EventID>20</EventID><Version>0</Version><Level>4</Level><Task>6</Task><Opcode>0</Opcode><Keywords>0x8000000000000010</Keywords><TimeCreated SystemTime='2023-06-30T05:34:04.6928557Z'/><EventRecordID>307</EventRecordID><Correlation/><Execution ProcessID='4' ThreadID='8'/><Channel>System</Channel><Computer>DESKTOP-TC5H5CS</Computer><Security UserID='S-1-5-18'/></System><EventData><Data Name='UpdateReason'>0</Data><Data Name='EnabledNew'>true</Data><Data Name='CountNew'>0</Data><Data Name='CountOld'>0</Data></EventData></Event>"
﻿"308","Microsoft-Windows-HAL","{63D1E632-95CC-4443-9312-AF927761D52A}","16","0","INFORMATION"," ","0","0","1688103244"," "," ","4","8","System","DESKTOP-TC5H5CS","S-1-5-18","<Event xmlns='http://schemas.microsoft.com/win/2004/08/events/event'><System><Provider Name='Microsoft-Windows-HAL' Guid='{63d1e632-95cc-4443-9312-af927761d52a}'/><EventID>16</EventID><Version>0</Version><Level>4</Level><Task>0</Task><Opcode>0</Opcode><Keywords>0x8000000000000000</Keywords><TimeCreated SystemTime='2023-06-30T05:34:04.7613204Z'/><EventRecordID>308</EventRecordID><Correlation/><Execution ProcessID='4' ThreadID='8'/><Channel>System</Channel><Computer>DESKTOP-TC5H5CS</Computer><Security UserID='S-1-5-18'/></System><EventData></EventData></Event>"
﻿"309","Microsoft-Windows-FilterManager","{F3C5E28E-63F6-49C7-A204-E48A1BC4B09D}","6","0","INFORMATION"," ","0","0","1688103248"," "," ","4","8","System","DESKTOP-TC5H5CS","S-1-5-18","<Event xmlns='http://schemas.microsoft.com/win/2004/08/events/event'><System><Provider Name='Microsoft-Windows-FilterManager' Guid='{f3c5e28e-63f6-49c7-a204-e48a1bc4b09d}'/><EventID>6</EventID><Version>0</Version><Level>4</Level><Task>0</Task><Opcode>0</Opcode><Keywords>0x8000000000000000</Keywords><TimeCreated SystemTime='2023-06-30T05:34:08.4485288Z'/><EventRecordID>309</EventRecordID><Correlation/><Execution ProcessID='4' ThreadID='8'/><Channel>System</Channel><Computer>DESKTOP-TC5H5CS</Computer><Security UserID='S-1-5-18'/></System><EventData><Data Name='FinalStatus'>0x0</Data><Data Name='DeviceVersionMajor'>10</Data><Data Name='DeviceVersionMinor'>0</Data><Data Name='DeviceNameLength'>8</Data><Data Name='DeviceName'>FileInfo</Data><Data Name='DeviceTime'>2062-12-23T13:21:06.0000000Z</Data></EventData></Event>"
﻿"310","Microsoft-Windows-FilterManager","{F3C5E28E-63F6-49C7-A204-E48A1BC4B09D}","6","0","INFORMATION"," ","0","0","1688103248"," "," ","4","8","System","DESKTOP-TC5H5CS","S-1-5-18","<Event xmlns='http://schemas.microsoft.com/win/2004/08/events/event'><System><Provider Name='Microsoft-Windows-FilterManager' Guid='{f3c5e28e-63f6-49c7-a204-e48a1bc4b09d}'/><EventID>6</EventID><Version>0</Version><Level>4</Level><Task>0</Task><Opcode>0</Opcode><Keywords>0x8000000000000000</Keywords><TimeCreated SystemTime='2023-06-30T05:34:08.4491878Z'/><EventRecordID>310</EventRecordID><Correlation/><Execution ProcessID='4' ThreadID='8'/><Channel>System</Channel><Computer>DESKTOP-TC5H5CS</Computer><Security UserID='S-1-5-18'/></System><EventData><Data Name='FinalStatus'>0x0</Data><Data Name='DeviceVersionMajor'>10</Data><Data Name='DeviceVersionMinor'>0</Data><Data Name='DeviceNameLength'>3</Data><Data Name='DeviceName'>Wof</Data><Data Name='DeviceTime'>2024-08-23T22:35:41.0000000Z</Data></EventData></Event>"
﻿"311","Microsoft-Windows-FilterManager","{F3C5E28E-63F6-49C7-A204-E48A1BC4B09D}","6","0","INFORMATION"," ","0","0","1688103248"," "," ","4","8","System","DESKTOP-TC5H5CS","S-1-5-18","<Event xmlns='http://schemas.microsoft.com/win/2004/08/events/event'><System><Provider Name='Microsoft-Windows-FilterManager' Guid='{f3c5e28e-63f6-49c7-a204-e48a1bc4b09d}'/><EventID>6</EventID><Version>0</Version><Level>4</Level><Task>0</Task><Opcode>0</Opcode><Keywords>0x8000000000000000</Keywords><TimeCreated SystemTime='2023-06-30T05:34:08.4498373Z'/><EventRecordID>311</EventRecordID><Correlation/><Execution ProcessID='4' ThreadID='8'/><Channel>System</Channel><Computer>DESKTOP-TC5H5CS</Computer><Security UserID='S-1-5-18'/></System><EventData><Data Name='FinalStatus'>0x0</Data><Data Name='DeviceVersionMajor'>10</Data><Data Name='DeviceVersionMinor'>0</Data><Data Name='DeviceNameLength'>8</Data><Data Name='DeviceName'>WdFilter</Data><Data Name='DeviceTime'>2066-04-09T12:52:09.0000000Z</Data></EventData></Event>"
﻿"312","Microsoft-Windows-Ntfs","{3FF37A1C-A68D-4D6E-8C9B-F79E8B16C482}","98","0","INFORMATION"," ","0","0","1688103250"," "," ","4","264","System","DESKTOP-TC5H5CS","S-1-5-18","<Event xmlns='http://schemas.microsoft.com/win/2004/08/events/event'><System><Provider Name='Microsoft-Windows-Ntfs' Guid='{3ff37a1c-a68d-4d6e-8c9b-f79e8b16c482}'/><EventID>98</EventID><Version>0</Version><Level>4</Level><Task>0</Task><Opcode>0</Opcode><Keywords>0x8000000000000002</Keywords><TimeCreated SystemTime='2023-06-30T05:34:10.0756867Z'/><EventRecordID>312</EventRecordID><Correlation/><Execution ProcessID='4' ThreadID='264'/><Channel>System</Channel><Computer>DESKTOP-TC5H5CS</Computer><Security UserID='S-1-5-18'/></System><EventData><Data Name='DriveName'>C:</Data><Data Name='DeviceName'>\Device\HarddiskVolume2</Data><Data Name='CorruptionActionState'>0</Data></EventData></Event>"
﻿"313","Microsoft-Windows-FilterManager","{F3C5E28E-63F6-49C7-A204-E48A1BC4B09D}","6","0","INFORMATION"," ","0","0","1688103250"," "," ","4","8","System","DESKTOP-TC5H5CS","S-1-5-18","<Event xmlns='http://schemas.microsoft.com/win/2004/08/events/event'><System><Provider Name='Microsoft-Windows-FilterManager' Guid='{f3c5e28e-63f6-49c7-a204-e48a1bc4b09d}'/><EventID>6</EventID><Version>0</Version><Level>4</Level><Task>0</Task><Opcode>0</Opcode><Keywords>0x8000000000000000</Keywords><TimeCreated SystemTime='2023-06-30T05:34:10.1390041Z'/><EventRecordID>313</EventRecordID><Correlation/><Execution ProcessID='4' ThreadID='8'/><Channel>System</Channel><Computer>DESKTOP-TC5H5CS</Computer><Security UserID='S-1-5-18'/></System><EventData><Data Name='FinalStatus'>0x0</Data><Data Name='DeviceVersionMajor'>10</Data><Data Name='DeviceVersionMinor'>0</Data><Data Name='DeviceNameLength'>9</Data><Data Name='DeviceName'>FileCrypt</Data><Data Name='DeviceTime'>2002-03-01T19:12:42.0000000Z</Data></EventData></Event>"
﻿"314","Microsoft-Windows-Kernel-Processor-Power","{0F67E49F-FE51-4E9F-B490-6F2948CC6027}","55","0","INFORMATION"," ","47","0","1688103250"," "," ","4","292","System","DESKTOP-TC5H5CS","S-1-5-18","<Event xmlns='http://schemas.microsoft.com/win/2004/08/events/event'><System><Provider Name='Microsoft-Windows-Kernel-Processor-Power' Guid='{0f67e49f-fe51-4e9f-b490-6f2948cc6027}'/><EventID>55</EventID><Version>0</Version><Level>4</Level><Task>47</Task><Opcode>0</Opcode><Keywords>0x8000000000000000</Keywords><TimeCreated SystemTime='2023-06-30T05:34:10.7091264Z'/><EventRecordID>314</EventRecordID><Correlation/><Execution ProcessID='4' ThreadID='292'/><Channel>System</Channel><Computer>DESKTOP-TC5H5CS</Computer><Security UserID='S-1-5-18'/></System><EventData><Data Name='Group'>0</Data><Data Name='Number'>0</Data><Data Name='IdleStateCount'>1</Data><Data Name='IdleImplementation'>1</Data><Data Name='NominalFrequency'>2195</Data><Data Name='MaximumPerformancePercent'>100</Data><Data Name='MinimumPerformancePercent'>100</Data><Data Name='MinimumThrottlePercent'>12</Data><Data Name='PerformanceImplementation'>1</Data></EventData></Event>"
﻿"315","Microsoft-Windows-Kernel-Processor-Power","{0F67E49F-FE51-4E9F-B490-6F2948CC6027}","55","0","INFORMATION"," ","47","0","1688103250"," "," ","4","292","System","DESKTOP-TC5H5CS","S-1-5-18","<Event xmlns='http://schemas.microsoft.com/win/2004/08/events/event'><System><Provider Name='Microsoft-Windows-Kernel-Processor-Power' Guid='{0f67e49f-fe51-4e9f-b490-6f2948cc6027}'/><EventID>55</EventID><Version>0</Version><Level>4</Level><Task>47</Task><Opcode>0</Opcode><Keywords>0x8000000000000000</Keywords><TimeCreated SystemTime='2023-06-30T05:34:10.7105362Z'/><EventRecordID>315</EventRecordID><Correlation/><Execution ProcessID='4' ThreadID='292'/><Channel>System</Channel><Computer>DESKTOP-TC5H5CS</Computer><Security UserID='S-1-5-18'/></System><EventData><Data Name='Group'>0</Data><Data Name='Number'>1</Data><Data Name='IdleStateCount'>1</Data><Data Name='IdleImplementation'>1</Data><Data Name='NominalFrequency'>2195</Data><Data Name='MaximumPerformancePercent'>100</Data><Data Name='MinimumPerformancePercent'>100</Data><Data Name='MinimumThrottlePercent'>12</Data><Data Name='PerformanceImplementation'>1</Data></EventData></Event>"
﻿"316","e1i65x64"," ","1610874912","0","INFORMATION"," ","0","0","1688103250"," "," ","4","264","System","DESKTOP-TC5H5CS"," ","<Event xmlns='http://schemas.microsoft.com/win/2004/08/events/event'><System><Provider Name='e1i65x64'/><EventID Qualifiers='24580'>32</EventID><Version>0</Version><Level>4</Level><Task>0</Task><Opcode>0</Opcode><Keywords>0x80000000000000</Keywords><TimeCreated SystemTime='2023-06-30T05:34:10.8147858Z'/><EventRecordID>316</EventRecordID><Correlation/><Execution ProcessID='4' ThreadID='264'/><Channel>System</Channel><Computer>DESKTOP-TC5H5CS</Computer><Security/></System><EventData><Data></Data><Data>Intel(R) 82574L Gigabit Network Connection</Data><Binary>0000040002003000000000002000046000000000000000000000000000000000000000000000000020000460</Binary></EventData></Event>"
﻿"317","Microsoft-Windows-FilterManager","{F3C5E28E-63F6-49C7-A204-E48A1BC4B09D}","6","0","INFORMATION"," ","0","0","1688103250"," "," ","4","8","System","DESKTOP-TC5H5CS","S-1-5-18","<Event xmlns='http://schemas.microsoft.com/win/2004/08/events/event'><System><Provider Name='Microsoft-Windows-FilterManager' Guid='{f3c5e28e-63f6-49c7-a204-e48a1bc4b09d}'/><EventID>6</EventID><Version>0</Version><Level>4</Level><Task>0</Task><Opcode>0</Opcode><Keywords>0x8000000000000000</Keywords><TimeCreated SystemTime='2023-06-30T05:34:10.9090529Z'/><EventRecordID>317</EventRecordID><Correlation/><Execution ProcessID='4' ThreadID='8'/><Channel>System</Channel><Computer>DESKTOP-TC5H5CS</Computer><Security UserID='S-1-5-18'/></System><EventData><Data Name='FinalStatus'>0x0</Data><Data Name='DeviceVersionMajor'>10</Data><Data Name='DeviceVersionMinor'>0</Data><Data Name='DeviceNameLength'>9</Data><Data Name='DeviceName'>npsvctrig</Data><Data Name='DeviceTime'>2025-01-06T10:41:12.0000000Z</Data></EventData></Event>"
﻿"318","Microsoft-Windows-Ntfs","{3FF37A1C-A68D-4D6E-8C9B-F79E8B16C482}","98","0","INFORMATION"," ","0","0","1688103251"," "," ","4","292","System","DESKTOP-TC5H5CS","S-1-5-18","<Event xmlns='http://schemas.microsoft.com/win/2004/08/events/event'><System><Provider Name='Microsoft-Windows-Ntfs' Guid='{3ff37a1c-a68d-4d6e-8c9b-f79e8b16c482}'/><EventID>98</EventID><Version>0</Version><Level>4</Level><Task>0</Task><Opcode>0</Opcode><Keywords>0x8000000000000002</Keywords><TimeCreated SystemTime='2023-06-30T05:34:11.0895375Z'/><EventRecordID>318</EventRecordID><Correlation/><Execution ProcessID='4' ThreadID='292'/><Channel>System</Channel><Computer>DESKTOP-TC5H5CS</Computer><Security UserID='S-1-5-18'/></System><EventData><Data Name='DriveName'>\\?\Volume{47a18612-0000-0000-0000-100000000000}</Data><Data Name='DeviceName'>\Device\HarddiskVolume1</Data><Data Name='CorruptionActionState'>0</Data></EventData></Event>"
﻿"319","Microsoft-Windows-Kernel-Power","{331C3B3A-2005-44C2-AC5E-77220C37D6B4}","172","0","INFORMATION"," ","203","0","1688103251"," "," ","4","196","System","DESKTOP-TC5H5CS","S-1-5-18","<Event xmlns='http://schemas.microsoft.com/win/2004/08/events/event'><System><Provider Name='Microsoft-Windows-Kernel-Power' Guid='{331c3b3a-2005-44c2-ac5e-77220c37d6b4}'/><EventID>172</EventID><Version>0</Version><Level>4</Level><Task>203</Task><Opcode>0</Opcode><Keywords>0x8000000000000404</Keywords><TimeCreated SystemTime='2023-06-30T05:34:11.2103469Z'/><EventRecordID>319</EventRecordID><Correlation/><Execution ProcessID='4' ThreadID='196'/><Channel>System</Channel><Computer>DESKTOP-TC5H5CS</Computer><Security UserID='S-1-5-18'/></System><EventData><Data Name='State'>2</Data><Data Name='Reason'>6</Data></EventData></Event>"
﻿"320","Microsoft-Windows-Ntfs","{3FF37A1C-A68D-4D6E-8C9B-F79E8B16C482}","98","0","INFORMATION"," ","0","0","1688103258"," "," ","4","292","System","DESKTOP-TC5H5CS","S-1-5-18","<Event xmlns='http://schemas.microsoft.com/win/2004/08/events/event'><System><Provider Name='Microsoft-Windows-Ntfs' Guid='{3ff37a1c-a68d-4d6e-8c9b-f79e8b16c482}'/><EventID>98</EventID><Version>0</Version><Level>4</Level><Task>0</Task><Opcode>0</Opcode><Keywords>0x8000000000000002</Keywords><TimeCreated SystemTime='2023-06-30T05:34:18.3183530Z'/><EventRecordID>320</EventRecordID><Correlation/><Execution ProcessID='4' ThreadID='292'/><Channel>System</Channel><Computer>DESKTOP-TC5H5CS</Computer><Security UserID='S-1-5-18'/></System><EventData><Data Name='DriveName'>\\?\Volume{47a18612-0000-0000-0000-30db1f000000}</Data><Data Name='DeviceName'>\Device\HarddiskVolume3</Data><Data Name='CorruptionActionState'>0</Data></EventData></Event>"
﻿"321","Microsoft-Windows-Kernel-General","{A68CA8B7-004F-D7B6-A698-07E2DE0F1F5D}","24","0","INFORMATION"," ","11","0","1688103259"," "," ","92","408","System","DESKTOP-TC5H5CS","S-1-5-18","<Event xmlns='http://schemas.microsoft.com/win/2004/08/events/event'><System><Provider Name='Microsoft-Windows-Kernel-General' Guid='{a68ca8b7-004f-d7b6-a698-07e2de0f1f5d}'/><EventID>24</EventID><Version>0</Version><Level>4</Level><Task>11</Task><Opcode>0</Opcode><Keywords>0x8000000000000010</Keywords><TimeCreated SystemTime='2023-06-30T05:34:19.2182065Z'/><EventRecordID>321</EventRecordID><Correlation/><Execution ProcessID='92' ThreadID='408'/><Channel>System</Channel><Computer>DESKTOP-TC5H5CS</Computer><Security UserID='S-1-5-18'/></System><EventData><Data Name='ExitReason'>0</Data><Data Name='CurrentBias'>-480</Data><Data Name='CurrentTimeZoneID'>0</Data><Data Name='TimeZoneInfoCacheUpdated'>0</Data><Data Name='FirstRefresh'>0</Data></EventData></Event>"
﻿"322","Microsoft-Windows-Wininit","{206F6DEA-D3C5-4D10-BC72-989F03C8B84B}","14","0","INFORMATION"," ","0","0","1688103259"," "," ","504","508","System","DESKTOP-TC5H5CS","S-1-5-18","<Event xmlns='http://schemas.microsoft.com/win/2004/08/events/event'><System><Provider Name='Microsoft-Windows-Wininit' Guid='{206f6dea-d3c5-4d10-bc72-989f03c8b84b}'/><EventID>14</EventID><Version>0</Version><Level>4</Level><Task>0</Task><Opcode>0</Opcode><Keywords>0x4000000000000000</Keywords><TimeCreated SystemTime='2023-06-30T05:34:19.5215521Z'/><EventRecordID>322</EventRecordID><Correlation/><Execution ProcessID='504' ThreadID='508'/><Channel>System</Channel><Computer>DESKTOP-TC5H5CS</Computer><Security UserID='S-1-5-18'/></System><EventData><Data Name='Config'>0</Data><Data Name='IsTestConfig'>0</Data></EventData></Event>"
﻿"323","Microsoft-Windows-Directory-Services-SAM","{0D4FDC09-8C27-494A-BDA0-505E4FD8ADAE}","16962","0","INFORMATION"," ","0","0","1688103259","{7BA622C1-AB14-0000-4D23-A67B14ABD901}"," ","660","664","System","DESKTOP-TC5H5CS","S-1-5-18","<Event xmlns='http://schemas.microsoft.com/win/2004/08/events/event'><System><Provider Name='Microsoft-Windows-Directory-Services-SAM' Guid='{0d4fdc09-8c27-494a-bda0-505e4fd8adae}'/><EventID>16962</EventID><Version>0</Version><Level>4</Level><Task>0</Task><Opcode>0</Opcode><Keywords>0x8000000000000000</Keywords><TimeCreated SystemTime='2023-06-30T05:34:19.6210051Z'/><EventRecordID>323</EventRecordID><Correlation ActivityID='{7ba622c1-ab14-0000-4d23-a67b14abd901}'/><Execution ProcessID='660' ThreadID='664'/><Channel>System</Channel><Computer>DESKTOP-TC5H5CS</Computer><Security UserID='S-1-5-18'/></System><EventData Name='SAMMSG_RESTRICT_REMOTE_SAM_DEFAULT_SD'><Data Name='Default SD String:'>O:SYG:SYD:(A;;RC;;;BA)</Data></EventData></Event>"
﻿"324","Microsoft-Windows-Directory-Services-SAM","{0D4FDC09-8C27-494A-BDA0-505E4FD8ADAE}","16977","0","INFORMATION"," ","0","0","1688103259","{7BA622C1-AB14-0000-4D23-A67B14ABD901}"," ","660","664","System","DESKTOP-TC5H5CS","S-1-5-18","<Event xmlns='http://schemas.microsoft.com/win/2004/08/events/event'><System><Provider Name='Microsoft-Windows-Directory-Services-SAM' Guid='{0d4fdc09-8c27-494a-bda0-505e4fd8adae}'/><EventID>16977</EventID><Version>0</Version><Level>4</Level><Task>0</Task><Opcode>0</Opcode><Keywords>0x8000000000000000</Keywords><TimeCreated SystemTime='2023-06-30T05:34:19.6255798Z'/><EventRecordID>324</EventRecordID><Correlation ActivityID='{7ba622c1-ab14-0000-4d23-a67b14abd901}'/><Execution ProcessID='660' ThreadID='664'/><Channel>System</Channel><Computer>DESKTOP-TC5H5CS</Computer><Security UserID='S-1-5-18'/></System><EventData Name='SAMMSG_MINPWDLEN_SETTINGS_IN_EFFECT'><Data Name='MinimumPasswordLength'>0</Data><Data Name='RelaxMinimumPasswordLengthLimits'>0</Data><Data Name='MinimumPasswordLengthAudit'>-1</Data></EventData></Event>"
﻿"325","Microsoft-Windows-Directory-Services-SAM","{0D4FDC09-8C27-494A-BDA0-505E4FD8ADAE}","16983","0","INFORMATION"," ","0","0","1688103259","{7BA622C1-AB14-0000-4D23-A67B14ABD901}"," ","660","664","System","DESKTOP-TC5H5CS","S-1-5-18","<Event xmlns='http://schemas.microsoft.com/win/2004/08/events/event'><System><Provider Name='Microsoft-Windows-Directory-Services-SAM' Guid='{0d4fdc09-8c27-494a-bda0-505e4fd8adae}'/><EventID>16983</EventID><Version>0</Version><Level>4</Level><Task>0</Task><Opcode>0</Opcode><Keywords>0x8000000000000000</Keywords><TimeCreated SystemTime='2023-06-30T05:34:19.6255840Z'/><EventRecordID>325</EventRecordID><Correlation ActivityID='{7ba622c1-ab14-0000-4d23-a67b14abd901}'/><Execution ProcessID='660' ThreadID='664'/><Channel>System</Channel><Computer>DESKTOP-TC5H5CS</Computer><Security UserID='S-1-5-18'/></System><EventData Name='SAMMSG_AUDIT_LEGACY_PWD_RPC_METHODS_OFF'></EventData></Event>"
﻿"326","Microsoft-Windows-FilterManager","{F3C5E28E-63F6-49C7-A204-E48A1BC4B09D}","6","0","INFORMATION"," ","0","0","1688103260"," "," ","4","296","System","DESKTOP-TC5H5CS","S-1-5-18","<Event xmlns='http://schemas.microsoft.com/win/2004/08/events/event'><System><Provider Name='Microsoft-Windows-FilterManager' Guid='{f3c5e28e-63f6-49c7-a204-e48a1bc4b09d}'/><EventID>6</EventID><Version>0</Version><Level>4</Level><Task>0</Task><Opcode>0</Opcode><Keywords>0x8000000000000000</Keywords><TimeCreated SystemTime='2023-06-30T05:34:20.5565233Z'/><EventRecordID>326</EventRecordID><Correlation/><Execution ProcessID='4' ThreadID='296'/><Channel>System</Channel><Computer>DESKTOP-TC5H5CS</Computer><Security UserID='S-1-5-18'/></System><EventData><Data Name='FinalStatus'>0x0</Data><Data Name='DeviceVersionMajor'>10</Data><Data Name='DeviceVersionMinor'>0</Data><Data Name='DeviceNameLength'>5</Data><Data Name='DeviceName'>luafv</Data><Data Name='DeviceTime'>2041-09-19T13:13:33.0000000Z</Data></EventData></Event>"
﻿"327","Microsoft-Windows-FilterManager","{F3C5E28E-63F6-49C7-A204-E48A1BC4B09D}","6","0","INFORMATION"," ","0","0","1688103260"," "," ","4","32","System","DESKTOP-TC5H5CS","S-1-5-18","<Event xmlns='http://schemas.microsoft.com/win/2004/08/events/event'><System><Provider Name='Microsoft-Windows-FilterManager' Guid='{f3c5e28e-63f6-49c7-a204-e48a1bc4b09d}'/><EventID>6</EventID><Version>0</Version><Level>4</Level><Task>0</Task><Opcode>0</Opcode><Keywords>0x8000000000000000</Keywords><TimeCreated SystemTime='2023-06-30T05:34:20.5616045Z'/><EventRecordID>327</EventRecordID><Correlation/><Execution ProcessID='4' ThreadID='32'/><Channel>System</Channel><Computer>DESKTOP-TC5H5CS</Computer><Security UserID='S-1-5-18'/></System><EventData><Data Name='FinalStatus'>0x0</Data><Data Name='DeviceVersionMajor'>10</Data><Data Name='DeviceVersionMinor'>0</Data><Data Name='DeviceNameLength'>5</Data><Data Name='DeviceName'>wcifs</Data><Data Name='DeviceTime'>1989-06-10T06:43:09.0000000Z</Data></EventData></Event>"
﻿"328","Microsoft-Windows-FilterManager","{F3C5E28E-63F6-49C7-A204-E48A1BC4B09D}","6","0","INFORMATION"," ","0","0","1688103260"," "," ","4","296","System","DESKTOP-TC5H5CS","S-1-5-18","<Event xmlns='http://schemas.microsoft.com/win/2004/08/events/event'><System><Provider Name='Microsoft-Windows-FilterManager' Guid='{f3c5e28e-63f6-49c7-a204-e48a1bc4b09d}'/><EventID>6</EventID><Version>0</Version><Level>4</Level><Task>0</Task><Opcode>0</Opcode><Keywords>0x8000000000000000</Keywords><TimeCreated SystemTime='2023-06-30T05:34:20.5744981Z'/><EventRecordID>328</EventRecordID><Correlation/><Execution ProcessID='4' ThreadID='296'/><Channel>System</Channel><Computer>DESKTOP-TC5H5CS</Computer><Security UserID='S-1-5-18'/></System><EventData><Data Name='FinalStatus'>0x0</Data><Data Name='DeviceVersionMajor'>10</Data><Data Name='DeviceVersionMinor'>0</Data><Data Name='DeviceNameLength'>6</Data><Data Name='DeviceName'>CldFlt</Data><Data Name='DeviceTime'>2065-07-23T23:07:43.0000000Z</Data></EventData></Event>"
﻿"329","Microsoft-Windows-FilterManager","{F3C5E28E-63F6-49C7-A204-E48A1BC4B09D}","1","0","INFORMATION"," ","0","0","1688103260"," "," ","4","296","System","DESKTOP-TC5H5CS","S-1-5-18","<Event xmlns='http://schemas.microsoft.com/win/2004/08/events/event'><System><Provider Name='Microsoft-Windows-FilterManager' Guid='{f3c5e28e-63f6-49c7-a204-e48a1bc4b09d}'/><EventID>1</EventID><Version>0</Version><Level>4</Level><Task>0</Task><Opcode>0</Opcode><Keywords>0x8000000000000000</Keywords><TimeCreated SystemTime='2023-06-30T05:34:20.5745089Z'/><EventRecordID>329</EventRecordID><Correlation/><Execution ProcessID='4' ThreadID='296'/><Channel>System</Channel><Computer>DESKTOP-TC5H5CS</Computer><Security UserID='S-1-5-18'/></System><EventData><Data Name='FinalStatus'>0x0</Data><Data Name='DeviceVersionMajor'>10</Data><Data Name='DeviceVersionMinor'>0</Data><Data Name='DeviceNameLength'>6</Data><Data Name='DeviceName'>CldFlt</Data><Data Name='DeviceTime'>2065-07-23T23:07:43.0000000Z</Data></EventData></Event>"
﻿"330","Microsoft-Windows-FilterManager","{F3C5E28E-63F6-49C7-A204-E48A1BC4B09D}","6","0","INFORMATION"," ","0","0","1688103260"," "," ","4","296","System","DESKTOP-TC5H5CS","S-1-5-18","<Event xmlns='http://schemas.microsoft.com/win/2004/08/events/event'><System><Provider Name='Microsoft-Windows-FilterManager' Guid='{f3c5e28e-63f6-49c7-a204-e48a1bc4b09d}'/><EventID>6</EventID><Version>0</Version><Level>4</Level><Task>0</Task><Opcode>0</Opcode><Keywords>0x8000000000000000</Keywords><TimeCreated SystemTime='2023-06-30T05:34:20.5745854Z'/><EventRecordID>330</EventRecordID><Correlation/><Execution ProcessID='4' ThreadID='296'/><Channel>System</Channel><Computer>DESKTOP-TC5H5CS</Computer><Security UserID='S-1-5-18'/></System><EventData><Data Name='FinalStatus'>0x0</Data><Data Name='DeviceVersionMajor'>10</Data><Data Name='DeviceVersionMinor'>0</Data><Data Name='DeviceNameLength'>6</Data><Data Name='DeviceName'>CldFlt</Data><Data Name='DeviceTime'>2065-07-23T23:07:43.0000000Z</Data></EventData></Event>"
﻿"331","Microsoft-Windows-FilterManager","{F3C5E28E-63F6-49C7-A204-E48A1BC4B09D}","6","0","INFORMATION"," ","0","0","1688103260"," "," ","4","32","System","DESKTOP-TC5H5CS","S-1-5-18","<Event xmlns='http://schemas.microsoft.com/win/2004/08/events/event'><System><Provider Name='Microsoft-Windows-FilterManager' Guid='{f3c5e28e-63f6-49c7-a204-e48a1bc4b09d}'/><EventID>6</EventID><Version>0</Version><Level>4</Level><Task>0</Task><Opcode>0</Opcode><Keywords>0x8000000000000000</Keywords><TimeCreated SystemTime='2023-06-30T05:34:20.5831932Z'/><EventRecordID>331</EventRecordID><Correlation/><Execution ProcessID='4' ThreadID='32'/><Channel>System</Channel><Computer>DESKTOP-TC5H5CS</Computer><Security UserID='S-1-5-18'/></System><EventData><Data Name='FinalStatus'>0x0</Data><Data Name='DeviceVersionMajor'>10</Data><Data Name='DeviceVersionMinor'>0</Data><Data Name='DeviceNameLength'>10</Data><Data Name='DeviceName'>storqosflt</Data><Data Name='DeviceTime'>2007-04-10T02:08:30.0000000Z</Data></EventData></Event>"
﻿"332","Microsoft-Windows-FilterManager","{F3C5E28E-63F6-49C7-A204-E48A1BC4B09D}","6","0","INFORMATION"," ","0","0","1688103260"," "," ","4","32","System","DESKTOP-TC5H5CS","S-1-5-18","<Event xmlns='http://schemas.microsoft.com/win/2004/08/events/event'><System><Provider Name='Microsoft-Windows-FilterManager' Guid='{f3c5e28e-63f6-49c7-a204-e48a1bc4b09d}'/><EventID>6</EventID><Version>0</Version><Level>4</Level><Task>0</Task><Opcode>0</Opcode><Keywords>0x8000000000000000</Keywords><TimeCreated SystemTime='2023-06-30T05:34:20.5943121Z'/><EventRecordID>332</EventRecordID><Correlation/><Execution ProcessID='4' ThreadID='32'/><Channel>System</Channel><Computer>DESKTOP-TC5H5CS</Computer><Security UserID='S-1-5-18'/></System><EventData><Data Name='FinalStatus'>0x0</Data><Data Name='DeviceVersionMajor'>10</Data><Data Name='DeviceVersionMinor'>0</Data><Data Name='DeviceNameLength'>7</Data><Data Name='DeviceName'>bindflt</Data><Data Name='DeviceTime'>2001-11-10T12:51:01.0000000Z</Data></EventData></Event>"
﻿"333","Microsoft-Windows-Dhcp-Client","{15A7A4F8-0072-4EAB-ABAD-F98A4D666AED}","50036","0","INFORMATION"," ","4","68","1688103260"," "," ","1252","1356","System","DESKTOP-TC5H5CS","S-1-5-19","<Event xmlns='http://schemas.microsoft.com/win/2004/08/events/event'><System><Provider Name='Microsoft-Windows-Dhcp-Client' Guid='{15a7a4f8-0072-4eab-abad-f98a4d666aed}'/><EventID>50036</EventID><Version>0</Version><Level>4</Level><Task>4</Task><Opcode>68</Opcode><Keywords>0x2000000000000000</Keywords><TimeCreated SystemTime='2023-06-30T05:34:20.6294969Z'/><EventRecordID>333</EventRecordID><Correlation/><Execution ProcessID='1252' ThreadID='1356'/><Channel>System</Channel><Computer>DESKTOP-TC5H5CS</Computer><Security UserID='S-1-5-19'/></System><EventData></EventData></Event>"
﻿"334","Microsoft-Windows-Dhcp-Client","{15A7A4F8-0072-4EAB-ABAD-F98A4D666AED}","50103","0","INFORMATION"," ","4","129","1688103260"," "," ","1252","1356","System","DESKTOP-TC5H5CS","S-1-5-19","<Event xmlns='http://schemas.microsoft.com/win/2004/08/events/event'><System><Provider Name='Microsoft-Windows-Dhcp-Client' Guid='{15a7a4f8-0072-4eab-abad-f98a4d666aed}'/><EventID>50103</EventID><Version>0</Version><Level>4</Level><Task>4</Task><Opcode>129</Opcode><Keywords>0x2000000000000000</Keywords><TimeCreated SystemTime='2023-06-30T05:34:20.6295356Z'/><EventRecordID>334</EventRecordID><Correlation/><Execution ProcessID='1252' ThreadID='1356'/><Channel>System</Channel><Computer>DESKTOP-TC5H5CS</Computer><Security UserID='S-1-5-19'/></System><EventData></EventData></Event>"
﻿"335","Microsoft-Windows-DHCPv6-Client","{6A1F2B00-6A90-4C38-95A5-5CAB3B056778}","51046","0","INFORMATION"," ","4","62","1688103260"," "," ","1252","1452","System","DESKTOP-TC5H5CS","S-1-5-19","<Event xmlns='http://schemas.microsoft.com/win/2004/08/events/event'><System><Provider Name='Microsoft-Windows-DHCPv6-Client' Guid='{6a1f2b00-6a90-4c38-95a5-5cab3b056778}'/><EventID>51046</EventID><Version>0</Version><Level>4</Level><Task>4</Task><Opcode>62</Opcode><Keywords>0x2000000000000000</Keywords><TimeCreated SystemTime='2023-06-30T05:34:20.6524512Z'/><EventRecordID>335</EventRecordID><Correlation/><Execution ProcessID='1252' ThreadID='1452'/><Channel>System</Channel><Computer>DESKTOP-TC5H5CS</Computer><Security UserID='S-1-5-19'/></System><EventData></EventData></Event>"
﻿"336","Service Control Manager","{555908D1-A6D7-4695-8E1E-26931D2012F4}","3221232498","0","INFORMATION"," ","0","0","1688103261"," "," ","620","624","System","DESKTOP-TC5H5CS"," ","<Event xmlns='http://schemas.microsoft.com/win/2004/08/events/event'><System><Provider Name='Service Control Manager' Guid='{555908d1-a6d7-4695-8e1e-26931d2012f4}' EventSourceName='Service Control Manager'/><EventID Qualifiers='49152'>7026</EventID><Version>0</Version><Level>4</Level><Task>0</Task><Opcode>0</Opcode><Keywords>0x8080000000000000</Keywords><TimeCreated SystemTime='2023-06-30T05:34:21.4599448Z'/><EventRecordID>336</EventRecordID><Correlation/><Execution ProcessID='620' ThreadID='624'/><Channel>System</Channel><Computer>DESKTOP-TC5H5CS</Computer><Security/></System><EventData><Data Name='param1'>
dam</Data></EventData></Event>"
﻿"337","Service Control Manager","{555908D1-A6D7-4695-8E1E-26931D2012F4}","1073748864","0","INFORMATION"," ","0","0","1688103264"," "," ","620","64","System","DESKTOP-TC5H5CS","S-1-5-18","<Event xmlns='http://schemas.microsoft.com/win/2004/08/events/event'><System><Provider Name='Service Control Manager' Guid='{555908d1-a6d7-4695-8e1e-26931d2012f4}' EventSourceName='Service Control Manager'/><EventID Qualifiers='16384'>7040</EventID><Version>0</Version><Level>4</Level><Task>0</Task><Opcode>0</Opcode><Keywords>0x8080000000000000</Keywords><TimeCreated SystemTime='2023-06-30T05:34:24.2225218Z'/><EventRecordID>337</EventRecordID><Correlation/><Execution ProcessID='620' ThreadID='64'/><Channel>System</Channel><Computer>DESKTOP-TC5H5CS</Computer><Security UserID='S-1-5-18'/></System><EventData><Data Name='param1'>Windows Modules Installer</Data><Data Name='param2'>۰ʱҰ</Data><Data Name='param3'>wҰ</Data><Data Name='param4'>TrustedInstaller</Data></EventData></Event>"
﻿"338","Microsoft-Windows-Winlogon","{DBE9B383-7CF3-4331-91CC-A3CB16A3B538}","7001","0","INFORMATION"," ","1101","0","1688103275"," "," ","600","988","System","DESKTOP-TC5H5CS","S-1-5-18","<Event xmlns='http://schemas.microsoft.com/win/2004/08/events/event'><System><Provider Name='Microsoft-Windows-Winlogon' Guid='{dbe9b383-7cf3-4331-91cc-a3cb16a3b538}'/><EventID>7001</EventID><Version>0</Version><Level>4</Level><Task>1101</Task><Opcode>0</Opcode><Keywords>0x2000200000000000</Keywords><TimeCreated SystemTime='2023-06-30T05:34:35.5516971Z'/><EventRecordID>338</EventRecordID><Correlation/><Execution ProcessID='600' ThreadID='988'/><Channel>System</Channel><Computer>DESKTOP-TC5H5CS</Computer><Security UserID='S-1-5-18'/></System><EventData><Data Name='TSId'>1</Data><Data Name='UserSid'>S-1-5-21-2081973557-1603719640-2355346784-1000</Data></EventData></Event>"
﻿"339","Microsoft-Windows-WindowsUpdateClient","{945A8954-C147-4ACD-923F-40C45405A658}","19","1","INFORMATION"," ","1","13","1688103311"," "," ","3116","5596","System","DESKTOP-TC5H5CS","S-1-5-18","<Event xmlns='http://schemas.microsoft.com/win/2004/08/events/event'><System><Provider Name='Microsoft-Windows-WindowsUpdateClient' Guid='{945a8954-c147-4acd-923f-40c45405a658}'/><EventID>19</EventID><Version>1</Version><Level>4</Level><Task>1</Task><Opcode>13</Opcode><Keywords>0x8000000000000018</Keywords><TimeCreated SystemTime='2023-06-30T05:35:11.8919250Z'/><EventRecordID>339</EventRecordID><Correlation/><Execution ProcessID='3116' ThreadID='5596'/><Channel>System</Channel><Computer>DESKTOP-TC5H5CS</Computer><Security UserID='S-1-5-18'/></System><EventData><Data Name='updateTitle'>2022-11 AΩ x64 t Windows 10 Version 22H2 s (KB5020683)</Data><Data Name='updateGuid'>{c19c45e0-21d6-4c12-9093-e17518d14b49}</Data><Data Name='updateRevisionNumber'>203</Data><Data Name='serviceGuid'>{9482f4b4-e343-43b6-b170-9a65bc822c77}</Data></EventData></Event>"
﻿"340","Microsoft-Windows-Kernel-General","{A68CA8B7-004F-D7B6-A698-07E2DE0F1F5D}","16","0","INFORMATION"," ","0","0","1688103338"," "," ","5768","5852","System","DESKTOP-TC5H5CS","S-1-5-18","<Event xmlns='http://schemas.microsoft.com/win/2004/08/events/event'><System><Provider Name='Microsoft-Windows-Kernel-General' Guid='{a68ca8b7-004f-d7b6-a698-07e2de0f1f5d}'/><EventID>16</EventID><Version>0</Version><Level>4</Level><Task>0</Task><Opcode>0</Opcode><Keywords>0x8000000000000000</Keywords><TimeCreated SystemTime='2023-06-30T05:35:38.0740817Z'/><EventRecordID>340</EventRecordID><Correlation/><Execution ProcessID='5768' ThreadID='5852'/><Channel>System</Channel><Computer>DESKTOP-TC5H5CS</Computer><Security UserID='S-1-5-18'/></System><EventData><Data Name='HiveNameLength'>112</Data><Data Name='HiveName'>\??\C:\Users\defaultuser0\AppData\Local\Packages\MicrosoftWindows.Client.CBS_cw5n1h2txyewy\Settings\settings.dat</Data><Data Name='KeysUpdated'>3</Data><Data Name='DirtyPages'>1</Data></EventData></Event>"
﻿"341","Microsoft-Windows-WindowsUpdateClient","{945A8954-C147-4ACD-923F-40C45405A658}","44","1","INFORMATION"," ","1","12","1688103367"," "," ","3116","5596","System","DESKTOP-TC5H5CS","S-1-5-18","<Event xmlns='http://schemas.microsoft.com/win/2004/08/events/event'><System><Provider Name='Microsoft-Windows-WindowsUpdateClient' Guid='{945a8954-c147-4acd-923f-40c45405a658}'/><EventID>44</EventID><Version>1</Version><Level>4</Level><Task>1</Task><Opcode>12</Opcode><Keywords>0x8000000000002004</Keywords><TimeCreated SystemTime='2023-06-30T05:36:07.0502754Z'/><EventRecordID>341</EventRecordID><Correlation/><Execution ProcessID='3116' ThreadID='5596'/><Channel>System</Channel><Computer>DESKTOP-TC5H5CS</Computer><Security UserID='S-1-5-18'/></System><EventData><Data Name='updateTitle'>VMware, Inc. - System - 9.8.18.0</Data><Data Name='updateGuid'>{b5857a80-fd07-4a9d-9adf-2a3a6db94b7e}</Data><Data Name='updateRevisionNumber'>1</Data></EventData></Event>"
﻿"342","Microsoft-Windows-WindowsUpdateClient","{945A8954-C147-4ACD-923F-40C45405A658}","43","1","INFORMATION"," ","1","13","1688103367"," "," ","3116","1576","System","DESKTOP-TC5H5CS","S-1-5-18","<Event xmlns='http://schemas.microsoft.com/win/2004/08/events/event'><System><Provider Name='Microsoft-Windows-WindowsUpdateClient' Guid='{945a8954-c147-4acd-923f-40c45405a658}'/><EventID>43</EventID><Version>1</Version><Level>4</Level><Task>1</Task><Opcode>13</Opcode><Keywords>0x8000000000002008</Keywords><TimeCreated SystemTime='2023-06-30T05:36:07.5200049Z'/><EventRecordID>342</EventRecordID><Correlation/><Execution ProcessID='3116' ThreadID='1576'/><Channel>System</Channel><Computer>DESKTOP-TC5H5CS</Computer><Security UserID='S-1-5-18'/></System><EventData><Data Name='updateTitle'>VMware, Inc. - System - 9.8.18.0</Data><Data Name='updateGuid'>{b5857a80-fd07-4a9d-9adf-2a3a6db94b7e}</Data><Data Name='updateRevisionNumber'>1</Data></EventData></Event>"
﻿"343","Service Control Manager","{555908D1-A6D7-4695-8E1E-26931D2012F4}","1073748869","0","INFORMATION"," ","0","0","1688103369"," "," ","620","1020","System","DESKTOP-TC5H5CS","S-1-5-18","<Event xmlns='http://schemas.microsoft.com/win/2004/08/events/event'><System><Provider Name='Service Control Manager' Guid='{555908d1-a6d7-4695-8e1e-26931d2012f4}' EventSourceName='Service Control Manager'/><EventID Qualifiers='16384'>7045</EventID><Version>0</Version><Level>4</Level><Task>0</Task><Opcode>0</Opcode><Keywords>0x8080000000000000</Keywords><TimeCreated SystemTime='2023-06-30T05:36:09.3009292Z'/><EventRecordID>343</EventRecordID><Correlation/><Execution ProcessID='620' ThreadID='1020'/><Channel>System</Channel><Computer>DESKTOP-TC5H5CS</Computer><Security UserID='S-1-5-18'/></System><EventData><Data Name='ServiceName'>VMware VMCI Bus Driver</Data><Data Name='ImagePath'>System32\drivers\vmci.sys</Data><Data Name='ServiceType'>֤߼ҦXʵ{</Data><Data Name='StartType'>}Ұ</Data><Data Name='AccountName'></Data></EventData></Event>"
﻿"344","vmci"," ","1074266115","0","INFORMATION"," ","0","0","1688103369"," "," ","4","264","System","DESKTOP-TC5H5CS"," ","<Event xmlns='http://schemas.microsoft.com/win/2004/08/events/event'><System><Provider Name='vmci'/><EventID Qualifiers='16392'>3</EventID><Version>0</Version><Level>4</Level><Task>0</Task><Opcode>0</Opcode><Keywords>0x80000000000000</Keywords><TimeCreated SystemTime='2023-06-30T05:36:09.3790417Z'/><EventRecordID>344</EventRecordID><Correlation/><Execution ProcessID='4' ThreadID='264'/><Channel>System</Channel><Computer>DESKTOP-TC5H5CS</Computer><Security/></System><EventData><Data></Data><Data>VMCI: Using capabilities (0xc).
</Data><Binary>00000000020028000000000003000840030008400000000000000000000000000000000000000000</Binary></EventData></Event>"
﻿"345","Microsoft-Windows-WindowsUpdateClient","{945A8954-C147-4ACD-923F-40C45405A658}","19","1","INFORMATION"," ","1","13","1688103369"," "," ","3116","1576","System","DESKTOP-TC5H5CS","S-1-5-18","<Event xmlns='http://schemas.microsoft.com/win/2004/08/events/event'><System><Provider Name='Microsoft-Windows-WindowsUpdateClient' Guid='{945a8954-c147-4acd-923f-40c45405a658}'/><EventID>19</EventID><Version>1</Version><Level>4</Level><Task>1</Task><Opcode>13</Opcode><Keywords>0x8000000000000018</Keywords><TimeCreated SystemTime='2023-06-30T05:36:09.4614992Z'/><EventRecordID>345</EventRecordID><Correlation/><Execution ProcessID='3116' ThreadID='1576'/><Channel>System</Channel><Computer>DESKTOP-TC5H5CS</Computer><Security UserID='S-1-5-18'/></System><EventData><Data Name='updateTitle'>VMware, Inc. - System - 9.8.18.0</Data><Data Name='updateGuid'>{b5857a80-fd07-4a9d-9adf-2a3a6db94b7e}</Data><Data Name='updateRevisionNumber'>1</Data><Data Name='serviceGuid'>{8b24b027-1dee-babb-9a95-3517dfb9c552}</Data></EventData></Event>"
﻿"346","Microsoft-Windows-Winlogon","{DBE9B383-7CF3-4331-91CC-A3CB16A3B538}","7002","0","INFORMATION"," ","1102","0","1688103377"," "," ","600","988","System","DESKTOP-TC5H5CS","S-1-5-18","<Event xmlns='http://schemas.microsoft.com/win/2004/08/events/event'><System><Provider Name='Microsoft-Windows-Winlogon' Guid='{dbe9b383-7cf3-4331-91cc-a3cb16a3b538}'/><EventID>7002</EventID><Version>0</Version><Level>4</Level><Task>1102</Task><Opcode>0</Opcode><Keywords>0x2000200000000000</Keywords><TimeCreated SystemTime='2023-06-30T05:36:17.3678506Z'/><EventRecordID>346</EventRecordID><Correlation/><Execution ProcessID='600' ThreadID='988'/><Channel>System</Channel><Computer>DESKTOP-TC5H5CS</Computer><Security UserID='S-1-5-18'/></System><EventData><Data Name='TSId'>1</Data><Data Name='UserSid'>S-1-5-21-2081973557-1603719640-2355346784-1000</Data></EventData></Event>"
﻿"347","Microsoft-Windows-Winlogon","{DBE9B383-7CF3-4331-91CC-A3CB16A3B538}","7001","0","INFORMATION"," ","1101","0","1688103377"," "," ","5868","2528","System","DESKTOP-TC5H5CS","S-1-5-18","<Event xmlns='http://schemas.microsoft.com/win/2004/08/events/event'><System><Provider Name='Microsoft-Windows-Winlogon' Guid='{dbe9b383-7cf3-4331-91cc-a3cb16a3b538}'/><EventID>7001</EventID><Version>0</Version><Level>4</Level><Task>1101</Task><Opcode>0</Opcode><Keywords>0x2000200000000000</Keywords><TimeCreated SystemTime='2023-06-30T05:36:17.8494512Z'/><EventRecordID>347</EventRecordID><Correlation/><Execution ProcessID='5868' ThreadID='2528'/><Channel>System</Channel><Computer>DESKTOP-TC5H5CS</Computer><Security UserID='S-1-5-18'/></System><EventData><Data Name='TSId'>2</Data><Data Name='UserSid'>S-1-5-21-2081973557-1603719640-2355346784-1001</Data></EventData></Event>"
﻿"348","Microsoft-Windows-GroupPolicy","{AEA1B4FA-97D1-45F2-A64C-4D69FFFD92C9}","1501","0","INFORMATION"," ","0","1","1688103378","{E9300535-F6EB-4A9D-8FD4-978786617002}"," ","1296","4636","System","DESKTOP-TC5H5CS","S-1-5-21-2081973557-1603719640-2355346784-1001","<Event xmlns='http://schemas.microsoft.com/win/2004/08/events/event'><System><Provider Name='Microsoft-Windows-GroupPolicy' Guid='{aea1b4fa-97d1-45f2-a64c-4d69fffd92c9}'/><EventID>1501</EventID><Version>0</Version><Level>4</Level><Task>0</Task><Opcode>1</Opcode><Keywords>0x8000000000000000</Keywords><TimeCreated SystemTime='2023-06-30T05:36:18.3743951Z'/><EventRecordID>348</EventRecordID><Correlation ActivityID='{e9300535-f6eb-4a9d-8fd4-978786617002}'/><Execution ProcessID='1296' ThreadID='4636'/><Channel>System</Channel><Computer>DESKTOP-TC5H5CS</Computer><Security UserID='S-1-5-21-2081973557-1603719640-2355346784-1001'/></System><EventData><Data Name='SupportInfo1'>1</Data><Data Name='SupportInfo2'>4292</Data><Data Name='ProcessingMode'>1</Data><Data Name='ProcessingTimeInMilliseconds'>437</Data><Data Name='DCName'></Data></EventData></Event>"
﻿"349","Microsoft-Windows-Kernel-General","{A68CA8B7-004F-D7B6-A698-07E2DE0F1F5D}","16","0","INFORMATION"," ","0","0","1688103387"," "," ","1844","952","System","DESKTOP-TC5H5CS","S-1-5-18","<Event xmlns='http://schemas.microsoft.com/win/2004/08/events/event'><System><Provider Name='Microsoft-Windows-Kernel-General' Guid='{a68ca8b7-004f-d7b6-a698-07e2de0f1f5d}'/><EventID>16</EventID><Version>0</Version><Level>4</Level><Task>0</Task><Opcode>0</Opcode><Keywords>0x8000000000000000</Keywords><TimeCreated SystemTime='2023-06-30T05:36:27.3581527Z'/><EventRecordID>349</EventRecordID><Correlation/><Execution ProcessID='1844' ThreadID='952'/><Channel>System</Channel><Computer>DESKTOP-TC5H5CS</Computer><Security UserID='S-1-5-18'/></System><EventData><Data Name='HiveNameLength'>117</Data><Data Name='HiveName'>\??\C:\Users\test\AppData\Local\Packages\Microsoft.Windows.ContentDeliveryManager_cw5n1h2txyewy\Settings\settings.dat</Data><Data Name='KeysUpdated'>3</Data><Data Name='DirtyPages'>1</Data></EventData></Event>"
﻿"350","Microsoft-Windows-DistributedCOM","{1B562E86-B7AA-4131-BADC-B6F3A001407E}","10016","0","WARNING"," ","0","0","1688103388","{A5DCEA86-A44D-4C62-AD10-9F5F84944262}"," ","840","1120","System","DESKTOP-TC5H5CS","S-1-5-18","<Event xmlns='http://schemas.microsoft.com/win/2004/08/events/event'><System><Provider Name='Microsoft-Windows-DistributedCOM' Guid='{1B562E86-B7AA-4131-BADC-B6F3A001407E}' EventSourceName='DCOM'/><EventID Qualifiers='0'>10016</EventID><Version>0</Version><Level>3</Level><Task>0</Task><Opcode>0</Opcode><Keywords>0x8080000000000000</Keywords><TimeCreated SystemTime='2023-06-30T05:36:28.7775134Z'/><EventRecordID>350</EventRecordID><Correlation ActivityID='{a5dcea86-a44d-4c62-ad10-9f5f84944262}'/><Execution ProcessID='840' ThreadID='1120'/><Channel>System</Channel><Computer>DESKTOP-TC5H5CS</Computer><Security UserID='S-1-5-18'/></System><EventData><Data Name='param1'>ε{Sw</Data><Data Name='param2'></Data><Data Name='param3'>Ұ</Data><Data Name='param4'>Windows.SecurityCenter.WscDataProtection</Data><Data Name='param5'>Lkϥ</Data><Data Name='param6'>NT AUTHORITY</Data><Data Name='param7'>SYSTEM</Data><Data Name='param8'>S-1-5-18</Data><Data Name='param9'>LocalHost (ϥ LRPC)</Data><Data Name='param10'>Lkϥ</Data><Data Name='param11'>Lkϥ</Data></EventData></Event>"
﻿"351","Microsoft-Windows-Kernel-General","{A68CA8B7-004F-D7B6-A698-07E2DE0F1F5D}","16","0","INFORMATION"," ","0","0","1688103393"," "," ","3684","2984","System","DESKTOP-TC5H5CS","S-1-5-21-2081973557-1603719640-2355346784-1001","<Event xmlns='http://schemas.microsoft.com/win/2004/08/events/event'><System><Provider Name='Microsoft-Windows-Kernel-General' Guid='{a68ca8b7-004f-d7b6-a698-07e2de0f1f5d}'/><EventID>16</EventID><Version>0</Version><Level>4</Level><Task>0</Task><Opcode>0</Opcode><Keywords>0x8000000000000000</Keywords><TimeCreated SystemTime='2023-06-30T05:36:33.8972894Z'/><EventRecordID>351</EventRecordID><Correlation/><Execution ProcessID='3684' ThreadID='2984'/><Channel>System</Channel><Computer>DESKTOP-TC5H5CS</Computer><Security UserID='S-1-5-21-2081973557-1603719640-2355346784-1001'/></System><EventData><Data Name='HiveNameLength'>99</Data><Data Name='HiveName'>\??\C:\Users\test\AppData\Local\Packages\Microsoft.WindowsStore_8wekyb3d8bbwe\Settings\settings.dat</Data><Data Name='KeysUpdated'>3</Data><Data Name='DirtyPages'>1</Data></EventData></Event>"
﻿"352","Microsoft-Windows-Kernel-General","{A68CA8B7-004F-D7B6-A698-07E2DE0F1F5D}","16","0","INFORMATION"," ","0","0","1688103394"," "," ","1104","3420","System","DESKTOP-TC5H5CS","S-1-5-18","<Event xmlns='http://schemas.microsoft.com/win/2004/08/events/event'><System><Provider Name='Microsoft-Windows-Kernel-General' Guid='{a68ca8b7-004f-d7b6-a698-07e2de0f1f5d}'/><EventID>16</EventID><Version>0</Version><Level>4</Level><Task>0</Task><Opcode>0</Opcode><Keywords>0x8000000000000000</Keywords><TimeCreated SystemTime='2023-06-30T05:36:34.2083333Z'/><EventRecordID>352</EventRecordID><Correlation/><Execution ProcessID='1104' ThreadID='3420'/><Channel>System</Channel><Computer>DESKTOP-TC5H5CS</Computer><Security UserID='S-1-5-18'/></System><EventData><Data Name='HiveNameLength'>118</Data><Data Name='HiveName'>\??\C:\Users\test\AppData\Local\Packages\Microsoft.Windows.StartMenuExperienceHost_cw5n1h2txyewy\Settings\settings.dat</Data><Data Name='KeysUpdated'>3</Data><Data Name='DirtyPages'>1</Data></EventData></Event>"
