"eventrecordid","providername","providerguid","eventid","version","level","keywords","task","opcode","createdsystemtime","correlationactivityid","correlationrelatedactivityid","executionprocessid","executionthreadid","channel","computer","securityuserid","evtrenderdata"
﻿"1","EventLog"," ","2147489657","0","INFORMATION"," ","0","0","1688073663"," "," ","0","0","System","WIN-VBFV11TS5L1"," ","<Event xmlns='http://schemas.microsoft.com/win/2004/08/events/event'><System><Provider Name='EventLog'/><EventID Qualifiers='32768'>6009</EventID><Version>0</Version><Level>4</Level><Task>0</Task><Opcode>0</Opcode><Keywords>0x80000000000000</Keywords><TimeCreated SystemTime='2023-06-29T21:21:03.9860687Z'/><EventRecordID>1</EventRecordID><Correlation/><Execution ProcessID='0' ThreadID='0'/><Channel>System</Channel><Computer>WIN-VBFV11TS5L1</Computer><Security/></System><EventData><Data>10.00.</Data><Data>19045</Data><Data></Data><Data>Multiprocessor Free</Data><Data>0</Data></EventData></Event>"
﻿"2","EventLog"," ","2147489653","0","INFORMATION"," ","0","0","1688073663"," "," ","0","0","System","WIN-VBFV11TS5L1"," ","<Event xmlns='http://schemas.microsoft.com/win/2004/08/events/event'><System><Provider Name='EventLog'/><EventID Qualifiers='32768'>6005</EventID><Version>0</Version><Level>4</Level><Task>0</Task><Opcode>0</Opcode><Keywords>0x80000000000000</Keywords><TimeCreated SystemTime='2023-06-29T21:21:03.9860687Z'/><EventRecordID>2</EventRecordID><Correlation/><Execution ProcessID='0' ThreadID='0'/><Channel>System</Channel><Computer>WIN-VBFV11TS5L1</Computer><Security/></System><EventData><Binary>E707060004001D00150015000300DA030000000000000000</Binary></EventData></Event>"
﻿"3","Microsoft-Windows-Kernel-General","{A68CA8B7-004F-D7B6-A698-07E2DE0F1F5D}","12","0","INFORMATION"," ","1","0","1688073629"," "," ","4","8","System","WIN-VBFV11TS5L1","S-1-5-18","<Event xmlns='http://schemas.microsoft.com/win/2004/08/events/event'><System><Provider Name='Microsoft-Windows-Kernel-General' Guid='{a68ca8b7-004f-d7b6-a698-07e2de0f1f5d}'/><EventID>12</EventID><Version>0</Version><Level>4</Level><Task>1</Task><Opcode>0</Opcode><Keywords>0x8000000000000080</Keywords><TimeCreated SystemTime='2023-06-29T21:20:29.5670014Z'/><EventRecordID>3</EventRecordID><Correlation/><Execution ProcessID='4' ThreadID='8'/><Channel>System</Channel><Computer>WIN-VBFV11TS5L1</Computer><Security UserID='S-1-5-18'/></System><EventData><Data Name='MajorVersion'>10</Data><Data Name='MinorVersion'>0</Data><Data Name='BuildVersion'>19041</Data><Data Name='QfeVersion'>2006</Data><Data Name='ServiceVersion'>0</Data><Data Name='BootMode'>0</Data><Data Name='StartTime'>2023-06-29T21:20:29.5000000Z</Data></EventData></Event>"
﻿"4","Microsoft-Windows-Kernel-Boot","{15CA44FF-4D7A-4BAA-BBA5-0998955E531E}","153","0","INFORMATION"," ","62","0","1688073629"," "," ","4","8","System","WIN-VBFV11TS5L1","S-1-5-18","<Event xmlns='http://schemas.microsoft.com/win/2004/08/events/event'><System><Provider Name='Microsoft-Windows-Kernel-Boot' Guid='{15ca44ff-4d7a-4baa-bba5-0998955e531e}'/><EventID>153</EventID><Version>0</Version><Level>4</Level><Task>62</Task><Opcode>0</Opcode><Keywords>0x8000000000000000</Keywords><TimeCreated SystemTime='2023-06-29T21:20:29.5670609Z'/><EventRecordID>4</EventRecordID><Correlation/><Execution ProcessID='4' ThreadID='8'/><Channel>System</Channel><Computer>WIN-VBFV11TS5L1</Computer><Security UserID='S-1-5-18'/></System><EventData><Data Name='Status'>0</Data><Data Name='EnableDisableReason'>0</Data><Data Name='VsmPolicy'>0</Data></EventData></Event>"
﻿"5","Microsoft-Windows-Kernel-Boot","{15CA44FF-4D7A-4BAA-BBA5-0998955E531E}","25","0","INFORMATION"," ","32","0","1688073629"," "," ","4","8","System","WIN-VBFV11TS5L1","S-1-5-18","<Event xmlns='http://schemas.microsoft.com/win/2004/08/events/event'><System><Provider Name='Microsoft-Windows-Kernel-Boot' Guid='{15ca44ff-4d7a-4baa-bba5-0998955e531e}'/><EventID>25</EventID><Version>0</Version><Level>4</Level><Task>32</Task><Opcode>0</Opcode><Keywords>0x8000000000000000</Keywords><TimeCreated SystemTime='2023-06-29T21:20:29.5672116Z'/><EventRecordID>5</EventRecordID><Correlation/><Execution ProcessID='4' ThreadID='8'/><Channel>System</Channel><Computer>WIN-VBFV11TS5L1</Computer><Security UserID='S-1-5-18'/></System><EventData><Data Name='BootMenuPolicy'>1</Data></EventData></Event>"
﻿"6","Microsoft-Windows-Kernel-Boot","{15CA44FF-4D7A-4BAA-BBA5-0998955E531E}","27","1","INFORMATION"," ","33","0","1688073629"," "," ","4","8","System","WIN-VBFV11TS5L1","S-1-5-18","<Event xmlns='http://schemas.microsoft.com/win/2004/08/events/event'><System><Provider Name='Microsoft-Windows-Kernel-Boot' Guid='{15ca44ff-4d7a-4baa-bba5-0998955e531e}'/><EventID>27</EventID><Version>1</Version><Level>4</Level><Task>33</Task><Opcode>0</Opcode><Keywords>0x8000000000000000</Keywords><TimeCreated SystemTime='2023-06-29T21:20:29.5672121Z'/><EventRecordID>6</EventRecordID><Correlation/><Execution ProcessID='4' ThreadID='8'/><Channel>System</Channel><Computer>WIN-VBFV11TS5L1</Computer><Security UserID='S-1-5-18'/></System><EventData><Data Name='BootType'>0</Data><Data Name='LoadOptions'> NOEXECUTE=OPTIN</Data></EventData></Event>"
﻿"7","Microsoft-Windows-Kernel-Boot","{15CA44FF-4D7A-4BAA-BBA5-0998955E531E}","18","0","INFORMATION"," ","57","0","1688073629"," "," ","4","8","System","WIN-VBFV11TS5L1","S-1-5-18","<Event xmlns='http://schemas.microsoft.com/win/2004/08/events/event'><System><Provider Name='Microsoft-Windows-Kernel-Boot' Guid='{15ca44ff-4d7a-4baa-bba5-0998955e531e}'/><EventID>18</EventID><Version>0</Version><Level>4</Level><Task>57</Task><Opcode>0</Opcode><Keywords>0x8000000000000000</Keywords><TimeCreated SystemTime='2023-06-29T21:20:29.5672626Z'/><EventRecordID>7</EventRecordID><Correlation/><Execution ProcessID='4' ThreadID='8'/><Channel>System</Channel><Computer>WIN-VBFV11TS5L1</Computer><Security UserID='S-1-5-18'/></System><EventData><Data Name='EntryCount'>1</Data></EventData></Event>"
﻿"8","Microsoft-Windows-Kernel-Boot","{15CA44FF-4D7A-4BAA-BBA5-0998955E531E}","32","0","INFORMATION"," ","58","0","1688073629"," "," ","4","8","System","WIN-VBFV11TS5L1","S-1-5-18","<Event xmlns='http://schemas.microsoft.com/win/2004/08/events/event'><System><Provider Name='Microsoft-Windows-Kernel-Boot' Guid='{15ca44ff-4d7a-4baa-bba5-0998955e531e}'/><EventID>32</EventID><Version>0</Version><Level>4</Level><Task>58</Task><Opcode>0</Opcode><Keywords>0x8000000000000000</Keywords><TimeCreated SystemTime='2023-06-29T21:20:29.5672836Z'/><EventRecordID>8</EventRecordID><Correlation/><Execution ProcessID='4' ThreadID='8'/><Channel>System</Channel><Computer>WIN-VBFV11TS5L1</Computer><Security UserID='S-1-5-18'/></System><EventData><Data Name='BitlockerUserInputTime'>0</Data></EventData></Event>"
﻿"9","Microsoft-Windows-Kernel-General","{A68CA8B7-004F-D7B6-A698-07E2DE0F1F5D}","20","0","INFORMATION"," ","6","0","1688073629"," "," ","4","8","System","WIN-VBFV11TS5L1","S-1-5-18","<Event xmlns='http://schemas.microsoft.com/win/2004/08/events/event'><System><Provider Name='Microsoft-Windows-Kernel-General' Guid='{a68ca8b7-004f-d7b6-a698-07e2de0f1f5d}'/><EventID>20</EventID><Version>0</Version><Level>4</Level><Task>6</Task><Opcode>0</Opcode><Keywords>0x8000000000000010</Keywords><TimeCreated SystemTime='2023-06-29T21:20:29.5724485Z'/><EventRecordID>9</EventRecordID><Correlation/><Execution ProcessID='4' ThreadID='8'/><Channel>System</Channel><Computer>WIN-VBFV11TS5L1</Computer><Security UserID='S-1-5-18'/></System><EventData><Data Name='UpdateReason'>0</Data><Data Name='EnabledNew'>true</Data><Data Name='CountNew'>0</Data><Data Name='CountOld'>0</Data></EventData></Event>"
﻿"10","Microsoft-Windows-HAL","{63D1E632-95CC-4443-9312-AF927761D52A}","16","0","INFORMATION"," ","0","0","1688073629"," "," ","4","8","System","WIN-VBFV11TS5L1","S-1-5-18","<Event xmlns='http://schemas.microsoft.com/win/2004/08/events/event'><System><Provider Name='Microsoft-Windows-HAL' Guid='{63d1e632-95cc-4443-9312-af927761d52a}'/><EventID>16</EventID><Version>0</Version><Level>4</Level><Task>0</Task><Opcode>0</Opcode><Keywords>0x8000000000000000</Keywords><TimeCreated SystemTime='2023-06-29T21:20:29.6357533Z'/><EventRecordID>10</EventRecordID><Correlation/><Execution ProcessID='4' ThreadID='8'/><Channel>System</Channel><Computer>WIN-VBFV11TS5L1</Computer><Security UserID='S-1-5-18'/></System><EventData></EventData></Event>"
﻿"11","Microsoft-Windows-FilterManager","{F3C5E28E-63F6-49C7-A204-E48A1BC4B09D}","6","0","INFORMATION"," ","0","0","1688073633"," "," ","4","8","System","WIN-VBFV11TS5L1","S-1-5-18","<Event xmlns='http://schemas.microsoft.com/win/2004/08/events/event'><System><Provider Name='Microsoft-Windows-FilterManager' Guid='{f3c5e28e-63f6-49c7-a204-e48a1bc4b09d}'/><EventID>6</EventID><Version>0</Version><Level>4</Level><Task>0</Task><Opcode>0</Opcode><Keywords>0x8000000000000000</Keywords><TimeCreated SystemTime='2023-06-29T21:20:33.5022566Z'/><EventRecordID>11</EventRecordID><Correlation/><Execution ProcessID='4' ThreadID='8'/><Channel>System</Channel><Computer>WIN-VBFV11TS5L1</Computer><Security UserID='S-1-5-18'/></System><EventData><Data Name='FinalStatus'>0x0</Data><Data Name='DeviceVersionMajor'>10</Data><Data Name='DeviceVersionMinor'>0</Data><Data Name='DeviceNameLength'>8</Data><Data Name='DeviceName'>FileInfo</Data><Data Name='DeviceTime'>2062-12-23T13:21:06.0000000Z</Data></EventData></Event>"
﻿"12","Microsoft-Windows-FilterManager","{F3C5E28E-63F6-49C7-A204-E48A1BC4B09D}","6","0","INFORMATION"," ","0","0","1688073633"," "," ","4","8","System","WIN-VBFV11TS5L1","S-1-5-18","<Event xmlns='http://schemas.microsoft.com/win/2004/08/events/event'><System><Provider Name='Microsoft-Windows-FilterManager' Guid='{f3c5e28e-63f6-49c7-a204-e48a1bc4b09d}'/><EventID>6</EventID><Version>0</Version><Level>4</Level><Task>0</Task><Opcode>0</Opcode><Keywords>0x8000000000000000</Keywords><TimeCreated SystemTime='2023-06-29T21:20:33.5030631Z'/><EventRecordID>12</EventRecordID><Correlation/><Execution ProcessID='4' ThreadID='8'/><Channel>System</Channel><Computer>WIN-VBFV11TS5L1</Computer><Security UserID='S-1-5-18'/></System><EventData><Data Name='FinalStatus'>0x0</Data><Data Name='DeviceVersionMajor'>10</Data><Data Name='DeviceVersionMinor'>0</Data><Data Name='DeviceNameLength'>3</Data><Data Name='DeviceName'>Wof</Data><Data Name='DeviceTime'>2024-08-23T22:35:41.0000000Z</Data></EventData></Event>"
﻿"13","Microsoft-Windows-FilterManager","{F3C5E28E-63F6-49C7-A204-E48A1BC4B09D}","6","0","INFORMATION"," ","0","0","1688073633"," "," ","4","8","System","WIN-VBFV11TS5L1","S-1-5-18","<Event xmlns='http://schemas.microsoft.com/win/2004/08/events/event'><System><Provider Name='Microsoft-Windows-FilterManager' Guid='{f3c5e28e-63f6-49c7-a204-e48a1bc4b09d}'/><EventID>6</EventID><Version>0</Version><Level>4</Level><Task>0</Task><Opcode>0</Opcode><Keywords>0x8000000000000000</Keywords><TimeCreated SystemTime='2023-06-29T21:20:33.5037566Z'/><EventRecordID>13</EventRecordID><Correlation/><Execution ProcessID='4' ThreadID='8'/><Channel>System</Channel><Computer>WIN-VBFV11TS5L1</Computer><Security UserID='S-1-5-18'/></System><EventData><Data Name='FinalStatus'>0x0</Data><Data Name='DeviceVersionMajor'>10</Data><Data Name='DeviceVersionMinor'>0</Data><Data Name='DeviceNameLength'>8</Data><Data Name='DeviceName'>WdFilter</Data><Data Name='DeviceTime'>2066-04-09T12:52:09.0000000Z</Data></EventData></Event>"
﻿"14","Microsoft-Windows-Ntfs","{3FF37A1C-A68D-4D6E-8C9B-F79E8B16C482}","98","0","INFORMATION"," ","0","0","1688073634"," "," ","4","300","System","WIN-VBFV11TS5L1","S-1-5-18","<Event xmlns='http://schemas.microsoft.com/win/2004/08/events/event'><System><Provider Name='Microsoft-Windows-Ntfs' Guid='{3ff37a1c-a68d-4d6e-8c9b-f79e8b16c482}'/><EventID>98</EventID><Version>0</Version><Level>4</Level><Task>0</Task><Opcode>0</Opcode><Keywords>0x8000000000000002</Keywords><TimeCreated SystemTime='2023-06-29T21:20:34.2196406Z'/><EventRecordID>14</EventRecordID><Correlation/><Execution ProcessID='4' ThreadID='300'/><Channel>System</Channel><Computer>WIN-VBFV11TS5L1</Computer><Security UserID='S-1-5-18'/></System><EventData><Data Name='DriveName'>C:</Data><Data Name='DeviceName'>\Device\HarddiskVolume2</Data><Data Name='CorruptionActionState'>0</Data></EventData></Event>"
﻿"15","Microsoft-Windows-FilterManager","{F3C5E28E-63F6-49C7-A204-E48A1BC4B09D}","6","0","INFORMATION"," ","0","0","1688073635"," "," ","4","8","System","WIN-VBFV11TS5L1","S-1-5-18","<Event xmlns='http://schemas.microsoft.com/win/2004/08/events/event'><System><Provider Name='Microsoft-Windows-FilterManager' Guid='{f3c5e28e-63f6-49c7-a204-e48a1bc4b09d}'/><EventID>6</EventID><Version>0</Version><Level>4</Level><Task>0</Task><Opcode>0</Opcode><Keywords>0x8000000000000000</Keywords><TimeCreated SystemTime='2023-06-29T21:20:35.5198300Z'/><EventRecordID>15</EventRecordID><Correlation/><Execution ProcessID='4' ThreadID='8'/><Channel>System</Channel><Computer>WIN-VBFV11TS5L1</Computer><Security UserID='S-1-5-18'/></System><EventData><Data Name='FinalStatus'>0x0</Data><Data Name='DeviceVersionMajor'>10</Data><Data Name='DeviceVersionMinor'>0</Data><Data Name='DeviceNameLength'>9</Data><Data Name='DeviceName'>FileCrypt</Data><Data Name='DeviceTime'>2002-03-01T19:12:42.0000000Z</Data></EventData></Event>"
﻿"16","Microsoft-Windows-Kernel-Processor-Power","{0F67E49F-FE51-4E9F-B490-6F2948CC6027}","55","0","INFORMATION"," ","47","0","1688073635"," "," ","4","328","System","WIN-VBFV11TS5L1","S-1-5-18","<Event xmlns='http://schemas.microsoft.com/win/2004/08/events/event'><System><Provider Name='Microsoft-Windows-Kernel-Processor-Power' Guid='{0f67e49f-fe51-4e9f-b490-6f2948cc6027}'/><EventID>55</EventID><Version>0</Version><Level>4</Level><Task>47</Task><Opcode>0</Opcode><Keywords>0x8000000000000000</Keywords><TimeCreated SystemTime='2023-06-29T21:20:35.8833740Z'/><EventRecordID>16</EventRecordID><Correlation/><Execution ProcessID='4' ThreadID='328'/><Channel>System</Channel><Computer>WIN-VBFV11TS5L1</Computer><Security UserID='S-1-5-18'/></System><EventData><Data Name='Group'>0</Data><Data Name='Number'>0</Data><Data Name='IdleStateCount'>1</Data><Data Name='IdleImplementation'>1</Data><Data Name='NominalFrequency'>2195</Data><Data Name='MaximumPerformancePercent'>100</Data><Data Name='MinimumPerformancePercent'>100</Data><Data Name='MinimumThrottlePercent'>12</Data><Data Name='PerformanceImplementation'>1</Data></EventData></Event>"
﻿"17","Microsoft-Windows-Kernel-Processor-Power","{0F67E49F-FE51-4E9F-B490-6F2948CC6027}","55","0","INFORMATION"," ","47","0","1688073635"," "," ","4","328","System","WIN-VBFV11TS5L1","S-1-5-18","<Event xmlns='http://schemas.microsoft.com/win/2004/08/events/event'><System><Provider Name='Microsoft-Windows-Kernel-Processor-Power' Guid='{0f67e49f-fe51-4e9f-b490-6f2948cc6027}'/><EventID>55</EventID><Version>0</Version><Level>4</Level><Task>47</Task><Opcode>0</Opcode><Keywords>0x8000000000000000</Keywords><TimeCreated SystemTime='2023-06-29T21:20:35.8844146Z'/><EventRecordID>17</EventRecordID><Correlation/><Execution ProcessID='4' ThreadID='328'/><Channel>System</Channel><Computer>WIN-VBFV11TS5L1</Computer><Security UserID='S-1-5-18'/></System><EventData><Data Name='Group'>0</Data><Data Name='Number'>3</Data><Data Name='IdleStateCount'>1</Data><Data Name='IdleImplementation'>1</Data><Data Name='NominalFrequency'>2195</Data><Data Name='MaximumPerformancePercent'>100</Data><Data Name='MinimumPerformancePercent'>100</Data><Data Name='MinimumThrottlePercent'>12</Data><Data Name='PerformanceImplementation'>1</Data></EventData></Event>"
﻿"18","Microsoft-Windows-Kernel-Processor-Power","{0F67E49F-FE51-4E9F-B490-6F2948CC6027}","55","0","INFORMATION"," ","47","0","1688073635"," "," ","4","328","System","WIN-VBFV11TS5L1","S-1-5-18","<Event xmlns='http://schemas.microsoft.com/win/2004/08/events/event'><System><Provider Name='Microsoft-Windows-Kernel-Processor-Power' Guid='{0f67e49f-fe51-4e9f-b490-6f2948cc6027}'/><EventID>55</EventID><Version>0</Version><Level>4</Level><Task>47</Task><Opcode>0</Opcode><Keywords>0x8000000000000000</Keywords><TimeCreated SystemTime='2023-06-29T21:20:35.8852322Z'/><EventRecordID>18</EventRecordID><Correlation/><Execution ProcessID='4' ThreadID='328'/><Channel>System</Channel><Computer>WIN-VBFV11TS5L1</Computer><Security UserID='S-1-5-18'/></System><EventData><Data Name='Group'>0</Data><Data Name='Number'>2</Data><Data Name='IdleStateCount'>1</Data><Data Name='IdleImplementation'>1</Data><Data Name='NominalFrequency'>2195</Data><Data Name='MaximumPerformancePercent'>100</Data><Data Name='MinimumPerformancePercent'>100</Data><Data Name='MinimumThrottlePercent'>12</Data><Data Name='PerformanceImplementation'>1</Data></EventData></Event>"
﻿"19","Microsoft-Windows-Kernel-Processor-Power","{0F67E49F-FE51-4E9F-B490-6F2948CC6027}","55","0","INFORMATION"," ","47","0","1688073635"," "," ","4","328","System","WIN-VBFV11TS5L1","S-1-5-18","<Event xmlns='http://schemas.microsoft.com/win/2004/08/events/event'><System><Provider Name='Microsoft-Windows-Kernel-Processor-Power' Guid='{0f67e49f-fe51-4e9f-b490-6f2948cc6027}'/><EventID>55</EventID><Version>0</Version><Level>4</Level><Task>47</Task><Opcode>0</Opcode><Keywords>0x8000000000000000</Keywords><TimeCreated SystemTime='2023-06-29T21:20:35.8861524Z'/><EventRecordID>19</EventRecordID><Correlation/><Execution ProcessID='4' ThreadID='328'/><Channel>System</Channel><Computer>WIN-VBFV11TS5L1</Computer><Security UserID='S-1-5-18'/></System><EventData><Data Name='Group'>0</Data><Data Name='Number'>1</Data><Data Name='IdleStateCount'>1</Data><Data Name='IdleImplementation'>1</Data><Data Name='NominalFrequency'>2195</Data><Data Name='MaximumPerformancePercent'>100</Data><Data Name='MinimumPerformancePercent'>100</Data><Data Name='MinimumThrottlePercent'>12</Data><Data Name='PerformanceImplementation'>1</Data></EventData></Event>"
﻿"20","Microsoft-Windows-FilterManager","{F3C5E28E-63F6-49C7-A204-E48A1BC4B09D}","6","0","INFORMATION"," ","0","0","1688073636"," "," ","4","8","System","WIN-VBFV11TS5L1","S-1-5-18","<Event xmlns='http://schemas.microsoft.com/win/2004/08/events/event'><System><Provider Name='Microsoft-Windows-FilterManager' Guid='{f3c5e28e-63f6-49c7-a204-e48a1bc4b09d}'/><EventID>6</EventID><Version>0</Version><Level>4</Level><Task>0</Task><Opcode>0</Opcode><Keywords>0x8000000000000000</Keywords><TimeCreated SystemTime='2023-06-29T21:20:36.2302635Z'/><EventRecordID>20</EventRecordID><Correlation/><Execution ProcessID='4' ThreadID='8'/><Channel>System</Channel><Computer>WIN-VBFV11TS5L1</Computer><Security UserID='S-1-5-18'/></System><EventData><Data Name='FinalStatus'>0x0</Data><Data Name='DeviceVersionMajor'>10</Data><Data Name='DeviceVersionMinor'>0</Data><Data Name='DeviceNameLength'>9</Data><Data Name='DeviceName'>npsvctrig</Data><Data Name='DeviceTime'>2025-01-06T10:41:12.0000000Z</Data></EventData></Event>"
﻿"21","Microsoft-Windows-Ntfs","{3FF37A1C-A68D-4D6E-8C9B-F79E8B16C482}","98","0","INFORMATION"," ","0","0","1688073636"," "," ","4","332","System","WIN-VBFV11TS5L1","S-1-5-18","<Event xmlns='http://schemas.microsoft.com/win/2004/08/events/event'><System><Provider Name='Microsoft-Windows-Ntfs' Guid='{3ff37a1c-a68d-4d6e-8c9b-f79e8b16c482}'/><EventID>98</EventID><Version>0</Version><Level>4</Level><Task>0</Task><Opcode>0</Opcode><Keywords>0x8000000000000002</Keywords><TimeCreated SystemTime='2023-06-29T21:20:36.3235429Z'/><EventRecordID>21</EventRecordID><Correlation/><Execution ProcessID='4' ThreadID='332'/><Channel>System</Channel><Computer>WIN-VBFV11TS5L1</Computer><Security UserID='S-1-5-18'/></System><EventData><Data Name='DriveName'>\\?\Volume{47a18612-0000-0000-0000-100000000000}</Data><Data Name='DeviceName'>\Device\HarddiskVolume1</Data><Data Name='CorruptionActionState'>0</Data></EventData></Event>"
﻿"22","Microsoft-Windows-Kernel-Power","{331C3B3A-2005-44C2-AC5E-77220C37D6B4}","172","0","INFORMATION"," ","203","0","1688073636"," "," ","4","332","System","WIN-VBFV11TS5L1","S-1-5-18","<Event xmlns='http://schemas.microsoft.com/win/2004/08/events/event'><System><Provider Name='Microsoft-Windows-Kernel-Power' Guid='{331c3b3a-2005-44c2-ac5e-77220c37d6b4}'/><EventID>172</EventID><Version>0</Version><Level>4</Level><Task>203</Task><Opcode>0</Opcode><Keywords>0x8000000000000404</Keywords><TimeCreated SystemTime='2023-06-29T21:20:36.4938542Z'/><EventRecordID>22</EventRecordID><Correlation/><Execution ProcessID='4' ThreadID='332'/><Channel>System</Channel><Computer>WIN-VBFV11TS5L1</Computer><Security UserID='S-1-5-18'/></System><EventData><Data Name='State'>2</Data><Data Name='Reason'>6</Data></EventData></Event>"
﻿"23","Microsoft-Windows-Kernel-General","{A68CA8B7-004F-D7B6-A698-07E2DE0F1F5D}","24","0","INFORMATION"," ","11","0","1688073640"," "," ","108","428","System","WIN-VBFV11TS5L1","S-1-5-18","<Event xmlns='http://schemas.microsoft.com/win/2004/08/events/event'><System><Provider Name='Microsoft-Windows-Kernel-General' Guid='{a68ca8b7-004f-d7b6-a698-07e2de0f1f5d}'/><EventID>24</EventID><Version>0</Version><Level>4</Level><Task>11</Task><Opcode>0</Opcode><Keywords>0x8000000000000010</Keywords><TimeCreated SystemTime='2023-06-29T21:20:40.4404389Z'/><EventRecordID>23</EventRecordID><Correlation/><Execution ProcessID='108' ThreadID='428'/><Channel>System</Channel><Computer>WIN-VBFV11TS5L1</Computer><Security UserID='S-1-5-18'/></System><EventData><Data Name='ExitReason'>0</Data><Data Name='CurrentBias'>-480</Data><Data Name='CurrentTimeZoneID'>0</Data><Data Name='TimeZoneInfoCacheUpdated'>0</Data><Data Name='FirstRefresh'>0</Data></EventData></Event>"
﻿"24","Microsoft-Windows-Wininit","{206F6DEA-D3C5-4D10-BC72-989F03C8B84B}","14","0","INFORMATION"," ","0","0","1688073642"," "," ","564","568","System","WIN-VBFV11TS5L1","S-1-5-18","<Event xmlns='http://schemas.microsoft.com/win/2004/08/events/event'><System><Provider Name='Microsoft-Windows-Wininit' Guid='{206f6dea-d3c5-4d10-bc72-989f03c8b84b}'/><EventID>14</EventID><Version>0</Version><Level>4</Level><Task>0</Task><Opcode>0</Opcode><Keywords>0x4000000000000000</Keywords><TimeCreated SystemTime='2023-06-29T21:20:42.3697209Z'/><EventRecordID>24</EventRecordID><Correlation/><Execution ProcessID='564' ThreadID='568'/><Channel>System</Channel><Computer>WIN-VBFV11TS5L1</Computer><Security UserID='S-1-5-18'/></System><EventData><Data Name='Config'>0</Data><Data Name='IsTestConfig'>0</Data></EventData></Event>"
﻿"25","Microsoft-Windows-Directory-Services-SAM","{0D4FDC09-8C27-494A-BDA0-505E4FD8ADAE}","16962","0","INFORMATION"," ","0","0","1688073644","{87A91B10-AACF-0002-901B-A987CFAAD901}"," ","700","704","System","WIN-VBFV11TS5L1","S-1-5-18","<Event xmlns='http://schemas.microsoft.com/win/2004/08/events/event'><System><Provider Name='Microsoft-Windows-Directory-Services-SAM' Guid='{0d4fdc09-8c27-494a-bda0-505e4fd8adae}'/><EventID>16962</EventID><Version>0</Version><Level>4</Level><Task>0</Task><Opcode>0</Opcode><Keywords>0x8000000000000000</Keywords><TimeCreated SystemTime='2023-06-29T21:20:44.2245674Z'/><EventRecordID>25</EventRecordID><Correlation ActivityID='{87a91b10-aacf-0002-901b-a987cfaad901}'/><Execution ProcessID='700' ThreadID='704'/><Channel>System</Channel><Computer>WIN-VBFV11TS5L1</Computer><Security UserID='S-1-5-18'/></System><EventData Name='SAMMSG_RESTRICT_REMOTE_SAM_DEFAULT_SD'><Data Name='Default SD String:'>O:SYG:SYD:(A;;RC;;;BA)</Data></EventData></Event>"
﻿"26","Microsoft-Windows-Directory-Services-SAM","{0D4FDC09-8C27-494A-BDA0-505E4FD8ADAE}","16977","0","INFORMATION"," ","0","0","1688073644","{87A91B10-AACF-0002-901B-A987CFAAD901}"," ","700","704","System","WIN-VBFV11TS5L1","S-1-5-18","<Event xmlns='http://schemas.microsoft.com/win/2004/08/events/event'><System><Provider Name='Microsoft-Windows-Directory-Services-SAM' Guid='{0d4fdc09-8c27-494a-bda0-505e4fd8adae}'/><EventID>16977</EventID><Version>0</Version><Level>4</Level><Task>0</Task><Opcode>0</Opcode><Keywords>0x8000000000000000</Keywords><TimeCreated SystemTime='2023-06-29T21:20:44.3289451Z'/><EventRecordID>26</EventRecordID><Correlation ActivityID='{87a91b10-aacf-0002-901b-a987cfaad901}'/><Execution ProcessID='700' ThreadID='704'/><Channel>System</Channel><Computer>WIN-VBFV11TS5L1</Computer><Security UserID='S-1-5-18'/></System><EventData Name='SAMMSG_MINPWDLEN_SETTINGS_IN_EFFECT'><Data Name='MinimumPasswordLength'>0</Data><Data Name='RelaxMinimumPasswordLengthLimits'>0</Data><Data Name='MinimumPasswordLengthAudit'>-1</Data></EventData></Event>"
﻿"27","Microsoft-Windows-Directory-Services-SAM","{0D4FDC09-8C27-494A-BDA0-505E4FD8ADAE}","16983","0","INFORMATION"," ","0","0","1688073644","{87A91B10-AACF-0002-901B-A987CFAAD901}"," ","700","704","System","WIN-VBFV11TS5L1","S-1-5-18","<Event xmlns='http://schemas.microsoft.com/win/2004/08/events/event'><System><Provider Name='Microsoft-Windows-Directory-Services-SAM' Guid='{0d4fdc09-8c27-494a-bda0-505e4fd8adae}'/><EventID>16983</EventID><Version>0</Version><Level>4</Level><Task>0</Task><Opcode>0</Opcode><Keywords>0x8000000000000000</Keywords><TimeCreated SystemTime='2023-06-29T21:20:44.3289486Z'/><EventRecordID>27</EventRecordID><Correlation ActivityID='{87a91b10-aacf-0002-901b-a987cfaad901}'/><Execution ProcessID='700' ThreadID='704'/><Channel>System</Channel><Computer>WIN-VBFV11TS5L1</Computer><Security UserID='S-1-5-18'/></System><EventData Name='SAMMSG_AUDIT_LEGACY_PWD_RPC_METHODS_OFF'></EventData></Event>"
﻿"28","Microsoft-Windows-Directory-Services-SAM","{0D4FDC09-8C27-494A-BDA0-505E4FD8ADAE}","16977","0","INFORMATION"," ","0","0","1688073661","{87A91B10-AACF-0002-901B-A987CFAAD901}"," ","700","812","System","WIN-VBFV11TS5L1","S-1-5-18","<Event xmlns='http://schemas.microsoft.com/win/2004/08/events/event'><System><Provider Name='Microsoft-Windows-Directory-Services-SAM' Guid='{0d4fdc09-8c27-494a-bda0-505e4fd8adae}'/><EventID>16977</EventID><Version>0</Version><Level>4</Level><Task>0</Task><Opcode>0</Opcode><Keywords>0x8000000000000000</Keywords><TimeCreated SystemTime='2023-06-29T21:21:01.7405401Z'/><EventRecordID>28</EventRecordID><Correlation ActivityID='{87a91b10-aacf-0002-901b-a987cfaad901}'/><Execution ProcessID='700' ThreadID='812'/><Channel>System</Channel><Computer>WIN-VBFV11TS5L1</Computer><Security UserID='S-1-5-18'/></System><EventData Name='SAMMSG_MINPWDLEN_SETTINGS_IN_EFFECT'><Data Name='MinimumPasswordLength'>0</Data><Data Name='RelaxMinimumPasswordLengthLimits'>0</Data><Data Name='MinimumPasswordLengthAudit'>-1</Data></EventData></Event>"
﻿"29","Microsoft-Windows-Kernel-General","{A68CA8B7-004F-D7B6-A698-07E2DE0F1F5D}","16","0","INFORMATION"," ","0","0","1688073663"," "," ","824","936","System","WIN-VBFV11TS5L1","S-1-5-18","<Event xmlns='http://schemas.microsoft.com/win/2004/08/events/event'><System><Provider Name='Microsoft-Windows-Kernel-General' Guid='{a68ca8b7-004f-d7b6-a698-07e2de0f1f5d}'/><EventID>16</EventID><Version>0</Version><Level>4</Level><Task>0</Task><Opcode>0</Opcode><Keywords>0x8000000000000000</Keywords><TimeCreated SystemTime='2023-06-29T21:21:03.2963985Z'/><EventRecordID>29</EventRecordID><Correlation/><Execution ProcessID='824' ThreadID='936'/><Channel>System</Channel><Computer>WIN-VBFV11TS5L1</Computer><Security UserID='S-1-5-18'/></System><EventData><Data Name='HiveNameLength'>31</Data><Data Name='HiveName'>\SystemRoot\System32\Config\BBI</Data><Data Name='KeysUpdated'>1</Data><Data Name='DirtyPages'>1</Data></EventData></Event>"
﻿"30","Microsoft-Windows-FilterManager","{F3C5E28E-63F6-49C7-A204-E48A1BC4B09D}","6","0","INFORMATION"," ","0","0","1688073663"," "," ","4","300","System","WIN-VBFV11TS5L1","S-1-5-18","<Event xmlns='http://schemas.microsoft.com/win/2004/08/events/event'><System><Provider Name='Microsoft-Windows-FilterManager' Guid='{f3c5e28e-63f6-49c7-a204-e48a1bc4b09d}'/><EventID>6</EventID><Version>0</Version><Level>4</Level><Task>0</Task><Opcode>0</Opcode><Keywords>0x8000000000000000</Keywords><TimeCreated SystemTime='2023-06-29T21:21:03.5555136Z'/><EventRecordID>30</EventRecordID><Correlation/><Execution ProcessID='4' ThreadID='300'/><Channel>System</Channel><Computer>WIN-VBFV11TS5L1</Computer><Security UserID='S-1-5-18'/></System><EventData><Data Name='FinalStatus'>0x0</Data><Data Name='DeviceVersionMajor'>10</Data><Data Name='DeviceVersionMinor'>0</Data><Data Name='DeviceNameLength'>5</Data><Data Name='DeviceName'>wcifs</Data><Data Name='DeviceTime'>1989-06-10T06:43:09.0000000Z</Data></EventData></Event>"
﻿"31","Microsoft-Windows-FilterManager","{F3C5E28E-63F6-49C7-A204-E48A1BC4B09D}","6","0","INFORMATION"," ","0","0","1688073664"," "," ","4","132","System","WIN-VBFV11TS5L1","S-1-5-18","<Event xmlns='http://schemas.microsoft.com/win/2004/08/events/event'><System><Provider Name='Microsoft-Windows-FilterManager' Guid='{f3c5e28e-63f6-49c7-a204-e48a1bc4b09d}'/><EventID>6</EventID><Version>0</Version><Level>4</Level><Task>0</Task><Opcode>0</Opcode><Keywords>0x8000000000000000</Keywords><TimeCreated SystemTime='2023-06-29T21:21:04.0776927Z'/><EventRecordID>31</EventRecordID><Correlation/><Execution ProcessID='4' ThreadID='132'/><Channel>System</Channel><Computer>WIN-VBFV11TS5L1</Computer><Security UserID='S-1-5-18'/></System><EventData><Data Name='FinalStatus'>0x0</Data><Data Name='DeviceVersionMajor'>10</Data><Data Name='DeviceVersionMinor'>0</Data><Data Name='DeviceNameLength'>5</Data><Data Name='DeviceName'>luafv</Data><Data Name='DeviceTime'>2041-09-19T13:13:33.0000000Z</Data></EventData></Event>"
﻿"32","Microsoft-Windows-FilterManager","{F3C5E28E-63F6-49C7-A204-E48A1BC4B09D}","6","0","INFORMATION"," ","0","0","1688073664"," "," ","4","132","System","WIN-VBFV11TS5L1","S-1-5-18","<Event xmlns='http://schemas.microsoft.com/win/2004/08/events/event'><System><Provider Name='Microsoft-Windows-FilterManager' Guid='{f3c5e28e-63f6-49c7-a204-e48a1bc4b09d}'/><EventID>6</EventID><Version>0</Version><Level>4</Level><Task>0</Task><Opcode>0</Opcode><Keywords>0x8000000000000000</Keywords><TimeCreated SystemTime='2023-06-29T21:21:04.1012294Z'/><EventRecordID>32</EventRecordID><Correlation/><Execution ProcessID='4' ThreadID='132'/><Channel>System</Channel><Computer>WIN-VBFV11TS5L1</Computer><Security UserID='S-1-5-18'/></System><EventData><Data Name='FinalStatus'>0x0</Data><Data Name='DeviceVersionMajor'>10</Data><Data Name='DeviceVersionMinor'>0</Data><Data Name='DeviceNameLength'>6</Data><Data Name='DeviceName'>CldFlt</Data><Data Name='DeviceTime'>2065-07-23T23:07:43.0000000Z</Data></EventData></Event>"
﻿"33","Microsoft-Windows-FilterManager","{F3C5E28E-63F6-49C7-A204-E48A1BC4B09D}","1","0","INFORMATION"," ","0","0","1688073664"," "," ","4","132","System","WIN-VBFV11TS5L1","S-1-5-18","<Event xmlns='http://schemas.microsoft.com/win/2004/08/events/event'><System><Provider Name='Microsoft-Windows-FilterManager' Guid='{f3c5e28e-63f6-49c7-a204-e48a1bc4b09d}'/><EventID>1</EventID><Version>0</Version><Level>4</Level><Task>0</Task><Opcode>0</Opcode><Keywords>0x8000000000000000</Keywords><TimeCreated SystemTime='2023-06-29T21:21:04.1012419Z'/><EventRecordID>33</EventRecordID><Correlation/><Execution ProcessID='4' ThreadID='132'/><Channel>System</Channel><Computer>WIN-VBFV11TS5L1</Computer><Security UserID='S-1-5-18'/></System><EventData><Data Name='FinalStatus'>0x0</Data><Data Name='DeviceVersionMajor'>10</Data><Data Name='DeviceVersionMinor'>0</Data><Data Name='DeviceNameLength'>6</Data><Data Name='DeviceName'>CldFlt</Data><Data Name='DeviceTime'>2065-07-23T23:07:43.0000000Z</Data></EventData></Event>"
﻿"34","Microsoft-Windows-FilterManager","{F3C5E28E-63F6-49C7-A204-E48A1BC4B09D}","6","0","INFORMATION"," ","0","0","1688073664"," "," ","4","132","System","WIN-VBFV11TS5L1","S-1-5-18","<Event xmlns='http://schemas.microsoft.com/win/2004/08/events/event'><System><Provider Name='Microsoft-Windows-FilterManager' Guid='{f3c5e28e-63f6-49c7-a204-e48a1bc4b09d}'/><EventID>6</EventID><Version>0</Version><Level>4</Level><Task>0</Task><Opcode>0</Opcode><Keywords>0x8000000000000000</Keywords><TimeCreated SystemTime='2023-06-29T21:21:04.1012960Z'/><EventRecordID>34</EventRecordID><Correlation/><Execution ProcessID='4' ThreadID='132'/><Channel>System</Channel><Computer>WIN-VBFV11TS5L1</Computer><Security UserID='S-1-5-18'/></System><EventData><Data Name='FinalStatus'>0x0</Data><Data Name='DeviceVersionMajor'>10</Data><Data Name='DeviceVersionMinor'>0</Data><Data Name='DeviceNameLength'>6</Data><Data Name='DeviceName'>CldFlt</Data><Data Name='DeviceTime'>2065-07-23T23:07:43.0000000Z</Data></EventData></Event>"
﻿"35","Microsoft-Windows-FilterManager","{F3C5E28E-63F6-49C7-A204-E48A1BC4B09D}","6","0","INFORMATION"," ","0","0","1688073664"," "," ","4","132","System","WIN-VBFV11TS5L1","S-1-5-18","<Event xmlns='http://schemas.microsoft.com/win/2004/08/events/event'><System><Provider Name='Microsoft-Windows-FilterManager' Guid='{f3c5e28e-63f6-49c7-a204-e48a1bc4b09d}'/><EventID>6</EventID><Version>0</Version><Level>4</Level><Task>0</Task><Opcode>0</Opcode><Keywords>0x8000000000000000</Keywords><TimeCreated SystemTime='2023-06-29T21:21:04.1214357Z'/><EventRecordID>35</EventRecordID><Correlation/><Execution ProcessID='4' ThreadID='132'/><Channel>System</Channel><Computer>WIN-VBFV11TS5L1</Computer><Security UserID='S-1-5-18'/></System><EventData><Data Name='FinalStatus'>0x0</Data><Data Name='DeviceVersionMajor'>10</Data><Data Name='DeviceVersionMinor'>0</Data><Data Name='DeviceNameLength'>10</Data><Data Name='DeviceName'>storqosflt</Data><Data Name='DeviceTime'>2007-04-10T02:08:30.0000000Z</Data></EventData></Event>"
﻿"36","Microsoft-Windows-FilterManager","{F3C5E28E-63F6-49C7-A204-E48A1BC4B09D}","6","0","INFORMATION"," ","0","0","1688073664"," "," ","4","132","System","WIN-VBFV11TS5L1","S-1-5-18","<Event xmlns='http://schemas.microsoft.com/win/2004/08/events/event'><System><Provider Name='Microsoft-Windows-FilterManager' Guid='{f3c5e28e-63f6-49c7-a204-e48a1bc4b09d}'/><EventID>6</EventID><Version>0</Version><Level>4</Level><Task>0</Task><Opcode>0</Opcode><Keywords>0x8000000000000000</Keywords><TimeCreated SystemTime='2023-06-29T21:21:04.1458459Z'/><EventRecordID>36</EventRecordID><Correlation/><Execution ProcessID='4' ThreadID='132'/><Channel>System</Channel><Computer>WIN-VBFV11TS5L1</Computer><Security UserID='S-1-5-18'/></System><EventData><Data Name='FinalStatus'>0x0</Data><Data Name='DeviceVersionMajor'>10</Data><Data Name='DeviceVersionMinor'>0</Data><Data Name='DeviceNameLength'>7</Data><Data Name='DeviceName'>bindflt</Data><Data Name='DeviceTime'>2001-11-10T12:51:01.0000000Z</Data></EventData></Event>"
﻿"37","Microsoft-Windows-Dhcp-Client","{15A7A4F8-0072-4EAB-ABAD-F98A4D666AED}","50036","0","INFORMATION"," ","4","68","1688073664"," "," ","1596","1616","System","WIN-VBFV11TS5L1","S-1-5-19","<Event xmlns='http://schemas.microsoft.com/win/2004/08/events/event'><System><Provider Name='Microsoft-Windows-Dhcp-Client' Guid='{15a7a4f8-0072-4eab-abad-f98a4d666aed}'/><EventID>50036</EventID><Version>0</Version><Level>4</Level><Task>4</Task><Opcode>68</Opcode><Keywords>0x2000000000000000</Keywords><TimeCreated SystemTime='2023-06-29T21:21:04.2128647Z'/><EventRecordID>37</EventRecordID><Correlation/><Execution ProcessID='1596' ThreadID='1616'/><Channel>System</Channel><Computer>WIN-VBFV11TS5L1</Computer><Security UserID='S-1-5-19'/></System><EventData></EventData></Event>"
﻿"38","Microsoft-Windows-Dhcp-Client","{15A7A4F8-0072-4EAB-ABAD-F98A4D666AED}","50103","0","INFORMATION"," ","4","129","1688073664"," "," ","1596","1616","System","WIN-VBFV11TS5L1","S-1-5-19","<Event xmlns='http://schemas.microsoft.com/win/2004/08/events/event'><System><Provider Name='Microsoft-Windows-Dhcp-Client' Guid='{15a7a4f8-0072-4eab-abad-f98a4d666aed}'/><EventID>50103</EventID><Version>0</Version><Level>4</Level><Task>4</Task><Opcode>129</Opcode><Keywords>0x2000000000000000</Keywords><TimeCreated SystemTime='2023-06-29T21:21:04.2129104Z'/><EventRecordID>38</EventRecordID><Correlation/><Execution ProcessID='1596' ThreadID='1616'/><Channel>System</Channel><Computer>WIN-VBFV11TS5L1</Computer><Security UserID='S-1-5-19'/></System><EventData></EventData></Event>"
﻿"39","Microsoft-Windows-DHCPv6-Client","{6A1F2B00-6A90-4C38-95A5-5CAB3B056778}","51046","0","INFORMATION"," ","4","62","1688073664"," "," ","1596","1808","System","WIN-VBFV11TS5L1","S-1-5-19","<Event xmlns='http://schemas.microsoft.com/win/2004/08/events/event'><System><Provider Name='Microsoft-Windows-DHCPv6-Client' Guid='{6a1f2b00-6a90-4c38-95a5-5cab3b056778}'/><EventID>51046</EventID><Version>0</Version><Level>4</Level><Task>4</Task><Opcode>62</Opcode><Keywords>0x2000000000000000</Keywords><TimeCreated SystemTime='2023-06-29T21:21:04.3726376Z'/><EventRecordID>39</EventRecordID><Correlation/><Execution ProcessID='1596' ThreadID='1808'/><Channel>System</Channel><Computer>WIN-VBFV11TS5L1</Computer><Security UserID='S-1-5-19'/></System><EventData></EventData></Event>"
﻿"40","Service Control Manager","{555908D1-A6D7-4695-8E1E-26931D2012F4}","3221232495","0","ERROR"," ","0","0","1688073665"," "," ","680","808","System","WIN-VBFV11TS5L1"," ","<Event xmlns='http://schemas.microsoft.com/win/2004/08/events/event'><System><Provider Name='Service Control Manager' Guid='{555908d1-a6d7-4695-8e1e-26931d2012f4}' EventSourceName='Service Control Manager'/><EventID Qualifiers='49152'>7023</EventID><Version>0</Version><Level>2</Level><Task>0</Task><Opcode>0</Opcode><Keywords>0x8080000000000000</Keywords><TimeCreated SystemTime='2023-06-29T21:21:05.5642216Z'/><EventRecordID>40</EventRecordID><Correlation/><Execution ProcessID='680' ThreadID='808'/><Channel>System</Channel><Computer>WIN-VBFV11TS5L1</Computer><Security/></System><EventData><Data Name='param1'>netprofm</Data><Data Name='param2'>%%21</Data><Binary>6E0065007400700072006F0066006D000000</Binary></EventData></Event>"
﻿"41","Workstation"," ","3261","0","INFORMATION"," ","0","0","1688073675"," "," ","0","0","System","WIN-VBFV11TS5L1"," ","<Event xmlns='http://schemas.microsoft.com/win/2004/08/events/event'><System><Provider Name='Workstation'/><EventID Qualifiers='0'>3261</EventID><Version>0</Version><Level>4</Level><Task>0</Task><Opcode>0</Opcode><Keywords>0x80000000000000</Keywords><TimeCreated SystemTime='2023-06-29T21:21:15.8923233Z'/><EventRecordID>41</EventRecordID><Correlation/><Execution ProcessID='0' ThreadID='0'/><Channel>System</Channel><Computer>WIN-VBFV11TS5L1</Computer><Security/></System><EventData><Data>WORKGROUP</Data></EventData></Event>"
﻿"42","Service Control Manager","{555908D1-A6D7-4695-8E1E-26931D2012F4}","3221232498","0","INFORMATION"," ","0","0","1688073675"," "," ","680","684","System","WIN-VBFV11TS5L1"," ","<Event xmlns='http://schemas.microsoft.com/win/2004/08/events/event'><System><Provider Name='Service Control Manager' Guid='{555908d1-a6d7-4695-8e1e-26931d2012f4}' EventSourceName='Service Control Manager'/><EventID Qualifiers='49152'>7026</EventID><Version>0</Version><Level>4</Level><Task>0</Task><Opcode>0</Opcode><Keywords>0x8080000000000000</Keywords><TimeCreated SystemTime='2023-06-29T21:21:15.0329424Z'/><EventRecordID>42</EventRecordID><Correlation/><Execution ProcessID='680' ThreadID='684'/><Channel>System</Channel><Computer>WIN-VBFV11TS5L1</Computer><Security/></System><EventData><Data Name='param1'>
CSC
dam</Data></EventData></Event>"
﻿"43","Microsoft-Windows-Kernel-PnP","{9C205A39-1250-487D-ABD7-E831C6290539}","225","0","WARNING"," ","223","0","1688073676"," "," ","4","116","System","WIN-VBFV11TS5L1","S-1-5-18","<Event xmlns='http://schemas.microsoft.com/win/2004/08/events/event'><System><Provider Name='Microsoft-Windows-Kernel-PnP' Guid='{9c205a39-1250-487d-abd7-e831c6290539}'/><EventID>225</EventID><Version>0</Version><Level>3</Level><Task>223</Task><Opcode>0</Opcode><Keywords>0x8000000000000000</Keywords><TimeCreated SystemTime='2023-06-29T21:21:16.2751010Z'/><EventRecordID>43</EventRecordID><Correlation/><Execution ProcessID='4' ThreadID='116'/><Channel>System</Channel><Computer>WIN-VBFV11TS5L1</Computer><Security UserID='S-1-5-18'/></System><EventData><Data Name='ProcessId'>4</Data><Data Name='ProcessNameLength'>6</Data><Data Name='ProcessName'>System</Data><Data Name='DeviceInstanceLength'>61</Data><Data Name='DeviceInstance'>PCI\VEN_1000&amp;DEV_0054&amp;SUBSYS_197615AD&amp;REV_01\4&amp;2509f6e&amp;0&amp;00A8</Data></EventData></Event>"
﻿"44","Microsoft-Windows-Kernel-PnP","{9C205A39-1250-487D-ABD7-E831C6290539}","225","0","WARNING"," ","223","0","1688073676"," "," ","4","116","System","WIN-VBFV11TS5L1","S-1-5-18","<Event xmlns='http://schemas.microsoft.com/win/2004/08/events/event'><System><Provider Name='Microsoft-Windows-Kernel-PnP' Guid='{9c205a39-1250-487d-abd7-e831c6290539}'/><EventID>225</EventID><Version>0</Version><Level>3</Level><Task>223</Task><Opcode>0</Opcode><Keywords>0x8000000000000000</Keywords><TimeCreated SystemTime='2023-06-29T21:21:16.2751047Z'/><EventRecordID>44</EventRecordID><Correlation/><Execution ProcessID='4' ThreadID='116'/><Channel>System</Channel><Computer>WIN-VBFV11TS5L1</Computer><Security UserID='S-1-5-18'/></System><EventData><Data Name='ProcessId'>364</Data><Data Name='ProcessNameLength'>49</Data><Data Name='ProcessName'>\Device\HarddiskVolume2\Windows\System32\smss.exe</Data><Data Name='DeviceInstanceLength'>61</Data><Data Name='DeviceInstance'>PCI\VEN_1000&amp;DEV_0054&amp;SUBSYS_197615AD&amp;REV_01\4&amp;2509f6e&amp;0&amp;00A8</Data></EventData></Event>"
﻿"45","Microsoft-Windows-Kernel-PnP","{9C205A39-1250-487D-ABD7-E831C6290539}","225","0","WARNING"," ","223","0","1688073676"," "," ","4","116","System","WIN-VBFV11TS5L1","S-1-5-18","<Event xmlns='http://schemas.microsoft.com/win/2004/08/events/event'><System><Provider Name='Microsoft-Windows-Kernel-PnP' Guid='{9c205a39-1250-487d-abd7-e831c6290539}'/><EventID>225</EventID><Version>0</Version><Level>3</Level><Task>223</Task><Opcode>0</Opcode><Keywords>0x8000000000000000</Keywords><TimeCreated SystemTime='2023-06-29T21:21:16.2751069Z'/><EventRecordID>45</EventRecordID><Correlation/><Execution ProcessID='4' ThreadID='116'/><Channel>System</Channel><Computer>WIN-VBFV11TS5L1</Computer><Security UserID='S-1-5-18'/></System><EventData><Data Name='ProcessId'>412</Data><Data Name='ProcessNameLength'>51</Data><Data Name='ProcessName'>\Device\HarddiskVolume2\Windows\System32\sppsvc.exe</Data><Data Name='DeviceInstanceLength'>61</Data><Data Name='DeviceInstance'>PCI\VEN_1000&amp;DEV_0054&amp;SUBSYS_197615AD&amp;REV_01\4&amp;2509f6e&amp;0&amp;00A8</Data></EventData></Event>"
﻿"46","Microsoft-Windows-Kernel-PnP","{9C205A39-1250-487D-ABD7-E831C6290539}","225","0","WARNING"," ","223","0","1688073676"," "," ","4","116","System","WIN-VBFV11TS5L1","S-1-5-18","<Event xmlns='http://schemas.microsoft.com/win/2004/08/events/event'><System><Provider Name='Microsoft-Windows-Kernel-PnP' Guid='{9c205a39-1250-487d-abd7-e831c6290539}'/><EventID>225</EventID><Version>0</Version><Level>3</Level><Task>223</Task><Opcode>0</Opcode><Keywords>0x8000000000000000</Keywords><TimeCreated SystemTime='2023-06-29T21:21:16.2751084Z'/><EventRecordID>46</EventRecordID><Correlation/><Execution ProcessID='4' ThreadID='116'/><Channel>System</Channel><Computer>WIN-VBFV11TS5L1</Computer><Security UserID='S-1-5-18'/></System><EventData><Data Name='ProcessId'>440</Data><Data Name='ProcessNameLength'>52</Data><Data Name='ProcessName'>\Device\HarddiskVolume2\Windows\System32\svchost.exe</Data><Data Name='DeviceInstanceLength'>61</Data><Data Name='DeviceInstance'>PCI\VEN_1000&amp;DEV_0054&amp;SUBSYS_197615AD&amp;REV_01\4&amp;2509f6e&amp;0&amp;00A8</Data></EventData></Event>"
﻿"47","Microsoft-Windows-Kernel-PnP","{9C205A39-1250-487D-ABD7-E831C6290539}","225","0","WARNING"," ","223","0","1688073676"," "," ","4","116","System","WIN-VBFV11TS5L1","S-1-5-18","<Event xmlns='http://schemas.microsoft.com/win/2004/08/events/event'><System><Provider Name='Microsoft-Windows-Kernel-PnP' Guid='{9c205a39-1250-487d-abd7-e831c6290539}'/><EventID>225</EventID><Version>0</Version><Level>3</Level><Task>223</Task><Opcode>0</Opcode><Keywords>0x8000000000000000</Keywords><TimeCreated SystemTime='2023-06-29T21:21:16.2751096Z'/><EventRecordID>47</EventRecordID><Correlation/><Execution ProcessID='4' ThreadID='116'/><Channel>System</Channel><Computer>WIN-VBFV11TS5L1</Computer><Security UserID='S-1-5-18'/></System><EventData><Data Name='ProcessId'>444</Data><Data Name='ProcessNameLength'>48</Data><Data Name='ProcessName'>\Device\HarddiskVolume2\Windows\System32\dwm.exe</Data><Data Name='DeviceInstanceLength'>61</Data><Data Name='DeviceInstance'>PCI\VEN_1000&amp;DEV_0054&amp;SUBSYS_197615AD&amp;REV_01\4&amp;2509f6e&amp;0&amp;00A8</Data></EventData></Event>"
﻿"48","Microsoft-Windows-Kernel-PnP","{9C205A39-1250-487D-ABD7-E831C6290539}","225","0","WARNING"," ","223","0","1688073676"," "," ","4","116","System","WIN-VBFV11TS5L1","S-1-5-18","<Event xmlns='http://schemas.microsoft.com/win/2004/08/events/event'><System><Provider Name='Microsoft-Windows-Kernel-PnP' Guid='{9c205a39-1250-487d-abd7-e831c6290539}'/><EventID>225</EventID><Version>0</Version><Level>3</Level><Task>223</Task><Opcode>0</Opcode><Keywords>0x8000000000000000</Keywords><TimeCreated SystemTime='2023-06-29T21:21:16.2751109Z'/><EventRecordID>48</EventRecordID><Correlation/><Execution ProcessID='4' ThreadID='116'/><Channel>System</Channel><Computer>WIN-VBFV11TS5L1</Computer><Security UserID='S-1-5-18'/></System><EventData><Data Name='ProcessId'>468</Data><Data Name='ProcessNameLength'>50</Data><Data Name='ProcessName'>\Device\HarddiskVolume2\Windows\System32\csrss.exe</Data><Data Name='DeviceInstanceLength'>61</Data><Data Name='DeviceInstance'>PCI\VEN_1000&amp;DEV_0054&amp;SUBSYS_197615AD&amp;REV_01\4&amp;2509f6e&amp;0&amp;00A8</Data></EventData></Event>"
﻿"49","Microsoft-Windows-Kernel-PnP","{9C205A39-1250-487D-ABD7-E831C6290539}","225","0","WARNING"," ","223","0","1688073676"," "," ","4","116","System","WIN-VBFV11TS5L1","S-1-5-18","<Event xmlns='http://schemas.microsoft.com/win/2004/08/events/event'><System><Provider Name='Microsoft-Windows-Kernel-PnP' Guid='{9c205a39-1250-487d-abd7-e831c6290539}'/><EventID>225</EventID><Version>0</Version><Level>3</Level><Task>223</Task><Opcode>0</Opcode><Keywords>0x8000000000000000</Keywords><TimeCreated SystemTime='2023-06-29T21:21:16.2751122Z'/><EventRecordID>49</EventRecordID><Correlation/><Execution ProcessID='4' ThreadID='116'/><Channel>System</Channel><Computer>WIN-VBFV11TS5L1</Computer><Security UserID='S-1-5-18'/></System><EventData><Data Name='ProcessId'>540</Data><Data Name='ProcessNameLength'>50</Data><Data Name='ProcessName'>\Device\HarddiskVolume2\Windows\System32\csrss.exe</Data><Data Name='DeviceInstanceLength'>61</Data><Data Name='DeviceInstance'>PCI\VEN_1000&amp;DEV_0054&amp;SUBSYS_197615AD&amp;REV_01\4&amp;2509f6e&amp;0&amp;00A8</Data></EventData></Event>"
﻿"50","Microsoft-Windows-Kernel-PnP","{9C205A39-1250-487D-ABD7-E831C6290539}","225","0","WARNING"," ","223","0","1688073676"," "," ","4","116","System","WIN-VBFV11TS5L1","S-1-5-18","<Event xmlns='http://schemas.microsoft.com/win/2004/08/events/event'><System><Provider Name='Microsoft-Windows-Kernel-PnP' Guid='{9c205a39-1250-487d-abd7-e831c6290539}'/><EventID>225</EventID><Version>0</Version><Level>3</Level><Task>223</Task><Opcode>0</Opcode><Keywords>0x8000000000000000</Keywords><TimeCreated SystemTime='2023-06-29T21:21:16.2751139Z'/><EventRecordID>50</EventRecordID><Correlation/><Execution ProcessID='4' ThreadID='116'/><Channel>System</Channel><Computer>WIN-VBFV11TS5L1</Computer><Security UserID='S-1-5-18'/></System><EventData><Data Name='ProcessId'>564</Data><Data Name='ProcessNameLength'>52</Data><Data Name='ProcessName'>\Device\HarddiskVolume2\Windows\System32\wininit.exe</Data><Data Name='DeviceInstanceLength'>61</Data><Data Name='DeviceInstance'>PCI\VEN_1000&amp;DEV_0054&amp;SUBSYS_197615AD&amp;REV_01\4&amp;2509f6e&amp;0&amp;00A8</Data></EventData></Event>"
﻿"51","Microsoft-Windows-Kernel-PnP","{9C205A39-1250-487D-ABD7-E831C6290539}","225","0","WARNING"," ","223","0","1688073676"," "," ","4","116","System","WIN-VBFV11TS5L1","S-1-5-18","<Event xmlns='http://schemas.microsoft.com/win/2004/08/events/event'><System><Provider Name='Microsoft-Windows-Kernel-PnP' Guid='{9c205a39-1250-487d-abd7-e831c6290539}'/><EventID>225</EventID><Version>0</Version><Level>3</Level><Task>223</Task><Opcode>0</Opcode><Keywords>0x8000000000000000</Keywords><TimeCreated SystemTime='2023-06-29T21:21:16.2751240Z'/><EventRecordID>51</EventRecordID><Correlation/><Execution ProcessID='4' ThreadID='116'/><Channel>System</Channel><Computer>WIN-VBFV11TS5L1</Computer><Security UserID='S-1-5-18'/></System><EventData><Data Name='ProcessId'>612</Data><Data Name='ProcessNameLength'>53</Data><Data Name='ProcessName'>\Device\HarddiskVolume2\Windows\System32\winlogon.exe</Data><Data Name='DeviceInstanceLength'>61</Data><Data Name='DeviceInstance'>PCI\VEN_1000&amp;DEV_0054&amp;SUBSYS_197615AD&amp;REV_01\4&amp;2509f6e&amp;0&amp;00A8</Data></EventData></Event>"
﻿"52","Microsoft-Windows-Kernel-PnP","{9C205A39-1250-487D-ABD7-E831C6290539}","225","0","WARNING"," ","223","0","1688073676"," "," ","4","116","System","WIN-VBFV11TS5L1","S-1-5-18","<Event xmlns='http://schemas.microsoft.com/win/2004/08/events/event'><System><Provider Name='Microsoft-Windows-Kernel-PnP' Guid='{9c205a39-1250-487d-abd7-e831c6290539}'/><EventID>225</EventID><Version>0</Version><Level>3</Level><Task>223</Task><Opcode>0</Opcode><Keywords>0x8000000000000000</Keywords><TimeCreated SystemTime='2023-06-29T21:21:16.2751254Z'/><EventRecordID>52</EventRecordID><Correlation/><Execution ProcessID='4' ThreadID='116'/><Channel>System</Channel><Computer>WIN-VBFV11TS5L1</Computer><Security UserID='S-1-5-18'/></System><EventData><Data Name='ProcessId'>676</Data><Data Name='ProcessNameLength'>52</Data><Data Name='ProcessName'>\Device\HarddiskVolume2\Windows\System32\svchost.exe</Data><Data Name='DeviceInstanceLength'>61</Data><Data Name='DeviceInstance'>PCI\VEN_1000&amp;DEV_0054&amp;SUBSYS_197615AD&amp;REV_01\4&amp;2509f6e&amp;0&amp;00A8</Data></EventData></Event>"
