﻿"399","Microsoft-Windows-DistributedCOM","{1B562E86-B7AA-4131-BADC-B6F3A001407E}","10016","0","WARNING"," ","0","0","1688106526","{6B2F4793-E2DB-4E55-8B0C-99A5C55845A9}"," ","840","3052","System","DESKTOP-TC5H5CS","S-1-5-21-2081973557-1603719640-2355346784-1001","<Event xmlns='http://schemas.microsoft.com/win/2004/08/events/event'><System><Provider Name='Microsoft-Windows-DistributedCOM' Guid='{1B562E86-B7AA-4131-BADC-B6F3A001407E}' EventSourceName='DCOM'/><EventID Qualifiers='0'>10016</EventID><Version>0</Version><Level>3</Level><Task>0</Task><Opcode>0</Opcode><Keywords>0x8080000000000000</Keywords><TimeCreated SystemTime='2023-06-30T06:28:46.6000696Z'/><EventRecordID>399</EventRecordID><Correlation ActivityID='{6b2f4793-e2db-4e55-8b0c-99a5c55845a9}'/><Execution ProcessID='840' ThreadID='3052'/><Channel>System</Channel><Computer>DESKTOP-TC5H5CS</Computer><Security UserID='S-1-5-21-2081973557-1603719640-2355346784-1001'/></System><EventData><Data Name='param1'>qw]</Data><Data Name='param2'></Data><Data Name='param3'>ҥ</Data><Data Name='param4'>{C2F03A33-21F5-47FA-B4BB-156362A2F239}</Data><Data Name='param5'>{316CDED5-E4AE-4B15-9113-7055D84DCC97}</Data><Data Name='param6'>DESKTOP-TC5H5CS</Data><Data Name='param7'>test</Data><Data Name='param8'>S-1-5-21-2081973557-1603719640-2355346784-1001</Data><Data Name='param9'>LocalHost (ϥ LRPC)</Data><Data Name='param10'>Microsoft.Windows.ShellExperienceHost_10.0.19041.1949_neutral_neutral_cw5n1h2txyewy</Data><Data Name='param11'>S-1-15-2-155514346-2573954481-755741238-1654018636-1233331829-3075935687-2861478708</Data></EventData></Event>"
﻿"400","Service Control Manager","{555908D1-A6D7-4695-8E1E-26931D2012F4}","1073748864","0","INFORMATION"," ","0","0","1688107116"," "," ","620","10808","System","DESKTOP-TC5H5CS","S-1-5-18","<Event xmlns='http://schemas.microsoft.com/win/2004/08/events/event'><System><Provider Name='Service Control Manager' Guid='{555908d1-a6d7-4695-8e1e-26931d2012f4}' EventSourceName='Service Control Manager'/><EventID Qualifiers='16384'>7040</EventID><Version>0</Version><Level>4</Level><Task>0</Task><Opcode>0</Opcode><Keywords>0x8080000000000000</Keywords><TimeCreated SystemTime='2023-06-30T06:38:36.7097010Z'/><EventRecordID>400</EventRecordID><Correlation/><Execution ProcessID='620' ThreadID='10808'/><Channel>System</Channel><Computer>DESKTOP-TC5H5CS</Computer><Security UserID='S-1-5-18'/></System><EventData><Data Name='param1'>Background Intelligent Transfer Service</Data><Data Name='param2'>wҰ</Data><Data Name='param3'>۰ʱҰ</Data><Data Name='param4'>BITS</Data></EventData></Event>"
﻿"401","Service Control Manager","{555908D1-A6D7-4695-8E1E-26931D2012F4}","1073748864","0","INFORMATION"," ","0","0","1688107241"," "," ","620","4492","System","DESKTOP-TC5H5CS","S-1-5-18","<Event xmlns='http://schemas.microsoft.com/win/2004/08/events/event'><System><Provider Name='Service Control Manager' Guid='{555908d1-a6d7-4695-8e1e-26931d2012f4}' EventSourceName='Service Control Manager'/><EventID Qualifiers='16384'>7040</EventID><Version>0</Version><Level>4</Level><Task>0</Task><Opcode>0</Opcode><Keywords>0x8080000000000000</Keywords><TimeCreated SystemTime='2023-06-30T06:40:41.8034126Z'/><EventRecordID>401</EventRecordID><Correlation/><Execution ProcessID='620' ThreadID='4492'/><Channel>System</Channel><Computer>DESKTOP-TC5H5CS</Computer><Security UserID='S-1-5-18'/></System><EventData><Data Name='param1'>Background Intelligent Transfer Service</Data><Data Name='param2'>۰ʱҰ</Data><Data Name='param3'>wҰ</Data><Data Name='param4'>BITS</Data></EventData></Event>"
﻿"402","Microsoft-Windows-Kernel-General","{A68CA8B7-004F-D7B6-A698-07E2DE0F1F5D}","16","0","INFORMATION"," ","0","0","1688108943"," "," ","3684","3080","System","DESKTOP-TC5H5CS","S-1-5-18","<Event xmlns='http://schemas.microsoft.com/win/2004/08/events/event'><System><Provider Name='Microsoft-Windows-Kernel-General' Guid='{a68ca8b7-004f-d7b6-a698-07e2de0f1f5d}'/><EventID>16</EventID><Version>0</Version><Level>4</Level><Task>0</Task><Opcode>0</Opcode><Keywords>0x8000000000000000</Keywords><TimeCreated SystemTime='2023-06-30T07:09:03.5444727Z'/><EventRecordID>402</EventRecordID><Correlation/><Execution ProcessID='3684' ThreadID='3080'/><Channel>System</Channel><Computer>DESKTOP-TC5H5CS</Computer><Security UserID='S-1-5-18'/></System><EventData><Data Name='HiveNameLength'>134</Data><Data Name='HiveName'>\??\C:\ProgramData\Microsoft\Windows\AppRepository\Packages\SpotifyAB.SpotifyMusic_1.214.1149.0_x86__zpdnekdrzrea0\ActivationStore.dat</Data><Data Name='KeysUpdated'>0</Data><Data Name='DirtyPages'>0</Data></EventData></Event>"
﻿"403","Microsoft-Windows-WindowsUpdateClient","{945A8954-C147-4ACD-923F-40C45405A658}","43","1","INFORMATION"," ","1","13","1688108945"," "," ","10200","6464","System","DESKTOP-TC5H5CS","S-1-5-18","<Event xmlns='http://schemas.microsoft.com/win/2004/08/events/event'><System><Provider Name='Microsoft-Windows-WindowsUpdateClient' Guid='{945a8954-c147-4acd-923f-40c45405a658}'/><EventID>43</EventID><Version>1</Version><Level>4</Level><Task>1</Task><Opcode>13</Opcode><Keywords>0x8000000000002008</Keywords><TimeCreated SystemTime='2023-06-30T07:09:05.2091418Z'/><EventRecordID>403</EventRecordID><Correlation/><Execution ProcessID='10200' ThreadID='6464'/><Channel>System</Channel><Computer>DESKTOP-TC5H5CS</Computer><Security UserID='S-1-5-18'/></System><EventData><Data Name='updateTitle'>9P7VS8XHG9G5-Microsoft.WindowsAppRuntime.1.2</Data><Data Name='updateGuid'>{24310aa7-059c-4941-8d4f-60512c2c25cb}</Data><Data Name='updateRevisionNumber'>1</Data></EventData></Event>"
﻿"404","Microsoft-Windows-WindowsUpdateClient","{945A8954-C147-4ACD-923F-40C45405A658}","19","1","INFORMATION"," ","1","13","1688108945","{7BA622C1-AB14-0000-C399-A87B14ABD901}"," ","10200","6464","System","DESKTOP-TC5H5CS","S-1-5-18","<Event xmlns='http://schemas.microsoft.com/win/2004/08/events/event'><System><Provider Name='Microsoft-Windows-WindowsUpdateClient' Guid='{945a8954-c147-4acd-923f-40c45405a658}'/><EventID>19</EventID><Version>1</Version><Level>4</Level><Task>1</Task><Opcode>13</Opcode><Keywords>0x8000000000000018</Keywords><TimeCreated SystemTime='2023-06-30T07:09:05.8580308Z'/><EventRecordID>404</EventRecordID><Correlation ActivityID='{7ba622c1-ab14-0000-c399-a87b14abd901}'/><Execution ProcessID='10200' ThreadID='6464'/><Channel>System</Channel><Computer>DESKTOP-TC5H5CS</Computer><Security UserID='S-1-5-18'/></System><EventData><Data Name='updateTitle'>9P7VS8XHG9G5-Microsoft.WindowsAppRuntime.1.2</Data><Data Name='updateGuid'>{24310aa7-059c-4941-8d4f-60512c2c25cb}</Data><Data Name='updateRevisionNumber'>1</Data><Data Name='serviceGuid'>{855e8a7c-ecb4-4ca3-b045-1dfa50104289}</Data></EventData></Event>"
﻿"405","Microsoft-Windows-WindowsUpdateClient","{945A8954-C147-4ACD-923F-40C45405A658}","43","1","INFORMATION"," ","1","13","1688108945","{7BA622C1-AB14-0000-C399-A87B14ABD901}"," ","10200","6464","System","DESKTOP-TC5H5CS","S-1-5-18","<Event xmlns='http://schemas.microsoft.com/win/2004/08/events/event'><System><Provider Name='Microsoft-Windows-WindowsUpdateClient' Guid='{945a8954-c147-4acd-923f-40c45405a658}'/><EventID>43</EventID><Version>1</Version><Level>4</Level><Task>1</Task><Opcode>13</Opcode><Keywords>0x8000000000002008</Keywords><TimeCreated SystemTime='2023-06-30T07:09:05.8784195Z'/><EventRecordID>405</EventRecordID><Correlation ActivityID='{7ba622c1-ab14-0000-c399-a87b14abd901}'/><Execution ProcessID='10200' ThreadID='6464'/><Channel>System</Channel><Computer>DESKTOP-TC5H5CS</Computer><Security UserID='S-1-5-18'/></System><EventData><Data Name='updateTitle'>9NBLGGH3FRZM-Microsoft.VCLibs.140.00</Data><Data Name='updateGuid'>{8644822b-523b-4979-9bec-0331672ba155}</Data><Data Name='updateRevisionNumber'>1</Data></EventData></Event>"
﻿"406","Microsoft-Windows-WindowsUpdateClient","{945A8954-C147-4ACD-923F-40C45405A658}","19","1","INFORMATION"," ","1","13","1688108949","{7BA622C1-AB14-0000-E09B-A87B14ABD901}"," ","10200","6464","System","DESKTOP-TC5H5CS","S-1-5-18","<Event xmlns='http://schemas.microsoft.com/win/2004/08/events/event'><System><Provider Name='Microsoft-Windows-WindowsUpdateClient' Guid='{945a8954-c147-4acd-923f-40c45405a658}'/><EventID>19</EventID><Version>1</Version><Level>4</Level><Task>1</Task><Opcode>13</Opcode><Keywords>0x8000000000000018</Keywords><TimeCreated SystemTime='2023-06-30T07:09:09.3805371Z'/><EventRecordID>406</EventRecordID><Correlation ActivityID='{7ba622c1-ab14-0000-e09b-a87b14abd901}'/><Execution ProcessID='10200' ThreadID='6464'/><Channel>System</Channel><Computer>DESKTOP-TC5H5CS</Computer><Security UserID='S-1-5-18'/></System><EventData><Data Name='updateTitle'>9NBLGGH3FRZM-Microsoft.VCLibs.140.00</Data><Data Name='updateGuid'>{8644822b-523b-4979-9bec-0331672ba155}</Data><Data Name='updateRevisionNumber'>1</Data><Data Name='serviceGuid'>{855e8a7c-ecb4-4ca3-b045-1dfa50104289}</Data></EventData></Event>"
﻿"407","Microsoft-Windows-WindowsUpdateClient","{945A8954-C147-4ACD-923F-40C45405A658}","43","1","INFORMATION"," ","1","13","1688108949","{7BA622C1-AB14-0000-E09B-A87B14ABD901}"," ","10200","6464","System","DESKTOP-TC5H5CS","S-1-5-18","<Event xmlns='http://schemas.microsoft.com/win/2004/08/events/event'><System><Provider Name='Microsoft-Windows-WindowsUpdateClient' Guid='{945a8954-c147-4acd-923f-40c45405a658}'/><EventID>43</EventID><Version>1</Version><Level>4</Level><Task>1</Task><Opcode>13</Opcode><Keywords>0x8000000000002008</Keywords><TimeCreated SystemTime='2023-06-30T07:09:09.3976735Z'/><EventRecordID>407</EventRecordID><Correlation ActivityID='{7ba622c1-ab14-0000-e09b-a87b14abd901}'/><Execution ProcessID='10200' ThreadID='6464'/><Channel>System</Channel><Computer>DESKTOP-TC5H5CS</Computer><Security UserID='S-1-5-18'/></System><EventData><Data Name='updateTitle'>9NCBCSZSJRSB-SpotifyAB.SpotifyMusic</Data><Data Name='updateGuid'>{95e7c3ad-33da-4893-9c59-eeade8252c4c}</Data><Data Name='updateRevisionNumber'>1</Data></EventData></Event>"
﻿"408","Microsoft-Windows-WindowsUpdateClient","{945A8954-C147-4ACD-923F-40C45405A658}","19","1","INFORMATION"," ","1","13","1688108950","{7BA622C1-AB14-0001-F377-A87B14ABD901}"," ","10200","6464","System","DESKTOP-TC5H5CS","S-1-5-18","<Event xmlns='http://schemas.microsoft.com/win/2004/08/events/event'><System><Provider Name='Microsoft-Windows-WindowsUpdateClient' Guid='{945a8954-c147-4acd-923f-40c45405a658}'/><EventID>19</EventID><Version>1</Version><Level>4</Level><Task>1</Task><Opcode>13</Opcode><Keywords>0x8000000000000018</Keywords><TimeCreated SystemTime='2023-06-30T07:09:10.0374756Z'/><EventRecordID>408</EventRecordID><Correlation ActivityID='{7ba622c1-ab14-0001-f377-a87b14abd901}'/><Execution ProcessID='10200' ThreadID='6464'/><Channel>System</Channel><Computer>DESKTOP-TC5H5CS</Computer><Security UserID='S-1-5-18'/></System><EventData><Data Name='updateTitle'>9NCBCSZSJRSB-SpotifyAB.SpotifyMusic</Data><Data Name='updateGuid'>{95e7c3ad-33da-4893-9c59-eeade8252c4c}</Data><Data Name='updateRevisionNumber'>1</Data><Data Name='serviceGuid'>{855e8a7c-ecb4-4ca3-b045-1dfa50104289}</Data></EventData></Event>"
﻿"409","Microsoft-Windows-WindowsUpdateClient","{945A8954-C147-4ACD-923F-40C45405A658}","44","1","INFORMATION"," ","1","12","1688110591"," "," ","8304","11224","System","DESKTOP-TC5H5CS","S-1-5-18","<Event xmlns='http://schemas.microsoft.com/win/2004/08/events/event'><System><Provider Name='Microsoft-Windows-WindowsUpdateClient' Guid='{945a8954-c147-4acd-923f-40c45405a658}'/><EventID>44</EventID><Version>1</Version><Level>4</Level><Task>1</Task><Opcode>12</Opcode><Keywords>0x8000000000002004</Keywords><TimeCreated SystemTime='2023-06-30T07:36:31.6911789Z'/><EventRecordID>409</EventRecordID><Correlation/><Execution ProcessID='8304' ThreadID='11224'/><Channel>System</Channel><Computer>DESKTOP-TC5H5CS</Computer><Security UserID='S-1-5-18'/></System><EventData><Data Name='updateTitle'>9PCJ4DHCQ1JQ-Microsoft.LanguageExperiencePackzh-TW</Data><Data Name='updateGuid'>{3df7e6a0-5ddd-4019-b459-ef1b6d5b6e5d}</Data><Data Name='updateRevisionNumber'>1</Data></EventData></Event>"
﻿"410","Microsoft-Windows-WindowsUpdateClient","{945A8954-C147-4ACD-923F-40C45405A658}","43","1","INFORMATION"," ","1","13","1688110605"," "," ","8304","8864","System","DESKTOP-TC5H5CS","S-1-5-18","<Event xmlns='http://schemas.microsoft.com/win/2004/08/events/event'><System><Provider Name='Microsoft-Windows-WindowsUpdateClient' Guid='{945a8954-c147-4acd-923f-40c45405a658}'/><EventID>43</EventID><Version>1</Version><Level>4</Level><Task>1</Task><Opcode>13</Opcode><Keywords>0x8000000000002008</Keywords><TimeCreated SystemTime='2023-06-30T07:36:45.3821898Z'/><EventRecordID>410</EventRecordID><Correlation/><Execution ProcessID='8304' ThreadID='8864'/><Channel>System</Channel><Computer>DESKTOP-TC5H5CS</Computer><Security UserID='S-1-5-18'/></System><EventData><Data Name='updateTitle'>9PCJ4DHCQ1JQ-Microsoft.LanguageExperiencePackzh-TW</Data><Data Name='updateGuid'>{3df7e6a0-5ddd-4019-b459-ef1b6d5b6e5d}</Data><Data Name='updateRevisionNumber'>1</Data></EventData></Event>"
﻿"411","Microsoft-Windows-WindowsUpdateClient","{945A8954-C147-4ACD-923F-40C45405A658}","19","1","INFORMATION"," ","1","13","1688110605","{7BA622C1-AB14-0000-CFA5-A87B14ABD901}"," ","8304","8864","System","DESKTOP-TC5H5CS","S-1-5-18","<Event xmlns='http://schemas.microsoft.com/win/2004/08/events/event'><System><Provider Name='Microsoft-Windows-WindowsUpdateClient' Guid='{945a8954-c147-4acd-923f-40c45405a658}'/><EventID>19</EventID><Version>1</Version><Level>4</Level><Task>1</Task><Opcode>13</Opcode><Keywords>0x8000000000000018</Keywords><TimeCreated SystemTime='2023-06-30T07:36:45.8171869Z'/><EventRecordID>411</EventRecordID><Correlation ActivityID='{7ba622c1-ab14-0000-cfa5-a87b14abd901}'/><Execution ProcessID='8304' ThreadID='8864'/><Channel>System</Channel><Computer>DESKTOP-TC5H5CS</Computer><Security UserID='S-1-5-18'/></System><EventData><Data Name='updateTitle'>9PCJ4DHCQ1JQ-Microsoft.LanguageExperiencePackzh-TW</Data><Data Name='updateGuid'>{3df7e6a0-5ddd-4019-b459-ef1b6d5b6e5d}</Data><Data Name='updateRevisionNumber'>1</Data><Data Name='serviceGuid'>{855e8a7c-ecb4-4ca3-b045-1dfa50104289}</Data></EventData></Event>"
﻿"412","Microsoft-Windows-WindowsUpdateClient","{945A8954-C147-4ACD-923F-40C45405A658}","44","1","INFORMATION"," ","1","12","1688110730"," "," ","8304","11224","System","DESKTOP-TC5H5CS","S-1-5-18","<Event xmlns='http://schemas.microsoft.com/win/2004/08/events/event'><System><Provider Name='Microsoft-Windows-WindowsUpdateClient' Guid='{945a8954-c147-4acd-923f-40c45405a658}'/><EventID>44</EventID><Version>1</Version><Level>4</Level><Task>1</Task><Opcode>12</Opcode><Keywords>0x8000000000002004</Keywords><TimeCreated SystemTime='2023-06-30T07:38:50.4792337Z'/><EventRecordID>412</EventRecordID><Correlation/><Execution ProcessID='8304' ThreadID='11224'/><Channel>System</Channel><Computer>DESKTOP-TC5H5CS</Computer><Security UserID='S-1-5-18'/></System><EventData><Data Name='updateTitle'>Microsoft Defender Antivirus ws - KB2267602 ] 1.391.3067.0^</Data><Data Name='updateGuid'>{30ac3e3f-a489-4e22-9f02-fd03782a1d9b}</Data><Data Name='updateRevisionNumber'>200</Data></EventData></Event>"
﻿"413","Microsoft-Windows-WindowsUpdateClient","{945A8954-C147-4ACD-923F-40C45405A658}","43","1","INFORMATION"," ","1","13","1688110739"," "," ","8304","9796","System","DESKTOP-TC5H5CS","S-1-5-18","<Event xmlns='http://schemas.microsoft.com/win/2004/08/events/event'><System><Provider Name='Microsoft-Windows-WindowsUpdateClient' Guid='{945a8954-c147-4acd-923f-40c45405a658}'/><EventID>43</EventID><Version>1</Version><Level>4</Level><Task>1</Task><Opcode>13</Opcode><Keywords>0x8000000000002008</Keywords><TimeCreated SystemTime='2023-06-30T07:38:59.8754239Z'/><EventRecordID>413</EventRecordID><Correlation/><Execution ProcessID='8304' ThreadID='9796'/><Channel>System</Channel><Computer>DESKTOP-TC5H5CS</Computer><Security UserID='S-1-5-18'/></System><EventData><Data Name='updateTitle'>Microsoft Defender Antivirus ws - KB2267602 ] 1.391.3067.0^</Data><Data Name='updateGuid'>{30ac3e3f-a489-4e22-9f02-fd03782a1d9b}</Data><Data Name='updateRevisionNumber'>200</Data></EventData></Event>"
﻿"414","Microsoft-Windows-WindowsUpdateClient","{945A8954-C147-4ACD-923F-40C45405A658}","19","1","INFORMATION"," ","1","13","1688110759"," "," ","8304","9796","System","DESKTOP-TC5H5CS","S-1-5-18","<Event xmlns='http://schemas.microsoft.com/win/2004/08/events/event'><System><Provider Name='Microsoft-Windows-WindowsUpdateClient' Guid='{945a8954-c147-4acd-923f-40c45405a658}'/><EventID>19</EventID><Version>1</Version><Level>4</Level><Task>1</Task><Opcode>13</Opcode><Keywords>0x8000000000000018</Keywords><TimeCreated SystemTime='2023-06-30T07:39:19.1022795Z'/><EventRecordID>414</EventRecordID><Correlation/><Execution ProcessID='8304' ThreadID='9796'/><Channel>System</Channel><Computer>DESKTOP-TC5H5CS</Computer><Security UserID='S-1-5-18'/></System><EventData><Data Name='updateTitle'>Microsoft Defender Antivirus ws - KB2267602 ] 1.391.3067.0^</Data><Data Name='updateGuid'>{30ac3e3f-a489-4e22-9f02-fd03782a1d9b}</Data><Data Name='updateRevisionNumber'>200</Data><Data Name='serviceGuid'>{9482f4b4-e343-43b6-b170-9a65bc822c77}</Data></EventData></Event>"
﻿"415","Microsoft-Windows-WindowsUpdateClient","{945A8954-C147-4ACD-923F-40C45405A658}","44","1","INFORMATION"," ","1","12","1688110789"," "," ","8304","8696","System","DESKTOP-TC5H5CS","S-1-5-18","<Event xmlns='http://schemas.microsoft.com/win/2004/08/events/event'><System><Provider Name='Microsoft-Windows-WindowsUpdateClient' Guid='{945a8954-c147-4acd-923f-40c45405a658}'/><EventID>44</EventID><Version>1</Version><Level>4</Level><Task>1</Task><Opcode>12</Opcode><Keywords>0x8000000000002004</Keywords><TimeCreated SystemTime='2023-06-30T07:39:49.7417040Z'/><EventRecordID>415</EventRecordID><Correlation/><Execution ProcessID='8304' ThreadID='8696'/><Channel>System</Channel><Computer>DESKTOP-TC5H5CS</Computer><Security UserID='S-1-5-18'/></System><EventData><Data Name='updateTitle'>Microsoft Defender Antivirus ϴcN{Xxs - KB4052623 ( 4.18.23050.5)</Data><Data Name='updateGuid'>{5302e800-11ad-466d-a2bd-480d8f94c7ab}</Data><Data Name='updateRevisionNumber'>200</Data></EventData></Event>"
﻿"416","Microsoft-Windows-WindowsUpdateClient","{945A8954-C147-4ACD-923F-40C45405A658}","44","1","INFORMATION"," ","1","12","1688110789"," "," ","8304","8696","System","DESKTOP-TC5H5CS","S-1-5-18","<Event xmlns='http://schemas.microsoft.com/win/2004/08/events/event'><System><Provider Name='Microsoft-Windows-WindowsUpdateClient' Guid='{945a8954-c147-4acd-923f-40c45405a658}'/><EventID>44</EventID><Version>1</Version><Level>4</Level><Task>1</Task><Opcode>12</Opcode><Keywords>0x8000000000002004</Keywords><TimeCreated SystemTime='2023-06-30T07:39:49.7417064Z'/><EventRecordID>416</EventRecordID><Correlation/><Execution ProcessID='8304' ThreadID='8696'/><Channel>System</Channel><Computer>DESKTOP-TC5H5CS</Computer><Security UserID='S-1-5-18'/></System><EventData><Data Name='updateTitle'>Microsoft Defender Antivirus ws - KB2267602 ] 1.391.3067.0^</Data><Data Name='updateGuid'>{30ac3e3f-a489-4e22-9f02-fd03782a1d9b}</Data><Data Name='updateRevisionNumber'>200</Data></EventData></Event>"
﻿"417","Microsoft-Windows-WindowsUpdateClient","{945A8954-C147-4ACD-923F-40C45405A658}","44","1","INFORMATION"," ","1","12","1688110789"," "," ","8304","8696","System","DESKTOP-TC5H5CS","S-1-5-18","<Event xmlns='http://schemas.microsoft.com/win/2004/08/events/event'><System><Provider Name='Microsoft-Windows-WindowsUpdateClient' Guid='{945a8954-c147-4acd-923f-40c45405a658}'/><EventID>44</EventID><Version>1</Version><Level>4</Level><Task>1</Task><Opcode>12</Opcode><Keywords>0x8000000000002004</Keywords><TimeCreated SystemTime='2023-06-30T07:39:49.7417079Z'/><EventRecordID>417</EventRecordID><Correlation/><Execution ProcessID='8304' ThreadID='8696'/><Channel>System</Channel><Computer>DESKTOP-TC5H5CS</Computer><Security UserID='S-1-5-18'/></System><EventData><Data Name='updateTitle'>Windows Defender Antivirus ϴcN{Xxs - KB4052623 ( 4.18.2001.10)</Data><Data Name='updateGuid'>{62afbd9b-097b-4300-9e4d-275c9a35be2c}</Data><Data Name='updateRevisionNumber'>201</Data></EventData></Event>"
﻿"418","Microsoft-Windows-WindowsUpdateClient","{945A8954-C147-4ACD-923F-40C45405A658}","44","1","INFORMATION"," ","1","12","1688110789"," "," ","8304","8696","System","DESKTOP-TC5H5CS","S-1-5-18","<Event xmlns='http://schemas.microsoft.com/win/2004/08/events/event'><System><Provider Name='Microsoft-Windows-WindowsUpdateClient' Guid='{945a8954-c147-4acd-923f-40c45405a658}'/><EventID>44</EventID><Version>1</Version><Level>4</Level><Task>1</Task><Opcode>12</Opcode><Keywords>0x8000000000002004</Keywords><TimeCreated SystemTime='2023-06-30T07:39:49.7417111Z'/><EventRecordID>418</EventRecordID><Correlation/><Execution ProcessID='8304' ThreadID='8696'/><Channel>System</Channel><Computer>DESKTOP-TC5H5CS</Computer><Security UserID='S-1-5-18'/></System><EventData><Data Name='updateTitle'>KB890830GWindows cNn鲾u x64 - v5.114</Data><Data Name='updateGuid'>{ae6f301e-970b-4519-a83f-64ab18c10842}</Data><Data Name='updateRevisionNumber'>200</Data></EventData></Event>"
﻿"419","Microsoft-Windows-WindowsUpdateClient","{945A8954-C147-4ACD-923F-40C45405A658}","43","1","INFORMATION"," ","1","13","1688110789"," "," ","8304","8696","System","DESKTOP-TC5H5CS","S-1-5-18","<Event xmlns='http://schemas.microsoft.com/win/2004/08/events/event'><System><Provider Name='Microsoft-Windows-WindowsUpdateClient' Guid='{945a8954-c147-4acd-923f-40c45405a658}'/><EventID>43</EventID><Version>1</Version><Level>4</Level><Task>1</Task><Opcode>13</Opcode><Keywords>0x8000000000002008</Keywords><TimeCreated SystemTime='2023-06-30T07:39:49.7418531Z'/><EventRecordID>419</EventRecordID><Correlation/><Execution ProcessID='8304' ThreadID='8696'/><Channel>System</Channel><Computer>DESKTOP-TC5H5CS</Computer><Security UserID='S-1-5-18'/></System><EventData><Data Name='updateTitle'>Microsoft Defender Antivirus ws - KB2267602 ] 1.391.3067.0^</Data><Data Name='updateGuid'>{30ac3e3f-a489-4e22-9f02-fd03782a1d9b}</Data><Data Name='updateRevisionNumber'>200</Data></EventData></Event>"
﻿"420","Microsoft-Windows-WindowsUpdateClient","{945A8954-C147-4ACD-923F-40C45405A658}","44","1","INFORMATION"," ","1","12","1688110806"," "," ","8304","8696","System","DESKTOP-TC5H5CS","S-1-5-18","<Event xmlns='http://schemas.microsoft.com/win/2004/08/events/event'><System><Provider Name='Microsoft-Windows-WindowsUpdateClient' Guid='{945a8954-c147-4acd-923f-40c45405a658}'/><EventID>44</EventID><Version>1</Version><Level>4</Level><Task>1</Task><Opcode>12</Opcode><Keywords>0x8000000000002004</Keywords><TimeCreated SystemTime='2023-06-30T07:40:06.0630754Z'/><EventRecordID>420</EventRecordID><Correlation/><Execution ProcessID='8304' ThreadID='8696'/><Channel>System</Channel><Computer>DESKTOP-TC5H5CS</Computer><Security UserID='S-1-5-18'/></System><EventData><Data Name='updateTitle'>2023-06 w x64  Windows 10 Version 22H2  .NET Framework 3.5B4.8 M 4.8.1 ֿns (KB5027538)</Data><Data Name='updateGuid'>{261a7a52-f991-48d9-a78a-62b4ceb6c2bd}</Data><Data Name='updateRevisionNumber'>200</Data></EventData></Event>"
﻿"421","Microsoft-Windows-WindowsUpdateClient","{945A8954-C147-4ACD-923F-40C45405A658}","44","1","INFORMATION"," ","1","12","1688110806"," "," ","8304","8696","System","DESKTOP-TC5H5CS","S-1-5-18","<Event xmlns='http://schemas.microsoft.com/win/2004/08/events/event'><System><Provider Name='Microsoft-Windows-WindowsUpdateClient' Guid='{945a8954-c147-4acd-923f-40c45405a658}'/><EventID>44</EventID><Version>1</Version><Level>4</Level><Task>1</Task><Opcode>12</Opcode><Keywords>0x8000000000002004</Keywords><TimeCreated SystemTime='2023-06-30T07:40:06.0632041Z'/><EventRecordID>421</EventRecordID><Correlation/><Execution ProcessID='8304' ThreadID='8696'/><Channel>System</Channel><Computer>DESKTOP-TC5H5CS</Computer><Security UserID='S-1-5-18'/></System><EventData><Data Name='updateTitle'>2023-04 AΩ x64 t Windows 10 Version 22H2 s (KB4023057)</Data><Data Name='updateGuid'>{5bf7cc19-a5c4-4d20-9477-9024b92f9546}</Data><Data Name='updateRevisionNumber'>1</Data></EventData></Event>"
﻿"422","Microsoft-Windows-WindowsUpdateClient","{945A8954-C147-4ACD-923F-40C45405A658}","44","1","INFORMATION"," ","1","12","1688110806"," "," ","8304","8696","System","DESKTOP-TC5H5CS","S-1-5-18","<Event xmlns='http://schemas.microsoft.com/win/2004/08/events/event'><System><Provider Name='Microsoft-Windows-WindowsUpdateClient' Guid='{945a8954-c147-4acd-923f-40c45405a658}'/><EventID>44</EventID><Version>1</Version><Level>4</Level><Task>1</Task><Opcode>12</Opcode><Keywords>0x8000000000002004</Keywords><TimeCreated SystemTime='2023-06-30T07:40:06.0632054Z'/><EventRecordID>422</EventRecordID><Correlation/><Execution ProcessID='8304' ThreadID='8696'/><Channel>System</Channel><Computer>DESKTOP-TC5H5CS</Computer><Security UserID='S-1-5-18'/></System><EventData><Data Name='updateTitle'>2023-06 ֿns Windows 10 Version 22H2 AΩ x64 t (KB5027215)</Data><Data Name='updateGuid'>{e13a175c-c175-4c3b-b782-611490757416}</Data><Data Name='updateRevisionNumber'>1</Data></EventData></Event>"
﻿"423","Microsoft-Windows-WindowsUpdateClient","{945A8954-C147-4ACD-923F-40C45405A658}","19","1","INFORMATION"," ","1","13","1688110806"," "," ","8304","8696","System","DESKTOP-TC5H5CS","S-1-5-18","<Event xmlns='http://schemas.microsoft.com/win/2004/08/events/event'><System><Provider Name='Microsoft-Windows-WindowsUpdateClient' Guid='{945a8954-c147-4acd-923f-40c45405a658}'/><EventID>19</EventID><Version>1</Version><Level>4</Level><Task>1</Task><Opcode>13</Opcode><Keywords>0x8000000000000018</Keywords><TimeCreated SystemTime='2023-06-30T07:40:06.0632821Z'/><EventRecordID>423</EventRecordID><Correlation/><Execution ProcessID='8304' ThreadID='8696'/><Channel>System</Channel><Computer>DESKTOP-TC5H5CS</Computer><Security UserID='S-1-5-18'/></System><EventData><Data Name='updateTitle'>Microsoft Defender Antivirus ws - KB2267602 ] 1.391.3067.0^</Data><Data Name='updateGuid'>{30ac3e3f-a489-4e22-9f02-fd03782a1d9b}</Data><Data Name='updateRevisionNumber'>200</Data><Data Name='serviceGuid'>{9482f4b4-e343-43b6-b170-9a65bc822c77}</Data></EventData></Event>"
﻿"424","Microsoft-Windows-WindowsUpdateClient","{945A8954-C147-4ACD-923F-40C45405A658}","43","1","INFORMATION"," ","1","13","1688110806"," "," ","8304","8696","System","DESKTOP-TC5H5CS","S-1-5-18","<Event xmlns='http://schemas.microsoft.com/win/2004/08/events/event'><System><Provider Name='Microsoft-Windows-WindowsUpdateClient' Guid='{945a8954-c147-4acd-923f-40c45405a658}'/><EventID>43</EventID><Version>1</Version><Level>4</Level><Task>1</Task><Opcode>13</Opcode><Keywords>0x8000000000002008</Keywords><TimeCreated SystemTime='2023-06-30T07:40:06.8598519Z'/><EventRecordID>424</EventRecordID><Correlation/><Execution ProcessID='8304' ThreadID='8696'/><Channel>System</Channel><Computer>DESKTOP-TC5H5CS</Computer><Security UserID='S-1-5-18'/></System><EventData><Data Name='updateTitle'>Microsoft Defender Antivirus ϴcN{Xxs - KB4052623 ( 4.18.23050.5)</Data><Data Name='updateGuid'>{5302e800-11ad-466d-a2bd-480d8f94c7ab}</Data><Data Name='updateRevisionNumber'>200</Data></EventData></Event>"
﻿"425","Microsoft-Windows-FilterManager","{F3C5E28E-63F6-49C7-A204-E48A1BC4B09D}","1","0","INFORMATION"," ","0","0","1688110817"," "," ","4","9848","System","DESKTOP-TC5H5CS","S-1-5-18","<Event xmlns='http://schemas.microsoft.com/win/2004/08/events/event'><System><Provider Name='Microsoft-Windows-FilterManager' Guid='{f3c5e28e-63f6-49c7-a204-e48a1bc4b09d}'/><EventID>1</EventID><Version>0</Version><Level>4</Level><Task>0</Task><Opcode>0</Opcode><Keywords>0x8000000000000000</Keywords><TimeCreated SystemTime='2023-06-30T07:40:17.8921797Z'/><EventRecordID>425</EventRecordID><Correlation/><Execution ProcessID='4' ThreadID='9848'/><Channel>System</Channel><Computer>DESKTOP-TC5H5CS</Computer><Security UserID='S-1-5-18'/></System><EventData><Data Name='FinalStatus'>0x0</Data><Data Name='DeviceVersionMajor'>10</Data><Data Name='DeviceVersionMinor'>0</Data><Data Name='DeviceNameLength'>8</Data><Data Name='DeviceName'>WdFilter</Data><Data Name='DeviceTime'>2066-04-09T12:52:09.0000000Z</Data></EventData></Event>"
﻿"426","Service Control Manager","{555908D1-A6D7-4695-8E1E-26931D2012F4}","1073748864","0","INFORMATION"," ","0","0","1688110822"," "," ","620","5816","System","DESKTOP-TC5H5CS","S-1-5-18","<Event xmlns='http://schemas.microsoft.com/win/2004/08/events/event'><System><Provider Name='Service Control Manager' Guid='{555908d1-a6d7-4695-8e1e-26931d2012f4}' EventSourceName='Service Control Manager'/><EventID Qualifiers='16384'>7040</EventID><Version>0</Version><Level>4</Level><Task>0</Task><Opcode>0</Opcode><Keywords>0x8080000000000000</Keywords><TimeCreated SystemTime='2023-06-30T07:40:22.6828766Z'/><EventRecordID>426</EventRecordID><Correlation/><Execution ProcessID='620' ThreadID='5816'/><Channel>System</Channel><Computer>DESKTOP-TC5H5CS</Computer><Security UserID='S-1-5-18'/></System><EventData><Data Name='param1'>Windows Modules Installer</Data><Data Name='param2'>wҰ</Data><Data Name='param3'>۰ʱҰ</Data><Data Name='param4'>TrustedInstaller</Data></EventData></Event>"
﻿"427","Microsoft-Windows-FilterManager","{F3C5E28E-63F6-49C7-A204-E48A1BC4B09D}","6","0","INFORMATION"," ","0","0","1688110826"," "," ","4","112","System","DESKTOP-TC5H5CS","S-1-5-18","<Event xmlns='http://schemas.microsoft.com/win/2004/08/events/event'><System><Provider Name='Microsoft-Windows-FilterManager' Guid='{f3c5e28e-63f6-49c7-a204-e48a1bc4b09d}'/><EventID>6</EventID><Version>0</Version><Level>4</Level><Task>0</Task><Opcode>0</Opcode><Keywords>0x8000000000000000</Keywords><TimeCreated SystemTime='2023-06-30T07:40:26.5345946Z'/><EventRecordID>427</EventRecordID><Correlation/><Execution ProcessID='4' ThreadID='112'/><Channel>System</Channel><Computer>DESKTOP-TC5H5CS</Computer><Security UserID='S-1-5-18'/></System><EventData><Data Name='FinalStatus'>0x0</Data><Data Name='DeviceVersionMajor'>10</Data><Data Name='DeviceVersionMinor'>0</Data><Data Name='DeviceNameLength'>8</Data><Data Name='DeviceName'>WdFilter</Data><Data Name='DeviceTime'>2075-05-14T20:41:17.0000000Z</Data></EventData></Event>"
﻿"428","Service Control Manager","{555908D1-A6D7-4695-8E1E-26931D2012F4}","1073748864","0","INFORMATION"," ","0","0","1688110832"," "," ","620","5692","System","DESKTOP-TC5H5CS","S-1-5-18","<Event xmlns='http://schemas.microsoft.com/win/2004/08/events/event'><System><Provider Name='Service Control Manager' Guid='{555908d1-a6d7-4695-8e1e-26931d2012f4}' EventSourceName='Service Control Manager'/><EventID Qualifiers='16384'>7040</EventID><Version>0</Version><Level>4</Level><Task>0</Task><Opcode>0</Opcode><Keywords>0x8080000000000000</Keywords><TimeCreated SystemTime='2023-06-30T07:40:32.2141327Z'/><EventRecordID>428</EventRecordID><Correlation/><Execution ProcessID='620' ThreadID='5692'/><Channel>System</Channel><Computer>DESKTOP-TC5H5CS</Computer><Security UserID='S-1-5-18'/></System><EventData><Data Name='param1'>Windows Modules Installer</Data><Data Name='param2'>۰ʱҰ</Data><Data Name='param3'>wҰ</Data><Data Name='param4'>TrustedInstaller</Data></EventData></Event>"
﻿"429","Microsoft-Windows-WindowsUpdateClient","{945A8954-C147-4ACD-923F-40C45405A658}","19","1","INFORMATION"," ","1","13","1688110834"," "," ","8304","3124","System","DESKTOP-TC5H5CS","S-1-5-18","<Event xmlns='http://schemas.microsoft.com/win/2004/08/events/event'><System><Provider Name='Microsoft-Windows-WindowsUpdateClient' Guid='{945a8954-c147-4acd-923f-40c45405a658}'/><EventID>19</EventID><Version>1</Version><Level>4</Level><Task>1</Task><Opcode>13</Opcode><Keywords>0x8000000000000018</Keywords><TimeCreated SystemTime='2023-06-30T07:40:34.6337528Z'/><EventRecordID>429</EventRecordID><Correlation/><Execution ProcessID='8304' ThreadID='3124'/><Channel>System</Channel><Computer>DESKTOP-TC5H5CS</Computer><Security UserID='S-1-5-18'/></System><EventData><Data Name='updateTitle'>Microsoft Defender Antivirus ϴcN{Xxs - KB4052623 ( 4.18.23050.5)</Data><Data Name='updateGuid'>{5302e800-11ad-466d-a2bd-480d8f94c7ab}</Data><Data Name='updateRevisionNumber'>200</Data><Data Name='serviceGuid'>{9482f4b4-e343-43b6-b170-9a65bc822c77}</Data></EventData></Event>"
﻿"430","Microsoft-Windows-WindowsUpdateClient","{945A8954-C147-4ACD-923F-40C45405A658}","20","1","ERROR"," ","1","13","1688111227"," "," ","8304","3232","System","DESKTOP-TC5H5CS","S-1-5-18","<Event xmlns='http://schemas.microsoft.com/win/2004/08/events/event'><System><Provider Name='Microsoft-Windows-WindowsUpdateClient' Guid='{945a8954-c147-4acd-923f-40c45405a658}'/><EventID>20</EventID><Version>1</Version><Level>2</Level><Task>1</Task><Opcode>13</Opcode><Keywords>0x8000000000000028</Keywords><TimeCreated SystemTime='2023-06-30T07:47:07.2026309Z'/><EventRecordID>430</EventRecordID><Correlation/><Execution ProcessID='8304' ThreadID='3232'/><Channel>System</Channel><Computer>DESKTOP-TC5H5CS</Computer><Security UserID='S-1-5-18'/></System><EventData><Data Name='errorCode'>0x80240017</Data><Data Name='updateTitle'>Windows Defender Antivirus ϴcN{Xxs - KB4052623 ( 4.18.2001.10)</Data><Data Name='updateGuid'>{62afbd9b-097b-4300-9e4d-275c9a35be2c}</Data><Data Name='updateRevisionNumber'>201</Data><Data Name='serviceGuid'>{9482f4b4-e343-43b6-b170-9a65bc822c77}</Data></EventData></Event>"
﻿"431","Microsoft-Windows-WindowsUpdateClient","{945A8954-C147-4ACD-923F-40C45405A658}","43","1","INFORMATION"," ","1","13","1688111227"," "," ","8304","6644","System","DESKTOP-TC5H5CS","S-1-5-18","<Event xmlns='http://schemas.microsoft.com/win/2004/08/events/event'><System><Provider Name='Microsoft-Windows-WindowsUpdateClient' Guid='{945a8954-c147-4acd-923f-40c45405a658}'/><EventID>43</EventID><Version>1</Version><Level>4</Level><Task>1</Task><Opcode>13</Opcode><Keywords>0x8000000000002008</Keywords><TimeCreated SystemTime='2023-06-30T07:47:07.7493232Z'/><EventRecordID>431</EventRecordID><Correlation/><Execution ProcessID='8304' ThreadID='6644'/><Channel>System</Channel><Computer>DESKTOP-TC5H5CS</Computer><Security UserID='S-1-5-18'/></System><EventData><Data Name='updateTitle'>KB890830GWindows cNn鲾u x64 - v5.114</Data><Data Name='updateGuid'>{ae6f301e-970b-4519-a83f-64ab18c10842}</Data><Data Name='updateRevisionNumber'>200</Data></EventData></Event>"
﻿"432","Microsoft-Windows-WindowsUpdateClient","{945A8954-C147-4ACD-923F-40C45405A658}","44","1","INFORMATION"," ","1","12","1688111234"," "," ","8304","11224","System","DESKTOP-TC5H5CS","S-1-5-18","<Event xmlns='http://schemas.microsoft.com/win/2004/08/events/event'><System><Provider Name='Microsoft-Windows-WindowsUpdateClient' Guid='{945a8954-c147-4acd-923f-40c45405a658}'/><EventID>44</EventID><Version>1</Version><Level>4</Level><Task>1</Task><Opcode>12</Opcode><Keywords>0x8000000000002004</Keywords><TimeCreated SystemTime='2023-06-30T07:47:14.2789794Z'/><EventRecordID>432</EventRecordID><Correlation/><Execution ProcessID='8304' ThreadID='11224'/><Channel>System</Channel><Computer>DESKTOP-TC5H5CS</Computer><Security UserID='S-1-5-18'/></System><EventData><Data Name='updateTitle'>9NBLGGH537C2-Microsoft.XboxGameOverlay</Data><Data Name='updateGuid'>{075a4121-db52-4709-91f0-1a3dbd9beb30}</Data><Data Name='updateRevisionNumber'>1</Data></EventData></Event>"
﻿"433","Microsoft-Windows-WindowsUpdateClient","{945A8954-C147-4ACD-923F-40C45405A658}","44","1","INFORMATION"," ","1","12","1688111234"," "," ","8304","11224","System","DESKTOP-TC5H5CS","S-1-5-18","<Event xmlns='http://schemas.microsoft.com/win/2004/08/events/event'><System><Provider Name='Microsoft-Windows-WindowsUpdateClient' Guid='{945a8954-c147-4acd-923f-40c45405a658}'/><EventID>44</EventID><Version>1</Version><Level>4</Level><Task>1</Task><Opcode>12</Opcode><Keywords>0x8000000000002004</Keywords><TimeCreated SystemTime='2023-06-30T07:47:14.2789820Z'/><EventRecordID>433</EventRecordID><Correlation/><Execution ProcessID='8304' ThreadID='11224'/><Channel>System</Channel><Computer>DESKTOP-TC5H5CS</Computer><Security UserID='S-1-5-18'/></System><EventData><Data Name='updateTitle'>9PLL735RFDSM-Microsoft.NET.Native.Runtime.2.2</Data><Data Name='updateGuid'>{78d00b8d-c973-4e6d-bab8-6d829f76fb3d}</Data><Data Name='updateRevisionNumber'>1</Data></EventData></Event>"
﻿"434","Microsoft-Windows-WindowsUpdateClient","{945A8954-C147-4ACD-923F-40C45405A658}","44","1","INFORMATION"," ","1","12","1688111234"," "," ","8304","11224","System","DESKTOP-TC5H5CS","S-1-5-18","<Event xmlns='http://schemas.microsoft.com/win/2004/08/events/event'><System><Provider Name='Microsoft-Windows-WindowsUpdateClient' Guid='{945a8954-c147-4acd-923f-40c45405a658}'/><EventID>44</EventID><Version>1</Version><Level>4</Level><Task>1</Task><Opcode>12</Opcode><Keywords>0x8000000000002004</Keywords><TimeCreated SystemTime='2023-06-30T07:47:14.2789845Z'/><EventRecordID>434</EventRecordID><Correlation/><Execution ProcessID='8304' ThreadID='11224'/><Channel>System</Channel><Computer>DESKTOP-TC5H5CS</Computer><Security UserID='S-1-5-18'/></System><EventData><Data Name='updateTitle'>9P086NHDNB9W-Microsoft.XboxSpeechtoTextOverlay</Data><Data Name='updateGuid'>{2d41a1c7-a089-4426-b953-037765a1ed95}</Data><Data Name='updateRevisionNumber'>1</Data></EventData></Event>"
﻿"435","Microsoft-Windows-Kernel-General","{A68CA8B7-004F-D7B6-A698-07E2DE0F1F5D}","16","0","INFORMATION"," ","0","0","1688111243"," "," ","8148","3792","System","DESKTOP-TC5H5CS","S-1-5-18","<Event xmlns='http://schemas.microsoft.com/win/2004/08/events/event'><System><Provider Name='Microsoft-Windows-Kernel-General' Guid='{a68ca8b7-004f-d7b6-a698-07e2de0f1f5d}'/><EventID>16</EventID><Version>0</Version><Level>4</Level><Task>0</Task><Opcode>0</Opcode><Keywords>0x8000000000000000</Keywords><TimeCreated SystemTime='2023-06-30T07:47:23.3898628Z'/><EventRecordID>435</EventRecordID><Correlation/><Execution ProcessID='8148' ThreadID='3792'/><Channel>System</Channel><Computer>DESKTOP-TC5H5CS</Computer><Security UserID='S-1-5-18'/></System><EventData><Data Name='HiveNameLength'>136</Data><Data Name='HiveName'>\??\C:\ProgramData\Microsoft\Windows\AppRepository\Packages\Microsoft.XboxGameOverlay_1.54.4001.0_x64__8wekyb3d8bbwe\ActivationStore.dat</Data><Data Name='KeysUpdated'>0</Data><Data Name='DirtyPages'>0</Data></EventData></Event>"
﻿"436","Microsoft-Windows-WindowsUpdateClient","{945A8954-C147-4ACD-923F-40C45405A658}","44","1","INFORMATION"," ","1","12","1688111243"," "," ","8304","11224","System","DESKTOP-TC5H5CS","S-1-5-18","<Event xmlns='http://schemas.microsoft.com/win/2004/08/events/event'><System><Provider Name='Microsoft-Windows-WindowsUpdateClient' Guid='{945a8954-c147-4acd-923f-40c45405a658}'/><EventID>44</EventID><Version>1</Version><Level>4</Level><Task>1</Task><Opcode>12</Opcode><Keywords>0x8000000000002004</Keywords><TimeCreated SystemTime='2023-06-30T07:47:23.9472179Z'/><EventRecordID>436</EventRecordID><Correlation/><Execution ProcessID='8304' ThreadID='11224'/><Channel>System</Channel><Computer>DESKTOP-TC5H5CS</Computer><Security UserID='S-1-5-18'/></System><EventData><Data Name='updateTitle'>9MW2LKJ0TPJF-Microsoft.NET.Native.Framework.2.2</Data><Data Name='updateGuid'>{2bfc90df-c5e5-4c06-b503-16647503bf6a}</Data><Data Name='updateRevisionNumber'>1</Data></EventData></Event>"
﻿"437","Microsoft-Windows-WindowsUpdateClient","{945A8954-C147-4ACD-923F-40C45405A658}","44","1","INFORMATION"," ","1","12","1688111248"," "," ","8304","11224","System","DESKTOP-TC5H5CS","S-1-5-18","<Event xmlns='http://schemas.microsoft.com/win/2004/08/events/event'><System><Provider Name='Microsoft-Windows-WindowsUpdateClient' Guid='{945a8954-c147-4acd-923f-40c45405a658}'/><EventID>44</EventID><Version>1</Version><Level>4</Level><Task>1</Task><Opcode>12</Opcode><Keywords>0x8000000000002004</Keywords><TimeCreated SystemTime='2023-06-30T07:47:28.8716556Z'/><EventRecordID>437</EventRecordID><Correlation/><Execution ProcessID='8304' ThreadID='11224'/><Channel>System</Channel><Computer>DESKTOP-TC5H5CS</Computer><Security UserID='S-1-5-18'/></System><EventData><Data Name='updateTitle'>9NBLGGH3FRZM-Microsoft.VCLibs.140.00</Data><Data Name='updateGuid'>{8644822b-523b-4979-9bec-0331672ba155}</Data><Data Name='updateRevisionNumber'>1</Data></EventData></Event>"
﻿"438","Microsoft-Windows-WindowsUpdateClient","{945A8954-C147-4ACD-923F-40C45405A658}","44","1","INFORMATION"," ","1","12","1688111248"," "," ","8304","11224","System","DESKTOP-TC5H5CS","S-1-5-18","<Event xmlns='http://schemas.microsoft.com/win/2004/08/events/event'><System><Provider Name='Microsoft-Windows-WindowsUpdateClient' Guid='{945a8954-c147-4acd-923f-40c45405a658}'/><EventID>44</EventID><Version>1</Version><Level>4</Level><Task>1</Task><Opcode>12</Opcode><Keywords>0x8000000000002004</Keywords><TimeCreated SystemTime='2023-06-30T07:47:28.8716588Z'/><EventRecordID>438</EventRecordID><Correlation/><Execution ProcessID='8304' ThreadID='11224'/><Channel>System</Channel><Computer>DESKTOP-TC5H5CS</Computer><Security UserID='S-1-5-18'/></System><EventData><Data Name='updateTitle'>9NBLGGH3FRZM-Microsoft.VCLibs.140.00</Data><Data Name='updateGuid'>{8644822b-523b-4979-9bec-0331672ba155}</Data><Data Name='updateRevisionNumber'>1</Data></EventData></Event>"
﻿"439","Microsoft-Windows-WindowsUpdateClient","{945A8954-C147-4ACD-923F-40C45405A658}","43","1","INFORMATION"," ","1","13","1688111249"," "," ","8304","6764","System","DESKTOP-TC5H5CS","S-1-5-18","<Event xmlns='http://schemas.microsoft.com/win/2004/08/events/event'><System><Provider Name='Microsoft-Windows-WindowsUpdateClient' Guid='{945a8954-c147-4acd-923f-40c45405a658}'/><EventID>43</EventID><Version>1</Version><Level>4</Level><Task>1</Task><Opcode>13</Opcode><Keywords>0x8000000000002008</Keywords><TimeCreated SystemTime='2023-06-30T07:47:29.8838652Z'/><EventRecordID>439</EventRecordID><Correlation/><Execution ProcessID='8304' ThreadID='6764'/><Channel>System</Channel><Computer>DESKTOP-TC5H5CS</Computer><Security UserID='S-1-5-18'/></System><EventData><Data Name='updateTitle'>9NBLGGH537C2-Microsoft.XboxGameOverlay</Data><Data Name='updateGuid'>{075a4121-db52-4709-91f0-1a3dbd9beb30}</Data><Data Name='updateRevisionNumber'>1</Data></EventData></Event>"
﻿"440","Microsoft-Windows-Kernel-General","{A68CA8B7-004F-D7B6-A698-07E2DE0F1F5D}","16","0","INFORMATION"," ","0","0","1688111250"," "," ","8148","3792","System","DESKTOP-TC5H5CS","S-1-5-21-2081973557-1603719640-2355346784-1001","<Event xmlns='http://schemas.microsoft.com/win/2004/08/events/event'><System><Provider Name='Microsoft-Windows-Kernel-General' Guid='{a68ca8b7-004f-d7b6-a698-07e2de0f1f5d}'/><EventID>16</EventID><Version>0</Version><Level>4</Level><Task>0</Task><Opcode>0</Opcode><Keywords>0x8000000000000000</Keywords><TimeCreated SystemTime='2023-06-30T07:47:30.6087164Z'/><EventRecordID>440</EventRecordID><Correlation/><Execution ProcessID='8148' ThreadID='3792'/><Channel>System</Channel><Computer>DESKTOP-TC5H5CS</Computer><Security UserID='S-1-5-21-2081973557-1603719640-2355346784-1001'/></System><EventData><Data Name='HiveNameLength'>102</Data><Data Name='HiveName'>\??\C:\Users\test\AppData\Local\Packages\Microsoft.XboxGameOverlay_8wekyb3d8bbwe\Settings\settings.dat</Data><Data Name='KeysUpdated'>3</Data><Data Name='DirtyPages'>1</Data></EventData></Event>"
﻿"441","Microsoft-Windows-Kernel-General","{A68CA8B7-004F-D7B6-A698-07E2DE0F1F5D}","16","0","INFORMATION"," ","0","0","1688111251"," "," ","8148","1860","System","DESKTOP-TC5H5CS","S-1-5-18","<Event xmlns='http://schemas.microsoft.com/win/2004/08/events/event'><System><Provider Name='Microsoft-Windows-Kernel-General' Guid='{a68ca8b7-004f-d7b6-a698-07e2de0f1f5d}'/><EventID>16</EventID><Version>0</Version><Level>4</Level><Task>0</Task><Opcode>0</Opcode><Keywords>0x8000000000000000</Keywords><TimeCreated SystemTime='2023-06-30T07:47:31.1039205Z'/><EventRecordID>441</EventRecordID><Correlation/><Execution ProcessID='8148' ThreadID='1860'/><Channel>System</Channel><Computer>DESKTOP-TC5H5CS</Computer><Security UserID='S-1-5-18'/></System><EventData><Data Name='HiveNameLength'>145</Data><Data Name='HiveName'>\??\C:\ProgramData\Microsoft\Windows\AppRepository\Packages\Microsoft.XboxSpeechToTextOverlay_1.21.13002.0_x64__8wekyb3d8bbwe\ActivationStore.dat</Data><Data Name='KeysUpdated'>0</Data><Data Name='DirtyPages'>0</Data></EventData></Event>"
﻿"442","Microsoft-Windows-WindowsUpdateClient","{945A8954-C147-4ACD-923F-40C45405A658}","44","1","INFORMATION"," ","1","12","1688111251","{7BA622C1-AB14-0001-FC8A-A87B14ABD901}"," ","8304","6764","System","DESKTOP-TC5H5CS","S-1-5-18","<Event xmlns='http://schemas.microsoft.com/win/2004/08/events/event'><System><Provider Name='Microsoft-Windows-WindowsUpdateClient' Guid='{945a8954-c147-4acd-923f-40c45405a658}'/><EventID>44</EventID><Version>1</Version><Level>4</Level><Task>1</Task><Opcode>12</Opcode><Keywords>0x8000000000002004</Keywords><TimeCreated SystemTime='2023-06-30T07:47:31.8760264Z'/><EventRecordID>442</EventRecordID><Correlation ActivityID='{7ba622c1-ab14-0001-fc8a-a87b14abd901}'/><Execution ProcessID='8304' ThreadID='6764'/><Channel>System</Channel><Computer>DESKTOP-TC5H5CS</Computer><Security UserID='S-1-5-18'/></System><EventData><Data Name='updateTitle'>9NKNC0LD5NN6-Microsoft.Xbox.TCUI</Data><Data Name='updateGuid'>{83cb05b1-36cd-4ef9-a9c6-136d4b522e64}</Data><Data Name='updateRevisionNumber'>1</Data></EventData></Event>"
﻿"443","Microsoft-Windows-WindowsUpdateClient","{945A8954-C147-4ACD-923F-40C45405A658}","19","1","INFORMATION"," ","1","13","1688111251","{7BA622C1-AB14-0001-FC8A-A87B14ABD901}"," ","8304","6764","System","DESKTOP-TC5H5CS","S-1-5-18","<Event xmlns='http://schemas.microsoft.com/win/2004/08/events/event'><System><Provider Name='Microsoft-Windows-WindowsUpdateClient' Guid='{945a8954-c147-4acd-923f-40c45405a658}'/><EventID>19</EventID><Version>1</Version><Level>4</Level><Task>1</Task><Opcode>13</Opcode><Keywords>0x8000000000000018</Keywords><TimeCreated SystemTime='2023-06-30T07:47:31.8760293Z'/><EventRecordID>443</EventRecordID><Correlation ActivityID='{7ba622c1-ab14-0001-fc8a-a87b14abd901}'/><Execution ProcessID='8304' ThreadID='6764'/><Channel>System</Channel><Computer>DESKTOP-TC5H5CS</Computer><Security UserID='S-1-5-18'/></System><EventData><Data Name='updateTitle'>9NBLGGH537C2-Microsoft.XboxGameOverlay</Data><Data Name='updateGuid'>{075a4121-db52-4709-91f0-1a3dbd9beb30}</Data><Data Name='updateRevisionNumber'>1</Data><Data Name='serviceGuid'>{855e8a7c-ecb4-4ca3-b045-1dfa50104289}</Data></EventData></Event>"
﻿"444","Microsoft-Windows-WindowsUpdateClient","{945A8954-C147-4ACD-923F-40C45405A658}","44","1","INFORMATION"," ","1","12","1688111256"," "," ","8304","11020","System","DESKTOP-TC5H5CS","S-1-5-18","<Event xmlns='http://schemas.microsoft.com/win/2004/08/events/event'><System><Provider Name='Microsoft-Windows-WindowsUpdateClient' Guid='{945a8954-c147-4acd-923f-40c45405a658}'/><EventID>44</EventID><Version>1</Version><Level>4</Level><Task>1</Task><Opcode>12</Opcode><Keywords>0x8000000000002004</Keywords><TimeCreated SystemTime='2023-06-30T07:47:36.8136566Z'/><EventRecordID>444</EventRecordID><Correlation/><Execution ProcessID='8304' ThreadID='11020'/><Channel>System</Channel><Computer>DESKTOP-TC5H5CS</Computer><Security UserID='S-1-5-18'/></System><EventData><Data Name='updateTitle'>9PG2DK419DRG-Microsoft.WebpImageExtension</Data><Data Name='updateGuid'>{e1f049c8-c46b-4beb-90a5-59c1148593e4}</Data><Data Name='updateRevisionNumber'>1</Data></EventData></Event>"
﻿"445","Microsoft-Windows-WindowsUpdateClient","{945A8954-C147-4ACD-923F-40C45405A658}","44","1","INFORMATION"," ","1","12","1688111256"," "," ","8304","11020","System","DESKTOP-TC5H5CS","S-1-5-18","<Event xmlns='http://schemas.microsoft.com/win/2004/08/events/event'><System><Provider Name='Microsoft-Windows-WindowsUpdateClient' Guid='{945a8954-c147-4acd-923f-40c45405a658}'/><EventID>44</EventID><Version>1</Version><Level>4</Level><Task>1</Task><Opcode>12</Opcode><Keywords>0x8000000000002004</Keywords><TimeCreated SystemTime='2023-06-30T07:47:36.8136584Z'/><EventRecordID>445</EventRecordID><Correlation/><Execution ProcessID='8304' ThreadID='11020'/><Channel>System</Channel><Computer>DESKTOP-TC5H5CS</Computer><Security UserID='S-1-5-18'/></System><EventData><Data Name='updateTitle'>9NBLGGH3FRZM-Microsoft.VCLibs.140.00</Data><Data Name='updateGuid'>{8644822b-523b-4979-9bec-0331672ba155}</Data><Data Name='updateRevisionNumber'>1</Data></EventData></Event>"
﻿"446","Microsoft-Windows-WindowsUpdateClient","{945A8954-C147-4ACD-923F-40C45405A658}","43","1","INFORMATION"," ","1","13","1688111256"," "," ","8304","11020","System","DESKTOP-TC5H5CS","S-1-5-18","<Event xmlns='http://schemas.microsoft.com/win/2004/08/events/event'><System><Provider Name='Microsoft-Windows-WindowsUpdateClient' Guid='{945a8954-c147-4acd-923f-40c45405a658}'/><EventID>43</EventID><Version>1</Version><Level>4</Level><Task>1</Task><Opcode>13</Opcode><Keywords>0x8000000000002008</Keywords><TimeCreated SystemTime='2023-06-30T07:47:36.8137452Z'/><EventRecordID>446</EventRecordID><Correlation/><Execution ProcessID='8304' ThreadID='11020'/><Channel>System</Channel><Computer>DESKTOP-TC5H5CS</Computer><Security UserID='S-1-5-18'/></System><EventData><Data Name='updateTitle'>9P086NHDNB9W-Microsoft.XboxSpeechtoTextOverlay</Data><Data Name='updateGuid'>{2d41a1c7-a089-4426-b953-037765a1ed95}</Data><Data Name='updateRevisionNumber'>1</Data></EventData></Event>"
