﻿"146","Microsoft-Windows-Kernel-General","{A68CA8B7-004F-D7B6-A698-07E2DE0F1F5D}","16","0","INFORMATION"," ","0","0","1688073696"," "," ","3420","4540","System","WIN-VBFV11TS5L1","S-1-5-18","<Event xmlns='http://schemas.microsoft.com/win/2004/08/events/event'><System><Provider Name='Microsoft-Windows-Kernel-General' Guid='{a68ca8b7-004f-d7b6-a698-07e2de0f1f5d}'/><EventID>16</EventID><Version>0</Version><Level>4</Level><Task>0</Task><Opcode>0</Opcode><Keywords>0x8000000000000000</Keywords><TimeCreated SystemTime='2023-06-29T21:21:36.7531399Z'/><EventRecordID>146</EventRecordID><Correlation/><Execution ProcessID='3420' ThreadID='4540'/><Channel>System</Channel><Computer>WIN-VBFV11TS5L1</Computer><Security UserID='S-1-5-18'/></System><EventData><Data Name='HiveNameLength'>142</Data><Data Name='HiveName'>\??\C:\ProgramData\Microsoft\Windows\AppRepository\Packages\MicrosoftWindows.Client.CBS_120.2212.4180.0_x64__cw5n1h2txyewy\ActivationStore.dat</Data><Data Name='KeysUpdated'>0</Data><Data Name='DirtyPages'>0</Data></EventData></Event>"
﻿"147","Microsoft-Windows-Kernel-General","{A68CA8B7-004F-D7B6-A698-07E2DE0F1F5D}","16","0","INFORMATION"," ","0","0","1688073698"," "," ","3420","4540","System","WIN-VBFV11TS5L1","S-1-5-18","<Event xmlns='http://schemas.microsoft.com/win/2004/08/events/event'><System><Provider Name='Microsoft-Windows-Kernel-General' Guid='{a68ca8b7-004f-d7b6-a698-07e2de0f1f5d}'/><EventID>16</EventID><Version>0</Version><Level>4</Level><Task>0</Task><Opcode>0</Opcode><Keywords>0x8000000000000000</Keywords><TimeCreated SystemTime='2023-06-29T21:21:38.2897087Z'/><EventRecordID>147</EventRecordID><Correlation/><Execution ProcessID='3420' ThreadID='4540'/><Channel>System</Channel><Computer>WIN-VBFV11TS5L1</Computer><Security UserID='S-1-5-18'/></System><EventData><Data Name='HiveNameLength'>157</Data><Data Name='HiveName'>\??\C:\ProgramData\Microsoft\Windows\AppRepository\Packages\MicrosoftWindows.UndockedDevKit_10.0.19041.1023_neutral_neutral_cw5n1h2txyewy\ActivationStore.dat</Data><Data Name='KeysUpdated'>0</Data><Data Name='DirtyPages'>0</Data></EventData></Event>"
﻿"148","Microsoft-Windows-Kernel-General","{A68CA8B7-004F-D7B6-A698-07E2DE0F1F5D}","16","0","INFORMATION"," ","0","0","1688073698"," "," ","3420","4540","System","WIN-VBFV11TS5L1","S-1-5-18","<Event xmlns='http://schemas.microsoft.com/win/2004/08/events/event'><System><Provider Name='Microsoft-Windows-Kernel-General' Guid='{a68ca8b7-004f-d7b6-a698-07e2de0f1f5d}'/><EventID>16</EventID><Version>0</Version><Level>4</Level><Task>0</Task><Opcode>0</Opcode><Keywords>0x8000000000000000</Keywords><TimeCreated SystemTime='2023-06-29T21:21:38.5552862Z'/><EventRecordID>148</EventRecordID><Correlation/><Execution ProcessID='3420' ThreadID='4540'/><Channel>System</Channel><Computer>WIN-VBFV11TS5L1</Computer><Security UserID='S-1-5-18'/></System><EventData><Data Name='HiveNameLength'>138</Data><Data Name='HiveName'>\??\C:\ProgramData\Microsoft\Windows\AppRepository\Packages\NcsiUwpApp_1000.19041.1023.0_neutral_neutral_8wekyb3d8bbwe\ActivationStore.dat</Data><Data Name='KeysUpdated'>0</Data><Data Name='DirtyPages'>0</Data></EventData></Event>"
﻿"149","Microsoft-Windows-Kernel-General","{A68CA8B7-004F-D7B6-A698-07E2DE0F1F5D}","16","0","INFORMATION"," ","0","0","1688073698"," "," ","3420","4604","System","WIN-VBFV11TS5L1","S-1-5-18","<Event xmlns='http://schemas.microsoft.com/win/2004/08/events/event'><System><Provider Name='Microsoft-Windows-Kernel-General' Guid='{a68ca8b7-004f-d7b6-a698-07e2de0f1f5d}'/><EventID>16</EventID><Version>0</Version><Level>4</Level><Task>0</Task><Opcode>0</Opcode><Keywords>0x8000000000000000</Keywords><TimeCreated SystemTime='2023-06-29T21:21:38.7755701Z'/><EventRecordID>149</EventRecordID><Correlation/><Execution ProcessID='3420' ThreadID='4604'/><Channel>System</Channel><Computer>WIN-VBFV11TS5L1</Computer><Security UserID='S-1-5-18'/></System><EventData><Data Name='HiveNameLength'>144</Data><Data Name='HiveName'>\??\C:\ProgramData\Microsoft\Windows\AppRepository\Packages\Windows.CBSPreview_10.0.19041.1023_neutral_neutral_cw5n1h2txyewy\ActivationStore.dat</Data><Data Name='KeysUpdated'>0</Data><Data Name='DirtyPages'>0</Data></EventData></Event>"
﻿"150","Microsoft-Windows-Kernel-General","{A68CA8B7-004F-D7B6-A698-07E2DE0F1F5D}","16","0","INFORMATION"," ","0","0","1688073699"," "," ","3420","4540","System","WIN-VBFV11TS5L1","S-1-5-18","<Event xmlns='http://schemas.microsoft.com/win/2004/08/events/event'><System><Provider Name='Microsoft-Windows-Kernel-General' Guid='{a68ca8b7-004f-d7b6-a698-07e2de0f1f5d}'/><EventID>16</EventID><Version>0</Version><Level>4</Level><Task>0</Task><Opcode>0</Opcode><Keywords>0x8000000000000000</Keywords><TimeCreated SystemTime='2023-06-29T21:21:39.0259156Z'/><EventRecordID>150</EventRecordID><Correlation/><Execution ProcessID='3420' ThreadID='4540'/><Channel>System</Channel><Computer>WIN-VBFV11TS5L1</Computer><Security UserID='S-1-5-18'/></System><EventData><Data Name='HiveNameLength'>151</Data><Data Name='HiveName'>\??\C:\ProgramData\Microsoft\Windows\AppRepository\Packages\windows.immersivecontrolpanel_10.0.2.1000_neutral_neutral_cw5n1h2txyewy\ActivationStore.dat</Data><Data Name='KeysUpdated'>0</Data><Data Name='DirtyPages'>0</Data></EventData></Event>"
﻿"151","Microsoft-Windows-Kernel-General","{A68CA8B7-004F-D7B6-A698-07E2DE0F1F5D}","16","0","INFORMATION"," ","0","0","1688073699"," "," ","3420","4540","System","WIN-VBFV11TS5L1","S-1-5-18","<Event xmlns='http://schemas.microsoft.com/win/2004/08/events/event'><System><Provider Name='Microsoft-Windows-Kernel-General' Guid='{a68ca8b7-004f-d7b6-a698-07e2de0f1f5d}'/><EventID>16</EventID><Version>0</Version><Level>4</Level><Task>0</Task><Opcode>0</Opcode><Keywords>0x8000000000000000</Keywords><TimeCreated SystemTime='2023-06-29T21:21:39.3855625Z'/><EventRecordID>151</EventRecordID><Correlation/><Execution ProcessID='3420' ThreadID='4540'/><Channel>System</Channel><Computer>WIN-VBFV11TS5L1</Computer><Security UserID='S-1-5-18'/></System><EventData><Data Name='HiveNameLength'>137</Data><Data Name='HiveName'>\??\C:\ProgramData\Microsoft\Windows\AppRepository\Packages\Windows.PrintDialog_6.2.1.0_neutral_neutral_cw5n1h2txyewy\ActivationStore.dat</Data><Data Name='KeysUpdated'>0</Data><Data Name='DirtyPages'>0</Data></EventData></Event>"
﻿"152","Microsoft-Windows-Kernel-General","{A68CA8B7-004F-D7B6-A698-07E2DE0F1F5D}","16","0","INFORMATION"," ","0","0","1688073704"," "," ","3420","4540","System","WIN-VBFV11TS5L1","S-1-5-18","<Event xmlns='http://schemas.microsoft.com/win/2004/08/events/event'><System><Provider Name='Microsoft-Windows-Kernel-General' Guid='{a68ca8b7-004f-d7b6-a698-07e2de0f1f5d}'/><EventID>16</EventID><Version>0</Version><Level>4</Level><Task>0</Task><Opcode>0</Opcode><Keywords>0x8000000000000000</Keywords><TimeCreated SystemTime='2023-06-29T21:21:44.0450526Z'/><EventRecordID>152</EventRecordID><Correlation/><Execution ProcessID='3420' ThreadID='4540'/><Channel>System</Channel><Computer>WIN-VBFV11TS5L1</Computer><Security UserID='S-1-5-18'/></System><EventData><Data Name='HiveNameLength'>137</Data><Data Name='HiveName'>\??\C:\ProgramData\Microsoft\Windows\AppRepository\Packages\Microsoft.549981C3F5F10_1.1911.21713.0_x64__8wekyb3d8bbwe\ActivationStore.dat</Data><Data Name='KeysUpdated'>0</Data><Data Name='DirtyPages'>0</Data></EventData></Event>"
﻿"153","Microsoft-Windows-Kernel-General","{A68CA8B7-004F-D7B6-A698-07E2DE0F1F5D}","16","0","INFORMATION"," ","0","0","1688073704"," "," ","3420","4540","System","WIN-VBFV11TS5L1","S-1-5-18","<Event xmlns='http://schemas.microsoft.com/win/2004/08/events/event'><System><Provider Name='Microsoft-Windows-Kernel-General' Guid='{a68ca8b7-004f-d7b6-a698-07e2de0f1f5d}'/><EventID>16</EventID><Version>0</Version><Level>4</Level><Task>0</Task><Opcode>0</Opcode><Keywords>0x8000000000000000</Keywords><TimeCreated SystemTime='2023-06-29T21:21:44.3119336Z'/><EventRecordID>153</EventRecordID><Correlation/><Execution ProcessID='3420' ThreadID='4540'/><Channel>System</Channel><Computer>WIN-VBFV11TS5L1</Computer><Security UserID='S-1-5-18'/></System><EventData><Data Name='HiveNameLength'>147</Data><Data Name='HiveName'>\??\C:\ProgramData\Microsoft\Windows\AppRepository\Packages\Microsoft.Services.Store.Engagement_10.0.18101.0_x86__8wekyb3d8bbwe\ActivationStore.dat</Data><Data Name='KeysUpdated'>0</Data><Data Name='DirtyPages'>0</Data></EventData></Event>"
﻿"154","Microsoft-Windows-Kernel-General","{A68CA8B7-004F-D7B6-A698-07E2DE0F1F5D}","16","0","INFORMATION"," ","0","0","1688073704"," "," ","3420","4540","System","WIN-VBFV11TS5L1","S-1-5-18","<Event xmlns='http://schemas.microsoft.com/win/2004/08/events/event'><System><Provider Name='Microsoft-Windows-Kernel-General' Guid='{a68ca8b7-004f-d7b6-a698-07e2de0f1f5d}'/><EventID>16</EventID><Version>0</Version><Level>4</Level><Task>0</Task><Opcode>0</Opcode><Keywords>0x8000000000000000</Keywords><TimeCreated SystemTime='2023-06-29T21:21:44.4942553Z'/><EventRecordID>154</EventRecordID><Correlation/><Execution ProcessID='3420' ThreadID='4540'/><Channel>System</Channel><Computer>WIN-VBFV11TS5L1</Computer><Security UserID='S-1-5-18'/></System><EventData><Data Name='HiveNameLength'>147</Data><Data Name='HiveName'>\??\C:\ProgramData\Microsoft\Windows\AppRepository\Packages\Microsoft.Services.Store.Engagement_10.0.18101.0_x64__8wekyb3d8bbwe\ActivationStore.dat</Data><Data Name='KeysUpdated'>0</Data><Data Name='DirtyPages'>0</Data></EventData></Event>"
﻿"155","Microsoft-Windows-Kernel-General","{A68CA8B7-004F-D7B6-A698-07E2DE0F1F5D}","16","0","INFORMATION"," ","0","0","1688073704"," "," ","3420","4540","System","WIN-VBFV11TS5L1","S-1-5-18","<Event xmlns='http://schemas.microsoft.com/win/2004/08/events/event'><System><Provider Name='Microsoft-Windows-Kernel-General' Guid='{a68ca8b7-004f-d7b6-a698-07e2de0f1f5d}'/><EventID>16</EventID><Version>0</Version><Level>4</Level><Task>0</Task><Opcode>0</Opcode><Keywords>0x8000000000000000</Keywords><TimeCreated SystemTime='2023-06-29T21:21:44.9481449Z'/><EventRecordID>155</EventRecordID><Correlation/><Execution ProcessID='3420' ThreadID='4540'/><Channel>System</Channel><Computer>WIN-VBFV11TS5L1</Computer><Security UserID='S-1-5-18'/></System><EventData><Data Name='HiveNameLength'>135</Data><Data Name='HiveName'>\??\C:\ProgramData\Microsoft\Windows\AppRepository\Packages\Microsoft.UI.Xaml.2.0_2.1810.18004.0_x64__8wekyb3d8bbwe\ActivationStore.dat</Data><Data Name='KeysUpdated'>0</Data><Data Name='DirtyPages'>0</Data></EventData></Event>"
﻿"156","Microsoft-Windows-Kernel-General","{A68CA8B7-004F-D7B6-A698-07E2DE0F1F5D}","16","0","INFORMATION"," ","0","0","1688073708"," "," ","3420","4540","System","WIN-VBFV11TS5L1","S-1-5-18","<Event xmlns='http://schemas.microsoft.com/win/2004/08/events/event'><System><Provider Name='Microsoft-Windows-Kernel-General' Guid='{a68ca8b7-004f-d7b6-a698-07e2de0f1f5d}'/><EventID>16</EventID><Version>0</Version><Level>4</Level><Task>0</Task><Opcode>0</Opcode><Keywords>0x8000000000000000</Keywords><TimeCreated SystemTime='2023-06-29T21:21:48.7775599Z'/><EventRecordID>156</EventRecordID><Correlation/><Execution ProcessID='3420' ThreadID='4540'/><Channel>System</Channel><Computer>WIN-VBFV11TS5L1</Computer><Security UserID='S-1-5-18'/></System><EventData><Data Name='HiveNameLength'>137</Data><Data Name='HiveName'>\??\C:\ProgramData\Microsoft\Windows\AppRepository\Packages\Microsoft.Advertising.Xaml_10.1808.3.0_x64__8wekyb3d8bbwe\ActivationStore.dat</Data><Data Name='KeysUpdated'>0</Data><Data Name='DirtyPages'>0</Data></EventData></Event>"
﻿"157","Microsoft-Windows-Kernel-General","{A68CA8B7-004F-D7B6-A698-07E2DE0F1F5D}","16","0","INFORMATION"," ","0","0","1688073710"," "," ","3420","4540","System","WIN-VBFV11TS5L1","S-1-5-18","<Event xmlns='http://schemas.microsoft.com/win/2004/08/events/event'><System><Provider Name='Microsoft-Windows-Kernel-General' Guid='{a68ca8b7-004f-d7b6-a698-07e2de0f1f5d}'/><EventID>16</EventID><Version>0</Version><Level>4</Level><Task>0</Task><Opcode>0</Opcode><Keywords>0x8000000000000000</Keywords><TimeCreated SystemTime='2023-06-29T21:21:50.3283328Z'/><EventRecordID>157</EventRecordID><Correlation/><Execution ProcessID='3420' ThreadID='4540'/><Channel>System</Channel><Computer>WIN-VBFV11TS5L1</Computer><Security UserID='S-1-5-18'/></System><EventData><Data Name='HiveNameLength'>133</Data><Data Name='HiveName'>\??\C:\ProgramData\Microsoft\Windows\AppRepository\Packages\Microsoft.BingWeather_4.25.20211.0_x64__8wekyb3d8bbwe\ActivationStore.dat</Data><Data Name='KeysUpdated'>0</Data><Data Name='DirtyPages'>0</Data></EventData></Event>"
﻿"158","Microsoft-Windows-Kernel-General","{A68CA8B7-004F-D7B6-A698-07E2DE0F1F5D}","16","0","INFORMATION"," ","0","0","1688073711"," "," ","3420","4540","System","WIN-VBFV11TS5L1","S-1-5-18","<Event xmlns='http://schemas.microsoft.com/win/2004/08/events/event'><System><Provider Name='Microsoft-Windows-Kernel-General' Guid='{a68ca8b7-004f-d7b6-a698-07e2de0f1f5d}'/><EventID>16</EventID><Version>0</Version><Level>4</Level><Task>0</Task><Opcode>0</Opcode><Keywords>0x8000000000000000</Keywords><TimeCreated SystemTime='2023-06-29T21:21:51.4573318Z'/><EventRecordID>158</EventRecordID><Correlation/><Execution ProcessID='3420' ThreadID='4540'/><Channel>System</Channel><Computer>WIN-VBFV11TS5L1</Computer><Security UserID='S-1-5-18'/></System><EventData><Data Name='HiveNameLength'>140</Data><Data Name='HiveName'>\??\C:\ProgramData\Microsoft\Windows\AppRepository\Packages\Microsoft.DesktopAppInstaller_1.0.30251.0_x64__8wekyb3d8bbwe\ActivationStore.dat</Data><Data Name='KeysUpdated'>0</Data><Data Name='DirtyPages'>0</Data></EventData></Event>"
﻿"159","Microsoft-Windows-Kernel-General","{A68CA8B7-004F-D7B6-A698-07E2DE0F1F5D}","16","0","INFORMATION"," ","0","0","1688073713"," "," ","3420","4604","System","WIN-VBFV11TS5L1","S-1-5-18","<Event xmlns='http://schemas.microsoft.com/win/2004/08/events/event'><System><Provider Name='Microsoft-Windows-Kernel-General' Guid='{a68ca8b7-004f-d7b6-a698-07e2de0f1f5d}'/><EventID>16</EventID><Version>0</Version><Level>4</Level><Task>0</Task><Opcode>0</Opcode><Keywords>0x8000000000000000</Keywords><TimeCreated SystemTime='2023-06-29T21:21:53.0529396Z'/><EventRecordID>159</EventRecordID><Correlation/><Execution ProcessID='3420' ThreadID='4604'/><Channel>System</Channel><Computer>WIN-VBFV11TS5L1</Computer><Security UserID='S-1-5-18'/></System><EventData><Data Name='HiveNameLength'>132</Data><Data Name='HiveName'>\??\C:\ProgramData\Microsoft\Windows\AppRepository\Packages\Microsoft.GetHelp_10.1706.13331.0_x64__8wekyb3d8bbwe\ActivationStore.dat</Data><Data Name='KeysUpdated'>0</Data><Data Name='DirtyPages'>0</Data></EventData></Event>"
﻿"160","Microsoft-Windows-Kernel-General","{A68CA8B7-004F-D7B6-A698-07E2DE0F1F5D}","16","0","INFORMATION"," ","0","0","1688073714"," "," ","3420","4604","System","WIN-VBFV11TS5L1","S-1-5-18","<Event xmlns='http://schemas.microsoft.com/win/2004/08/events/event'><System><Provider Name='Microsoft-Windows-Kernel-General' Guid='{a68ca8b7-004f-d7b6-a698-07e2de0f1f5d}'/><EventID>16</EventID><Version>0</Version><Level>4</Level><Task>0</Task><Opcode>0</Opcode><Keywords>0x8000000000000000</Keywords><TimeCreated SystemTime='2023-06-29T21:21:54.3863091Z'/><EventRecordID>160</EventRecordID><Correlation/><Execution ProcessID='3420' ThreadID='4604'/><Channel>System</Channel><Computer>WIN-VBFV11TS5L1</Computer><Security UserID='S-1-5-18'/></System><EventData><Data Name='HiveNameLength'>131</Data><Data Name='HiveName'>\??\C:\ProgramData\Microsoft\Windows\AppRepository\Packages\Microsoft.Getstarted_8.2.22942.0_x64__8wekyb3d8bbwe\ActivationStore.dat</Data><Data Name='KeysUpdated'>0</Data><Data Name='DirtyPages'>0</Data></EventData></Event>"
﻿"161","Microsoft-Windows-Kernel-General","{A68CA8B7-004F-D7B6-A698-07E2DE0F1F5D}","16","0","INFORMATION"," ","0","0","1688073716"," "," ","3420","4604","System","WIN-VBFV11TS5L1","S-1-5-18","<Event xmlns='http://schemas.microsoft.com/win/2004/08/events/event'><System><Provider Name='Microsoft-Windows-Kernel-General' Guid='{a68ca8b7-004f-d7b6-a698-07e2de0f1f5d}'/><EventID>16</EventID><Version>0</Version><Level>4</Level><Task>0</Task><Opcode>0</Opcode><Keywords>0x8000000000000000</Keywords><TimeCreated SystemTime='2023-06-29T21:21:56.7849164Z'/><EventRecordID>161</EventRecordID><Correlation/><Execution ProcessID='3420' ThreadID='4604'/><Channel>System</Channel><Computer>WIN-VBFV11TS5L1</Computer><Security UserID='S-1-5-18'/></System><EventData><Data Name='HiveNameLength'>140</Data><Data Name='HiveName'>\??\C:\ProgramData\Microsoft\Windows\AppRepository\Packages\Microsoft.Microsoft3DViewer_6.1908.2042.0_x64__8wekyb3d8bbwe\ActivationStore.dat</Data><Data Name='KeysUpdated'>0</Data><Data Name='DirtyPages'>0</Data></EventData></Event>"
﻿"162","Microsoft-Windows-Kernel-General","{A68CA8B7-004F-D7B6-A698-07E2DE0F1F5D}","16","0","INFORMATION"," ","0","0","1688073721"," "," ","3420","4604","System","WIN-VBFV11TS5L1","S-1-5-18","<Event xmlns='http://schemas.microsoft.com/win/2004/08/events/event'><System><Provider Name='Microsoft-Windows-Kernel-General' Guid='{a68ca8b7-004f-d7b6-a698-07e2de0f1f5d}'/><EventID>16</EventID><Version>0</Version><Level>4</Level><Task>0</Task><Opcode>0</Opcode><Keywords>0x8000000000000000</Keywords><TimeCreated SystemTime='2023-06-29T21:22:01.7885199Z'/><EventRecordID>162</EventRecordID><Correlation/><Execution ProcessID='3420' ThreadID='4604'/><Channel>System</Channel><Computer>WIN-VBFV11TS5L1</Computer><Security UserID='S-1-5-18'/></System><EventData><Data Name='HiveNameLength'>142</Data><Data Name='HiveName'>\??\C:\ProgramData\Microsoft\Windows\AppRepository\Packages\Microsoft.MicrosoftOfficeHub_18.1903.1152.0_x64__8wekyb3d8bbwe\ActivationStore.dat</Data><Data Name='KeysUpdated'>0</Data><Data Name='DirtyPages'>0</Data></EventData></Event>"
﻿"163","Microsoft-Windows-Kernel-General","{A68CA8B7-004F-D7B6-A698-07E2DE0F1F5D}","16","0","INFORMATION"," ","0","0","1688073729"," "," ","3420","4604","System","WIN-VBFV11TS5L1","S-1-5-18","<Event xmlns='http://schemas.microsoft.com/win/2004/08/events/event'><System><Provider Name='Microsoft-Windows-Kernel-General' Guid='{a68ca8b7-004f-d7b6-a698-07e2de0f1f5d}'/><EventID>16</EventID><Version>0</Version><Level>4</Level><Task>0</Task><Opcode>0</Opcode><Keywords>0x8000000000000000</Keywords><TimeCreated SystemTime='2023-06-29T21:22:09.1526966Z'/><EventRecordID>163</EventRecordID><Correlation/><Execution ProcessID='3420' ThreadID='4604'/><Channel>System</Channel><Computer>WIN-VBFV11TS5L1</Computer><Security UserID='S-1-5-18'/></System><EventData><Data Name='HiveNameLength'>148</Data><Data Name='HiveName'>\??\C:\ProgramData\Microsoft\Windows\AppRepository\Packages\Microsoft.MicrosoftSolitaireCollection_4.4.8204.0_x64__8wekyb3d8bbwe\ActivationStore.dat</Data><Data Name='KeysUpdated'>0</Data><Data Name='DirtyPages'>0</Data></EventData></Event>"
﻿"164","Microsoft-Windows-Kernel-General","{A68CA8B7-004F-D7B6-A698-07E2DE0F1F5D}","16","0","INFORMATION"," ","0","0","1688073732"," "," ","3420","4604","System","WIN-VBFV11TS5L1","S-1-5-18","<Event xmlns='http://schemas.microsoft.com/win/2004/08/events/event'><System><Provider Name='Microsoft-Windows-Kernel-General' Guid='{a68ca8b7-004f-d7b6-a698-07e2de0f1f5d}'/><EventID>16</EventID><Version>0</Version><Level>4</Level><Task>0</Task><Opcode>0</Opcode><Keywords>0x8000000000000000</Keywords><TimeCreated SystemTime='2023-06-29T21:22:12.1621630Z'/><EventRecordID>164</EventRecordID><Correlation/><Execution ProcessID='3420' ThreadID='4604'/><Channel>System</Channel><Computer>WIN-VBFV11TS5L1</Computer><Security UserID='S-1-5-18'/></System><EventData><Data Name='HiveNameLength'>138</Data><Data Name='HiveName'>\??\C:\ProgramData\Microsoft\Windows\AppRepository\Packages\Microsoft.MicrosoftStickyNotes_3.6.73.0_x64__8wekyb3d8bbwe\ActivationStore.dat</Data><Data Name='KeysUpdated'>0</Data><Data Name='DirtyPages'>0</Data></EventData></Event>"
﻿"165","Microsoft-Windows-Kernel-General","{A68CA8B7-004F-D7B6-A698-07E2DE0F1F5D}","16","0","INFORMATION"," ","0","0","1688073734"," "," ","3420","4604","System","WIN-VBFV11TS5L1","S-1-5-18","<Event xmlns='http://schemas.microsoft.com/win/2004/08/events/event'><System><Provider Name='Microsoft-Windows-Kernel-General' Guid='{a68ca8b7-004f-d7b6-a698-07e2de0f1f5d}'/><EventID>16</EventID><Version>0</Version><Level>4</Level><Task>0</Task><Opcode>0</Opcode><Keywords>0x8000000000000000</Keywords><TimeCreated SystemTime='2023-06-29T21:22:14.8428629Z'/><EventRecordID>165</EventRecordID><Correlation/><Execution ProcessID='3420' ThreadID='4604'/><Channel>System</Channel><Computer>WIN-VBFV11TS5L1</Computer><Security UserID='S-1-5-18'/></System><EventData><Data Name='HiveNameLength'>146</Data><Data Name='HiveName'>\??\C:\ProgramData\Microsoft\Windows\AppRepository\Packages\Microsoft.MixedReality.Portal_2000.19081.1301.0_x64__8wekyb3d8bbwe\ActivationStore.dat</Data><Data Name='KeysUpdated'>0</Data><Data Name='DirtyPages'>0</Data></EventData></Event>"
﻿"166","Microsoft-Windows-Kernel-General","{A68CA8B7-004F-D7B6-A698-07E2DE0F1F5D}","16","0","INFORMATION"," ","0","0","1688073740"," "," ","3420","4604","System","WIN-VBFV11TS5L1","S-1-5-18","<Event xmlns='http://schemas.microsoft.com/win/2004/08/events/event'><System><Provider Name='Microsoft-Windows-Kernel-General' Guid='{a68ca8b7-004f-d7b6-a698-07e2de0f1f5d}'/><EventID>16</EventID><Version>0</Version><Level>4</Level><Task>0</Task><Opcode>0</Opcode><Keywords>0x8000000000000000</Keywords><TimeCreated SystemTime='2023-06-29T21:22:20.5069529Z'/><EventRecordID>166</EventRecordID><Correlation/><Execution ProcessID='3420' ThreadID='4604'/><Channel>System</Channel><Computer>WIN-VBFV11TS5L1</Computer><Security UserID='S-1-5-18'/></System><EventData><Data Name='HiveNameLength'>131</Data><Data Name='HiveName'>\??\C:\ProgramData\Microsoft\Windows\AppRepository\Packages\Microsoft.MSPaint_6.1907.29027.0_x64__8wekyb3d8bbwe\ActivationStore.dat</Data><Data Name='KeysUpdated'>0</Data><Data Name='DirtyPages'>0</Data></EventData></Event>"
﻿"167","Service Control Manager","{555908D1-A6D7-4695-8E1E-26931D2012F4}","1073748864","0","INFORMATION"," ","0","0","1688073749"," "," ","680","1372","System","WIN-VBFV11TS5L1","S-1-5-18","<Event xmlns='http://schemas.microsoft.com/win/2004/08/events/event'><System><Provider Name='Service Control Manager' Guid='{555908d1-a6d7-4695-8e1e-26931d2012f4}' EventSourceName='Service Control Manager'/><EventID Qualifiers='16384'>7040</EventID><Version>0</Version><Level>4</Level><Task>0</Task><Opcode>0</Opcode><Keywords>0x8080000000000000</Keywords><TimeCreated SystemTime='2023-06-29T21:22:29.4079428Z'/><EventRecordID>167</EventRecordID><Correlation/><Execution ProcessID='680' ThreadID='1372'/><Channel>System</Channel><Computer>WIN-VBFV11TS5L1</Computer><Security UserID='S-1-5-18'/></System><EventData><Data Name='param1'>Background Intelligent Transfer Service</Data><Data Name='param2'>wҰ</Data><Data Name='param3'>۰ʱҰ</Data><Data Name='param4'>BITS</Data></EventData></Event>"
﻿"168","Microsoft-Windows-Kernel-General","{A68CA8B7-004F-D7B6-A698-07E2DE0F1F5D}","16","0","INFORMATION"," ","0","0","1688073750"," "," ","3420","4604","System","WIN-VBFV11TS5L1","S-1-5-18","<Event xmlns='http://schemas.microsoft.com/win/2004/08/events/event'><System><Provider Name='Microsoft-Windows-Kernel-General' Guid='{a68ca8b7-004f-d7b6-a698-07e2de0f1f5d}'/><EventID>16</EventID><Version>0</Version><Level>4</Level><Task>0</Task><Opcode>0</Opcode><Keywords>0x8000000000000000</Keywords><TimeCreated SystemTime='2023-06-29T21:22:30.3050405Z'/><EventRecordID>168</EventRecordID><Correlation/><Execution ProcessID='3420' ThreadID='4604'/><Channel>System</Channel><Computer>WIN-VBFV11TS5L1</Computer><Security UserID='S-1-5-18'/></System><EventData><Data Name='HiveNameLength'>143</Data><Data Name='HiveName'>\??\C:\ProgramData\Microsoft\Windows\AppRepository\Packages\Microsoft.Office.OneNote_16001.12026.20112.0_x64__8wekyb3d8bbwe\ActivationStore.dat</Data><Data Name='KeysUpdated'>0</Data><Data Name='DirtyPages'>0</Data></EventData></Event>"
﻿"169","Microsoft-Windows-Kernel-General","{A68CA8B7-004F-D7B6-A698-07E2DE0F1F5D}","16","0","INFORMATION"," ","0","0","1688073751"," "," ","3420","4604","System","WIN-VBFV11TS5L1","S-1-5-18","<Event xmlns='http://schemas.microsoft.com/win/2004/08/events/event'><System><Provider Name='Microsoft-Windows-Kernel-General' Guid='{a68ca8b7-004f-d7b6-a698-07e2de0f1f5d}'/><EventID>16</EventID><Version>0</Version><Level>4</Level><Task>0</Task><Opcode>0</Opcode><Keywords>0x8000000000000000</Keywords><TimeCreated SystemTime='2023-06-29T21:22:31.7884080Z'/><EventRecordID>169</EventRecordID><Correlation/><Execution ProcessID='3420' ThreadID='4604'/><Channel>System</Channel><Computer>WIN-VBFV11TS5L1</Computer><Security UserID='S-1-5-18'/></System><EventData><Data Name='HiveNameLength'>129</Data><Data Name='HiveName'>\??\C:\ProgramData\Microsoft\Windows\AppRepository\Packages\Microsoft.People_10.1902.633.0_x64__8wekyb3d8bbwe\ActivationStore.dat</Data><Data Name='KeysUpdated'>0</Data><Data Name='DirtyPages'>0</Data></EventData></Event>"
﻿"170","Microsoft-Windows-Kernel-General","{A68CA8B7-004F-D7B6-A698-07E2DE0F1F5D}","16","0","INFORMATION"," ","0","0","1688073753"," "," ","3420","4604","System","WIN-VBFV11TS5L1","S-1-5-18","<Event xmlns='http://schemas.microsoft.com/win/2004/08/events/event'><System><Provider Name='Microsoft-Windows-Kernel-General' Guid='{a68ca8b7-004f-d7b6-a698-07e2de0f1f5d}'/><EventID>16</EventID><Version>0</Version><Level>4</Level><Task>0</Task><Opcode>0</Opcode><Keywords>0x8000000000000000</Keywords><TimeCreated SystemTime='2023-06-29T21:22:33.2653294Z'/><EventRecordID>170</EventRecordID><Correlation/><Execution ProcessID='3420' ThreadID='4604'/><Channel>System</Channel><Computer>WIN-VBFV11TS5L1</Computer><Security UserID='S-1-5-18'/></System><EventData><Data Name='HiveNameLength'>136</Data><Data Name='HiveName'>\??\C:\ProgramData\Microsoft\Windows\AppRepository\Packages\Microsoft.ScreenSketch_10.1907.2471.0_x64__8wekyb3d8bbwe\ActivationStore.dat</Data><Data Name='KeysUpdated'>0</Data><Data Name='DirtyPages'>0</Data></EventData></Event>"
﻿"171","Microsoft-Windows-Kernel-General","{A68CA8B7-004F-D7B6-A698-07E2DE0F1F5D}","16","0","INFORMATION"," ","0","0","1688073756"," "," ","3420","4604","System","WIN-VBFV11TS5L1","S-1-5-18","<Event xmlns='http://schemas.microsoft.com/win/2004/08/events/event'><System><Provider Name='Microsoft-Windows-Kernel-General' Guid='{a68ca8b7-004f-d7b6-a698-07e2de0f1f5d}'/><EventID>16</EventID><Version>0</Version><Level>4</Level><Task>0</Task><Opcode>0</Opcode><Keywords>0x8000000000000000</Keywords><TimeCreated SystemTime='2023-06-29T21:22:36.6031058Z'/><EventRecordID>171</EventRecordID><Correlation/><Execution ProcessID='3420' ThreadID='4604'/><Channel>System</Channel><Computer>WIN-VBFV11TS5L1</Computer><Security UserID='S-1-5-18'/></System><EventData><Data Name='HiveNameLength'>128</Data><Data Name='HiveName'>\??\C:\ProgramData\Microsoft\Windows\AppRepository\Packages\Microsoft.SkypeApp_14.53.77.0_x64__kzf8qxf38zg5c\ActivationStore.dat</Data><Data Name='KeysUpdated'>0</Data><Data Name='DirtyPages'>0</Data></EventData></Event>"
﻿"172","Microsoft-Windows-Kernel-General","{A68CA8B7-004F-D7B6-A698-07E2DE0F1F5D}","16","0","INFORMATION"," ","0","0","1688073758"," "," ","3420","4604","System","WIN-VBFV11TS5L1","S-1-5-18","<Event xmlns='http://schemas.microsoft.com/win/2004/08/events/event'><System><Provider Name='Microsoft-Windows-Kernel-General' Guid='{a68ca8b7-004f-d7b6-a698-07e2de0f1f5d}'/><EventID>16</EventID><Version>0</Version><Level>4</Level><Task>0</Task><Opcode>0</Opcode><Keywords>0x8000000000000000</Keywords><TimeCreated SystemTime='2023-06-29T21:22:38.1483473Z'/><EventRecordID>172</EventRecordID><Correlation/><Execution ProcessID='3420' ThreadID='4604'/><Channel>System</Channel><Computer>WIN-VBFV11TS5L1</Computer><Security UserID='S-1-5-18'/></System><EventData><Data Name='HiveNameLength'>141</Data><Data Name='HiveName'>\??\C:\ProgramData\Microsoft\Windows\AppRepository\Packages\Microsoft.StorePurchaseApp_11811.1001.18.0_x64__8wekyb3d8bbwe\ActivationStore.dat</Data><Data Name='KeysUpdated'>0</Data><Data Name='DirtyPages'>0</Data></EventData></Event>"
﻿"173","Microsoft-Windows-Kernel-General","{A68CA8B7-004F-D7B6-A698-07E2DE0F1F5D}","16","0","INFORMATION"," ","0","0","1688073759"," "," ","3420","4604","System","WIN-VBFV11TS5L1","S-1-5-18","<Event xmlns='http://schemas.microsoft.com/win/2004/08/events/event'><System><Provider Name='Microsoft-Windows-Kernel-General' Guid='{a68ca8b7-004f-d7b6-a698-07e2de0f1f5d}'/><EventID>16</EventID><Version>0</Version><Level>4</Level><Task>0</Task><Opcode>0</Opcode><Keywords>0x8000000000000000</Keywords><TimeCreated SystemTime='2023-06-29T21:22:39.4114483Z'/><EventRecordID>173</EventRecordID><Correlation/><Execution ProcessID='3420' ThreadID='4604'/><Channel>System</Channel><Computer>WIN-VBFV11TS5L1</Computer><Security UserID='S-1-5-18'/></System><EventData><Data Name='HiveNameLength'>127</Data><Data Name='HiveName'>\??\C:\ProgramData\Microsoft\Windows\AppRepository\Packages\Microsoft.Wallet_2.4.18324.0_x64__8wekyb3d8bbwe\ActivationStore.dat</Data><Data Name='KeysUpdated'>0</Data><Data Name='DirtyPages'>0</Data></EventData></Event>"
﻿"174","Microsoft-Windows-Kernel-General","{A68CA8B7-004F-D7B6-A698-07E2DE0F1F5D}","16","0","INFORMATION"," ","0","0","1688073760"," "," ","3420","4604","System","WIN-VBFV11TS5L1","S-1-5-18","<Event xmlns='http://schemas.microsoft.com/win/2004/08/events/event'><System><Provider Name='Microsoft-Windows-Kernel-General' Guid='{a68ca8b7-004f-d7b6-a698-07e2de0f1f5d}'/><EventID>16</EventID><Version>0</Version><Level>4</Level><Task>0</Task><Opcode>0</Opcode><Keywords>0x8000000000000000</Keywords><TimeCreated SystemTime='2023-06-29T21:22:40.5028802Z'/><EventRecordID>174</EventRecordID><Correlation/><Execution ProcessID='3420' ThreadID='4604'/><Channel>System</Channel><Computer>WIN-VBFV11TS5L1</Computer><Security UserID='S-1-5-18'/></System><EventData><Data Name='HiveNameLength'>139</Data><Data Name='HiveName'>\??\C:\ProgramData\Microsoft\Windows\AppRepository\Packages\Microsoft.WebMediaExtensions_1.0.20875.0_x64__8wekyb3d8bbwe\ActivationStore.dat</Data><Data Name='KeysUpdated'>0</Data><Data Name='DirtyPages'>0</Data></EventData></Event>"
﻿"175","Microsoft-Windows-Kernel-General","{A68CA8B7-004F-D7B6-A698-07E2DE0F1F5D}","16","0","INFORMATION"," ","0","0","1688073763"," "," ","3420","4604","System","WIN-VBFV11TS5L1","S-1-5-18","<Event xmlns='http://schemas.microsoft.com/win/2004/08/events/event'><System><Provider Name='Microsoft-Windows-Kernel-General' Guid='{a68ca8b7-004f-d7b6-a698-07e2de0f1f5d}'/><EventID>16</EventID><Version>0</Version><Level>4</Level><Task>0</Task><Opcode>0</Opcode><Keywords>0x8000000000000000</Keywords><TimeCreated SystemTime='2023-06-29T21:22:43.8435006Z'/><EventRecordID>175</EventRecordID><Correlation/><Execution ProcessID='3420' ThreadID='4604'/><Channel>System</Channel><Computer>WIN-VBFV11TS5L1</Computer><Security UserID='S-1-5-18'/></System><EventData><Data Name='HiveNameLength'>142</Data><Data Name='HiveName'>\??\C:\ProgramData\Microsoft\Windows\AppRepository\Packages\Microsoft.Windows.Photos_2019.19071.12548.0_x64__8wekyb3d8bbwe\ActivationStore.dat</Data><Data Name='KeysUpdated'>0</Data><Data Name='DirtyPages'>0</Data></EventData></Event>"
﻿"176","Microsoft-Windows-Kernel-General","{A68CA8B7-004F-D7B6-A698-07E2DE0F1F5D}","16","0","INFORMATION"," ","0","0","1688073766"," "," ","3420","4604","System","WIN-VBFV11TS5L1","S-1-5-18","<Event xmlns='http://schemas.microsoft.com/win/2004/08/events/event'><System><Provider Name='Microsoft-Windows-Kernel-General' Guid='{a68ca8b7-004f-d7b6-a698-07e2de0f1f5d}'/><EventID>16</EventID><Version>0</Version><Level>4</Level><Task>0</Task><Opcode>0</Opcode><Keywords>0x8000000000000000</Keywords><TimeCreated SystemTime='2023-06-29T21:22:46.3172305Z'/><EventRecordID>176</EventRecordID><Correlation/><Execution ProcessID='3420' ThreadID='4604'/><Channel>System</Channel><Computer>WIN-VBFV11TS5L1</Computer><Security UserID='S-1-5-18'/></System><EventData><Data Name='HiveNameLength'>137</Data><Data Name='HiveName'>\??\C:\ProgramData\Microsoft\Windows\AppRepository\Packages\Microsoft.WindowsAlarms_10.1906.2182.0_x64__8wekyb3d8bbwe\ActivationStore.dat</Data><Data Name='KeysUpdated'>0</Data><Data Name='DirtyPages'>0</Data></EventData></Event>"
﻿"177","Microsoft-Windows-Kernel-General","{A68CA8B7-004F-D7B6-A698-07E2DE0F1F5D}","16","0","INFORMATION"," ","0","0","1688073767"," "," ","3420","4604","System","WIN-VBFV11TS5L1","S-1-5-18","<Event xmlns='http://schemas.microsoft.com/win/2004/08/events/event'><System><Provider Name='Microsoft-Windows-Kernel-General' Guid='{a68ca8b7-004f-d7b6-a698-07e2de0f1f5d}'/><EventID>16</EventID><Version>0</Version><Level>4</Level><Task>0</Task><Opcode>0</Opcode><Keywords>0x8000000000000000</Keywords><TimeCreated SystemTime='2023-06-29T21:22:47.5080472Z'/><EventRecordID>177</EventRecordID><Correlation/><Execution ProcessID='3420' ThreadID='4604'/><Channel>System</Channel><Computer>WIN-VBFV11TS5L1</Computer><Security UserID='S-1-5-18'/></System><EventData><Data Name='HiveNameLength'>139</Data><Data Name='HiveName'>\??\C:\ProgramData\Microsoft\Windows\AppRepository\Packages\Microsoft.WindowsCalculator_10.1906.55.0_x64__8wekyb3d8bbwe\ActivationStore.dat</Data><Data Name='KeysUpdated'>0</Data><Data Name='DirtyPages'>0</Data></EventData></Event>"
﻿"178","Microsoft-Windows-Kernel-General","{A68CA8B7-004F-D7B6-A698-07E2DE0F1F5D}","16","0","INFORMATION"," ","0","0","1688073768"," "," ","3420","4604","System","WIN-VBFV11TS5L1","S-1-5-18","<Event xmlns='http://schemas.microsoft.com/win/2004/08/events/event'><System><Provider Name='Microsoft-Windows-Kernel-General' Guid='{a68ca8b7-004f-d7b6-a698-07e2de0f1f5d}'/><EventID>16</EventID><Version>0</Version><Level>4</Level><Task>0</Task><Opcode>0</Opcode><Keywords>0x8000000000000000</Keywords><TimeCreated SystemTime='2023-06-29T21:22:48.5548469Z'/><EventRecordID>178</EventRecordID><Correlation/><Execution ProcessID='3420' ThreadID='4604'/><Channel>System</Channel><Computer>WIN-VBFV11TS5L1</Computer><Security UserID='S-1-5-18'/></System><EventData><Data Name='HiveNameLength'>136</Data><Data Name='HiveName'>\??\C:\ProgramData\Microsoft\Windows\AppRepository\Packages\Microsoft.WindowsCamera_2018.826.98.0_x64__8wekyb3d8bbwe\ActivationStore.dat</Data><Data Name='KeysUpdated'>0</Data><Data Name='DirtyPages'>0</Data></EventData></Event>"
﻿"179","Microsoft-Windows-Kernel-General","{A68CA8B7-004F-D7B6-A698-07E2DE0F1F5D}","16","0","INFORMATION"," ","0","0","1688073774"," "," ","3420","4604","System","WIN-VBFV11TS5L1","S-1-5-18","<Event xmlns='http://schemas.microsoft.com/win/2004/08/events/event'><System><Provider Name='Microsoft-Windows-Kernel-General' Guid='{a68ca8b7-004f-d7b6-a698-07e2de0f1f5d}'/><EventID>16</EventID><Version>0</Version><Level>4</Level><Task>0</Task><Opcode>0</Opcode><Keywords>0x8000000000000000</Keywords><TimeCreated SystemTime='2023-06-29T21:22:54.7478686Z'/><EventRecordID>179</EventRecordID><Correlation/><Execution ProcessID='3420' ThreadID='4604'/><Channel>System</Channel><Computer>WIN-VBFV11TS5L1</Computer><Security UserID='S-1-5-18'/></System><EventData><Data Name='HiveNameLength'>154</Data><Data Name='HiveName'>\??\C:\ProgramData\Microsoft\Windows\AppRepository\Packages\microsoft.windowscommunicationsapps_16005.11629.20316.0_x64__8wekyb3d8bbwe\ActivationStore.dat</Data><Data Name='KeysUpdated'>0</Data><Data Name='DirtyPages'>0</Data></EventData></Event>"
﻿"180","Microsoft-Windows-Kernel-General","{A68CA8B7-004F-D7B6-A698-07E2DE0F1F5D}","16","0","INFORMATION"," ","0","0","1688073777"," "," ","3420","4604","System","WIN-VBFV11TS5L1","S-1-5-18","<Event xmlns='http://schemas.microsoft.com/win/2004/08/events/event'><System><Provider Name='Microsoft-Windows-Kernel-General' Guid='{a68ca8b7-004f-d7b6-a698-07e2de0f1f5d}'/><EventID>16</EventID><Version>0</Version><Level>4</Level><Task>0</Task><Opcode>0</Opcode><Keywords>0x8000000000000000</Keywords><TimeCreated SystemTime='2023-06-29T21:22:57.2926264Z'/><EventRecordID>180</EventRecordID><Correlation/><Execution ProcessID='3420' ThreadID='4604'/><Channel>System</Channel><Computer>WIN-VBFV11TS5L1</Computer><Security UserID='S-1-5-18'/></System><EventData><Data Name='HiveNameLength'>141</Data><Data Name='HiveName'>\??\C:\ProgramData\Microsoft\Windows\AppRepository\Packages\Microsoft.WindowsFeedbackHub_1.1907.3152.0_x64__8wekyb3d8bbwe\ActivationStore.dat</Data><Data Name='KeysUpdated'>0</Data><Data Name='DirtyPages'>0</Data></EventData></Event>"
﻿"181","Microsoft-Windows-Kernel-General","{A68CA8B7-004F-D7B6-A698-07E2DE0F1F5D}","16","0","INFORMATION"," ","0","0","1688073780"," "," ","3420","4604","System","WIN-VBFV11TS5L1","S-1-5-18","<Event xmlns='http://schemas.microsoft.com/win/2004/08/events/event'><System><Provider Name='Microsoft-Windows-Kernel-General' Guid='{a68ca8b7-004f-d7b6-a698-07e2de0f1f5d}'/><EventID>16</EventID><Version>0</Version><Level>4</Level><Task>0</Task><Opcode>0</Opcode><Keywords>0x8000000000000000</Keywords><TimeCreated SystemTime='2023-06-29T21:23:00.1022428Z'/><EventRecordID>181</EventRecordID><Correlation/><Execution ProcessID='3420' ThreadID='4604'/><Channel>System</Channel><Computer>WIN-VBFV11TS5L1</Computer><Security UserID='S-1-5-18'/></System><EventData><Data Name='HiveNameLength'>134</Data><Data Name='HiveName'>\??\C:\ProgramData\Microsoft\Windows\AppRepository\Packages\Microsoft.WindowsMaps_5.1906.1972.0_x64__8wekyb3d8bbwe\ActivationStore.dat</Data><Data Name='KeysUpdated'>0</Data><Data Name='DirtyPages'>0</Data></EventData></Event>"
﻿"182","Microsoft-Windows-Kernel-General","{A68CA8B7-004F-D7B6-A698-07E2DE0F1F5D}","16","0","INFORMATION"," ","0","0","1688073781"," "," ","3420","4604","System","WIN-VBFV11TS5L1","S-1-5-18","<Event xmlns='http://schemas.microsoft.com/win/2004/08/events/event'><System><Provider Name='Microsoft-Windows-Kernel-General' Guid='{a68ca8b7-004f-d7b6-a698-07e2de0f1f5d}'/><EventID>16</EventID><Version>0</Version><Level>4</Level><Task>0</Task><Opcode>0</Opcode><Keywords>0x8000000000000000</Keywords><TimeCreated SystemTime='2023-06-29T21:23:01.2058755Z'/><EventRecordID>182</EventRecordID><Correlation/><Execution ProcessID='3420' ThreadID='4604'/><Channel>System</Channel><Computer>WIN-VBFV11TS5L1</Computer><Security UserID='S-1-5-18'/></System><EventData><Data Name='HiveNameLength'>144</Data><Data Name='HiveName'>\??\C:\ProgramData\Microsoft\Windows\AppRepository\Packages\Microsoft.WindowsSoundRecorder_10.1906.1972.0_x64__8wekyb3d8bbwe\ActivationStore.dat</Data><Data Name='KeysUpdated'>0</Data><Data Name='DirtyPages'>0</Data></EventData></Event>"
﻿"183","Microsoft-Windows-Kernel-General","{A68CA8B7-004F-D7B6-A698-07E2DE0F1F5D}","16","0","INFORMATION"," ","0","0","1688073783"," "," ","3420","4604","System","WIN-VBFV11TS5L1","S-1-5-18","<Event xmlns='http://schemas.microsoft.com/win/2004/08/events/event'><System><Provider Name='Microsoft-Windows-Kernel-General' Guid='{a68ca8b7-004f-d7b6-a698-07e2de0f1f5d}'/><EventID>16</EventID><Version>0</Version><Level>4</Level><Task>0</Task><Opcode>0</Opcode><Keywords>0x8000000000000000</Keywords><TimeCreated SystemTime='2023-06-29T21:23:03.2350688Z'/><EventRecordID>183</EventRecordID><Correlation/><Execution ProcessID='3420' ThreadID='4604'/><Channel>System</Channel><Computer>WIN-VBFV11TS5L1</Computer><Security UserID='S-1-5-18'/></System><EventData><Data Name='HiveNameLength'>136</Data><Data Name='HiveName'>\??\C:\ProgramData\Microsoft\Windows\AppRepository\Packages\Microsoft.WindowsStore_11910.1002.5.0_x64__8wekyb3d8bbwe\ActivationStore.dat</Data><Data Name='KeysUpdated'>0</Data><Data Name='DirtyPages'>0</Data></EventData></Event>"
﻿"184","Microsoft-Windows-Kernel-General","{A68CA8B7-004F-D7B6-A698-07E2DE0F1F5D}","16","0","INFORMATION"," ","0","0","1688073784"," "," ","3420","4604","System","WIN-VBFV11TS5L1","S-1-5-18","<Event xmlns='http://schemas.microsoft.com/win/2004/08/events/event'><System><Provider Name='Microsoft-Windows-Kernel-General' Guid='{a68ca8b7-004f-d7b6-a698-07e2de0f1f5d}'/><EventID>16</EventID><Version>0</Version><Level>4</Level><Task>0</Task><Opcode>0</Opcode><Keywords>0x8000000000000000</Keywords><TimeCreated SystemTime='2023-06-29T21:23:04.1589121Z'/><EventRecordID>184</EventRecordID><Correlation/><Execution ProcessID='3420' ThreadID='4604'/><Channel>System</Channel><Computer>WIN-VBFV11TS5L1</Computer><Security UserID='S-1-5-18'/></System><EventData><Data Name='HiveNameLength'>131</Data><Data Name='HiveName'>\??\C:\ProgramData\Microsoft\Windows\AppRepository\Packages\Microsoft.Xbox.TCUI_1.23.28002.0_x64__8wekyb3d8bbwe\ActivationStore.dat</Data><Data Name='KeysUpdated'>0</Data><Data Name='DirtyPages'>0</Data></EventData></Event>"
﻿"185","Microsoft-Windows-DistributedCOM","{1B562E86-B7AA-4131-BADC-B6F3A001407E}","10010","0","ERROR"," ","0","0","1688073785","{07B92DEC-6CF4-44D4-A001-8E454BCDF4F2}"," ","968","1132","System","WIN-VBFV11TS5L1","S-1-5-18","<Event xmlns='http://schemas.microsoft.com/win/2004/08/events/event'><System><Provider Name='Microsoft-Windows-DistributedCOM' Guid='{1B562E86-B7AA-4131-BADC-B6F3A001407E}' EventSourceName='DCOM'/><EventID Qualifiers='0'>10010</EventID><Version>0</Version><Level>2</Level><Task>0</Task><Opcode>0</Opcode><Keywords>0x8080000000000000</Keywords><TimeCreated SystemTime='2023-06-29T21:23:05.6267011Z'/><EventRecordID>185</EventRecordID><Correlation ActivityID='{07b92dec-6cf4-44d4-a001-8e454bcdf4f2}'/><Execution ProcessID='968' ThreadID='1132'/><Channel>System</Channel><Computer>WIN-VBFV11TS5L1</Computer><Security UserID='S-1-5-18'/></System><EventData><Data Name='param1'>{A47979D2-C419-11D9-A5B4-001185AD2B89}</Data></EventData></Event>"
﻿"186","Service Control Manager","{555908D1-A6D7-4695-8E1E-26931D2012F4}","3221232495","0","ERROR"," ","0","0","1688073785"," "," ","680","3452","System","WIN-VBFV11TS5L1"," ","<Event xmlns='http://schemas.microsoft.com/win/2004/08/events/event'><System><Provider Name='Service Control Manager' Guid='{555908d1-a6d7-4695-8e1e-26931d2012f4}' EventSourceName='Service Control Manager'/><EventID Qualifiers='49152'>7023</EventID><Version>0</Version><Level>2</Level><Task>0</Task><Opcode>0</Opcode><Keywords>0x8080000000000000</Keywords><TimeCreated SystemTime='2023-06-29T21:23:05.6423260Z'/><EventRecordID>186</EventRecordID><Correlation/><Execution ProcessID='680' ThreadID='3452'/><Channel>System</Channel><Computer>WIN-VBFV11TS5L1</Computer><Security/></System><EventData><Data Name='param1'>Network List Service</Data><Data Name='param2'>%%21</Data><Binary>6E0065007400700072006F0066006D000000</Binary></EventData></Event>"
﻿"187","Microsoft-Windows-Kernel-General","{A68CA8B7-004F-D7B6-A698-07E2DE0F1F5D}","16","0","INFORMATION"," ","0","0","1688073786"," "," ","3420","4604","System","WIN-VBFV11TS5L1","S-1-5-18","<Event xmlns='http://schemas.microsoft.com/win/2004/08/events/event'><System><Provider Name='Microsoft-Windows-Kernel-General' Guid='{a68ca8b7-004f-d7b6-a698-07e2de0f1f5d}'/><EventID>16</EventID><Version>0</Version><Level>4</Level><Task>0</Task><Opcode>0</Opcode><Keywords>0x8000000000000000</Keywords><TimeCreated SystemTime='2023-06-29T21:23:06.4884396Z'/><EventRecordID>187</EventRecordID><Correlation/><Execution ProcessID='3420' ThreadID='4604'/><Channel>System</Channel><Computer>WIN-VBFV11TS5L1</Computer><Security UserID='S-1-5-18'/></System><EventData><Data Name='HiveNameLength'>130</Data><Data Name='HiveName'>\??\C:\ProgramData\Microsoft\Windows\AppRepository\Packages\Microsoft.XboxApp_48.49.31001.0_x64__8wekyb3d8bbwe\ActivationStore.dat</Data><Data Name='KeysUpdated'>0</Data><Data Name='DirtyPages'>0</Data></EventData></Event>"
﻿"188","Microsoft-Windows-Kernel-General","{A68CA8B7-004F-D7B6-A698-07E2DE0F1F5D}","16","0","INFORMATION"," ","0","0","1688073787"," "," ","3420","4604","System","WIN-VBFV11TS5L1","S-1-5-18","<Event xmlns='http://schemas.microsoft.com/win/2004/08/events/event'><System><Provider Name='Microsoft-Windows-Kernel-General' Guid='{a68ca8b7-004f-d7b6-a698-07e2de0f1f5d}'/><EventID>16</EventID><Version>0</Version><Level>4</Level><Task>0</Task><Opcode>0</Opcode><Keywords>0x8000000000000000</Keywords><TimeCreated SystemTime='2023-06-29T21:23:07.4302986Z'/><EventRecordID>188</EventRecordID><Correlation/><Execution ProcessID='3420' ThreadID='4604'/><Channel>System</Channel><Computer>WIN-VBFV11TS5L1</Computer><Security UserID='S-1-5-18'/></System><EventData><Data Name='HiveNameLength'>137</Data><Data Name='HiveName'>\??\C:\ProgramData\Microsoft\Windows\AppRepository\Packages\Microsoft.XboxGameOverlay_1.46.11001.0_x64__8wekyb3d8bbwe\ActivationStore.dat</Data><Data Name='KeysUpdated'>0</Data><Data Name='DirtyPages'>0</Data></EventData></Event>"
﻿"189","Microsoft-Windows-Kernel-General","{A68CA8B7-004F-D7B6-A698-07E2DE0F1F5D}","16","0","INFORMATION"," ","0","0","1688073788"," "," ","3420","4604","System","WIN-VBFV11TS5L1","S-1-5-18","<Event xmlns='http://schemas.microsoft.com/win/2004/08/events/event'><System><Provider Name='Microsoft-Windows-Kernel-General' Guid='{a68ca8b7-004f-d7b6-a698-07e2de0f1f5d}'/><EventID>16</EventID><Version>0</Version><Level>4</Level><Task>0</Task><Opcode>0</Opcode><Keywords>0x8000000000000000</Keywords><TimeCreated SystemTime='2023-06-29T21:23:08.7099671Z'/><EventRecordID>189</EventRecordID><Correlation/><Execution ProcessID='3420' ThreadID='4604'/><Channel>System</Channel><Computer>WIN-VBFV11TS5L1</Computer><Security UserID='S-1-5-18'/></System><EventData><Data Name='HiveNameLength'>139</Data><Data Name='HiveName'>\??\C:\ProgramData\Microsoft\Windows\AppRepository\Packages\Microsoft.XboxGamingOverlay_2.34.28001.0_x64__8wekyb3d8bbwe\ActivationStore.dat</Data><Data Name='KeysUpdated'>0</Data><Data Name='DirtyPages'>0</Data></EventData></Event>"
﻿"190","Microsoft-Windows-Kernel-General","{A68CA8B7-004F-D7B6-A698-07E2DE0F1F5D}","16","0","INFORMATION"," ","0","0","1688073789"," "," ","3420","4604","System","WIN-VBFV11TS5L1","S-1-5-18","<Event xmlns='http://schemas.microsoft.com/win/2004/08/events/event'><System><Provider Name='Microsoft-Windows-Kernel-General' Guid='{a68ca8b7-004f-d7b6-a698-07e2de0f1f5d}'/><EventID>16</EventID><Version>0</Version><Level>4</Level><Task>0</Task><Opcode>0</Opcode><Keywords>0x8000000000000000</Keywords><TimeCreated SystemTime='2023-06-29T21:23:09.6330162Z'/><EventRecordID>190</EventRecordID><Correlation/><Execution ProcessID='3420' ThreadID='4604'/><Channel>System</Channel><Computer>WIN-VBFV11TS5L1</Computer><Security UserID='S-1-5-18'/></System><EventData><Data Name='HiveNameLength'>142</Data><Data Name='HiveName'>\??\C:\ProgramData\Microsoft\Windows\AppRepository\Packages\Microsoft.XboxIdentityProvider_12.50.6001.0_x64__8wekyb3d8bbwe\ActivationStore.dat</Data><Data Name='KeysUpdated'>0</Data><Data Name='DirtyPages'>0</Data></EventData></Event>"
﻿"191","Microsoft-Windows-Kernel-General","{A68CA8B7-004F-D7B6-A698-07E2DE0F1F5D}","16","0","INFORMATION"," ","0","0","1688073790"," "," ","3420","4540","System","WIN-VBFV11TS5L1","S-1-5-18","<Event xmlns='http://schemas.microsoft.com/win/2004/08/events/event'><System><Provider Name='Microsoft-Windows-Kernel-General' Guid='{a68ca8b7-004f-d7b6-a698-07e2de0f1f5d}'/><EventID>16</EventID><Version>0</Version><Level>4</Level><Task>0</Task><Opcode>0</Opcode><Keywords>0x8000000000000000</Keywords><TimeCreated SystemTime='2023-06-29T21:23:10.3711687Z'/><EventRecordID>191</EventRecordID><Correlation/><Execution ProcessID='3420' ThreadID='4540'/><Channel>System</Channel><Computer>WIN-VBFV11TS5L1</Computer><Security UserID='S-1-5-18'/></System><EventData><Data Name='HiveNameLength'>145</Data><Data Name='HiveName'>\??\C:\ProgramData\Microsoft\Windows\AppRepository\Packages\Microsoft.XboxSpeechToTextOverlay_1.17.29001.0_x64__8wekyb3d8bbwe\ActivationStore.dat</Data><Data Name='KeysUpdated'>0</Data><Data Name='DirtyPages'>0</Data></EventData></Event>"
﻿"192","Microsoft-Windows-Kernel-General","{A68CA8B7-004F-D7B6-A698-07E2DE0F1F5D}","16","0","INFORMATION"," ","0","0","1688073793"," "," ","3420","4540","System","WIN-VBFV11TS5L1","S-1-5-18","<Event xmlns='http://schemas.microsoft.com/win/2004/08/events/event'><System><Provider Name='Microsoft-Windows-Kernel-General' Guid='{a68ca8b7-004f-d7b6-a698-07e2de0f1f5d}'/><EventID>16</EventID><Version>0</Version><Level>4</Level><Task>0</Task><Opcode>0</Opcode><Keywords>0x8000000000000000</Keywords><TimeCreated SystemTime='2023-06-29T21:23:13.2174608Z'/><EventRecordID>192</EventRecordID><Correlation/><Execution ProcessID='3420' ThreadID='4540'/><Channel>System</Channel><Computer>WIN-VBFV11TS5L1</Computer><Security UserID='S-1-5-18'/></System><EventData><Data Name='HiveNameLength'>130</Data><Data Name='HiveName'>\??\C:\ProgramData\Microsoft\Windows\AppRepository\Packages\Microsoft.YourPhone_0.19051.7.0_x64__8wekyb3d8bbwe\ActivationStore.dat</Data><Data Name='KeysUpdated'>0</Data><Data Name='DirtyPages'>0</Data></EventData></Event>"
﻿"193","Microsoft-Windows-Kernel-General","{A68CA8B7-004F-D7B6-A698-07E2DE0F1F5D}","16","0","INFORMATION"," ","0","0","1688073797"," "," ","3420","4540","System","WIN-VBFV11TS5L1","S-1-5-18","<Event xmlns='http://schemas.microsoft.com/win/2004/08/events/event'><System><Provider Name='Microsoft-Windows-Kernel-General' Guid='{a68ca8b7-004f-d7b6-a698-07e2de0f1f5d}'/><EventID>16</EventID><Version>0</Version><Level>4</Level><Task>0</Task><Opcode>0</Opcode><Keywords>0x8000000000000000</Keywords><TimeCreated SystemTime='2023-06-29T21:23:17.5589377Z'/><EventRecordID>193</EventRecordID><Correlation/><Execution ProcessID='3420' ThreadID='4540'/><Channel>System</Channel><Computer>WIN-VBFV11TS5L1</Computer><Security UserID='S-1-5-18'/></System><EventData><Data Name='HiveNameLength'>135</Data><Data Name='HiveName'>\??\C:\ProgramData\Microsoft\Windows\AppRepository\Packages\Microsoft.ZuneMusic_10.19071.19011.0_x64__8wekyb3d8bbwe\ActivationStore.dat</Data><Data Name='KeysUpdated'>0</Data><Data Name='DirtyPages'>0</Data></EventData></Event>"
